0.13981743334441005 0.13981743334441005
0 3104079.521193817
0.12562814070351758 3103706.988522127
0.25125628140703515 3103332.586916178
0.3768844221105528 3102709.4011880187
0.5025125628140703 3101837.1272612726
0.628140703517588 3100715.6933144145
0.7537688442211056 3099345.0874373494
0.8793969849246231 3097725.2913981825
1.0050251256281406 3095856.3312939717
1.1306532663316582 3093738.2236846336
1.256281407035176 3091371.0199687076
1.3819095477386936 3088754.7811319446
1.5075376884422111 3085889.5990511794
1.6331658291457287 3082775.6025094776
1.7587939698492463 3079412.945747136
1.8844221105527639 3075801.8307791553
2.0100502512562812 3071942.4969851444
2.135678391959799 3067835.2336095143
2.2613065326633164 3063480.3775018663
2.386934673366834 3058878.3207988935
2.512562814070352 3054029.51223833
2.6381909547738696 3048934.45354495
2.763819095477387 3043593.7092237766
2.8894472361809047 3038007.9009137014
3.0150753768844223 3032177.711088706
3.14070351758794 3026103.8822577447
3.2663316582914574 3019787.216733919
3.391959798994975 3013228.5747407116
3.5175879396984926 3006428.8755129427
3.64321608040201 2999389.093167486
3.7688442211055277 2992110.2572842175
3.8944723618090453 2984593.449688295
4.0201005025125625 2976839.804417753
4.1457286432160805 2968850.5051026745
4.271356783919598 2960626.782041047
4.396984924623116 2952169.909713119
4.522613065326633 2943481.2073757956
4.648241206030151 2934562.0361167653
4.773869346733668 2925413.7943968396
4.899497487437186 2916037.9193074424
5.025125628140704 2906435.8829932255
5.150753768844221 2896609.1912733405
5.276381909547739 2886559.3813287923
5.402010050251256 2876288.0202017566
5.527638190954774 2865796.7033560607
5.653266331658291 2855087.0502298563
5.778894472361809 2844160.706394769
5.9045226130653266 2833019.3383593387
6.030150753768845 2821664.632958486
6.155778894472362 2810098.2969791293
6.28140703517588 2798322.05222849
6.407035175879397 2786337.6380286952
6.532663316582915 2774146.8072772017
6.658291457286432 2761751.326357502
6.78391959798995 2749152.9731558547
6.909547738693467 2736353.540080136
7.035175879396985 2723354.831544204
7.160804020100502 2710158.661730804
7.28643216080402 2696766.8579786387
7.4120603015075375 2683181.2646098654
7.5376884422110555 2669403.7381508057
7.663316582914573 2655436.151181074
7.788944723618091 2641280.3960667048
7.914572864321608 2626938.383508924
8.040201005025125 2612412.047590055
8.165829145728644 2597703.3458171478
8.291457286432161 2582814.2607475948
8.417085427135678 2567746.803979692
8.542713567839195 2552503.0156526454
8.668341708542714 2537084.966205083
8.793969849246231 2521494.75787516
8.919597989949748 2505734.524253117
9.045226130653266 2489806.430367367
9.170854271356784 2473712.6727018575
9.296482412060302 2457455.478269836
9.422110552763819 2441037.10202484
9.547738693467336 2424459.8268706272
9.673366834170855 2407725.9597352934
9.798994974874372 2390837.8297690186
9.924623115577889 2373797.7875602436
10.050251256281408 2356608.200545293
10.175879396984925 2339271.4524874836
10.301507537688442 2321789.9402900636
10.42713567839196 2304166.073080016
10.552763819095478 2286402.272424457
10.678391959798995 2268500.9700462963
10.804020100502512 2250464.609317982
10.92964824120603 2232295.646329416
11.055276381909549 2213996.5509856786
11.180904522613066 2195569.8099421957
11.306532663316583 2177017.9288710505
11.4321608040201 2158343.4354452845
11.557788944723619 2139548.8836411443
11.683417085427136 2120636.8560970635
11.809045226130653 2101609.969062901
11.93467336683417 2082470.8728008338
12.06030150753769 2063222.2571854368
12.185929648241206 2043866.8508960172
12.311557788944723 2024407.4234424976
12.43718592964824 2004846.7849073904
12.56281407035176 1985187.7840541054
12.688442211055277 1965433.306874404
12.814070351758794 1945586.2711859294
12.93969849246231 1925649.622710116
13.06532663316583 1905626.3298044007
13.190954773869347 1885519.3744037591
13.316582914572864 1865331.7478794209
13.442211055276381 1845066.4392051236
13.5678391959799 1824726.430834695
13.693467336683417 1804314.6881975478
13.819095477386934 1783834.1514616194
13.944723618090451 1763287.7312930508
14.07035175879397 1742678.3010195456
14.195979899497488 1722008.6918442666
14.321608040201005 1701281.6919649402
14.447236180904522 1680500.041675759
14.57286432160804 1659666.4355153805
14.698492462311558 1638783.523563749
14.824120603015075 1617853.91456893
14.949748743718592 1596880.1805012422
15.075376884422111 1575864.8654079067
15.201005025125628 1554810.4888351916
15.326633165829145 1533719.5584685563
15.452261306532664 1512594.5763487152
15.577889447236181 1491438.0524875815
15.703517587939698 1470252.5092898654
15.829145728643216 1449040.4959175466
15.954773869346734 1427804.5944618327
16.08040201005025 1406547.4285179202
16.20603015075377 1385271.6683358224
16.331658291457288 1363980.0419661556
16.457286432160803 1342675.3318439235
16.582914572864322 1321360.3802072443
16.70854271356784 1300038.0898247804
16.834170854271356 1278711.422152274
16.959798994974875 1257383.3926511651
17.08542713567839 1236057.0678403387
17.21105527638191 1214735.5578811234
17.33668341708543 1193422.0085419605
17.462311557788944 1172119.5930763923
17.587939698492463 1150831.501229466
17.71356783919598 1129560.9300096
17.839195979899497 1108311.0727688503
17.964824120603016 1087085.1059471811
18.09045226130653 1065886.1830261492
18.21608040201005 1044717.4210424601
18.34170854271357 1023581.8912841949
18.467336683417084 1002482.612458034
18.592964824120603 981422.5410628904
18.718592964824122 960404.5693217609
18.844221105527637 939431.5169250568
18.969849246231156 918506.1274968387
19.09547738693467 897631.070136105
19.22110552763819 876808.938763804
19.34673366834171 856042.2515934483
19.472361809045225 835333.455964537
19.597989949748744 814684.9331600865
19.723618090452263 794099.0026258616
19.849246231155778 773577.929817198
19.974874371859297 753123.9343231074
20.100502512562816 732739.1981280377
20.22613065326633 712425.8750773668
20.35175879396985 692186.1003725387
20.477386934673365 672021.9991325092
20.603015075376884 651935.6982399205
20.728643216080403 631929.3340708003
20.85427135678392 612005.0615007624
20.979899497487438 592165.0587570524
21.105527638190956 572411.5385079519
21.231155778894472 552746.7532548762
21.35678391959799 533172.9935182021
21.482412060301506 513692.59669329185
21.608040201005025 494307.94644567213
21.733668341708544 475021.4678225706
21.85929648241206 455835.63086991565
21.984924623115578 436752.9417254222
22.110552763819097 417775.9413421252
22.236180904522612 398907.19347642927
22.36180904522613 380149.2806161002
22.487437185929647 361504.79185221926
22.613065326633166 342976.31426191976
22.738693467336685 324566.42085774214
22.8643216080402 306277.66095932643
22.98994974874372 288112.54728176363
23.115577889447238 270073.5462136453
23.241206030150753 252163.066584447
23.366834170854272 234383.45271860601
23.492462311557787 216736.9710833413
23.618090452261306 199225.80886951627
23.743718592964825 181852.06309370443
23.86934673366834 164617.74070645982
23.99497487437186 147524.75184114053
24.12060301507538 130574.91190876483
24.246231155778894 113769.94173970672
24.371859296482413 97111.47107482041
24.497487437185928 80601.04022206062
24.623115577889447 64240.10894144198
24.748743718592966 48030.061273370055
24.87437185929648 31972.21536807831
25 16067.833403902529
