0.21733309669163767 0.21733309669163767
0 269127.85451081704
0.12562814070351758 269116.84408673045
0.25125628140703515 269083.703821311
0.3768844221105528 269028.4755249198
0.5025125628140703 268951.1676691965
0.628140703517588 268851.79202161706
0.7537688442211056 268730.36371912423
0.8793969849246231 268586.90124602756
1.0050251256281406 268421.42640348326
1.1306532663316582 268233.96435050434
1.256281407035176 268024.5435426748
1.3819095477386936 267793.1957632604
1.5075376884422111 267539.95606715593
1.6331658291457287 267264.8628018761
1.7587939698492463 266967.95755835285
1.8844221105527639 266649.2851716628
2.0100502512562812 266308.89370230644
2.135678391959799 265946.8343915477
2.2613065326633164 265563.1616617017
2.386934673366834 265157.93308146857
2.512562814070352 264731.2093405884
2.6381909547738696 264283.05422777287
2.763819095477387 263813.5346013801
2.8894472361809047 263322.7203670492
3.0150753768844223 262810.68444986054
3.14070351758794 262277.50277357746
3.2663316582914574 261723.25423409377
3.391959798994975 261148.02067675744
3.5175879396984926 260551.8868785567
3.64321608040201 259934.94052528453
3.7688442211055277 259297.27219943402
3.8944723618090453 258638.97535625487
4.0201005025125625 257960.1463177526
4.1457286432160805 257260.88425633564
4.271356783919598 256541.29118557606
4.396984924623116 255801.4719503991
4.522613065326633 255041.5342211779
4.648241206030151 254261.5884843215
4.773869346733668 253461.7480391054
4.899497487437186 252642.12898936358
5.025125628140704 251802.8502403338
5.150753768844221 250944.03348960017
5.276381909547739 250065.80322210246
5.402010050251256 249168.28670412477
5.527638190954774 248251.6139699509
5.653266331658291 247315.9178146467
5.778894472361809 246361.33377847465
5.9045226130653266 245388.0001373258
6.030150753768845 244396.05788241653
6.155778894472362 243385.65070294647
6.28140703517588 242356.92496894975
6.407035175879397 241310.0297053115
6.532663316582915 240245.1165745384
6.658291457286432 239162.33984169847
6.78391959798995 238061.8563659836
6.909547738693467 236943.8255554496
7.035175879396985 235808.40935235517
7.160804020100502 234655.7721999905
7.28643216080402 233486.08101884119
7.4120603015075375 232299.50517538746
7.5376884422110555 231096.21645509684
7.663316582914573 229876.38903604946
7.788944723618091 228640.19945778308
7.914572864321608 227387.8265981304
8.040201005025125 226119.45163503964
8.165829145728644 224835.25803110722
8.291457286432161 223535.4314881734
8.417085427135678 222220.15992993198
8.542713567839195 220889.63345552966
8.668341708542714 219544.0443123082
8.793969849246231 218183.58685660092
8.919597989949748 216808.45751095866
9.045226130653266 215418.8547219428
9.170854271356784 214014.97891440918
9.296482412060302 212597.03244161405
9.422110552763819 211165.21953570264
9.547738693467336 209719.74624939018
9.673366834170855 208260.8204038504
9.798994974874372 206788.65152882
9.924623115577889 205303.45080367936
10.050251256281408 203805.430999211
10.175879396984925 202294.80642042108
10.301507537688442 200771.7928484945
10.42713567839196 199236.60748495648
10.552763819095478 197689.4689038995
10.678391959798995 196130.59699973083
10.804020100502512 194560.2129487886
10.92964824120603 192978.53916609994
11.055276381909549 191385.79927341716
11.180904522613066 189782.2180743357
11.306532663316583 188168.02152546545
11.4321608040201 186543.43672278975
11.557788944723619 184908.6918864018
11.683417085427136 183264.01635118623
11.809045226130653 181609.6405583814
11.93467336683417 179945.7960530896
12.06030150753769 178272.71547262976
12.185929648241206 176590.6325570098
12.311557788944723 174899.78212787453
12.43718592964824 173200.4000834981
12.56281407035176 171492.72339786513
12.688442211055277 169776.99009110528
12.814070351758794 168053.43921166396
12.93969849246231 166322.31081842998
13.06532663316583 164583.84593239235
13.190954773869347 162838.2865123853
13.316582914572864 161085.87539806645
13.442211055276381 159326.85626532073
13.5678391959799 157561.4735674007
13.693467336683417 155789.9724728957
13.819095477386934 154012.59880208145
13.944723618090451 152229.59895358974
14.07035175879397 150441.2198391954
14.195979899497488 148647.70880640898
14.321608040201005 146849.31356891396
14.447236180904522 145046.28213254077
14.57286432160804 143238.862725424
14.698492462311558 141427.30372906715
14.824120603015075 139611.85361333398
14.949748743718592 137792.76087101633
15.075376884422111 135970.27396246063
15.201005025125628 134144.64125588836
15.326633165829145 132316.11098221046
15.452261306532664 130484.93118214756
15.577889447236181 128651.34966133759
15.703517587939698 126815.6139561694
15.829145728643216 124977.97129197998
15.954773869346734 123138.66855053008
16.08040201005025 121297.95223467072
16.20603015075377 119456.06844755133
16.331658291457288 117613.26285561023
16.457286432160803 115769.78066719136
16.582914572864322 113925.86660897532
16.70854271356784 112081.76490004829
16.834170854271356 110237.7192277158
16.959798994974875 108393.97272961085
17.08542713567839 106550.76796702815
17.21105527638191 104708.34690664904
17.33668341708543 102866.9508934276
17.462311557788944 101026.82063631626
17.587939698492463 99188.19617839901
17.71356783919598 97351.31687310003
17.839195979899497 95516.42136923033
17.964824120603016 93683.74757133011
18.09045226130653 91853.53262820006
18.21608040201005 90026.01288938214
18.34170854271357 88201.42388517562
18.467336683417084 86380.00028910225
18.592964824120603 84561.97588446877
18.718592964824122 82747.58352386636
18.844221105527637 80937.0550902828
18.969849246231156 79130.62145235749
19.09547738693467 77328.51242145624
19.22110552763819 75530.95669443403
19.34673366834171 73738.18181203867
19.472361809045225 71950.41409737608
19.597989949748744 70167.8786029582
19.723618090452263 68390.79905412463
19.849246231155778 66619.39779008194
19.974874371859297 64853.895705840376
20.100502512562816 63094.51219443299
20.22613065326633 61341.46508991208
20.35175879396985 59594.970612047335
20.477386934673365 57855.24331435308
20.603015075376884 56122.496030655384
20.728643216080403 54396.93982884173
20.85427135678392 52678.78397237614
20.979899497487438 50968.23587072744
21.105527638190956 49265.50105051193
21.231155778894472 47570.78312236944
21.35678391959799 45884.28374944128
21.482412060301506 44206.20262866473
21.608040201005025 42536.73746388557
21.733668341708544 40876.083955931594
21.85929648241206 39224.43578160763
21.984924623115578 37581.9845817338
22.110552763819097 35948.919958604034
22.236180904522612 34325.42945654755
22.36180904522613 32711.698561571586
22.487437185929647 31107.910691182293
22.613065326633166 29514.247186104134
22.738693467336685 27930.887301979932
22.8643216080402 26358.008201907393
22.98994974874372 24795.7849441356
23.115577889447238 23244.390468833462
23.241206030150753 21703.995586913734
23.366834170854272 20174.76895958953
23.492462311557787 18656.877081498696
23.618090452261306 17150.484259062065
23.743718592964825 15655.752587770026
23.86934673366834 14172.841925235607
23.99497487437186 12701.909859161728
24.12060301507538 11243.111685534166
24.246231155778894 9796.600369599591
24.371859296482413 8362.5265190082
24.497487437185928 6941.03834335405
24.623115577889447 5532.281629312844
24.748743718592966 4136.399702204416
24.87437185929648 2753.533395185068
25 1383.8210216381437
