0.19704071273260226 0.19704071273260226
0 509856.4770482268
0.12562814070351758 509793.63558175275
0.25125628140703515 509730.490390383
0.3768844221105528 509625.40213778504
0.5025125628140703 509478.34167785465
0.628140703517588 509289.3287593362
0.7537688442211056 509058.40015944274
0.8793969849246231 508785.6007498197
1.0050251256281406 508470.98721564776
1.1306532663316582 508114.62219153903
1.256281407035176 507716.57772782963
1.3819095477386936 507276.9321858776
1.5075376884422111 506795.7714915294
1.6331658291457287 506273.1889562504
1.7587939698492463 505709.2834747485
1.8844221105527639 505104.1608910357
2.0100502512562812 504457.9323380007
2.135678391959799 503770.7147478796
2.2613065326633164 503042.63004775404
2.386934673366834 502273.805297132
2.512562814070352 501464.37233683106
2.6381909547738696 500614.4670950353
2.763819095477387 499724.2300446084
2.8894472361809047 498793.8054868979
3.0150753768844223 497823.3416775215
3.14070351758794 496812.99062274664
3.2663316582914574 495762.90800507163
3.391959798994975 494673.2529583322
3.5175879396984926 493544.1883504371
3.64321608040201 492375.88039120537
3.7688442211055277 491168.498939568
3.8944723618090453 489922.21736642503
4.0201005025125625 488637.2128383259
4.1457286432160805 487313.6663410588
4.271356783919598 485951.762688583
4.396984924623116 484551.69059951894
4.522613065326633 483113.643161627
4.648241206030151 481637.8178930905
4.773869346733668 480124.4165959227
4.899497487437186 478573.64595288015
5.025125628140704 476985.71751507645
5.150753768844221 475360.8478860845
5.276381909547739 473699.258935519
5.402010050251256 472001.17799137335
5.527638190954774 470266.8379767499
5.653266331658291 468496.4774125817
5.778894472361809 466690.34083129914
5.9045226130653266 464848.6786316072
6.030150753768845 462971.74724892137
6.155778894472362 461059.8093394973
6.28140703517588 459113.1335133548
6.407035175879397 457131.994704872
6.532663316582915 455116.67391742644
6.658291457286432 453067.458266804
6.78391959798995 450984.6408172103
6.909547738693467 448868.52080246765
7.035175879396985 446719.4033067131
7.160804020100502 444537.59896139393
7.28643216080402 442323.4240426383
7.4120603015075375 440077.2005756503
7.5376884422110555 437799.25570381514
7.663316582914573 435489.9217123971
7.788944723618091 433149.5360358773
7.914572864321608 430778.44086699915
8.040201005025125 428376.98323931586
8.165829145728644 425945.514706593
8.291457286432161 423484.3912454672
8.417085427135678 420993.97326755454
8.542713567839195 418474.6253401944
8.668341708542714 415926.7161524441
8.793969849246231 413350.6184640068
8.919597989949748 410746.7089411478
9.045226130653266 408115.36807726044
9.170854271356784 405456.9801771315
9.296482412060302 402771.93327255256
9.422110552763819 400060.61887766264
9.547738693467336 397323.432163979
9.673366834170855 394560.7715806315
9.798994974874372 391773.03879002127
9.924623115577889 388960.6387413001
10.050251256281408 386123.9792275154
10.175879396984925 383263.47092268907
10.301507537688442 380379.5270203456
10.42713567839196 377472.5630949036
10.552763819095478 374542.99702793313
10.678391959798995 371591.2485372189
10.804020100502512 368617.73910071835
10.92964824120603 365622.8917426817
11.055276381909549 362607.130729869
11.180904522613066 359570.8814702791
11.306532663316583 356514.5702685302
11.4321608040201 353438.6241667303
11.557788944723619 350343.47090265347
11.683417085427136 347229.53874162177
11.809045226130653 344097.2565732459
11.93467336683417 340947.0537170217
12.06030150753769 337779.36022995395
12.185929648241206 334594.6068197228
12.311557788944723 331393.22509264824
12.43718592964824 328175.6477596327
12.56281407035176 324942.30881050724
12.688442211055277 321693.64388835896
12.814070351758794 318430.09042967326
12.93969849246231 315152.08807103185
13.06532663316583 311860.07900290005
13.190954773869347 308554.5081048646
13.316582914572864 305235.82349759125
13.442211055276381 301904.4764905443
13.5678391959799 298560.92214068305
13.693467336683417 295205.6192328313
13.819095477386934 291839.03033412085
13.944723618090451 288461.622049459
14.07035175879397 285073.86485871003
14.195979899497488 281676.23305741884
14.321608040201005 278269.20470280683
14.447236180904522 274853.2611472497
14.57286432160804 271428.88688847824
14.698492462311558 267996.56911409285
14.824120603015075 264556.79720915575
14.949748743718592 261110.06218459556
15.075376884422111 257656.8563912682
15.201005025125628 254197.6723764288
15.326633165829145 250733.0027351754
15.452261306532664 247263.33908617214
15.577889447236181 243789.17186828825
15.703517587939698 240310.98910857516
15.829145728643216 236829.2763751164
15.954773869346734 233344.5159229222
16.08040201005025 229857.1862786493
16.20603015075377 226367.76164912997
16.331658291457288 222876.71220891297
16.457286432160803 219384.50309375464
16.582914572864322 215891.5946242532
16.70854271356784 212398.442315455
16.834170854271356 208905.49691514147
16.959798994974875 205413.20442012354
17.08542713567839 201922.00656556088
17.21105527638191 198432.3410836529
17.33668341708543 194944.64212528503
17.462311557788944 191459.34084813469
17.587939698492463 187976.86587712987
17.71356783919598 184497.64402154242
17.839195979899497 181022.100883049
17.964824120603016 177550.6612633726
18.09045226130653 174083.7501998595
18.21608040201005 170621.79323443005
18.34170854271357 167165.21695811948
18.467336683417084 163714.44962605808
18.592964824120603 160269.92132395308
18.718592964824122 156832.06462008276
18.844221105527637 153401.3144219892
18.969849246231156 149978.10800346738
19.09547738693467 146562.88524805635
19.22110552763819 143156.08841579713
19.34673366834171 139758.1616791642
19.472361809045225 136369.5508933705
19.597989949748744 132990.70310876807
19.723618090452263 129622.06587498504
19.849246231155778 126264.08664363535
19.974874371859297 122917.21202291935
20.100502512562816 119581.88700510625
20.22613065326633 116258.55414455327
20.35175879396985 112947.6527268058
20.477386934673365 109649.61783325128
20.603015075376884 106364.87980009566
20.728643216080403 103093.86331318533
20.85427135678392 99836.98677978542
20.979899497487438 96594.66143033505
21.105527638190956 93367.29126280322
21.231155778894472 90155.27262790888
21.35678391959799 86958.99334082045
21.482412060301506 83778.83315453983
21.608040201005025 80615.16355105198
21.733668341708544 77468.34739281863
21.85929648241206 74338.73972116181
21.984924623115578 71226.68756158907
22.110552763819097 68132.53076701034
22.236180904522612 65056.60200879151
22.36180904522613 61999.22778077716
22.487437185929647 58960.72875085393
22.613065326633166 55941.42060894407
22.738693467336685 52941.61464195064
22.8643216080402 49961.618597576635
22.98994974874372 47001.73721637969
23.115577889447238 44062.273015542596
23.241206030150753 41143.52682529074
23.366834170854272 38245.79860243155
23.492462311557787 35369.387434672186
23.618090452261306 32514.59249219605
23.743718592964825 29681.71280554477
23.86934673366834 26871.047853636654
23.99497487437186 24082.89719335961
24.12060301507538 21317.56065902168
24.246231155778894 18575.338075500047
24.371859296482413 15856.529013238216
24.497487437185928 13161.43209056449
24.623115577889447 10490.344727025256
24.748743718592966 7843.562275797129
24.87437185929648 5221.377453143852
25 2624.0796272609787
