0.1542166354293209 0.1542166354293209
0 1968063.9295131704
0.12562814070351758 1967982.8664601287
0.25125628140703515 1967738.8815168012
0.3768844221105528 1967332.320304023
0.5025125628140703 1966763.3186089792
0.628140703517588 1966032.0513574956
0.7537688442211056 1965138.7466247645
0.8793969849246231 1964083.6785814536
1.0050251256281406 1962867.155887219
1.1306532663316582 1961489.5401214547
1.256281407035176 1959951.2187412311
1.3819095477386936 1958252.6236802638
1.5075376884422111 1956394.2056654512
1.6331658291457287 1954376.4525048372
1.7587939698492463 1952199.8679414405
1.8844221105527639 1949864.9776932672
2.0100502512562812 1947372.3279851284
2.135678391959799 1944722.4733288405
2.2613065326633164 1941915.9827006492
2.386934673366834 1938953.4343913177
2.512562814070352 1935835.4128395934
2.6381909547738696 1932562.5070683397
2.763819095477387 1929135.3115058164
2.8894472361809047 1925554.4236182708
3.0150753768844223 1921820.4428904052
3.14070351758794 1917933.9720723813
3.2663316582914574 1913895.6161647793
3.391959798994975 1909705.9825004295
3.5175879396984926 1905365.6830556411
3.64321608040201 1900875.3325124702
3.7688442211055277 1896235.5524342312
3.8944723618090453 1891446.968751155
4.0201005025125625 1886510.2156847743
4.1457286432160805 1881425.9358913219
4.271356783919598 1876194.781850236
4.396984924623116 1870817.416847109
4.522613065326633 1865294.516994412
4.648241206030151 1859626.7712302569
4.773869346733668 1853814.88353683
4.899497487437186 1847859.5734267598
5.025125628140704 1841761.578222925
5.150753768844221 1835521.6533466028
5.276381909547739 1829140.5737626315
5.402010050251256 1822619.1352274118
5.527638190954774 1815958.1555337228
5.653266331658291 1809158.475328418
5.778894472361809 1802220.9592399455
5.9045226130653266 1795146.4982710914
6.030150753768845 1787936.0089141412
6.155778894472362 1780590.4346018438
6.28140703517588 1773110.748506493
6.407035175879397 1765497.9514756817
6.532663316582915 1757753.0755647204
6.658291457286432 1749877.1803529211
6.78391959798995 1741871.3591459214
6.909547738693467 1733736.733197275
7.035175879396985 1725474.45575157
7.160804020100502 1717085.7069646206
7.28643216080402 1708571.6983037153
7.4120603015075375 1699933.6689910311
7.5376884422110555 1691172.8845171856
7.663316582914573 1682290.6347434998
7.788944723618091 1673288.2339325126
7.914572864321608 1664167.0191007827
8.040201005025125 1654928.3449126862
8.165829145728644 1645573.5860171241
8.291457286432161 1636104.132468535
8.417085427135678 1626521.3885792284
8.542713567839195 1616826.7718731342
8.668341708542714 1607021.710684691
8.793969849246231 1597107.644178505
8.919597989949748 1587086.0208602108
9.045226130653266 1576958.2984032521
9.170854271356784 1566725.9430192753
9.296482412060302 1556390.430359284
9.422110552763819 1545953.2454608162
9.547738693467336 1535415.8831477694
9.673366834170855 1524779.850127219
9.798994974874372 1514046.6647886515
9.924623115577889 1503217.859341396
10.050251256281408 1492294.9799708228
10.175879396984925 1481279.588333472
10.301507537688442 1470173.2625697334
10.42713567839196 1458977.5959971633
10.552763819095478 1447694.1992977383
10.678391959798995 1436324.6982332896
10.804020100502512 1424870.7338668993
10.92964824120603 1413333.9603354842
11.055276381909549 1401716.0434431462
11.180904522613066 1390018.6581495595
11.306532663316583 1378243.4855395192
11.4321608040201 1366392.2100893375
11.557788944723619 1354466.5167010364
11.683417085427136 1342468.0870943433
11.809045226130653 1330398.5964622074
11.93467336683417 1318259.7123325728
12.06030150753769 1306053.0901750019
12.185929648241206 1293780.3735348617
12.311557788944723 1281443.1912089495
12.43718592964824 1269043.1589150468
12.56281407035176 1256581.878393364
12.688442211055277 1244060.939074685
12.814070351758794 1231481.9217370907
12.93969849246231 1218846.4007600942
13.06532663316583 1206155.9489046123
13.190954773869347 1193412.1410211804
13.316582914572864 1180616.5597763052
13.442211055276381 1167770.8022615726
13.5678391959799 1154876.483752433
13.693467336683417 1141935.2447675457
13.819095477386934 1128948.7558447977
13.944723618090451 1115918.721123446
14.07035175879397 1102846.884321845
14.195979899497488 1089735.0293446549
14.321608040201005 1076584.9834743915
14.447236180904522 1063398.617604591
14.57286432160804 1050177.8451672287
14.698492462311558 1036924.6205367388
14.824120603015075 1023640.9356155125
14.949748743718592 1010328.8142740312
15.075376884422111 996990.3080296126
15.201005025125628 983627.4878311909
15.326633165829145 970242.4391510214
15.452261306532664 956837.2517302167
15.577889447236181 943414.0107248984
15.703517587939698 929974.7912905683
15.829145728643216 916521.6485411443
15.954773869346734 903056.6103440626
16.08040201005025 889581.6691099643
16.20603015075377 876098.7798432535
16.331658291457288 862609.8495320355
16.457286432160803 849116.7379520321
16.582914572864322 835621.2528732731
16.70854271356784 822125.1506945149
16.834170854271356 808630.1355146397
16.959798994974875 795137.8616904789
17.08542713567839 781649.9367968515
17.21105527638191 768167.9256207614
17.33668341708543 754693.3562533897
17.462311557788944 741227.7256399922
17.587939698492463 727772.5068745874
17.71356783919598 714329.1564740005
17.839195979899497 700899.1232705824
17.964824120603016 687483.8538318945
18.09045226130653 674084.8030367425
18.21608040201005 660703.4394052252
18.34170854271357 647341.2523160805
18.467336683417084 633999.7581567881
18.592964824120603 620680.5065751304
18.718592964824122 607385.0826260068
18.844221105527637 594115.1109507021
18.969849246231156 580872.2574378487
19.09547738693467 567658.2315212034
19.22110552763819 554474.7814811039
19.34673366834171 541323.6978543567
19.472361809045225 528206.8065656788
19.597989949748744 515125.96607035416
19.723618090452263 502083.0628387268
19.849246231155778 489080.00461988355
19.974874371859297 476118.7139441401
20.100502512562816 463201.1205572425
20.22613065326633 450329.1536703504
20.35175879396985 437504.7338720148
20.477386934673365 424729.7653418567
20.603015075376884 412006.1263923951
20.728643216080403 399335.66216142545
20.85427135678392 386720.17992832855
20.979899497487438 374161.4378700972
21.105527638190956 361661.1420084052
21.231155778894472 349220.9415761693
21.35678391959799 336842.4232445267
21.482412060301506 324527.1109531171
21.608040201005025 312276.46208931814
21.733668341708544 300091.87035818124
21.85929648241206 287974.66477523255
21.984924623115578 275926.1116352926
22.110552763819097 263947.4225231154
22.236180904522612 252039.75423057796
22.36180904522613 240204.21799093776
22.487437185929647 228441.88565589234
22.613065326633166 216753.79645813786
22.738693467336685 205140.96560362022
22.8643216080402 193604.39260876464
22.98994974874372 182145.0690283283
23.115577889447238 170763.98645337953
23.241206030150753 159462.14552173205
23.366834170854272 148240.56093981268
23.492462311557787 137100.26876648376
23.618090452261306 126042.331678493
23.743718592964825 115067.84354661073
23.86934673366834 104177.93155766003
23.99497487437186 93373.75609808264
24.12060301507538 82656.51524445295
24.246231155778894 72027.4400077546
24.371859296482413 61487.79441808448
24.497487437185928 51038.86856086291
24.623115577889447 40681.97752855459
24.748743718592966 30418.452678114845
24.87437185929648 20249.634918496515
25 10176.868222902118
