0.08564693654500771 0.08564693654500771
0 17712237.651468918
0.12562814070351758 17710211.91646237
0.25125628140703515 17708176.15756418
0.3768844221105528 17704787.90289079
0.5025125628140703 17700045.737126745
0.628140703517588 17693949.695971712
0.7537688442211056 17686500.157300487
0.8793969849246231 17677697.671734706
1.0050251256281406 17667542.934940755
1.1306532663316582 17656036.775461987
1.256281407035176 17643180.15295456
1.3819095477386936 17628974.162801646
1.5075376884422111 17613420.03432418
1.6331658291457287 17596519.14687291
1.7587939698492463 17578273.017867643
1.8844221105527639 17558683.326025695
2.0100502512562812 17537751.899865657
2.135678391959799 17515480.734021995
2.2613065326633164 17491871.98821893
2.386934673366834 17466927.98843904
2.512562814070352 17440651.24346014
2.6381909547738696 17413044.430896103
2.763819095477387 17384110.414825164
2.8894472361809047 17353852.234931584
3.0150753768844223 17322273.120485254
3.14070351758794 17289376.484229557
3.2663316582914574 17255165.92355136
3.391959798994975 17219645.22444366
3.5175879396984926 17182818.355717316
3.64321608040201 17144689.47179075
3.7688442211055277 17105262.91108891
3.8944723618090453 17064543.190472525
4.0201005025125625 17022535.00986915
4.1457286432160805 16979243.243809648
4.271356783919598 16934672.941742178
4.396984924623116 16888829.324140646
4.522613065326633 16841717.778715473
4.648241206030151 16793343.85783242
4.773869346733668 16743713.27607062
4.899497487437186 16692831.903886313
5.025125628140704 16640705.763157822
5.150753768844221 16587341.03381022
5.276381909547739 16532744.032791214
5.402010050251256 16476921.228492381
5.527638190954774 16419879.227483818
5.653266331658291 16361624.768780056
5.778894472361809 16302164.731821775
5.9045226130653266 16241506.123854274
6.030150753768845 16179656.080980923
6.155778894472362 16116621.871718394
6.28140703517588 16052410.88151301
6.407035175879397 15987030.626871372
6.532663316582915 15920488.744686853
6.658291457286432 15852792.993754936
6.78391959798995 15783951.254757036
6.909547738693467 15713971.534725055
7.035175879396985 15642861.958268741
7.160804020100502 15570630.77867772
7.28643216080402 15497286.372032922
7.4120603015075375 15422837.241429992
7.5376884422110555 15347292.025150834
7.663316582914573 15270659.488071144
7.788944723618091 15192948.528664816
7.914572864321608 15114168.185876597
8.040201005025125 15034327.640526954
8.165829145728644 14953436.211227147
8.291457286432161 14871503.365061607
8.417085427135678 14788538.720631082
8.542713567839195 14704552.04368734
8.668341708542714 14619553.253381252
8.793969849246231 14533552.428174157
8.919597989949748 14446559.800427955
9.045226130653266 14358585.75968779
9.170854271356784 14269640.855358612
9.296482412060302 14179735.797137717
9.422110552763819 14088881.453017965
9.547738693467336 13997088.848910972
9.673366834170855 13904369.165627412
9.798994974874372 13810733.740918
9.924623115577889 13716194.06917004
10.050251256281408 13620761.792213852
10.175879396984925 13524448.703708803
10.301507537688442 13427266.74278611
10.42713567839196 13329227.991168942
10.552763819095478 13230344.677061869
10.678391959798995 13130629.163448969
10.804020100502512 13030093.950332496
10.92964824120603 12928751.673612215
11.055276381909549 12826615.098800002
11.180904522613066 12723697.123751216
11.306532663316583 12620010.772711027
11.4321608040201 12515569.19401263
11.557788944723619 12410385.663270345
11.683417085427136 12304473.575995564
11.809045226130653 12197846.449175166
11.93467336683417 12090517.919252891
12.06030150753769 11982501.736508574
12.185929648241206 11873811.768212428
12.311557788944723 11764461.990880102
12.43718592964824 11654466.49489611
12.56281407035176 11543839.472667884
12.688442211055277 11432595.222773489
12.814070351758794 11320748.139312407
12.93969849246231 11208312.717384258
13.06532663316583 11095303.538366705
13.190954773869347 10981735.278640684
13.316582914572864 10867622.692939535
13.442211055276381 10752980.617586909
13.5678391959799 10637823.964852663
13.693467336683417 10522167.72473448
13.819095477386934 10406026.952848239
13.944723618090451 10289416.773128483
14.07035175879397 10172352.375690203
14.195979899497488 10054849.015439274
14.321608040201005 9936922.016514095
14.447236180904522 9818586.760396458
14.57286432160804 9699858.698916022
14.698492462311558 9580753.350734398
14.824120603015075 9461286.30546527
14.949748743718592 9341473.223415934
15.075376884422111 9221329.844180662
15.201005025125628 9100871.98226178
15.326633165829145 8980115.53944906
15.452261306532664 8859076.500807492
15.577889447236181 8737770.943496032
15.703517587939698 8616215.03544392
15.829145728643216 8494425.036886085
15.954773869346734 8372417.304781345
16.08040201005025 8250208.293169379
16.20603015075377 8127814.546333971
16.331658291457288 8005252.705451705
16.457286432160803 7882539.497475337
16.582914572864322 7759691.736692314
16.70854271356784 7636726.315687574
16.834170854271356 7513660.198657972
16.959798994974875 7390510.415723809
17.08542713567839 7267294.0523669105
17.21105527638191 7144028.241495038
17.33668341708543 7020730.150769176
17.462311557788944 6897416.974870997
17.587939698492463 6774105.9205104485
17.71356783919598 6650814.20167651
17.839195979899497 6527559.021647779
17.964824120603016 6404357.567627636
18.09045226130653 6281226.998851456
18.21608040201005 6158184.436122565
18.34170854271357 6035246.955183617
18.467336683417084 5912431.578471831
18.592964824120603 5789755.269091146
18.718592964824122 5667234.92233448
18.844221105527637 5544887.368660395
18.969849246231156 5422729.361404111
19.09547738693467 5300777.583101628
19.22110552763819 5179048.641429137
19.34673366834171 5057559.06972418
19.472361809045225 4936325.330827469
19.597989949748744 4815363.814659268
19.723618090452263 4694690.8499965845
19.849246231155778 4574322.698620908
19.974874371859297 4454275.568406802
20.100502512562816 4334565.614091814
20.22613065326633 4215208.941220889
20.35175879396985 4096221.612465619
20.477386934673365 3977619.65433638
20.603015075376884 3859419.0574905304
20.728643216080403 3741635.78185567
20.85427135678392 3624285.7602196797
20.979899497487438 3507384.8984635435
21.105527638190956 3390949.0770732253
21.231155778894472 3274994.15093099
21.35678391959799 3159535.9456719374
21.482412060301506 3044590.256330193
21.608040201005025 2930172.8423869773
21.733668341708544 2816299.42085577
21.85929648241206 2702985.6595612518
21.984924623115578 2590247.1691048704
22.110552763819097 2478099.492503284
22.236180904522612 2366558.093605955
22.36180904522613 2255638.3481569225
22.487437185929647 2145355.5281152446
22.613065326633166 2035724.7920666195
22.738693467336685 1926761.1695929484
22.8643216080402 1818479.5504963314
22.98994974874372 1710894.67054838
23.115577889447238 1604021.1000365333
23.241206030150753 1497873.231394699
23.366834170854272 1392465.2692067802
23.492462311557787 1287811.2199566488
23.618090452261306 1183924.8842701784
23.743718592964825 1080819.848452635
23.86934673366834 978509.4799872158
23.99497487437186 877006.9226084633
24.12060301507538 776325.0932725517
24.246231155778894 676476.6817617809
24.371859296482413 577474.1496256577
24.497487437185928 479329.7327511862
24.623115577889447 382055.4425797972
24.748743718592966 285663.07099545625
24.87437185929648 190164.1939606277
25 95570.17706888886
