0.09921256574801249 0.09921256574801249
0 11376602.586340327
0.12562814070351758 11375265.114353321
0.25125628140703515 11373921.07710452
0.3768844221105528 11371684.170741396
0.5025125628140703 11368553.564243888
0.628140703517588 11364529.42418078
0.7537688442211056 11359612.176973563
0.8793969849246231 11353802.402891483
1.0050251256281406 11347100.80929665
1.1306532663316582 11339508.221815221
1.256281407035176 11331025.580532627
1.3819095477386936 11321653.938406814
1.5075376884422111 11311394.460238937
1.6331658291457287 11300248.42204421
1.7587939698492463 11288217.210821519
1.8844221105527639 11275302.324014198
2.0100502512562812 11261505.369444164
2.135678391959799 11246828.064915776
2.2613065326633164 11231272.238141637
2.386934673366834 11214839.826312093
2.512562814070352 11197532.875870792
2.6381909547738696 11179353.542742671
2.763819095477387 11160304.091355382
2.8894472361809047 11140386.894999564
3.0150753768844223 11119604.435407665
3.14070351758794 11097959.302573964
3.2663316582914574 11075454.194572771
3.391959798994975 11052091.917028308
3.5175879396984926 11027875.38359862
3.64321608040201 11002807.615037296
3.7688442211055277 10976891.739496488
3.8944723618090453 10950130.99210264
4.0201005025125625 10922528.714981513
4.1457286432160805 10894088.357052727
4.271356783919598 10864813.47369893
4.396984924623116 10834707.72650462
4.522613065326633 10803774.88353986
4.648241206030151 10772018.819101367
4.773869346733668 10739443.512931827
4.899497487437186 10706053.05082513
5.025125628140704 10671851.624179177
5.150753768844221 10636843.529366689
5.276381909547739 10601033.168147774
5.402010050251256 10564425.047235526
5.527638190954774 10527023.777578937
5.653266331658291 10488834.074888753
5.778894472361809 10449860.758510463
5.9045226130653266 10410108.751670497
6.030150753768845 10369583.08088016
6.155778894472362 10328288.875473725
6.28140703517588 10286231.367376568
6.407035175879397 10243415.890425581
6.532663316582915 10199847.880046062
6.658291457286432 10155532.872658089
6.78391959798995 10110476.505240906
6.909547738693467 10064684.5145426
7.035175879396985 10018162.736582803
7.160804020100502 9970917.106290229
7.28643216080402 9922953.656624226
7.4120603015075375 9874278.517698653
7.5376884422110555 9824897.916631179
7.663316582914573 9774818.176573835
7.788944723618091 9724045.7158159
7.914572864321608 9672587.04750603
8.040201005025125 9620448.778549926
8.165829145728644 9567637.608935451
8.291457286432161 9514160.331287123
8.417085427135678 9460023.829669178
8.542713567839195 9405235.078992885
8.668341708542714 9349801.144302856
8.793969849246231 9293729.179862088
8.919597989949748 9237026.428408224
9.045226130653266 9179700.220292067
9.170854271356784 9121757.972729683
9.296482412060302 9063207.188941274
9.422110552763819 9004055.45709571
9.547738693467336 8944310.450024739
9.673366834170855 8883979.923875572
9.798994974874372 8823071.717318565
9.924623115577889 8761593.751061104
10.050251256281408 8699554.026648281
10.175879396984925 8636960.62592211
10.301507537688442 8573821.709948875
10.42713567839196 8510145.518292578
10.552763819095478 8445940.368405944
10.678391959798995 8381214.654476023
10.804020100502512 8315976.846860329
10.92964824120603 8250235.491323486
11.055276381909549 8183999.207985956
11.180904522613066 8117276.690747386
11.306532663316583 8050076.706350844
11.4321608040201 7982408.093619398
11.557788944723619 7914279.762444511
11.683417085427136 7845700.693069457
11.809045226130653 7776679.93486735
11.93467336683417 7707226.605791466
12.06030150753769 7637349.890782692
12.185929648241206 7567059.041126203
12.311557788944723 7496363.373065103
12.43718592964824 7425272.266642461
12.56281407035176 7353795.1643512435
12.688442211055277 7281941.569724472
12.814070351758794 7209721.04597779
12.93969849246231 7137143.214485184
13.06532663316583 7064217.753081806
13.190954773869347 6990954.39467545
13.316582914572864 6917362.925204863
13.442211055276381 6843453.18224762
13.5678391959799 6769235.052952125
13.693467336683417 6694718.472467017
13.819095477386934 6619913.422120206
13.944723618090451 6544829.927351228
14.07035175879397 6469478.056089922
14.195979899497488 6393867.917135946
14.321608040201005 6318009.65789604
14.447236180904522 6241913.4630701095
14.57286432160804 6165589.552787918
14.698492462311558 6089048.180884609
14.824120603015075 6012299.633273482
14.949748743718592 5935354.226357558
15.075376884422111 5858222.305748284
15.201005025125628 5780914.2442032425
15.326633165829145 5703440.440641593
15.452261306532664 5625811.3183718035
15.577889447236181 5548037.324027506
15.703517587939698 5470128.925680296
15.829145728643216 5392096.6118978495
15.954773869346734 5313950.890062228
16.08040201005025 5235702.285019376
16.20603015075377 5157361.337540033
16.331658291457288 5078938.603330126
16.457286432160803 5000444.6509505715
16.582914572864322 4921890.0605338
16.70854271356784 4843285.422288501
16.834170854271356 4764641.334901399
16.959798994974875 4685968.403585134
17.08542713567839 4607277.23866722
17.21105527638191 4528578.453672461
17.33668341708543 4449882.663500022
17.462311557788944 4371200.482466363
17.587939698492463 4292542.522501759
17.71356783919598 4213919.391043031
17.839195979899497 4135341.689003528
17.964824120603016 4056820.0088005904
18.09045226130653 3978364.932053068
18.21608040201005 3899987.0275644213
18.34170854271357 3821696.8491283637
18.467336683417084 3743504.933291918
18.592964824120603 3665421.797185868
18.718592964824122 3587457.9362201598
18.844221105527637 3509623.821938094
18.969849246231156 3431929.89976952
19.09547738693467 3354386.586774497
19.22110552763819 3277004.269420841
19.34673366834171 3199793.3014358045
19.472361809045225 3122764.0015960266
19.597989949748744 3045926.651487199
19.723618090452263 2969291.4934978066
19.849246231155778 2892868.7286703316
19.974874371859297 2816668.5144799408
20.100502512562816 2740700.9629836497
20.22613065326633 2664976.138689832
20.35175879396985 2589504.0565636535
20.477386934673365 2514294.68000633
20.603015075376884 2439357.919075952
20.728643216080403 2364703.6284710336
20.85427135678392 2290341.605671454
20.979899497487438 2216281.588962334
21.105527638190956 2142533.255787099
21.231155778894472 2069106.2209065633
21.35678391959799 1996010.0343557352
21.482412060301506 1923254.1798964564
21.608040201005025 1850848.073161497
21.733668341708544 1778801.0596981533
21.85929648241206 1707122.4134232644
21.984924623115578 1635821.3346266018
22.110552763819097 1564906.9483758002
22.236180904522612 1494388.302481598
22.36180904522613 1424274.3659023165
22.487437185929647 1354574.0267719608
22.613065326633166 1285296.0907210982
22.738693467336685 1216449.2789424479
22.8643216080402 1148042.22640854
22.98994974874372 1080083.4800645318
23.115577889447238 1012581.4969650322
23.241206030150753 945544.6424562916
23.366834170854272 878981.188374429
23.492462311557787 812899.3111932136
23.618090452261306 747307.0902699337
23.743718592964825 682212.5060033537
23.86934673366834 617623.4381076293
23.99497487437186 553547.6638009329
24.12060301507538 489992.8561048636
24.246231155778894 426966.5821202135
24.371859296482413 364476.30134962493
24.497487437185928 302529.3639944046
24.623115577889447 241133.0093654533
24.748743718592966 180294.36424184695
24.87437185929648 120020.44131839594
25 60318.137671800134
