0.04529053950889767 0.04529053950889767
0 72231671.36256303
0.12562814070351758 72224841.31562923
0.25125628140703515 72217976.97675474
0.3768844221105528 72206551.50329098
0.5025125628140703 72190559.1226599
0.628140703517588 72169998.54950666
0.7537688442211056 72144869.22636342
0.8793969849246231 72115170.78691997
1.0050251256281406 72080902.9309505
1.1306532663316582 72042065.38693209
1.256281407035176 71998657.90581289
1.3819095477386936 71950680.26426856
1.5075376884422111 71898132.27425103
1.6331658291457287 71841013.79437062
1.7587939698492463 71779324.74345759
1.8844221105527639 71713065.11493431
2.0100502512562812 71642234.99223098
2.135678391959799 71566834.56426221
2.2613065326633164 71486864.14083266
2.386934673366834 71402324.16827497
2.512562814070352 71313215.24430169
2.6381909547738696 71219538.13278663
2.763819095477387 71121293.7769436
2.8894472361809047 71018483.3123549
3.0150753768844223 70911108.07831444
3.14070351758794 70799169.62815385
3.2663316582914574 70682669.73798375
3.391959798994975 70561610.41420539
3.5175879396984926 70435993.89938042
3.64321608040201 70305822.67665987
3.7688442211055277 70171099.47270495
3.8944723618090453 70031827.25929365
4.0201005025125625 69888009.25351441
4.1457286432160805 69739648.91682905
4.271356783919598 69586749.95313963
4.396984924623116 69429316.30590598
4.522613065326633 69267352.15477581
4.648241206030151 69100861.9116495
4.773869346733668 68929850.21657231
4.899497487437186 68754321.93365803
5.025125628140704 68574282.14713466
5.150753768844221 68389736.15809001
5.276381909547739 68200689.48145139
5.402010050251256 68007147.84426837
5.527638190954774 67809117.18463585
5.653266331658291 67606603.65167032
5.778894472361809 67399613.6072349
5.9045226130653266 67188153.62828968
6.030150753768845 66972230.51130515
6.155778894472362 66751851.2776035
6.28140703517588 66527023.18037218
6.407035175879397 66297753.71312256
6.532663316582915 66064050.61952452
6.658291457286432 65825921.90451649
6.78391959798995 65583375.84695305
6.909547738693467 65336421.01323612
7.035175879396985 65085066.27223993
7.160804020100502 64829320.81104108
7.28643216080402 64569194.15201178
7.4120603015075375 64304696.170235805
7.5376884422110555 64035837.11194161
7.663316582914573 63762627.61362232
7.788944723618091 63485078.721173204
7.914572864321608 63203201.90988263
8.040201005025125 62917009.10436509
8.165829145728644 62626512.69856273
8.291457286432161 62331725.57596118
8.417085427135678 62032661.129448496
8.542713567839195 61729333.280742556
8.668341708542714 61421756.499774076
8.793969849246231 61109945.82309105
8.919597989949748 60793916.871965215
9.045226130653266 60473685.86945551
9.170854271356784 60149269.65672383
9.296482412060302 59820685.70831306
9.422110552763819 59487952.14651653
9.547738693467336 59151087.75452188
9.673366834170855 58810111.98863183
9.798994974874372 58465044.98925307
9.924623115577889 58115907.5909469
10.050251256281408 57762721.33140456
10.175879396984925 57405508.459555075
10.301507537688442 57044291.9428752
10.42713567839196 56679095.47400529
10.552763819095478 56309943.476913214
10.678391959798995 55936861.11264295
10.804020100502512 55559874.2849069
10.92964824120603 55179009.645604834
11.055276381909549 54794294.60052432
11.180904522613066 54405757.31521954
11.306532663316583 54013426.72136031
11.4321608040201 53617332.523517646
11.557788944723619 53217505.20635019
11.683417085427136 52813976.04254556
11.809045226130653 52406777.10105825
11.93467336683417 51995941.25610319
12.06030150753769 51581502.196181744
12.185929648241206 51163494.43381864
12.311557788944723 50741953.31501781
12.43718592964824 50316915.029197656
12.56281407035176 49888416.61855441
12.688442211055277 49456495.98743419
12.814070351758794 49021191.911380686
12.93969849246231 48582544.04523654
13.06532663316583 48140592.93133234
13.190954773869347 47695380.006449066
13.316582914572864 47246947.60854238
13.442211055276381 46795338.982841074
13.5678391959799 46340598.287473805
13.693467336683417 45882770.59865996
13.819095477386934 45421901.9159728
13.944723618090451 44958039.16731665
14.07035175879397 44491230.21448913
14.195979899497488 44021523.85885709
14.321608040201005 43548969.847923875
14.447236180904522 43073618.882585466
14.57286432160804 42595522.62538754
14.698492462311558 42114733.70992841
14.824120603015075 41631305.7512523
14.949748743718592 41145293.35742011
15.075376884422111 40656752.142056815
15.201005025125628 40165738.73772165
15.326633165829145 39672310.8098472
15.452261306532664 39176527.07098274
15.577889447236181 38678447.29490351
15.703517587939698 38178132.330257595
15.829145728643216 37675644.113107085
15.954773869346734 37171045.678161345
16.08040201005025 36664401.16789306
16.20603015075377 36155775.83928224
16.331658291457288 35645236.06765624
16.457286432160803 35132849.34724536
16.582914572864322 34618684.28802382
16.70854271356784 34102810.6088125
16.834170854271356 33585299.126245186
16.959798994974875 33066221.739629224
17.08542713567839 32545651.411916457
17.21105527638191 32023662.14659694
17.33668341708543 31500328.96124738
17.462311557788944 30975727.85772642
17.587939698492463 30449935.7897719
17.71356783919598 29923030.628369503
17.839195979899497 29395091.125673264
17.964824120603016 28866196.87815353
18.09045226130653 28336428.289279614
18.21608040201005 27805866.53343262
18.34170854271357 27274593.52018054
18.467336683417084 26742691.86127688
18.592964824120603 26210244.839502364
18.718592964824122 25677336.380675275
18.844221105527637 25144051.029066518
18.969849246231156 24610473.92606879
19.09547738693467 24076690.792864237
19.22110552763819 23542787.91666931
19.34673366834171 23008852.140586488
19.472361809045225 22474970.856585577
19.597989949748744 21941232.001755387
19.723618090452263 21407724.05668959
19.849246231155778 20874536.045776874
19.974874371859297 20341757.538707957
20.100502512562816 19809478.65229736
20.22613065326633 19277790.05204008
20.35175879396985 18746782.95250199
20.477386934673365 18216549.115707226
20.603015075376884 17687180.847137935
20.728643216080403 17158770.987943526
20.85427135678392 16631412.903916102
20.979899497487438 16105200.469228618
21.105527638190956 15580228.046050392
21.231155778894472 15056590.45871284
21.35678391959799 14534382.962571902
21.482412060301506 14013701.207832677
21.608040201005025 13494641.198215304
21.733668341708544 12977299.244428266
21.85929648241206 12461771.913448365
21.984924623115578 11948155.97354281
22.110552763819097 11436548.335746255
22.236180904522612 10927045.992400477
22.36180904522613 10419745.953495359
22.487437185929647 9914745.181411024
22.613065326633166 9412140.524778403
22.738693467336685 8912028.652225543
22.8643216080402 8414505.98662172
22.98994974874372 7919668.640545512
23.115577889447238 7427612.353271778
23.241206030150753 6938432.430227891
23.366834170854272 6452223.684992608
23.492462311557787 5969080.3839749275
23.618090452261306 5489096.194716722
23.743718592964825 5012364.13714162
23.86934673366834 4538976.538136793
23.99497487437186 4069024.989825787
24.12060301507538 3602600.3104140027
24.246231155778894 3139792.508718038
24.371859296482413 2680690.750862469
24.497487437185928 2225383.330052264
24.623115577889447 1773957.638169035
24.748743718592966 1326500.1397025483
24.87437185929648 883096.3469815666
25 443830.7968867221
