0.07393617617122789 0.07393617617122789
0 26132389.561582625
0.12562814070351758 26131427.083534922
0.25125628140703515 26128530.040859852
0.3768844221105528 26123701.787957847
0.5025125628140703 26116942.563771218
0.628140703517588 26108252.71644024
0.7537688442211056 26097632.694017936
0.8793969849246231 26085083.053480726
1.0050251256281406 26070604.47506489
1.1306532663316582 26054197.763495233
1.256281407035176 26035863.857186824
1.3819095477386936 26015603.838115156
1.5075376884422111 25993418.946677137
1.6331658291457287 25969310.578998707
1.7587939698492463 25943280.31134746
1.8844221105527639 25915329.904298387
2.0100502512562812 25885461.30717318
2.135678391959799 25853676.675066594
2.2613065326633164 25819978.380756333
2.386934673366834 25784369.00747043
2.512562814070352 25746851.37816794
2.6381909547738696 25707428.54279687
2.763819095477387 25666103.797199123
2.8894472361809047 25622880.68280949
3.0150753768844223 25577762.993102152
3.14070351758794 25530754.76942042
3.2663316582914574 25481860.31281199
3.391959798994975 25431084.183154136
3.5175879396984926 25378431.187759876
3.64321608040201 25323906.395422637
3.7688442211055277 25267515.126603156
3.8944723618090453 25209262.948486008
4.0201005025125625 25149155.68014952
4.1457286432160805 25087199.374748856
4.271356783919598 25023400.33063674
4.396984924623116 24957765.0721396
4.522613065326633 24890300.350352503
4.648241206030151 24821013.136047892
4.773869346733668 24749910.61233565
4.899497487437186 24677000.170998666
5.025125628140704 24602289.403067008
5.150753768844221 24525786.089487217
5.276381909547739 24447498.20347342
5.402010050251256 24367433.89392074
5.527638190954774 24285601.488601968
5.653266331658291 24202009.486222606
5.778894472361809 24116666.54316396
5.9045226130653266 24029581.48840784
6.030150753768845 23940763.293928914
6.155778894472362 23850221.0992191
6.28140703517588 23757964.1872016
6.407035175879397 23664001.992765956
6.532663316582915 23568344.104341008
6.658291457286432 23471000.260401655
6.78391959798995 23371980.346945927
6.909547738693467 23271294.40786655
7.035175879396985 23168952.64224419
7.160804020100502 23064965.414467957
7.28643216080402 22959343.24524279
7.4120603015075375 22852096.8351047
7.5376884422110555 22743237.05283919
7.663316582914573 22632774.956094865
7.788944723618091 22520721.788681373
7.914572864321608 22407088.99191921
8.040201005025125 22291888.2064816
8.165829145728644 22175131.289537493
8.291457286432161 22056830.312589318
8.417085427135678 21936997.570635736
8.542713567839195 21815645.588911053
8.668341708542714 21692787.13472058
8.793969849246231 21568435.210015707
8.919597989949748 21442603.067457043
9.045226130653266 21315304.207080673
9.170854271356784 21186552.385028057
9.296482412060302 21056361.610376716
9.422110552763819 20924746.148364913
9.547738693467336 20791720.524484612
9.673366834170855 20657299.51865039
9.798994974874372 20521498.163990423
9.924623115577889 20384331.751963943
10.050251256281408 20245815.820731465
10.175879396984925 20105966.158943597
10.301507537688442 19964798.79659078
10.42713567839196 19822330.009694457
10.552763819095478 19678576.303240187
10.678391959798995 19533554.422605455
10.804020100502512 19387281.33431959
10.92964824120603 19239774.231992092
11.055276381909549 19091050.527860798
11.180904522613066 18941127.846177828
11.306532663316583 18790024.025873043
11.4321608040201 18637757.110552378
11.557788944723619 18484345.344088733
11.683417085427136 18329807.171924166
11.809045226130653 18174161.235116843
11.93467336683417 18017426.36069216
12.06030150753769 17859621.56698114
12.185929648241206 17700766.050305575
12.311557788944723 17540879.192301277
12.43718592964824 17379980.54093015
12.56281407035176 17218089.823492363
12.688442211055277 17055226.929516632
12.814070351758794 16891411.908763807
12.93969849246231 16726664.973142525
13.06532663316583 16561006.49123417
13.190954773869347 16394456.977417978
13.316582914572864 16227037.10213116
13.442211055276381 16058767.676152773
13.5678391959799 15889669.658123933
13.693467336683417 15719764.14951448
13.819095477386934 15549072.396031996
13.944723618090451 15377615.786140094
14.07035175879397 15205415.85422281
14.195979899497488 15032494.284635924
14.321608040201005 14858872.913027301
14.447236180904522 14684573.728651159
14.57286432160804 14509618.886425225
14.698492462311558 14334030.703596009
14.824120603015075 14157831.67127138
14.949748743718592 13981044.462582733
15.075376884422111 13803691.932404062
15.201005025125628 13625797.1290775
15.326633165829145 13447383.297143599
15.452261306532664 13268473.881232537
15.577889447236181 13089092.53396463
15.703517587939698 12909263.11280654
15.829145728643216 12729009.686990527
15.954773869346734 12548356.531396873
16.08040201005025 12367328.127617465
16.20603015075377 12185949.1573362
16.331658291457288 12004244.497793568
16.457286432160803 11822239.215183632
16.582914572864322 11639958.54947432
16.70854271356784 11457427.907888478
16.834170854271356 11274672.848350927
16.959798994974875 11091719.064428043
17.08542713567839 10908592.373242015
17.21105527638191 10725318.694393285
17.33668341708543 10541924.03318576
17.462311557788944 10358434.464113344
17.587939698492463 10174876.113346392
17.71356783919598 9991275.137592325
17.839195979899497 9807657.712731294
17.964824120603016 9624050.0129565
18.09045226130653 9440478.198658094
18.21608040201005 9256968.400882168
18.34170854271357 9073546.711515287
18.467336683417084 8890239.172449712
18.592964824120603 8707071.76791557
18.718592964824122 8524070.4148441
18.844221105527637 8341260.966193972
18.969849246231156 8158669.198695276
19.09547738693467 7976320.820931893
19.22110552763819 7794241.472008789
19.34673366834171 7612456.72031964
19.472361809045225 7430992.076650709
19.597989949748744 7249872.99139942
19.723618090452263 7069124.866496681
19.849246231155778 6888773.063038148
19.974874371859297 6708842.905957256
20.100502512562816 6529359.69386043
20.22613065326633 6350348.710144311
20.35175879396985 6171835.225074874
20.477386934673365 5993844.506561002
20.603015075376884 5816401.824234238
20.728643216080403 5639532.455192093
20.85427135678392 5463261.685707945
20.979899497487438 5287614.813821764
21.105527638190956 5112617.147195771
21.231155778894472 4938294.000414471
21.35678391959799 4764670.690928009
21.482412060301506 4591772.530270009
21.608040201005025 4419624.815225226
21.733668341708544 4248252.81592259
21.85929648241206 4077681.7601840696
21.984924623115578 3907936.818915225
22.110552763819097 3739043.0879900455
22.236180904522612 3571025.5672337967
22.36180904522613 3403909.140902061
22.487437185929647 3237718.5549709117
22.613065326633166 3072478.394450586
22.738693467336685 2908213.060746395
22.8643216080402 2744946.7494095718
22.98994974874372 2582703.426351726
23.115577889447238 2421506.808174636
23.241206030150753 2261380.3402680596
23.366834170854272 2102347.1791497627
23.492462311557787 1944430.1751280143
23.618090452261306 1787651.8577882329
23.743718592964825 1632034.422959126
23.86934673366834 1477599.72441667
23.99497487437186 1324369.26362732
24.12060301507538 1172364.1871063544
24.246231155778894 1021605.283123873
24.371859296482413 872112.9817654684
24.497487437185928 723907.3571904806
24.623115577889447 577008.1324413051
24.748743718592966 431434.6848966753
24.87437185929648 287206.05456311087
25 144340.95284979523
