0.08994909180701291 0.08994909180701291
0 15379006.017497672
0.12562814070351758 15378413.18433325
0.25125628140703515 15376628.794279091
0.3768844221105528 15373655.015021332
0.5025125628140703 15369492.169283126
0.628140703517588 15364140.70147435
0.7537688442211056 15357601.185791818
0.8793969849246231 15349874.326133294
1.0050251256281406 15340960.9542826
1.1306532663316582 15330862.032698251
1.256281407035176 15319578.655943789
1.3819095477386936 15307112.05083006
1.5075376884422111 15293463.576121712
1.6331658291457287 15278634.728053093
1.7587939698492463 15262627.136408087
1.8844221105527639 15245442.567782683
2.0100502512562812 15227082.928912356
2.135678391959799 15207550.265123159
2.2613065326633164 15186846.760161366
2.386934673366834 15164974.74351705
2.512562814070352 15141936.682965815
2.6381909547738696 15117735.193150353
2.763819095477387 15092373.031330455
2.8894472361809047 15065853.100213494
3.0150753768844223 15038178.447400242
3.14070351758794 15009352.268667992
3.2663316582914574 14979377.904317897
3.391959798994975 14948258.83998633
3.5175879396984926 14915998.710901769
3.64321608040201 14882601.295866169
3.7688442211055277 14848070.519659765
3.8944723618090453 14812410.453675412
4.0201005025125625 14775625.31141812
4.1457286432160805 14737719.453171358
4.271356783919598 14698697.378574658
4.396984924623116 14658563.731087392
4.522613065326633 14617323.29405231
4.648241206030151 14574980.989923527
4.773869346733668 14531541.879206927
4.899497487437186 14487011.158034086
5.025125628140704 14441394.157747854
5.150753768844221 14394696.34480862
5.276381909547739 14346923.315952566
5.402010050251256 14298080.800847387
5.527638190954774 14248174.657592017
5.653266331658291 14197210.872331012
5.778894472361809 14145195.561548332
5.9045226130653266 14092134.963650517
6.030150753768845 14038035.448171403
6.155778894472362 13982903.50438875
6.28140703517588 13926745.74932258
6.407035175879397 13869568.92337327
6.532663316582915 13811379.889246212
6.658291457286432 13752185.633205863
6.78391959798995 13691993.266513482
6.909547738693467 13630810.02220393
7.035175879396985 13568643.25748198
7.160804020100502 13505500.451392047
7.28643216080402 13441389.210436901
7.4120603015075375 13376317.261762433
7.5376884422110555 13310292.460338037
7.663316582914573 13243322.783762012
7.788944723618091 13175416.336393122
7.914572864321608 13106581.348098738
8.040201005025125 13036826.176513312
8.165829145728644 12966159.303799408
8.291457286432161 12894589.340360943
8.417085427135678 12822125.024124091
8.542713567839195 12748775.220780121
8.668341708542714 12674548.921488961
8.793969849246231 12599455.24781928
8.919597989949748 12523503.447341517
9.045226130653266 12446702.896227283
9.170854271356784 12369063.096836874
9.296482412060302 12290593.679371847
9.422110552763819 12211304.40077754
9.547738693467336 12131205.1427705
9.673366834170855 12050305.913164783
9.798994974874372 11968616.845327348
9.924623115577889 11886148.194286633
10.050251256281408 11802910.339505333
10.175879396984925 11718913.780881988
10.301507537688442 11634169.139621764
10.42713567839196 11548687.153698632
10.552763819095478 11462478.681018
10.678391959798995 11375554.691753374
10.804020100502512 11287926.272183275
10.92964824120603 11199604.618759347
11.055276381909549 11110601.03744449
11.180904522613066 11020926.942437936
11.306532663316583 10930593.851235058
11.4321608040201 10839613.384373909
11.557788944723619 10747997.26321479
11.683417085427136 10655757.305380633
11.809045226130653 10562905.423001489
11.93467336683417 10469453.622586615
12.06030150753769 10375413.998898242
12.185929648241206 10280798.736389829
12.311557788944723 10185620.102555418
12.43718592964824 10089890.451710435
12.56281407035176 9993622.216490341
12.688442211055277 9896827.91113913
12.814070351758794 9799520.129274672
12.93969849246231 9701711.54035183
13.06532663316583 9603414.889272561
13.190954773869347 9504642.998298414
13.316582914572864 9405408.76129921
13.442211055276381 9305725.148324348
13.5678391959799 9205605.201531738
13.693467336683417 9105062.03649191
13.819095477386934 9004108.841317847
13.944723618090451 8902758.877155947
14.07035175879397 8801025.477659428
14.195979899497488 8698922.047909537
14.321608040201005 8596462.065069517
14.447236180904522 8493659.07872965
14.57286432160804 8390526.707496535
14.698492462311558 8287078.641854598
14.824120603015075 8183328.640962307
14.949748743718592 8079290.530949265
15.075376884422111 7974978.205786775
15.201005025125628 7870405.623628424
15.326633165829145 7765586.805608466
15.452261306532664 7660535.834288373
15.577889447236181 7555266.849592136
15.703517587939698 7449794.047952718
15.829145728643216 7344131.677286014
15.954773869346734 7238294.035892735
16.08040201005025 7132295.467854693
16.20603015075377 7026150.359955282
16.331658291457288 6919873.137895777
16.457286432160803 6813478.261378491
16.582914572864322 6706980.222421494
16.70854271356784 6600393.539099545
16.834170854271356 6493732.752864947
16.959798994974875 6387012.424474756
17.08542713567839 6280247.128354871
17.21105527638191 6173451.450260606
17.33668341708543 6066639.982989162
17.462311557788944 5959827.321830878
17.587939698492463 5853028.060796626
17.71356783919598 5746256.790239839
17.839195979899497 5639528.09129172
17.964824120603016 5532856.534246227
18.09045226130653 5426256.674424232
18.21608040201005 5319743.049925102
18.34170854271357 5213330.178087032
18.467336683417084 5107032.553175964
18.592964824120603 5000864.643784557
18.718592964824122 4894840.8918951955
18.844221105527637 4788975.708021647
18.969849246231156 4683283.473092496
19.09547738693467 4577778.533612724
19.22110552763819 4472475.201077425
19.34673366834171 4367387.752216953
19.472361809045225 4262530.424372048
19.597989949748744 4157917.417386336
19.723618090452263 4053562.8904572385
19.849246231155778 3949480.9607763104
19.974874371859297 3845685.7034656396
20.100502512562816 3742191.1495149997
20.22613065326633 3639011.283070654
20.35175879396985 3536160.0418805913
20.477386934673365 3433651.3139003064
20.603015075376884 3331498.936028977
20.728643216080403 3229716.691315762
20.85427135678392 3128318.3067737264
20.979899497487438 3027317.450421645
21.105527638190956 2926727.7286200584
21.231155778894472 2826562.6827540137
21.35678391959799 2726835.785473714
21.482412060301506 2627560.4373723264
21.608040201005025 2528749.962889212
21.733668341708544 2430417.6060070973
21.85929648241206 2332576.5267085573
21.984924623115578 2235239.796023239
22.110552763819097 2138420.39129268
22.236180904522612 2042131.1924747743
22.36180904522613 1946384.9767885956
22.487437185929647 1851194.4144221144
22.613065326633166 1756572.064105682
22.738693467336685 1662530.3684184921
22.8643216080402 1569081.6492475094
22.98994974874372 1476238.1040514503
23.115577889447238 1384011.8011070217
23.241206030150753 1292414.6761699237
23.366834170854272 1201458.528414332
23.492462311557787 1111155.017103218
23.618090452261306 1021515.6582448283
23.743718592964825 932551.8217954243
23.86934673366834 844274.728311906
23.99497487437186 756695.4475637968
24.12060301507538 669824.8953509134
24.246231155778894 583673.8320053691
24.371859296482413 498252.8606028462
24.497487437185928 413572.4256259668
24.623115577889447 329642.8114336801
24.748743718592966 246474.14157310268
24.87437185929648 164076.3776784394
25 82459.31873741068
