0.43163351284826296 0.43163351284826296
0 319.3575052043678
0.12562814070351758 319.34443426167206
0.25125628140703515 319.3050922112392
0.3768844221105528 319.23952840171864
0.5025125628140703 319.1477524918357
0.628140703517588 319.02977819472636
0.7537688442211056 318.88562282721705
0.8793969849246231 318.71530774662654
1.0050251256281406 318.51885800849357
1.1306532663316582 318.29630257777933
1.256281407035176 318.0476744241068
1.3819095477386936 317.77301013162764
1.5075376884422111 317.47235023670913
1.6331658291457287 317.1457391007235
1.7587939698492463 316.7932249461147
1.8844221105527639 316.4148597451456
2.0100502512562812 316.0106992840877
2.135678391959799 315.5808031654046
2.2613065326633164 315.1252347110759
2.386934673366834 314.6440611650586
2.512562814070352 314.13735347547794
2.6381909547738696 313.60518615532624
2.763819095477387 313.0476378005558
2.8894472361809047 312.46479042974386
3.0150753768844223 311.8567299184121
3.14070351758794 311.2235457740544
3.2663316582914574 310.5653312063553
3.391959798994975 309.88218313751054
3.5175879396984926 309.1742021300998
3.64321608040201 308.44149217500035
3.7688442211055277 307.68416120671577
3.8944723618090453 306.9023204892984
4.0201005025125625 306.0960849517053
4.1457286432160805 305.2655730826397
4.271356783919598 304.4109069035511
4.396984924623116 303.5322118601788
4.522613065326633 302.6296170480529
4.648241206030151 301.7032548429133
4.773869346733668 300.753261223984
4.899497487437186 299.77977541982
5.025125628140704 298.7829402693783
5.150753768844221 297.76290176820805
5.276381909547739 296.71980936943527
5.402010050251256 295.65381576661105
5.527638190954774 294.56507707444047
5.653266331658291 293.4537526154569
5.778894472361809 292.3200048044668
5.9045226130653266 291.1639994699728
6.030150753768845 289.9859053819248
6.155778894472362 288.7858947529825
6.28140703517588 287.5641427721239
6.407035175879397 286.320827529503
6.532663316582915 285.05613052220485
6.658291457286432 283.770235985278
6.78391959798995 282.4633312998736
6.909547738693467 281.13560674026525
7.035175879396985 279.7872555245082
7.160804020100502 278.4184737383936
7.28643216080402 277.02946036593863
7.4120603015075375 275.6204172347967
7.5376884422110555 274.1915489027259
7.663316582914573 272.7430626202944
7.788944723618091 271.27516855513227
7.914572864321608 269.78807937682836
8.040201005025125 268.28201039647035
8.165829145728644 266.75717968714395
8.291457286432161 265.21380770833184
8.417085427135678 263.65211756271145
8.542713567839195 262.0723347992123
8.668341708542714 260.4746874741068
8.793969849246231 258.8594059338796
8.919597989949748 257.22672301665347
9.045226130653266 255.57687381759837
9.170854271356784 253.91009585332466
9.296482412060302 252.22662865223444
9.422110552763819 250.52671416031052
9.547738693467336 248.8105964715078
9.673366834170855 247.0785216629201
9.798994974874372 245.3307380451747
9.924623115577889 243.56749587502722
10.050251256281408 241.78904749170096
10.175879396984925 239.99564709315302
10.301507537688442 238.1875508430433
10.42713567839196 236.36501678855706
10.552763819095478 234.5283047091378
10.678391959798995 232.67767626188535
10.804020100502512 230.81339475280296
10.92964824120603 228.9357252711756
11.055276381909549 227.0449344324629
11.180904522613066 225.14129055177727
11.306532663316583 223.22506337195873
11.4321608040201 221.29652422940973
11.557788944723619 219.3559459152347
11.683417085427136 217.40360257353828
11.809045226130653 215.43976975522298
11.93467336683417 213.4647242898345
12.06030150753769 211.47874431465428
12.185929648241206 209.4821091216857
12.311557788944723 207.47509920377925
12.43718592964824 205.45799622357882
12.56281407035176 203.43108285667904
12.688442211055277 201.39464282412968
12.814070351758794 199.34896082439656
12.93969849246231 197.29432244141177
13.06532663316583 195.23101426884818
13.190954773869347 193.15932358372316
13.316582914572864 191.07953847635974
13.442211055276381 188.99194787495324
13.5678391959799 186.89684130026154
13.693467336683417 184.7945089016256
13.819095477386934 182.685241436488
13.944723618090451 180.56933023357806
14.07035175879397 178.44706709981682
14.195979899497488 176.31874418974186
14.321608040201005 174.18465419519845
14.447236180904522 172.04509001838588
14.57286432160804 169.90034493543513
14.698492462311558 167.75071244999333
14.824120603015075 165.5964862578605
14.949748743718592 163.43796019162855
15.075376884422111 161.27542813236485
15.201005025125628 159.10918411156754
15.326633165829145 156.93952204214787
15.452261306532664 154.76673586667755
15.577889447236181 152.59111938219272
15.703517587939698 150.41296627659105
15.829145728643216 148.23257004032092
15.954773869346734 146.05022380711716
16.08040201005025 143.86622051695898
16.20603015075377 141.68085278272275
16.331658291457288 139.4944127214688
16.457286432160803 137.30719211126697
16.582914572864322 135.11948214874735
16.70854271356784 132.93157354067407
16.834170854271356 130.74375642453265
16.959798994974875 128.55632021632996
17.08542713567839 126.36955373537224
17.21105527638191 124.18374502708852
17.33668341708543 121.99918136638752
17.462311557788944 119.81614918507769
17.587939698492463 117.63493410267823
17.71356783919598 115.45582069657269
17.839195979899497 113.27909269674402
17.964824120603016 111.1050327893064
18.09045226130653 108.93392253423659
18.21608040201005 106.76604248118947
18.34170854271357 104.60167196145238
18.467336683417084 102.44108914842712
18.592964824120603 100.28457093931883
18.718592964824122 98.13239300035485
18.844221105527637 95.98482959803376
18.969849246231156 93.84215368372213
19.09547738693467 91.70463677532526
19.22110552763819 89.57254889989012
19.34673366834171 87.44615859582146
19.472361809045225 85.32573290040949
19.597989949748744 83.21153720904843
19.723618090452263 81.10383526871021
19.849246231155778 79.00288920567178
19.974874371859297 76.9089594109091
20.100502512562816 74.82230450770192
20.22613065326633 72.74318132806536
20.35175879396985 70.67184487271986
20.477386934673365 68.60854827065556
20.603015075376884 66.55354271688523
20.728643216080403 64.50707744441077
20.85427135678392 62.469399726124635
20.979899497487438 60.44075475442635
21.105527638190956 58.42138570697244
21.231155778894472 56.411533593887135
21.35678391959799 54.41143730885191
21.482412060301506 52.421333572706686
21.608040201005025 50.441456861831654
21.733668341708544 48.47203940279464
21.85929648241206 46.513311152085706
21.984924623115578 44.565499708686694
22.110552763819097 42.6288303319028
22.236180904522612 40.703525894702246
22.36180904522613 38.789806825104115
22.487437185929647 36.88789109083312
22.613065326633166 34.99799417524656
22.738693467336685 33.12032904027481
22.8643216080402 31.2551060868433
22.98994974874372 29.4025331173237
23.115577889447238 27.562815338591157
23.241206030150753 25.736155295449976
23.366834170854272 23.92275285672542
23.492462311557787 22.122805186452446
23.618090452261306 20.336506720998987
23.743718592964825 18.564049127669637
23.86934673366834 16.80562128931924
23.99497487437186 15.061409271392453
24.12060301507538 13.331596298296104
24.246231155778894 11.616362722751974
24.371859296482413 9.915886014000161
24.497487437185928 8.230340719489698
24.623115577889447 6.559898445333238
24.748743718592966 4.904727835498857
24.87437185929648 3.264994548862783
25 1.6408612337153667
