0.04756554128628016 0.04756554128628016
0 66214321.90961012
0.12562814070351758 66207965.4433912
0.25125628140703515 66201577.03140017
0.3768844221105528 66190943.68202419
0.5025125628140703 66176059.963150166
0.628140703517588 66156924.598642915
0.7537688442211056 66133536.97232438
0.8793969849246231 66105896.63344111
1.0050251256281406 66074003.18441854
1.1306532663316582 66037856.25216708
1.256281407035176 65997455.48798211
1.3819095477386936 65952800.577153735
1.5075376884422111 65903891.254283145
1.6331658291457287 65850727.32071435
1.7587939698492463 65793308.66379145
1.8844221105527639 65731635.27678705
2.0100502512562812 65665707.27938283
2.135678391959799 65595524.93790664
2.2613065326633164 65521088.68507587
2.386934673366834 65442399.139241785
2.512562814070352 65359457.122439004
2.6381909547738696 65272263.67746117
2.763819095477387 65180820.08310148
2.8894472361809047 65085127.86815945
3.0150753768844223 64985188.82342667
3.14070351758794 64881005.01187198
3.2663316582914574 64772578.77684771
3.391959798994975 64659912.74831352
3.5175879396984926 64543009.847081214
3.64321608040201 64421873.28713979
3.7688442211055277 64296506.57598046
3.8944723618090453 64166913.513438076
4.0201005025125625 64033098.18862632
4.1457286432160805 63895064.975576974
4.271356783919598 63752818.52770001
4.396984924623116 63606363.77095538
4.522613065326633 63455705.8965821
4.648241206030151 63300850.352913596
4.773869346733668 63141802.8371169
4.899497487437186 62978569.28670838
5.025125628140704 62811155.871349424
5.150753768844221 62639568.985025674
5.276381909547739 62463815.23882472
5.402010050251256 62283901.45468838
5.527638190954774 62099834.660123475
5.653266331658291 61911622.08408547
5.778894472361809 61719271.15450818
5.9045226130653266 61522789.497025564
6.030150753768845 61322184.93567367
6.155778894472362 61117465.495065376
6.28140703517588 60908639.40446487
6.407035175879397 60695715.10371918
6.532663316582915 60478701.251003705
6.658291457286432 60257606.73236925
6.78391959798995 60032440.673209175
6.909547738693467 59803212.4513385
7.035175879396985 59569931.71180058
7.160804020100502 59332608.38310063
7.28643216080402 59091252.69508553
7.4120603015075375 58845875.197823875
7.5376884422110555 58596486.78175304
7.663316582914573 58343098.69879496
7.788944723618091 58085722.58395682
7.914572864321608 57824370.477710985
8.040201005025125 57559054.848525286
8.165829145728644 57289788.615454875
8.291457286432161 57016585.17068903
8.417085427135678 56739458.401622884
8.542713567839195 56458422.71228112
8.668341708542714 56173493.04405019
8.793969849246231 55884684.89527609
8.919597989949748 55592014.33976706
9.045226130653266 55295498.04387838
9.170854271356784 54995153.282184795
9.296482412060302 54690997.95159662
9.422110552763819 54383050.58380543
9.547738693467336 54071330.35619802
9.673366834170855 53755857.10104931
9.798994974874372 53436651.313259244
9.924623115577889 53113734.15649739
10.050251256281408 52787127.46810756
10.175879396984925 52456853.76276874
10.301507537688442 52122936.23510156
10.42713567839196 51785398.761533216
10.552763819095478 51444265.9014787
10.678391959798995 51099562.89815133
10.804020100502512 50751315.67915251
10.92964824120603 50399550.85703443
11.055276381909549 50044295.73004481
11.180904522613066 49685578.28316733
11.306532663316583 49323427.18961237
11.4321608040201 48957871.81281601
11.557788944723619 48588942.20895917
11.683417085427136 48216669.13017439
11.809045226130653 47841084.02822492
11.93467336683417 47462219.0588399
12.06030150753769 47080107.086347185
12.185929648241206 46694781.68889937
12.311557788944723 46306277.16378073
12.43718592964824 45914628.53314715
12.56281407035176 45519871.54966136
12.688442211055277 45122042.702323385
12.814070351758794 44721179.222348996
12.93969849246231 44317319.08878854
13.06532663316583 43910501.03449191
13.190954773869347 43500764.5517776
13.316582914572864 43088149.89840447
13.442211055276381 42672698.10370628
13.5678391959799 42254450.97504708
13.693467336683417 41833451.10468423
13.819095477386934 41409741.877367325
13.944723618090451 40983367.478508376
14.07035175879397 40554372.90342075
14.195979899497488 40122803.96733862
14.321608040201005 39688707.31660599
14.447236180904522 39252130.440832205
14.57286432160804 38813121.68607127
14.698492462311558 38371730.26895569
14.824120603015075 37928006.29150401
14.949748743718592 37482000.75650478
15.075376884422111 37033765.58312665
15.201005025125628 36583353.6224178
15.326633165829145 36130818.67230395
15.452261306532664 35676215.49168315
15.577889447236181 35219599.81310312
15.703517587939698 34761028.353680305
15.829145728643216 34300558.82358283
15.954773869346734 33838249.93196955
16.08040201005025 33374161.389637362
16.20603015075377 32908353.908283673
16.331658291457288 32440889.19601437
16.457286432160803 31971829.94892961
16.582914572864322 31501239.838573344
16.70854271356784 31029183.495496124
16.834170854271356 30555726.48876093
16.959798994974875 30080935.301663846
17.08542713567839 29604877.304202907
17.21105527638191 29127620.722167302
17.33668341708543 28649234.6040031
17.462311557788944 28169788.785409156
17.587939698492463 27689353.852587305
17.71356783919598 27208001.104764234
17.839195979899497 26725802.516566034
17.964824120603016 26242830.701056637
18.09045226130653 25759158.87383723
18.21608040201005 25274860.8193995
18.34170854271357 24790010.859416254
18.467336683417084 24304683.824504152
18.592964824120603 23818955.028982986
18.718592964824122 23332900.249481488
18.844221105527637 22846595.707528103
18.969849246231156 22360118.055915512
19.09547738693467 21873544.369256835
19.22110552763819 21386952.13828401
19.34673366834171 20900419.267742496
19.472361809045225 20414024.07734131
19.597989949748744 19927845.305696826
19.723618090452263 19441962.11620694
19.849246231155778 18956454.10449529
19.974874371859297 18471401.30672349
20.100502512562816 17986884.20787921
20.22613065326633 17502983.749442767
20.35175879396985 17019781.335545674
20.477386934673365 16537358.83683892
20.603015075376884 16055798.591593217
20.728643216080403 15575183.402849574
20.85427135678392 15095596.531871013
20.979899497487438 14617121.68628609
21.105527638190956 14139843.003644098
21.231155778894472 13663845.029306483
21.35678391959799 13189212.688718453
21.482412060301506 12716031.254234524
21.608040201005025 12244386.306402845
21.733668341708544 11774363.689699614
21.85929648241206 11306049.463546759
21.984924623115578 10839529.848648284
22.110552763819097 10374891.169316689
22.236180904522612 9912219.792411417
22.36180904522613 9451602.063649915
22.487437185929647 8993124.241975846
22.613065326633166 8536872.432752015
22.738693467336685 8082932.520673417
22.8643216080402 7631390.103113797
22.98994974874372 7182330.424762095
23.115577889447238 6735838.314086347
23.241206030150753 6291998.122585398
23.366834170854272 5850893.6671912195
23.492462311557787 5412608.176178818
23.618090452261306 4977224.239460672
23.743718592964825 4544823.76299216
23.86934673366834 4115487.927688629
23.99497487437186 3689297.1531849266
24.12060301507538 3266331.065701881
24.246231155778894 2846668.4707539487
24.371859296482413 2430387.3295797193
24.497487437185928 2017564.739781257
24.623115577889447 1608276.9191313446
24.748743718592966 1202599.1926631755
24.87437185929648 800605.9820593835
25 402370.79714889807
