0.07765008494834379 0.07765008494834379
0 23082194.100167144
0.12562814070351758 23079589.380190693
0.25125628140703515 23076971.977476902
0.3768844221105528 23072615.913703684
0.5025125628140703 23066519.767671674
0.628140703517588 23058684.13206582
0.7537688442211056 23049110.15961296
0.8793969849246231 23037799.370032746
1.0050251256281406 23024753.572958328
1.1306532663316582 23009974.842849713
1.256281407035176 22993465.50278701
1.3819095477386936 22975228.102600742
1.5075376884422111 22955265.41475086
1.6331658291457287 22933580.39668726
1.7587939698492463 22910176.207804367
1.8844221105527639 22885056.159848455
2.0100502512562812 22858223.733866032
2.135678391959799 22829682.544323917
2.2613065326633164 22799436.336671628
2.386934673366834 22767488.98136024
2.512562814070352 22733844.438141525
2.6381909547738696 22698506.77992274
2.763819095477387 22661480.156162355
2.8894472361809047 22622768.811593942
3.0150753768844223 22582377.05748316
3.14070351758794 22540309.282386743
3.2663316582914574 22496569.949321624
3.391959798994975 22451163.58799104
3.5175879396984926 22404094.80665619
3.64321608040201 22355368.287662875
3.7688442211055277 22304988.792187776
3.8944723618090453 22252961.173081234
4.0201005025125625 22199290.36837195
4.1457286432160805 22143981.420629613
4.271356783919598 22087039.47956163
4.396984924623116 22028469.813131493
4.522613065326633 21968277.818821043
4.648241206030151 21906469.03261197
4.773869346733668 21843049.137778513
4.899497487437186 21778023.981527247
5.025125628140704 21711399.587785177
5.150753768844221 21643182.148453727
5.276381909547739 21573378.068341117
5.402010050251256 21501993.940936066
5.527638190954774 21429036.577867784
5.653266331658291 21354513.023296587
5.778894472361809 21278430.541513722
5.9045226130653266 21200796.64400049
6.030150753768845 21121619.089632854
6.155778894472362 21040905.879599012
6.28140703517588 20958665.288705133
6.407035175879397 20874905.83886917
6.532663316582915 20789636.32012075
6.658291457286432 20702865.787545085
6.78391959798995 20614603.560625996
6.909547738693467 20524859.21356826
7.035175879396985 20433642.590688232
7.160804020100502 20340963.782759048
7.28643216080402 20246833.136118356
7.4120603015075375 20151261.241749395
7.5376884422110555 20054258.916124545
7.663316582914573 19955837.214603655
7.788944723618091 19856007.41425535
7.914572864321608 19754780.99660899
8.040201005025125 19652169.641093303
8.165829145728644 19548185.228955716
8.291457286432161 19442839.818517875
8.417085427135678 19336145.635339126
8.542713567839195 19228115.07682122
8.668341708542714 19118760.69636784
8.793969849246231 19008095.188348234
8.919597989949748 18896131.39530217
9.045226130653266 18782882.298482478
9.170854271356784 18668361.009852126
9.296482412060302 18552580.768713124
9.422110552763819 18435554.94330815
9.547738693467336 18317297.02975924
9.673366834170855 18197820.65615835
9.798994974874372 18077139.57720715
9.924623115577889 17955267.673778217
10.050251256281408 17832218.969780922
10.175879396984925 17708007.6230035
10.301507537688442 17582647.936842088
10.42713567839196 17456154.36548022
10.552763819095478 17328541.506030265
10.678391959798995 17199824.120872594
10.804020100502512 17070017.133056592
10.92964824120603 16939135.628129218
11.055276381909549 16807194.865872107
11.180904522613066 16674210.274519099
11.306532663316583 16540197.4616285
11.4321608040201 16405172.217716113
11.557788944723619 16269150.50901943
11.683417085427136 16132148.490580948
11.809045226130653 15994182.501701819
11.93467336683417 15855269.068110254
12.06030150753769 15715424.910860114
12.185929648241206 15574666.93789459
12.311557788944723 15433012.256445201
12.43718592964824 15290478.161146896
12.56281407035176 15147082.153712917
12.688442211055277 15002841.93128815
12.814070351758794 14857775.40303126
12.93969849246231 14711900.675096333
13.06532663316583 14565236.074305784
13.190954773869347 14417800.125935659
13.316582914572864 14269611.580240825
13.442211055276381 14120689.399888594
13.5678391959799 13971052.764145296
13.693467336683417 13820721.05812515
13.819095477386934 13669713.888452452
13.944723618090451 13518051.069686452
14.07035175879397 13365752.619594164
14.195979899497488 13212838.75253886
14.321608040201005 13059329.860957837
14.447236180904522 12905246.528252987
14.57286432160804 12750609.49295219
14.698492462311558 12595439.644562198
14.824120603015075 12439758.004416177
14.949748743718592 12283585.714855028
15.075376884422111 12126944.01132998
15.201005025125628 11969854.219235882
15.326633165829145 11812337.718917498
15.452261306532664 11654415.942242987
15.577889447236181 11496110.345000904
15.703517587939698 11337442.398850461
15.829145728643216 11178433.578795347
15.954773869346734 11019105.345101729
16.08040201005025 10859479.133931737
16.20603015075377 10699576.362470135
16.331658291457288 10539418.408862285
16.457286432160803 10379026.626625672
16.582914572864322 10218422.33562265
16.70854271356784 10057626.834066546
16.834170854271356 9896661.406438591
16.959798994974875 9735547.329796534
17.08542713567839 9574305.890164398
17.21105527638191 9412958.393864783
17.33668341708543 9251526.188201113
17.462311557788944 9090030.672565343
17.587939698492463 8928493.323432669
17.71356783919598 8766935.699238054
17.839195979899497 8605379.470399233
17.964824120603016 8443846.42432619
18.09045226130653 8282358.482413649
18.21608040201005 8120937.713322887
18.34170854271357 7959606.337955184
18.467336683417084 7798386.736545789
18.592964824120603 7637301.450315153
18.718592964824122 7476373.186798379
18.844221105527637 7315624.801808645
18.969849246231156 7155079.309703214
19.09547738693467 6994759.85672872
19.22110552763819 6834689.713213471
19.34673366834171 6674892.255941962
19.472361809045225 6515390.943290752
19.597989949748744 6356209.301618013
19.723618090452263 6197370.883667581
19.849246231155778 6038899.260528928
19.974874371859297 5880817.976621738
20.100502512562816 5723150.5285079805
20.22613065326633 5565920.337495063
20.35175879396985 5409150.717881053
20.477386934673365 5252864.844748691
20.603015075376884 5097085.734959218
20.728643216080403 4941836.219263567
20.85427135678392 4787138.918308815
20.979899497487438 4633016.225994264
21.105527638190956 4479490.291681264
21.231155778894472 4326583.00663962
21.35678391959799 4174315.9981186586
21.482412060301506 4022710.620588078
21.608040201005025 3871787.9548255685
21.733668341708544 3721568.8118447233
21.85929648241206 3572073.7378941984
21.984924623115578 3423323.0225178464
22.110552763819097 3275336.7124070055
22.236180904522612 3128134.62792255
22.36180904522613 2981736.375456355
22.487437185929647 2836161.3729959633
22.613065326633166 2691428.8643227513
22.738693467336685 2547557.9448256716
22.8643216080402 2404567.577942824
22.98994974874372 2262476.6179324887
23.115577889447238 2121303.8268589615
23.241206030150753 1981067.892683607
23.366834170854272 1841787.4421405664
23.492462311557787 1703481.052998951
23.618090452261306 1566167.2608879453
23.743718592964825 1429864.5660763092
23.86934673366834 1294591.4318542804
23.99497487437186 1160366.2823315135
24.12060301507538 1027207.4956963536
24.246231155778894 895133.3912494809
24.371859296482413 764162.2167061878
24.497487437185928 634312.1275388845
24.623115577889447 505601.1682231573
24.748743718592966 378047.24563086685
24.87437185929648 251668.10435805607
25 126481.29799045747
