0.04312434828947652 0.04312434828947652
0 78623574.24255614
0.12562814070351758 78616220.7279472
0.25125628140703515 78608830.56876524
0.3768844221105528 78596530.25012138
0.5025125628140703 78579314.09704323
0.628140703517588 78557181.47032243
0.7537688442211056 78530132.70506963
0.8793969849246231 78498168.51943357
1.0050251256281406 78461289.8597909
1.1306532663316582 78419497.84080672
1.256281407035176 78372793.71440342
1.3819095477386936 78321178.84816736
1.5075376884422111 78264654.70781888
1.6331658291457287 78203222.84117343
1.7587939698492463 78136884.86309685
1.8844221105527639 78065642.44113345
2.0100502512562812 77989497.28194492
2.135678391959799 77908451.11854395
2.2613065326633164 77822505.69850825
2.386934673366834 77731662.77359137
2.512562814070352 77635924.0905725
2.6381909547738696 77535291.38389716
2.763819095477387 77429766.36991666
2.8894472361809047 77319350.74321388
3.0150753768844223 77204046.17482278
3.14070351758794 77083854.3126301
3.2663316582914574 76958776.78385817
3.391959798994975 76828815.19979204
3.5175879396984926 76693971.16257437
3.64321608040201 76554246.27414104
3.7688442211055277 76409642.14719148
3.8944723618090453 76260160.41798456
4.0201005025125625 76105802.76101075
4.1457286432160805 75946570.9052441
4.271356783919598 75782466.65185769
4.396984924623116 75613491.89323896
4.522613065326633 75439648.6330069
4.648241206030151 75260939.00694565
4.773869346733668 75077365.30456811
4.899497487437186 74888929.99114326
5.025125628140704 74695635.7299169
5.150753768844221 74497485.40432915
5.276381909547739 74294482.14010772
5.402010050251256 74086629.32691845
5.527638190954774 73873930.63954172
5.653266331658291 73656390.05832501
5.778894472361809 73434011.88877107
5.9045226130653266 73206800.78017274
6.030150753768845 72974761.74313085
6.155778894472362 72737900.16591312
6.28140703517588 72496221.82960145
6.407035175879397 72249732.92188719
6.532663316582915 71998440.04960543
6.658291457286432 71742350.2498662
6.78391959798995 71481470.99993004
6.909547738693467 71215810.22576423
7.035175879396985 70945376.30942994
7.160804020100502 70670178.09529376
7.28643216080402 70390224.89524262
7.4120603015075375 70105526.49294092
7.5376884422110555 69816093.14734498
7.663316582914573 69521935.59559438
7.788944723618091 69223065.05541833
7.914572864321608 68919493.22730544
8.040201005025125 68611232.29655567
8.165829145728644 68298294.9354667
8.291457286432161 67980694.30585079
8.417085427135678 67658444.06204005
8.542713567839195 67331558.35459699
8.668341708542714 67000051.83498285
8.793969849246231 66663939.6611947
8.919597989949748 66323237.504693225
9.045226130653266 65977961.558634214
9.170854271356784 65628128.54751924
9.296482412060302 65273755.73834766
9.422110552763819 64914860.95335617
9.547738693467336 64551462.58418683
9.673366834170855 64183579.6076444
9.798994974874372 63811231.60278829
9.924623115577889 63434438.76942513
10.050251256281408 63053221.94770676
10.175879396984925 62667602.63876487
10.301507537688442 62277603.026221074
10.42713567839196 61883245.99824458
10.552763819095478 61484555.17009294
10.678391959798995 61081554.906829
10.804020100502512 60674270.346062645
10.92964824120603 60262727.42052018
11.055276381909549 59846952.88025806
11.180904522613066 59426974.31433786
11.306532663316583 59002820.171903834
11.4321608040201 58574519.78255485
11.557788944723619 58142103.37591449
11.683417085427136 57705602.100397944
11.809045226130653 57265048.04113591
11.93467336683417 56820474.23716126
12.06030150753769 56371914.69777675
12.185929648241206 55919404.418287255
12.311557788944723 55462979.39498932
12.43718592964824 55002676.63967484
12.56281407035176 54538534.19349899
12.688442211055277 54070591.14038896
12.814070351758794 53598887.61992103
12.93969849246231 53123464.83965432
13.06532663316583 52644365.08696842
13.190954773869347 52161631.7401924
13.316582914572864 51675309.27904433
13.442211055276381 51185443.29423072
13.5678391959799 50692080.49606933
13.693467336683417 50195268.72198396
13.819095477386934 49695056.94275483
13.944723618090451 49191495.2673735
14.07035175879397 48684634.94638162
14.195979899497488 48174528.37362232
14.321608040201005 47661229.08632597
14.447236180904522 47144791.76354072
14.57286432160804 46625272.22294012
14.698492462311558 46102727.41606128
14.824120603015075 45577215.42219581
14.949748743718592 45048795.44105476
15.075376884422111 44517527.78447716
15.201005025125628 43983473.86747239
15.326633165829145 43446696.198938504
15.452261306532664 42907258.37239151
15.577889447236181 42365225.056999795
15.703517587939698 41820661.98944216
15.829145728643216 41273635.96673139
15.954773869346734 40724214.84052016
16.08040201005025 40172467.5130137
16.20603015075377 39618463.93481219
16.331658291457288 39062275.104795024
16.457286432160803 38503973.07214465
16.582914572864322 37943630.94056895
16.70854271356784 37381322.87454909
16.834170854271356 36817124.10754921
16.959798994974875 36251110.95195875
17.08542713567839 35683360.81024205
17.21105527638191 35113952.1873522
17.33668341708543 34542964.70332507
17.462311557788944 33970479.106099635
17.587939698492463 33396577.283844244
17.71356783919598 32821342.275970273
17.839195979899497 32244858.282651994
17.964824120603016 31667210.672062684
18.09045226130653 31088485.984680917
18.21608040201005 30508771.934514057
18.34170854271357 29928157.406318214
18.467336683417084 29346732.44883079
18.592964824120603 28764588.26344269
18.718592964824122 28181817.188203827
18.844221105527637 27598512.676966995
18.969849246231156 27014769.27366864
19.09547738693467 26430682.581791427
19.22110552763819 25846349.22914243
19.34673366834171 25261866.82823543
19.472361809045225 24677333.932634477
19.597989949748744 24092849.98957274
19.723618090452263 23508515.289474938
19.849246231155778 22924430.912869565
19.974874371859297 22340698.675250847
20.100502512562816 21757421.070634827
20.22613065326633 21174701.214304507
20.35175879396985 20592642.78555044
20.477386934673365 20011349.97089397
20.603015075376884 19430927.408565965
20.728643216080403 18851480.134594075
20.85427135678392 18273113.53124062
20.979899497487438 17695933.277993802
21.105527638190956 17120045.30565883
21.231155778894472 16545555.753700288
21.35678391959799 15972570.931010908
21.482412060301506 15401197.280239234
21.608040201005025 14831541.345542908
21.733668341708544 14263709.743705777
21.85929648241206 13697809.138339862
21.984924623115578 13133946.216822183
22.110552763819097 12572227.669593176
22.236180904522612 12012760.171270829
22.36180904522613 11455650.363054417
22.487437185929647 10901004.835783731
22.613065326633166 10348930.11306224
22.738693467336685 9799532.633728998
22.8643216080402 9252918.733079424
22.98994974874372 8709194.6222008
23.115577889447238 8168466.3647787655
23.241206030150753 7630839.850930637
23.366834170854272 7096420.767535686
23.492462311557787 6565314.564625294
23.618090452261306 6037626.417712463
23.743718592964825 5513461.185647544
23.86934673366834 4992923.3640116835
23.99497487437186 4476117.034115851
24.12060301507538 3963145.8074820456
24.246231155778894 3454112.7662632135
24.371859296482413 2949120.399581232
24.497487437185928 2448270.5363926976
24.623115577889447 1951664.2750368936
24.748743718592966 1459401.9101420497
24.87437185929648 971582.8572373686
25 488305.57577308913
