0.05509945343725133 0.05509945343725133
0 50194845.09678914
0.12562814070351758 50189760.16763692
0.25125628140703515 50184649.95653095
0.3768844221105528 50176144.50412611
0.5025125628140703 50164240.00589015
0.628140703517588 50148936.19178898
0.7537688442211056 50130233.52051433
0.8793969849246231 50108132.778572716
1.0050251256281406 50082634.97745721
1.1306532663316582 50053741.3200741
1.256281407035176 50021453.18733823
1.3819095477386936 49985772.13136075
1.5075376884422111 49946699.87344969
1.6331658291457287 49904238.300216675
1.7587939698492463 49858389.46602155
1.8844221105527639 49809155.58912883
2.0100502512562812 49756539.054979995
2.135678391959799 49700542.41429314
2.2613065326633164 49641168.384791374
2.386934673366834 49578419.85272963
2.512562814070352 49512299.871443875
2.6381909547738696 49442811.66626011
2.763819095477387 49369958.63319043
2.8894472361809047 49293744.343541026
3.0150753768844223 49214172.543603435
3.14070351758794 49131247.15863021
3.2663316582914574 49044972.295488596
3.391959798994975 48955352.24483194
3.5175879396984926 48862391.48550725
3.64321608040201 48766094.68728008
3.7688442211055277 48666466.714622475
3.8944723618090453 48563512.63151135
4.0201005025125625 48457237.70416696
4.1457286432160805 48347647.40671813
4.271356783919598 48234747.4251421
4.396984924623116 48118543.66218578
4.522613065326633 47999042.24243919
4.648241206030151 47876249.51719901
4.773869346733668 47750172.06944481
4.899497487437186 47620816.71971674
5.025125628140704 47488190.53168733
5.150753768844221 47352300.815467246
5.276381909547739 47213155.13680578
5.402010050251256 47070761.31890063
5.527638190954774 46925127.45007517
5.653266331658291 46776261.88989656
5.778894472361809 46624173.27249502
5.9045226130653266 46468870.51418108
6.030150753768845 46310362.818240635
6.155778894472362 46148659.67926657
6.28140703517588 45983770.8913734
6.407035175879397 45815706.55037719
6.532663316582915 45644477.06103944
6.658291457286432 45470093.14183964
6.78391959798995 45292565.83004238
6.909547738693467 45111906.485884495
7.035175879396985 44928126.79944158
7.160804020100502 44741238.7934542
7.28643216080402 44551254.829630315
7.4120603015075375 44358187.612912
7.5376884422110555 44162050.19490871
7.663316582914573 43962855.98080897
7.788944723618091 43760618.73312704
7.914572864321608 43555352.57544597
8.040201005025125 43347071.9973399
8.165829145728644 43135791.86044654
8.291457286432161 42921527.40149264
8.417085427135678 42704294.23691928
8.542713567839195 42484108.369075686
8.668341708542714 42260986.19019064
8.793969849246231 42034944.48644339
8.919597989949748 41806000.444374986
9.045226130653266 41574171.65550328
9.170854271356784 41339476.12104087
9.296482412060302 41101932.25708327
9.422110552763819 40861558.900264926
9.547738693467336 40618375.31311994
9.673366834170855 40372401.189899825
9.798994974874372 40123656.661352076
9.924623115577889 39872162.29994286
10.050251256281408 39617939.126937315
10.175879396984925 39361008.61659218
10.301507537688442 39101392.70255261
10.42713567839196 38839113.783506945
10.552763819095478 38574194.727369405
10.678391959798995 38306658.87868592
10.804020100502512 38036530.06307097
10.92964824120603 37763832.592285715
11.055276381909549 37488591.27030611
11.180904522613066 37210831.397450484
11.306532663316583 36930578.77618803
11.4321608040201 36647859.71606443
11.557788944723619 36362701.037360735
11.683417085427136 36075130.07675073
11.809045226130653 35785174.69093636
11.93467336683417 35492863.26079089
12.06030150753769 35198224.69601043
12.185929648241206 34901288.43768811
12.311557788944723 34602084.462835535
12.43718592964824 34300643.28606763
12.56281407035176 33996995.964314215
12.688442211055277 33691174.097940914
12.814070351758794 33383209.83449823
12.93969849246231 33073135.86887418
13.06532663316583 32760985.44714043
13.190954773869347 32446792.365329217
13.316582914572864 32130590.97298224
13.442211055276381 31812416.172340095
13.5678391959799 31492303.419010203
13.693467336683417 31170288.720838543
13.819095477386934 30846408.63932525
13.944723618090451 30520700.287793864
14.07035175879397 30193201.33029975
14.195979899497488 29863949.980207153
14.321608040201005 29532984.997375224
14.447236180904522 29200345.688575886
14.57286432160804 28866071.902643364
14.698492462311558 28530204.028890956
14.824120603015075 28192782.99385351
14.949748743718592 27853850.258827407
15.075376884422111 27513447.81546639
15.201005025125628 27171618.18392021
15.326633165829145 26828404.40738092
15.452261306532664 26483850.04986769
15.577889447236181 26137999.191167995
15.703517587939698 25790896.423659757
15.829145728643216 25442586.8483391
15.954773869346734 25093116.06990899
16.08040201005025 24742530.19243353
16.20603015075377 24390875.81616274
16.331658291457288 24038200.031145856
16.457286432160803 23684550.41411856
16.582914572864322 23329975.022315152
16.70854271356784 22974522.389040038
16.834170854271356 22618241.518227957
16.959798994974875 22261181.87827372
17.08542713567839 21903393.396395434
17.21105527638191 21544926.451877378
17.33668341708543 21185831.869779088
17.462311557788944 20826160.913096018
17.587939698492463 20465965.275839657
17.71356783919598 20105297.073595613
17.839195979899497 19744208.836162366
17.964824120603016 19382753.49722784
18.09045226130653 19020984.384869263
18.21608040201005 18658955.211282786
18.34170854271357 18296720.06137216
18.467336683417084 17934333.381219517
18.592964824120603 17571849.965747308
18.718592964824122 17209324.94647052
18.844221105527637 16846813.77673253
18.969849246231156 16484372.219485061
19.09547738693467 16122056.331260132
19.22110552763819 15759922.447789771
19.34673366834171 15398027.168488814
19.472361809045225 15036427.340040166
19.597989949748744 14675180.040929433
19.723618090452263 14314342.562992355
19.849246231155778 13953972.396154782
19.974874371859297 13594127.209229538
20.100502512562816 13234864.832909552
20.22613065326633 12876243.241925217
20.35175879396985 12518320.536481887
20.477386934673365 12161154.923337512
20.603015075376884 11804804.69802767
20.728643216080403 11449328.22580377
20.85427135678392 11094783.92262368
20.979899497487438 10741230.236603163
21.105527638190956 10388725.628937623
21.231155778894472 10037328.554885538
21.35678391959799 9687097.445226353
21.482412060301506 9338090.686929084
21.608040201005025 8990366.604316495
21.733668341708544 8643983.44036914
21.85929648241206 8298999.337731248
21.984924623115578 7955472.319687307
22.110552763819097 7613460.271448156
22.236180904522612 7273020.921387052
22.36180904522613 6934211.821547203
22.487437185929647 6597090.329328102
22.613065326633166 6261713.587745342
22.738693467336685 5928138.506731282
22.8643216080402 5596421.743349631
22.98994974874372 5266619.68253785
23.115577889447238 4938788.417220285
23.241206030150753 4612983.728476204
23.366834170854272 4289261.065213533
23.492462311557787 3967675.5237879064
23.618090452261306 3648281.827160446
23.743718592964825 3331134.3040751223
23.86934673366834 3016286.8675708477
23.99497487437186 2703792.9934965586
24.12060301507538 2393705.698715334
24.246231155778894 2086077.5188775465
24.371859296482413 1780960.4862983022
24.497487437185928 1478406.107295879
24.623115577889447 1178465.3397820694
24.748743718592966 881188.5703530209
24.87437185929648 586625.5916558906
25 294825.57957641815
