0.1267626842758997 0.1267626842758997
0 4700952.751308488
0.12562814070351758 4700762.025727885
0.25125628140703515 4700187.970231373
0.3768844221105528 4699231.360318938
0.5025125628140703 4697892.44162183
0.628140703517588 4696171.537360501
0.7537688442211056 4694069.066808752
0.8793969849246231 4691585.5357305175
1.0050251256281406 4688721.520707396
1.1306532663316582 4685477.693158114
1.256281407035176 4681854.783071492
1.3819095477386936 4677853.603248348
1.5075376884422111 4673475.014704488
1.6331658291457287 4668719.950481072
1.7587939698492463 4663589.387023618
1.8844221105527639 4658084.351699345
2.0100502512562812 4652205.920387458
2.135678391959799 4645955.200570883
2.2613065326633164 4639333.339252893
2.386934673366834 4632341.515529275
2.512562814070352 4624980.936025051
2.6381909547738696 4617252.83215434
2.763819095477387 4609158.46115182
2.8894472361809047 4600699.102622544
3.0150753768844223 4591876.056549024
3.14070351758794 4582690.644959164
3.2663316582914574 4573144.210394242
3.391959798994975 4563238.115965229
3.5175879396984926 4552973.748083145
3.64321608040201 4542352.514274159
3.7688442211055277 4531375.848229954
3.8944723618090453 4520045.207176434
4.0201005025125625 4508362.076709862
4.1457286432160805 4496327.971411629
4.271356783919598 4483944.43679195
4.396984924623116 4471213.050967966
4.522613065326633 4458135.427461585
4.648241206030151 4444713.215705331
4.773869346733668 4430948.104131149
4.899497487437186 4416841.82128781
5.025125628140704 4402396.138919515
5.150753768844221 4387612.872990949
5.276381909547739 4372493.885867116
5.402010050251256 4357041.087876566
5.527638190954774 4341256.439875803
5.653266331658291 4325141.95405675
5.778894472361809 4308699.695746988
5.9045226130653266 4291931.787099519
6.030150753768845 4274840.4054985605
6.155778894472362 4257427.785954306
6.28140703517588 4239696.224779031
6.407035175879397 4221648.076691638
6.532663316582915 4203285.759685233
6.658291457286432 4184611.749703968
6.78391959798995 4165628.589062399
6.909547738693467 4146338.8782864604
7.035175879396985 4126745.281476284
7.160804020100502 4106850.519009376
7.28643216080402 4086657.373296986
7.4120603015075375 4066168.6837055692
7.5376884422110555 4045387.3440662506
7.663316582914573 4024316.299810435
7.788944723618091 4002958.5476762434
7.914572864321608 3981317.133211876
8.040201005025125 3959395.1430203654
8.165829145728644 3937195.708230534
8.291457286432161 3914721.997466085
8.417085427135678 3891977.2148636878
8.542713567839195 3868964.598605554
8.668341708542714 3845687.417147758
8.793969849246231 3822148.968696897
8.919597989949748 3798352.5791068375
9.045226130653266 3774301.601119803
9.170854271356784 3749999.413291458
9.296482412060302 3725449.4206797443
9.422110552763819 3700655.0546075082
9.547738693467336 3675619.7729027686
9.673366834170855 3650347.062188379
9.798994974874372 3624840.4376712423
9.924623115577889 3599103.445387693
10.050251256281408 3573139.662511408
10.175879396984925 3546952.6989350687
10.301507537688442 3520546.1983828126
10.42713567839196 3493923.836872073
10.552763819095478 3467089.325051443
10.678391959798995 3440046.4053674703
10.804020100502512 3412798.852131839
10.92964824120603 3385350.4686688487
11.055276381909549 3357705.085252686
11.180904522613066 3329866.5558602423
11.306532663316583 3301838.7542755757
11.4321608040201 3273625.570334833
11.557788944723619 3245230.906186185
11.683417085427136 3216658.671551592
11.809045226130653 3187912.7793031777
11.93467336683417 3158997.144183145
12.06030150753769 3129915.6768833296
12.185929648241206 3100672.284435516
12.311557788944723 3071270.866425655
12.43718592964824 3041715.3172776094
12.56281407035176 3012009.5250517614
12.688442211055277 2982157.373511372
12.814070351758794 2952162.7469596807
12.93969849246231 2922029.533069512
13.06532663316583 2891761.629039354
13.190954773869347 2861362.946104443
13.316582914572864 2830837.4169198037
13.442211055276381 2800189.0039225207
13.5678391959799 2769421.7037618714
13.693467336683417 2738539.5562596116
13.819095477386934 2707546.650165594
13.944723618090451 2676447.1270655245
14.07035175879397 2645245.1890589213
14.195979899497488 2613945.0984633844
14.321608040201005 2582551.18155039
14.447236180904522 2551067.8281129575
14.57286432160804 2519499.4891254106
14.698492462311558 2487850.674087728
14.824120603015075 2456125.94558842
14.949748743718592 2424329.9114701427
15.075376884422111 2392467.218150166
15.201005025125628 2360542.539351879
15.326633165829145 2328560.568648908
15.452261306532664 2296526.005691063
15.577889447236181 2264443.5439852756
15.703517587939698 2232317.8630032586
15.829145728643216 2200153.6147439703
15.954773869346734 2167955.4138657334
16.08040201005025 2135727.826696232
16.20603015075377 2103475.3681288995
16.331658291457288 2071202.4879843441
16.457286432160803 2038913.5716265028
16.582914572864322 2006612.9338654743
16.70854271356784 1974304.8196873544
16.834170854271356 1941993.4032638064
16.959798994974875 1909682.7913995218
17.08542713567839 1877377.0275532575
17.21105527638191 1845080.097360909
17.33668341708543 1812795.9368544468
17.462311557788944 1780528.4398348469
17.587939698492463 1748281.4677669494
17.71356783919598 1716058.8594310242
17.839195979899497 1683864.4428071654
17.964824120603016 1651702.0421389637
18.09045226130653 1619575.49196688
18.21608040201005 1587488.6439904445
18.34170854271357 1555445.3764476094
18.467336683417084 1523449.601981215
18.592964824120603 1491505.2755811294
18.718592964824122 1459616.3969502873
18.844221105527637 1427787.015583219
18.969849246231156 1396021.2323414537
19.09547738693467 1364323.2019479915
19.22110552763819 1332697.1259121795
19.34673366834171 1301147.2564549416
19.472361809045225 1269677.8865250794
19.597989949748744 1238293.3451483154
19.723618090452263 1206997.9906983275
19.849246231155778 1175796.201066578
19.974874371859297 1144692.3642222185
20.100502512562816 1113690.8673318252
20.22613065326633 1082796.0856839807
20.35175879396985 1052012.3712311739
20.477386934673365 1021344.0415061711
20.603015075376884 990795.3665348043
20.728643216080403 960370.5584979091
20.85427135678392 930073.764861068
20.979899497487438 899909.0532997325
21.105527638190956 869880.4071071725
21.231155778894472 839991.7187575973
21.35678391959799 810246.7821347776
21.482412060301506 780649.2920420455
21.608040201005025 751202.8391770688
21.733668341708544 721910.9137816079
21.85929648241206 692776.9044421023
21.984924623115578 663804.1008076783
22.110552763819097 634995.704116341
22.236180904522612 606354.8274598736
22.36180904522613 577884.5080154962
22.487437185929647 549587.7153910727
22.613065326633166 521467.3608038059
22.738693467336685 493526.30851683626
22.8643216080402 465767.38703006244
22.98994974874372 438193.3993652023
23.115577889447238 410807.13370917505
23.241206030150753 383611.3753079842
23.366834170854272 356608.9130751179
23.492462311557787 329802.5491043918
23.618090452261306 303195.1054613842
23.743718592964825 276789.4299945515
23.86934673366834 250588.3988617129
23.99497487437186 224594.91604683897
24.12060301507538 198811.91882664975
24.246231155778894 173242.3710793643
24.371859296482413 147889.26284794448
24.497487437185928 122755.60064213641
24.623115577889447 97844.40541434473
24.748743718592966 73158.70045029452
24.87437185929648 48701.501887870356
25 24475.809517550675
