0.015407728316552625 0.015407728316552625
0 387528032.80399776
0.12562814070351758 387490924.8305922
0.25125628140703515 387453622.170561
0.3768844221105528 387391521.837499
0.5025125628140703 387304575.6507897
0.628140703517588 387192753.07739884
0.7537688442211056 387056020.77796423
0.8793969849246231 386894339.6874901
1.0050251256281406 386707664.30823195
1.1306532663316582 386495942.4939456
1.256281407035176 386259115.38910246
1.3819095477386936 385997117.4361715
1.5075376884422111 385709876.4075626
1.6331658291457287 385397313.45250887
1.7587939698492463 385059343.1738395
1.8844221105527639 384695873.7026212
2.0100502512562812 384306806.7926813
2.135678391959799 383892037.93521005
2.2613065326633164 383451456.47376055
2.386934673366834 382984945.75183237
2.512562814070352 382492383.2584371
2.6381909547738696 381973640.81115085
2.763819095477387 381428584.732038
2.8894472361809047 380857076.07323456
3.0150753768844223 380258970.83489
3.14070351758794 379634120.2187804
3.2663316582914574 378982370.8971012
3.391959798994975 378303565.310474
3.5175879396984926 377597541.97229266
3.64321608040201 376864135.81286126
3.7688442211055277 376103178.53397304
3.8944723618090453 375314498.98095834
4.0201005025125625 374497923.555973
4.1457286432160805 373653276.61929214
4.271356783919598 372780380.9387492
4.396984924623116 371879058.14219725
4.522613065326633 370949129.187788
4.648241206030151 369990414.8485208
4.773869346733668 369002736.21483105
4.899497487437186 367985915.2056141
5.025125628140704 366939775.0829897
5.150753768844221 365864140.984196
5.276381909547739 364758840.4536137
5.402010050251256 363623703.9776503
5.527638190954774 362458565.5256514
5.653266331658291 361263263.0854395
5.778894472361809 360037639.20633537
5.9045226130653266 358781541.52633315
6.030150753768845 357494823.30586356
6.155778894472362 356177343.9544936
6.28140703517588 354828969.5485639
6.407035175879397 353449573.3444104
6.532663316582915 352039036.28853434
6.658291457286432 350597247.50771624
6.78391959798995 349124104.81331176
6.909547738693467 347619515.1809848
7.035175879396985 346083395.22963
7.160804020100502 344515671.7009414
7.28643216080402 342916281.9217241
7.4120603015075375 341285174.2662684
7.5376884422110555 339622308.6271703
7.663316582914573 337927656.8604791
7.788944723618091 336201203.2348518
7.914572864321608 334442944.8959273
8.040201005025125 332652892.29626495
8.165829145728644 330831069.644121
8.291457286432161 328977515.34604293
8.417085427135678 327092282.4368907
8.542713567839195 325175439.0177982
8.668341708542714 323227068.67939544
8.793969849246231 321247270.9279042
8.919597989949748 319236161.5940442
9.045226130653266 317193873.25462204
9.170854271356784 315120555.62214583
9.296482412060302 313016375.9453602
9.422110552763819 310881519.38376623
9.547738693467336 308716189.3860703
9.673366834170855 306520608.0361812
9.798994974874372 304295016.4084599
9.924623115577889 302039674.8831955
10.050251256281408 299754863.4594398
10.175879396984925 297440882.0457727
10.301507537688442 295098050.72883755
10.42713567839196 292726710.0113826
10.552763819095478 290327221.04722255
10.678391959798995 287899965.82430005
10.804020100502512 285445347.34306645
10.92964824120603 282963789.7477603
11.055276381909549 280455738.4362346
11.180904522613066 277921660.1437548
11.306532663316583 275362042.96910906
11.4321608040201 272777396.3991989
11.557788944723619 270168251.2628024
11.683417085427136 267535159.67052892
11.809045226130653 264878694.9022775
11.93467336683417 262199451.26019567
12.06030150753769 259498043.8716923
12.185929648241206 256775108.45949614
12.311557788944723 254031301.0565612
12.43718592964824 251267297.68390775
12.56281407035176 248483793.9768915
12.688442211055277 245681504.77061775
12.814070351758794 242861163.62950522
12.93969849246231 240023522.3398173
13.06532663316583 237169350.34515506
13.190954773869347 234299434.14112085
13.316582914572864 231414576.620589
13.442211055276381 228515596.36949906
13.5678391959799 225603326.9212865
13.693467336683417 222678615.96471995
13.819095477386934 219742324.5052042
13.944723618090451 216795325.9885868
14.07035175879397 213838505.38176674
14.195979899497488 210872758.21364993
14.321608040201005 207898989.58260164
14.447236180904522 204918113.12786418
14.57286432160804 201931049.96893805
14.698492462311558 198938727.61706516
14.824120603015075 195942078.8590051
14.949748743718592 192942040.6188
15.075376884422111 189939552.79618633
15.201005025125628 186935557.09093732
15.326633165829145 183930995.80847082
15.452261306532664 180926810.6571403
15.577889447236181 177923941.53648502
15.703517587939698 174923325.31905338
15.829145728643216 171925894.6356638
15.954773869346734 168932576.65567356
16.08040201005025 165944291.8824567
16.20603015075377 162961952.9502794
16.331658291457288 159986463.44025108
16.457286432160803 157018716.71358106
16.582914572864322 154059594.76163957
16.70854271356784 151109967.08311597
16.834170854271356 148170689.59055763
16.959798994974875 145242603.54294157
17.08542713567839 142326534.5124658
17.21105527638191 139423291.38500434
17.33668341708543 136533665.39615956
17.462311557788944 133658429.20124748
17.587939698492463 130798335.9834719
17.71356783919598 127954118.59692442
17.839195979899497 125126488.74062943
17.964824120603016 122316136.17155312
18.09045226130653 119523727.94424678
18.21608040201005 116749907.68376926
18.34170854271357 113995294.88673097
18.467336683417084 111260484.24966164
18.592964824120603 108546045.0246321
18.718592964824122 105852520.40128471
18.844221105527637 103180426.91526799
18.969849246231156 100530253.88418147
19.09547738693467 97902462.87214667
19.22110552763819 95297487.18557607
19.34673366834171 92715731.4030217
19.472361809045225 90157570.94090977
19.597989949748744 87623351.66192092
19.723618090452263 85113389.5274886
19.849246231155778 82627970.30073017
19.974874371859297 80167349.3045593
20.100502512562816 77731751.23746948
20.22613065326633 75321370.05668138
20.35175879396985 72936368.92584057
20.477386934673365 70576880.2388317
20.603015075376884 68243005.71737386
20.728643216080403 65934816.588893496
20.85427135678392 63652353.84497723
20.979899497487438 61395628.58356728
21.105527638190956 59164622.434576854
21.231155778894472 56959288.06985235
21.35678391959799 54779549.79660042
21.482412060301506 52625304.233611
21.608040201005025 50496421.06727026
21.733668341708544 48392743.8867885
21.85929648241206 46314091.094093375
21.984924623115578 44260256.88535353
22.110552763819097 42231012.30164879
22.236180904522612 40226106.34293369
22.36180904522613 38245267.142532684
22.487437185929647 36288203.19659676
22.613065326633166 34354604.6453664
22.738693467336685 32444144.60000888
22.8643216080402 30556480.51267769
22.98994974874372 28691255.582398508
23.115577889447238 26848100.195652064
23.241206030150753 25026633.394268755
23.366834170854272 23226464.368722036
23.492462311557787 21447193.970901255
23.618090452261306 19688416.243791934
23.743718592964825 17949719.963163592
23.86934673366834 16230690.187705832
23.99497487437186 14530909.814383354
24.12060301507538 12849961.134633593
24.246231155778894 11187427.388195515
24.371859296482413 9542894.31157941
24.497487437185928 7915951.676754735
24.623115577889447 6306194.8177172765
24.748743718592966 4713226.140925671
24.87437185929648 3136656.616630682
25 1576107.2478350005
