0.2916322598940292 0.2916322598940292
0 25945.31190515626
0.12562814070351758 25942.126504894164
0.25125628140703515 25938.925528544394
0.3768844221105528 25933.5981656918
0.5025125628140703 25926.142560075372
0.628140703517588 25916.55927801489
0.7537688442211056 25904.849554892604
0.8793969849246231 25891.015042531457
1.0050251256281406 25875.057741190896
1.1306532663316582 25856.97998281925
1.256281407035176 25836.784420418688
1.3819095477386936 25814.474023075814
1.5075376884422111 25790.052074455976
1.6331658291457287 25763.522170484142
1.7587939698492463 25734.888220045163
1.8844221105527639 25704.154441449056
2.0100502512562812 25671.325361655072
2.135678391959799 25636.4058172754
2.2613065326633164 25599.400953808257
2.386934673366834 25560.31622129271
2.512562814070352 25519.157377022195
2.6381909547738696 25475.930482920412
2.763819095477387 25430.641904585984
2.8894472361809047 25383.298309430444
3.0150753768844223 25333.906666511033
3.14070351758794 25282.47424630317
3.2663316582914574 25229.008616859923
3.391959798994975 25173.51764520901
3.5175879396984926 25116.00949248171
3.64321608040201 25056.49261783462
3.7688442211055277 24994.97576986818
3.8944723618090453 24931.46799306148
4.0201005025125625 24865.97861817683
4.1457286432160805 24798.517267629148
4.271356783919598 24729.093848413097
4.396984924623116 24657.718553824478
4.522613065326633 24584.4018615416
4.648241206030151 24509.154528085055
4.773869346733668 24431.98759129696
4.899497487437186 24352.9123655099
5.025125628140704 24271.940443036638
5.150753768844221 24189.083685719048
5.276381909547739 24104.354230719262
5.402010050251256 24017.76448291434
5.527638190954774 23929.32711348065
5.653266331658291 23839.055058450485
5.778894472361809 23746.961518981705
5.9045226130653266 23653.059954537897
6.030150753768845 23557.364081340707
6.155778894472362 23459.887872567433
6.28140703517588 23360.645554991268
6.407035175879397 23259.65160424147
6.532663316582915 23156.920745817468
6.658291457286432 23052.46794851977
6.78391959798995 22946.308425851417
6.909547738693467 22838.45763026208
7.035175879396985 22728.9312522574
7.160804020100502 22617.745216827643
7.28643216080402 22504.91568112289
7.4120603015075375 22390.45903078874
7.5376884422110555 22274.391878912855
7.663316582914573 22156.731061399354
7.788944723618091 22037.493634500854
7.914572864321608 21916.69687274345
8.040201005025125 21794.35826507526
8.165829145728644 21670.49551138959
8.291457286432161 21545.126521246148
8.417085427135678 21418.26940900604
8.542713567839195 21289.94249160258
8.668341708542714 21160.164285403378
8.793969849246231 21028.95350303817
8.919597989949748 20896.32904889386
9.045226130653266 20762.31001812913
9.170854271356784 20626.91569168662
9.296482412060302 20490.165533512147
9.422110552763819 20352.079187318912
9.547738693467336 20212.676472896812
9.673366834170855 20071.977382852656
9.798994974874372 19930.002079323644
9.924623115577889 19786.77089070471
10.050251256281408 19642.30430653347
10.175879396984925 19496.62297680105
10.301507537688442 19349.747705513095
10.42713567839196 19201.699448552692
10.552763819095478 19052.499309823448
10.678391959798995 18902.1685385899
10.804020100502512 18750.728523718593
10.92964824120603 18598.20079093345
11.055276381909549 18444.607000030162
11.180904522613066 18289.96893978548
11.306532663316583 18134.30852461834
11.4321608040201 17977.64779157299
11.557788944723619 17820.008895522165
11.683417085427136 17661.41410517222
11.809045226130653 17501.885800349897
11.93467336683417 17341.446467052745
12.06030150753769 17180.11869462877
12.185929648241206 17017.9251712337
12.311557788944723 16854.8886796126
12.43718592964824 16691.032093863036
12.56281407035176 16526.378375689957
12.688442211055277 16360.950569341081
12.814070351758794 16194.771799712347
12.93969849246231 16027.865265532146
13.06532663316583 15860.254238853122
13.190954773869347 15691.962057874653
13.316582914572864 15523.012124691617
13.442211055276381 15353.427902669755
13.5678391959799 15183.232908490916
13.693467336683417 15012.450712269325
13.819095477386934 14841.104931908152
13.944723618090451 14669.219227936199
14.07035175879397 14496.817302377473
14.195979899497488 14323.92289230541
14.321608040201005 14150.559766532735
14.447236180904522 13976.75172186943
14.57286432160804 13802.522579839779
14.698492462311558 13627.896180714926
14.824120603015075 13452.896381132436
14.949748743718592 13277.547050768366
15.075376884422111 13101.87206552862
15.201005025125628 12925.895305950871
15.326633165829145 12749.640653025424
15.452261306532664 12573.131983040013
15.577889447236181 12396.393164199835
15.703517587939698 12219.44805324196
15.829145728643216 12042.320490225824
15.954773869346734 11865.03429554517
16.08040201005025 11687.613265539165
16.20603015075377 11510.081168143839
16.331658291457288 11332.461739556496
16.457286432160803 11154.778680499647
16.582914572864322 10977.055651315939
16.70854271356784 10799.31626860056
16.834170854271356 10621.584101153336
16.959798994974875 10443.882666588484
17.08542713567839 10266.23542657796
17.21105527638191 10088.66578322771
17.33668341708543 9911.19707607936
17.462311557788944 9733.852576704732
17.587939698492463 9556.655486611664
17.71356783919598 9379.628931840447
17.839195979899497 9202.795960040974
17.964824120603016 9026.179537311697
18.09045226130653 8849.802542883994
18.21608040201005 8673.687766504692
18.34170854271357 8497.85790476328
18.467336683417084 8322.335556785158
18.592964824120603 8147.143221342318
18.718592964824122 7972.30329245029
18.844221105527637 7797.838056623996
18.969849246231156 7623.769688405739
19.09547738693467 7450.120247746576
19.22110552763819 7276.911675242571
19.34673366834171 7104.165790132196
19.472361809045225 6931.904285894496
19.597989949748744 6760.148726601523
19.723618090452263 6588.920544443481
19.849246231155778 6418.241035519832
19.974874371859297 6248.1313563669255
20.100502512562816 6078.612521626377
20.22613065326633 5909.705399520968
20.35175879396985 5741.430709815593
20.477386934673365 5573.809019132022
20.603015075376884 5406.860739112938
20.728643216080403 5240.606122103558
20.85427135678392 5075.065258777909
20.979899497487438 4910.258074667484
21.105527638190956 4746.2043272139545
21.231155778894472 4582.923602357007
21.35678391959799 4420.435312027026
21.482412060301506 4258.758690802277
21.608040201005025 4097.912793009191
21.733668341708544 3937.916489821836
21.85929648241206 3778.78846654441
21.984924623115578 3620.547219469198
22.110552763819097 3463.211053163126
22.236180904522612 3306.7980780052153
22.36180904522613 3151.326207053455
22.487437185929647 2996.813153393945
22.613065326633166 2843.2764278455625
22.738693467336685 2690.7333359903223
22.8643216080402 2539.2009758609897
22.98994974874372 2388.6962351293914
23.115577889447238 2239.2357889752993
23.241206030150753 2090.8360974070897
23.366834170854272 1943.5134029965875
23.492462311557787 1797.2837284301336
23.618090452261306 1652.1628743495558
23.743718592964825 1508.1664168588604
23.86934673366834 1365.3097056411364
23.99497487437186 1223.6078614842272
24.12060301507538 1083.0757743613344
24.246231155778894 943.7281012104888
24.371859296482413 805.579264009316
24.497487437185928 668.6434477721532
24.623115577889447 532.934598574789
24.748743718592966 398.46642168283364
24.87437185929648 265.2523797413536
25 133.3056909060162
