0.0670327578784393 0.0670327578784393
0 33034142.803935725
0.12562814070351758 33032958.16225018
0.25125628140703515 33029392.40290793
0.3768844221105528 33023449.625672244
0.5025125628140703 33015130.085446402
0.628140703517588 33004434.144127995
0.7537688442211056 32991362.271306545
0.8793969849246231 32975915.051986646
1.0050251256281406 32958093.197079413
1.1306532663316582 32937897.54861344
1.256281407035176 32915329.088967234
1.3819095477386936 32890388.950814683
1.5075376884422111 32863078.429555982
1.6331658291457287 32833398.988344867
1.7587939698492463 32801352.27506604
1.8844221105527639 32766940.130515773
2.0100502512562812 32730164.596708644
2.135678391959799 32691027.93046154
2.2613065326633164 32649532.614479583
2.386934673366834 32605681.360011853
2.512562814070352 32559477.124617696
2.6381909547738696 32510923.11166128
2.763819095477387 32460022.782638382
2.8894472361809047 32406779.860856753
3.0150753768844223 32351198.337298322
3.14070351758794 32293282.471474703
3.2663316582914574 32233036.798225123
3.391959798994975 32170466.1285785
3.5175879396984926 32105575.54565362
3.64321608040201 32038370.410376545
3.7688442211055277 31968856.356770664
3.8944723618090453 31897039.28868777
4.0201005025125625 31822925.380120967
4.1457286432160805 31746521.06566708
4.271356783919598 31667833.042370223
4.396984924623116 31586868.258822437
4.522613065326633 31503633.91215144
4.648241206030151 31418137.441575576
4.773869346733668 31330386.521712866
4.899497487437186 31240389.057337925
5.025125628140704 31148153.175771866
5.150753768844221 31053687.219394356
5.276381909547739 30956999.74314626
5.402010050251256 30858099.5044183
5.527638190954774 30756995.461443137
5.653266331658291 30653696.767410766
5.778894472361809 30548212.762774535
5.9045226130653266 30440552.97978657
6.030150753768845 30330727.12892288
6.155778894472362 30218745.10850222
6.28140703517588 30104616.99450898
6.407035175879397 29988353.04467414
6.532663316582915 29869963.700248785
6.658291457286432 29749459.586224854
6.78391959798995 29626851.512564138
6.909547738693467 29502150.48141536
7.035175879396985 29375367.689378176
7.160804020100502 29246514.535658505
7.28643216080402 29115602.62264384
7.4120603015075375 28982643.770560417
7.5376884422110555 28847650.017718077
7.663316582914573 28710633.634557754
7.788944723618091 28571607.128111534
7.914572864321608 28430583.252477333
8.040201005025125 28287575.015394676
8.165829145728644 28142595.691138454
8.291457286432161 27995658.825274095
8.417085427135678 27846778.2439436
8.542713567839195 27695968.061879914
8.668341708542714 27543242.69218093
8.793969849246231 27388616.847764097
8.919597989949748 27232105.5520444
9.045226130653266 27073724.14115396
9.170854271356784 26913488.27058033
9.296482412060302 26751413.916392475
9.422110552763819 26587517.37852293
9.547738693467336 26421815.283834163
9.673366834170855 26254324.58459115
9.798994974874372 26085062.55828973
9.924623115577889 25914046.809536252
10.050251256281408 25741295.264669754
10.175879396984925 25566826.17219508
10.301507537688442 25390658.097603846
10.42713567839196 25212809.923459202
10.552763819095478 25033300.84038511
10.678391959798995 24852150.34938088
10.804020100502512 24669378.25151177
10.92964824120603 24485004.647688307
11.055276381909549 24299049.932521556
11.180904522613066 24111534.78887513
11.306532663316583 23922480.186202683
11.4321608040201 23731907.373736765
11.557788944723619 23539837.876013935
11.683417085427136 23346293.49082994
11.809045226130653 23151296.2843206
11.93467336683417 22954868.584638912
12.06030150753769 22757032.981939726
12.185929648241206 22557812.320854258
12.311557788944723 22357229.70163713
12.43718592964824 22155308.470670816
12.56281407035176 21952072.224385083
12.688442211055277 21747544.80098667
12.814070351758794 21541750.278690238
12.93969849246231 21334712.97586717
13.06532663316583 21126457.44844754
13.190954773869347 20917008.485427134
13.316582914572864 20706391.11347128
13.442211055276381 20494630.59115781
13.5678391959799 20281752.41321495
13.693467336683417 20067782.309958976
13.819095477386934 19852746.249783043
13.944723618090451 19636670.440824237
14.07035175879397 19419581.334893133
14.195979899497488 19201505.632062938
14.321608040201005 18982470.284387205
14.447236180904522 18762502.50022536
14.57286432160804 18541629.75261796
14.698492462311558 18319879.7814327
14.824120603015075 18097280.60144589
14.949748743718592 17873860.508820225
15.075376884422111 17649648.083893955
15.201005025125628 17424672.19831314
15.326633165829145 17198962.01800514
15.452261306532664 16972547.005938664
15.577889447236181 16745456.92562753
15.703517587939698 16517721.83942406
15.829145728643216 16289372.109713588
15.954773869346734 16060438.394002
16.08040201005025 15830951.641657073
16.20603015075377 15600943.086551279
16.331658291457288 15370444.239362754
16.457286432160803 15139486.877961095
16.582914572864322 14908103.033454545
16.70854271356784 14676324.97856145
16.834170854271356 14444185.21126661
16.959798994974875 14211716.438276801
17.08542713567839 13978951.559041968
17.21105527638191 13745923.645826994
17.33668341708543 13512665.925173843
17.462311557788944 13279211.759369176
17.587939698492463 13045594.627608139
17.71356783919598 12811848.105944617
17.839195979899497 12578005.851594422
17.964824120603016 12344101.583979597
18.09045226130653 12110169.070034228
18.21608040201005 11876242.108943615
18.34170854271357 11642354.52019244
18.467336683417084 11408540.132206518
18.592964824120603 11174832.773382148
18.718592964824122 10941266.263371171
18.844221105527637 10707874.410937633
18.969849246231156 10474691.006294433
19.09547738693467 10241749.823063212
19.22110552763819 10009084.617188614
19.34673366834171 9776729.126765175
19.472361809045225 9544717.078608414
19.597989949748744 9313082.188770955
19.723618090452263 9081858.169650363
19.849246231155778 8851078.735545188
19.974874371859297 8620777.607144337
20.100502512562816 8390988.518050287
20.22613065326633 8161745.221447965
20.35175879396985 7933081.492827645
20.477386934673365 7705031.1354252165
20.603015075376884 7477627.982270484
20.728643216080403 7250905.897845294
20.85427135678392 7024898.777137364
20.979899497487438 6799640.543679686
21.105527638190956 6575165.144561632
21.231155778894472 6351506.543759547
21.35678391959799 6128698.713409368
21.482412060301506 5906775.621992205
21.608040201005025 5685771.220898813
21.733668341708544 5465719.428502463
21.85929648241206 5246654.111609994
21.984924623115578 5028609.065906431
22.110552763819097 4811617.994165696
22.236180904522612 4595714.482509414
22.36180904522613 4380931.9764236715
22.487437185929647 4167303.755170904
22.613065326633166 3954862.905895901
22.738693467336685 3743642.297711559
22.8643216080402 3533674.5561446194
22.98994974874372 3324992.037323892
23.115577889447238 3117626.8044694364
23.241206030150753 2911610.6042066975
23.366834170854272 2706974.8456221153
23.492462311557787 2503750.5805252553
23.618090452261306 2301968.4861257775
23.743718592964825 2101658.8496052083
23.86934673366834 1902851.556171565
23.99497487437186 1705576.0774607705
24.12060301507538 1509861.4648165249
24.246231155778894 1315736.343508313
24.371859296482413 1123228.9097264423
24.497487437185928 932366.9297250928
24.623115577889447 743177.7411842948
24.748743718592966 555688.2557287663
24.87437185929648 369924.9635414308
25 185913.93875852492
