0.06382666289471026 0.06382666289471026
0 36899659.35111149
0.12562814070351758 36898354.23322769
0.25125628140703515 36894425.84817178
0.3768844221105528 36887878.73604173
0.5025125628140703 36878713.21931931
0.628140703517588 36866929.747145414
0.7537688442211056 36852528.90073672
0.8793969849246231 36835511.39794943
1.0050251256281406 36815878.09871918
1.1306532663316582 36793630.0098751
1.256281407035176 36768768.29114282
1.3819095477386936 36741294.26170408
1.5075376884422111 36711209.40774841
1.6331658291457287 36678515.3883595
1.7587939698492463 36643214.04471493
1.8844221105527639 36605307.40720177
2.0100502512562812 36564797.70241863
2.135678391959799 36521687.36186422
2.2613065326633164 36475979.03003511
2.386934673366834 36427675.569259316
2.512562814070352 36376780.070024274
2.6381909547738696 36323295.85427403
2.763819095477387 36267226.48343832
2.8894472361809047 36208575.7628881
3.0150753768844223 36147347.74698562
3.14070351758794 36083546.7415923
3.2663316582914574 36017177.30910331
3.391959798994975 35948244.2705317
3.5175879396984926 35876752.704662636
3.64321608040201 35802707.95196569
3.7688442211055277 35726115.612956434
3.8944723618090453 35646981.546995915
4.0201005025125625 35565311.872754656
4.1457286432160805 35481112.963284194
4.271356783919598 35394391.44688783
4.396984924623116 35305154.20112515
4.522613065326633 35213408.35085332
4.648241206030151 35119161.26435718
4.773869346733668 35022420.54931877
4.899497487437186 34923194.04948812
5.025125628140704 34821489.84020709
5.150753768844221 34717316.22415127
5.276381909547739 34610681.72947165
5.402010050251256 34501595.104582004
5.527638190954774 34390065.31703603
5.653266331658291 34276101.55063697
5.778894472361809 34159713.20219458
5.9045226130653266 34040909.883571655
6.030150753768845 33919701.416667715
6.155778894472362 33796097.83804953
6.28140703517588 33670109.39604542
6.407035175879397 33541746.55379628
6.532663316582915 33411019.99166282
6.658291457286432 33277940.609376885
6.78391959798995 33142519.5289206
6.909547738693467 33004768.099845514
7.035175879396985 32864697.90304195
7.160804020100502 32722320.756914053
7.28643216080402 32577648.720926866
7.4120603015075375 32430694.104561355
7.5376884422110555 32281469.471007332
7.663316582914573 32129987.646164868
7.788944723618091 31976261.724069458
7.914572864321608 31820305.07464237
8.040201005025125 31662131.349927824
8.165829145728644 31501754.492829215
8.291457286432161 31339188.742536686
8.417085427135678 31174448.641681094
8.542713567839195 31007549.042871866
8.668341708542714 30838505.115948286
8.793969849246231 30667332.3514245
8.919597989949748 30494046.56784496
9.045226130653266 30318663.915229153
9.170854271356784 30141200.88034498
9.296482412060302 29961674.289316468
9.422110552763819 29780101.310979355
9.547738693467336 29596499.459969755
9.673366834170855 29410886.597439352
9.798994974874372 29223280.93220935
9.924623115577889 29033701.022692487
10.050251256281408 28842165.77520578
10.175879396984925 28648694.444825027
10.301507537688442 28453306.63346052
10.42713567839196 28256022.290183287
10.552763819095478 28056861.70730116
10.678391959798995 27855845.521411356
10.804020100502512 27652994.70876315
10.92964824120603 27448330.585018378
11.055276381909549 27241874.80239065
11.180904522613066 27033649.347157046
11.306532663316583 26823676.53870299
11.4321608040201 26611979.02654139
11.557788944723619 26398579.78838882
11.683417085427136 26183502.129183084
11.809045226130653 25966769.67906737
11.93467336683417 25748406.391014792
12.06030150753769 25528436.540702023
12.185929648241206 25306884.723802112
12.311557788944723 25083775.856208634
12.43718592964824 24859135.170724504
12.56281407035176 24632988.21805495
12.688442211055277 24405360.863783382
12.814070351758794 24176279.287350804
12.93969849246231 23945769.98146764
13.06532663316583 23713859.750536077
13.190954773869347 23480575.708361838
13.316582914572864 23245945.27853004
13.442211055276381 23009996.191468094
13.5678391959799 22772756.48451462
13.693467336683417 22534254.50043459
13.819095477386934 22294518.886893723
13.944723618090451 22053578.595682718
14.07035175879397 21811462.8827568
14.195979899497488 21568201.308651887
14.321608040201005 21323823.73877759
14.447236180904522 21078360.344089825
14.57286432160804 20831841.60353623
14.698492462311558 20584298.304448973
14.824120603015075 20335761.545445748
14.949748743718592 20086262.73911493
15.075376884422111 19835833.613419976
15.201005025125628 19584506.215189863
15.326633165829145 19332312.912091874
15.452261306532664 19079286.394648418
15.577889447236181 18825459.67877772
15.703517587939698 18570866.105933078
15.829145728643216 18315539.344610505
15.954773869346734 18059513.38876839
16.08040201005025 17802822.55683147
16.20603015075377 17545501.488332335
16.331658291457288 17287585.139939275
16.457286432160803 17029108.779932685
16.582914572864322 16770107.97994985
16.70854271356784 16510618.607017875
16.834170854271356 16250676.812536811
16.959798994974875 15990319.020307286
17.08542713567839 15729581.91371609
17.21105527638191 15468502.420430757
17.33668341708543 15207117.696810044
17.462311557788944 14945465.111395603
17.587939698492463 14683582.227573313
17.71356783919598 14421506.785544325
17.839195979899497 14159276.684953267
17.964824120603016 13896929.966770202
18.09045226130653 13634504.79624924
18.21608040201005 13372039.446229238
18.34170854271357 13109572.281661503
18.467336683417084 12847141.745141985
18.592964824120603 12584786.34391424
18.718592964824122 12322544.638242885
18.844221105527637 12060455.231937237
18.969849246231156 11798556.763808133
19.09547738693467 11536887.901703041
19.22110552763819 11275487.33776336
19.34673366834171 11014393.785123736
19.472361809045225 10753645.976901487
19.597989949748744 10493282.665387291
19.723618090452263 10233342.62320255
19.849246231155778 9973864.645028453
19.974874371859297 9714887.549417937
20.100502512562816 9456450.181277871
20.22613065326633 9198591.414685441
20.35175879396985 8941350.153902456
20.477386934673365 8684765.335109137
20.603015075376884 8428875.926179226
20.728643216080403 8173720.9257376315
20.85427135678392 7919339.360075597
20.979899497487438 7665770.279009205
21.105527638190956 7413052.749022824
21.231155778894472 7161225.844787277
21.35678391959799 6910328.638928746
21.482412060301506 6660400.188840102
21.608040201005025 6411479.522193211
21.733668341708544 6163605.620166425
21.85929648241206 5916817.398329403
21.984924623115578 5671153.686898851
22.110552763819097 5426653.208917637
22.236180904522612 5183354.557009372
22.36180904522613 4941296.169929068
22.487437185929647 4700516.307972155
22.613065326633166 4461053.02830121
22.738693467336685 4222944.1603149725
22.8643216080402 3986227.2812862545
22.98994974874372 3750939.692572225
23.115577889447238 3517118.396796086
23.241206030150753 3284800.076127953
23.366834170854272 3054021.071893609
23.492462311557787 2824817.365729769
23.618090452261306 2597224.5623556916
23.743718592964825 2371277.8741853903
23.86934673366834 2147012.107437278
23.99497487437186 1924461.650670486
24.12060301507538 1703660.4644286209
24.246231155778894 1484642.0730380663
24.371859296482413 1267439.5579194396
24.497487437185928 1052085.5524119413
24.623115577889447 838612.2378428291
24.748743718592966 627051.3409880599
24.87437185929648 417434.13223566057
25 209791.42461823596
