0.009912291591487106 0.009912291591487106
0 802632081.9893087
0.12562814070351758 802612716.8532454
0.25125628140703515 802554405.6350566
0.3768844221105528 802457133.1427948
0.5025125628140703 802320769.1161659
0.628140703517588 802145131.2161415
0.7537688442211056 801929985.1593044
0.8793969849246231 801675044.8653337
1.0050251256281406 801379972.6487736
1.1306532663316582 801044379.3685594
1.256281407035176 800667824.7234817
1.3819095477386936 800249817.4771824
1.5075376884422111 799789815.7760729
1.6331658291457287 799287227.511374
1.7587939698492463 798741410.6834224
1.8844221105527639 798151673.8486383
2.0100502512562812 797517276.5770483
2.135678391959799 796837429.9908413
2.2613065326633164 796111297.3306899
2.386934673366834 795337994.5811214
2.512562814070352 794516591.144913
2.6381909547738696 793646110.5923121
2.763819095477387 792725531.4420474
2.8894472361809047 791753788.0455155
3.0150753768844223 790729771.5044463
3.14070351758794 789652330.6515977
3.2663316582914574 788520273.1539804
3.391959798994975 787332366.635436
3.5175879396984926 786087339.9068637
3.64321608040201 784783884.2589188
3.7688442211055277 783420654.8730158
3.8944723618090453 781996272.2737416
4.0201005025125625 780509323.911878
4.1457286432160805 778958365.8116375
4.271356783919598 777341924.3249483
4.396984924623116 775658497.9770348
4.522613065326633 773906559.435674
4.648241206030151 772084557.5566981
4.773869346733668 770190919.535752
4.899497487437186 768224053.1903738
5.025125628140704 766182349.3353904
5.150753768844221 764064184.284102
5.276381909547739 761867922.4418678
5.402010050251256 759591919.0525191
5.527638190954774 757234523.0174807
5.653266331658291 754794079.8944402
5.778894472361809 752268934.9682292
5.9045226130653266 749657436.4703498
6.030150753768845 746957938.937783
6.155778894472362 744168806.6527804
6.28140703517588 741288417.2885087
6.407035175879397 738315165.5903354
6.532663316582915 735247467.2751206
6.658291457286432 732083763.0007038
6.78391959798995 728822522.501862
6.909547738693467 725462248.8044256
7.035175879396985 722001482.6329275
7.160804020100502 718438806.8700265
7.28643216080402 714772851.1848141
7.4120603015075375 711002296.7355721
7.5376884422110555 707125881.0130253
7.663316582914573 703142402.7451673
7.788944723618091 699050726.9262562
7.914572864321608 694849789.888536
8.040201005025125 690538604.4847567
8.165829145728644 686116265.2947783
8.291457286432161 681581953.9017221
8.417085427135678 676934944.1318983
8.542713567839195 672174607.4151005
8.668341708542714 667300418.0788304
8.793969849246231 662311958.5179281
8.919597989949748 657208924.5273664
9.045226130653266 651991130.4719757
9.170854271356784 646658514.2072628
9.296482412060302 641211142.247333
9.422110552763819 635649214.4695876
9.547738693467336 629973068.9156556
9.673366834170855 624183186.1665436
9.798994974874372 618280193.9111521
9.924623115577889 612264870.8270526
10.050251256281408 606138150.5990549
10.175879396984925 599901125.524468
10.301507537688442 593555049.7831541
10.42713567839196 587101342.530526
10.552763819095478 580541590.4939407
10.678391959798995 573877550.384817
10.804020100502512 567111150.8475609
10.92964824120603 560244493.8685411
11.055276381909549 553279856.1141626
11.180904522613066 546219689.4835874
11.306532663316583 539066621.3565813
11.4321608040201 531823454.31535
11.557788944723619 524493165.57010126
11.683417085427136 517078905.44397724
11.809045226130653 509583995.7189268
11.93467336683417 502011927.4125126
12.06030150753769 494366357.73756135
12.185929648241206 486651106.7248371
12.311557788944723 478870153.3068823
12.43718592964824 471027630.71590155
12.56281407035176 463127821.35251915
12.688442211055277 455175151.1365204
12.814070351758794 447174183.2759909
12.93969849246231 439129611.47812575
13.06532663316583 431046252.61919844
13.190954773869347 422929038.9030302
13.316582914572864 414783009.5028491
13.442211055276381 406613301.7023835
13.5678391959799 398425141.57318085
13.693467336683417 390223834.2061867
13.819095477386934 382014753.5227936
13.944723618090451 373803331.68886334
14.07035175879397 365595048.1809986
14.195979899497488 357395418.5223409
14.321608040201005 349209982.72495294
14.447236180904522 341044293.4874567
14.57286432160804 332903904.1773748
14.698492462311558 324794356.6424283
14.824120603015075 316721168.89124185
14.949748743718592 308689822.6923379
15.075376884422111 300705751.1313209
15.201005025125628 292774326.17574525
15.326633165829145 284900846.2934733
15.452261306532664 277090524.1742912
15.577889447236181 269348474.60235834
15.703517587939698 261679702.5303542
15.829145728643216 254089091.40569898
15.954773869346734 246581391.7992855
16.08040201005025 239161210.38731563
16.20603015075377 231832999.34026742
16.331658291457288 224601046.16458857
16.457286432160803 217469464.05093524
16.582914572864322 210442182.7744845
16.70854271356784 203522940.19601595
16.834170854271356 196715274.40249145
16.959798994974875 190022516.53246525
17.08542713567839 183447784.31585613
17.21105527638191 176993976.36619467
17.33668341708543 170663767.24363083
17.462311557788944 164459603.31632733
17.587939698492463 158383699.4293624
17.71356783919598 152438036.39302444
17.839195979899497 146624359.2926755
17.964824120603016 140944176.61572236
18.09045226130653 135398760.18884397
18.21608040201005 129989145.90975483
18.34170854271357 124716135.2546641
18.467336683417084 119580297.53767017
18.592964824120603 114581972.89342155
18.718592964824122 109721275.95139988
18.844221105527637 104998100.16634394
18.969849246231156 100412122.76689695
19.09547738693467 95962810.2820371
19.22110552763819 91649424.60245341
19.34673366834171 87471029.53370133
19.472361809045225 83426497.79539356
19.597989949748744 79514518.4209418
19.723618090452263 75733604.51106863
19.849246231155778 72082101.29494451
19.974874371859297 68558194.4520358
20.100502512562816 65159918.64862962
20.22613065326633 61885166.243309684
20.35175879396985 58731696.11652058
20.477386934673365 55697142.58016385
20.603015075376884 52779024.3246533
20.728643216080403 49974753.361917764
20.85427135678392 47281643.92456668
20.979899497487438 44696921.28317942
21.105527638190956 42217730.445437156
21.231155778894472 39841144.703086406
21.35678391959799 37564173.9948342
21.482412060301506 35383773.05543292
21.608040201005025 33296849.324395098
21.733668341708544 31300270.58921375
21.85929648241206 29390872.341773435
21.984924623115578 27565464.828896314
22.110552763819097 25820839.780345548
22.236180904522612 24153776.80153864
22.36180904522613 22561049.419615455
22.487437185929647 21039430.7759425
22.613065326633166 19585698.95926462
22.738693467336685 18196641.977911614
22.8643216080402 16869062.37111551
22.98994974874372 15599781.462553855
23.115577889447238 14385643.2617652
23.241206030150753 13223518.020754296
23.366834170854272 12110305.456579382
23.492462311557787 11042937.651216729
23.618090452261306 10018381.643374069
23.743718592964825 9033641.727668729
23.86934673366834 8085761.478680834
23.99497487437186 7171825.518611061
24.12060301507538 6288961.048782947
24.246231155778894 5434339.165793599
24.371859296482413 4605175.984688993
24.497487437185928 3798733.5917412033
24.623115577889447 3012320.8502414767
24.748743718592966 2243294.08302281
24.87437185929648 1489057.655698285
25 747064.4847097312
