0.23971530686491216 0.23971530686491216
0 133057.2456326018
0.12562814070351758 133040.9160393519
0.25125628140703515 133024.50659674575
0.3768844221105528 132997.1964683999
0.5025125628140703 132958.97612708318
0.628140703517588 132909.848471704
0.7537688442211056 132849.81982112004
0.8793969849246231 132778.89861995575
1.0050251256281406 132697.0951101451
1.1306532663316582 132604.42122313954
1.256281407035176 132500.89053383665
1.3819095477386936 132386.51823853195
1.5075376884422111 132261.32114299084
1.6331658291457287 132125.31765471003
1.7587939698492463 131978.5277768358
1.8844221105527639 131820.97310273768
2.0100502512562812 131652.67681087015
2.135678391959799 131473.6636615955
2.2613065326633164 131283.95999236492
2.386934673366834 131083.5937115557
2.512562814070352 130872.59429487384
2.6381909547738696 130650.99277990693
2.763819095477387 130418.82176079426
2.8894472361809047 130176.11538100085
3.0150753768844223 129922.90932965878
3.14070351758794 129659.24083423335
3.2663316582914574 129385.1486531739
3.391959798994975 129100.67307090643
3.5175879396984926 128805.85588848934
3.64321608040201 128500.74041888831
3.7688442211055277 128185.37147651264
3.8944723618090453 127859.79537243355
4.0201005025125625 127524.05990217085
4.1457286432160805 127178.21434161955
4.271356783919598 126822.30943549128
4.396984924623116 126456.39738933789
4.522613065326633 126080.53186042873
4.648241206030151 125694.76794790114
4.773869346733668 125299.16218201807
4.899497487437186 124893.77251652737
5.025125628140704 124478.65831611308
5.150753768844221 124053.8803460023
5.276381909547739 123619.50076243168
5.402010050251256 123175.58309983368
5.527638190954774 122722.1922593795
5.653266331658291 122259.39449721179
5.778894472361809 121787.25741437197
5.9045226130653266 121305.84994147885
6.030150753768845 120815.24232644925
6.155778894472362 120315.50612353526
6.28140703517588 119806.71417905859
6.407035175879397 119288.9406171929
6.532663316582915 118762.26082939544
6.658291457286432 118226.75145645541
6.78391959798995 117682.49037966161
6.909547738693467 117129.55670360054
7.035175879396985 116568.03074352555
7.160804020100502 115997.99401204067
7.28643216080402 115419.5292045513
7.4120603015075375 114832.72018609752
7.5376884422110555 114237.65197711933
7.663316582914573 113634.41073992847
7.788944723618091 113023.0837654717
7.914572864321608 112403.75945837228
8.040201005025125 111776.52732484273
8.165829145728644 111141.47795734272
8.291457286432161 110498.70302193241
8.417085427135678 109848.2952436908
8.542713567839195 109190.34839197404
8.668341708542714 108524.95726758169
8.793969849246231 107852.21768673851
8.919597989949748 107172.22646527494
9.045226130653266 106485.08140525036
9.170854271356784 105790.88127752743
9.296482412060302 105089.72580569176
9.422110552763819 104381.71564932697
9.547738693467336 103666.95238596358
9.673366834170855 102945.53849348318
9.798994974874372 102217.57733191077
9.924623115577889 101483.17312302005
10.050251256281408 100742.43093143794
10.175879396984925 99995.4566458439
10.301507537688442 99242.3569554973
10.42713567839196 98483.23933212778
10.552763819095478 97718.21200683879
10.678391959798995 96947.38395091843
10.804020100502512 96170.86485247563
10.92964824120603 95388.76509584572
11.055276381909549 94601.19574037349
11.180904522613066 93808.26849918035
11.306532663316583 93010.09571705396
11.4321608040201 92206.79035179409
11.557788944723619 91398.46595198117
11.683417085427136 90585.2366373152
11.809045226130653 89767.2170791827
11.93467336683417 88944.52248158178
12.06030150753769 88117.26856127499
12.185929648241206 87285.57153054242
12.311557788944723 86449.54807714594
12.43718592964824 85609.31534792532
12.56281407035176 84764.99093064679
12.688442211055277 83916.69283564085
12.814070351758794 83064.53947991914
12.93969849246231 82208.64966762795
13.06532663316583 81349.14257518356
13.190954773869347 80486.13773161097
13.316582914572864 79619.75500176841
13.442211055276381 78750.11456960844
13.5678391959799 77877.3369173663
13.693467336683417 77001.54281006975
13.819095477386934 76122.85327538011
13.944723618090451 75241.38958376889
14.07035175879397 74357.27323097718
14.195979899497488 73470.62591671805
14.321608040201005 72581.56952428396
14.447236180904522 71690.226100451
14.57286432160804 70796.71783404225
14.698492462311558 69901.16703420714
14.824120603015075 69003.6961084342
14.949748743718592 68104.427541896
15.075376884422111 67203.48387139979
15.201005025125628 66300.98766623894
15.326633165829145 65397.06150311151
15.452261306532664 64491.82794337832
15.577889447236181 63585.40950999707
15.703517587939698 62677.92866441753
15.829145728643216 61769.507782826884
15.954773869346734 60860.2691331564
16.08040201005025 59950.334852978165
16.20603015075377 59039.82692543922
16.331658291457288 58128.86715818483
16.457286432160803 57217.57716100913
16.582914572864322 56306.078324063135
16.70854271356784 55394.491797072376
16.834170854271356 54482.938468789194
16.959798994974875 53571.53894735809
17.08542713567839 52660.41354044074
17.21105527638191 51749.68223661752
17.33668341708543 50839.46468755023
17.462311557788944 49929.88018943751
17.587939698492463 49021.047666717495
17.71356783919598 48113.08565432697
17.839195979899497 47206.11228200124
17.964824120603016 46300.24525807346
18.09045226130653 45395.60185299691
18.21608040201005 44492.298883978
18.34170854271357 43590.452699468355
18.467336683417084 42690.179162681685
18.592964824120603 41791.59363639738
18.718592964824122 40894.81096566976
18.844221105527637 39999.945463071
18.969849246231156 39107.11089006578
19.09547738693467 38216.420440895105
19.22110552763819 37327.986724454
19.34673366834171 36441.92174643606
19.472361809045225 35558.33689091918
19.597989949748744 34677.34290069846
19.723618090452263 33799.049858655664
19.849246231155778 32923.56716791787
19.974874371859297 32051.00353134574
20.100502512562816 31181.46693215527
20.22613065326633 30315.06461329848
20.35175879396985 29451.90305750462
20.477386934673365 28592.087966193143
20.603015075376884 27735.724241052565
20.728643216080403 26882.91596296421
20.85427135678392 26033.766373552156
20.979899497487438 25188.37785604737
21.105527638190956 24346.851917181844
21.231155778894472 23509.289169461284
21.35678391959799 22675.789314192774
21.482412060301506 21846.45112528543
21.608040201005025 21021.37243354169
21.733668341708544 20200.650111820043
21.85929648241206 19384.3800610553
21.984924623115578 18572.657196664994
22.110552763819097 17765.575435860294
22.236180904522612 16963.22768555805
22.36180904522613 16165.705830629115
22.487437185929647 15373.100722758489
22.613065326633166 14585.50217001108
22.738693467336685 13802.998926232982
22.8643216080402 13025.678681162879
22.98994974874372 12253.628050247578
23.115577889447238 11486.932565144938
23.241206030150753 10725.676663663411
23.366834170854272 9969.943680145961
23.492462311557787 9219.815835272671
23.618090452261306 8475.374226252392
23.743718592964825 7736.6988159859575
23.86934673366834 7003.868422850426
23.99497487437186 6276.960709499404
24.12060301507538 5556.052171768419
24.246231155778894 4841.2181276362535
24.371859296482413 4132.53270490967
24.497487437185928 3430.068830016691
24.623115577889447 2733.8982157041896
24.748743718592966 2044.0913491100684
24.87437185929648 1360.7174801705708
25 683.8446095774466
