0.0354472663186082 0.0354472663186082
0 108344982.72184019
0.12562814070351758 108341828.24108696
0.25125628140703515 108332332.51765105
0.3768844221105528 108316504.52006584
0.5025125628140703 108294341.45634688
0.628140703517588 108265839.57068187
0.7537688442211056 108230993.69214144
0.8793969849246231 108189797.54398634
1.0050251256281406 108142244.02862635
1.1306532663316582 108088324.63245085
1.256281407035176 108028029.42248222
1.3819095477386936 107961348.13168284
1.5075376884422111 107888268.27966884
1.6331658291457287 107808777.09827372
1.7587939698492463 107722860.93831085
1.8844221105527639 107630504.96538688
2.0100502512562812 107531693.70068388
2.135678391959799 107426411.07512602
2.2613065326633164 107314641.2109824
2.386934673366834 107196366.89306019
2.512562814070352 107071572.75817105
2.6381909547738696 106940241.73562813
2.763819095477387 106802359.0809352
2.8894472361809047 106657910.01448277
3.0150753768844223 106506880.834612
3.14070351758794 106349259.2816357
3.2663316582914574 106185034.42633867
3.391959798994975 106014197.82474265
3.5175879396984926 105836741.80847418
3.64321608040201 105652660.97670636
3.7688442211055277 105461952.93480659
3.8944723618090453 105264615.23279668
4.0201005025125625 105060650.39185229
4.1457286432160805 104850060.62000838
4.271356783919598 104632850.7786779
4.396984924623116 104409026.73335356
4.522613065326633 104178597.95814428
4.648241206030151 103941573.48201662
4.773869346733668 103697963.37292282
4.899497487437186 103447779.24600309
5.025125628140704 103191033.04526107
5.150753768844221 102927737.55247024
5.276381909547739 102657904.21149422
5.402010050251256 102381545.93176748
5.527638190954774 102098673.85376248
5.653266331658291 101809298.89790605
5.778894472361809 101513432.79064274
5.9045226130653266 101211083.80090934
6.030150753768845 100902261.02677514
6.155778894472362 100586971.90411271
6.28140703517588 100265223.95788759
6.407035175879397 99937023.11643258
6.532663316582915 99602373.72224897
6.658291457286432 99261280.94669598
6.78391959798995 98913748.85394195
6.909547738693467 98559780.99857415
7.035175879396985 98199380.75591992
7.160804020100502 97832551.1934673
7.28643216080402 97459295.37556054
7.4120603015075375 97079617.3536718
7.5376884422110555 96693521.36361697
7.663316582914573 96301010.84760275
7.788944723618091 95902091.15809914
7.914572864321608 95496767.47239317
8.040201005025125 95085046.36105907
8.165829145728644 94666933.7791603
8.291457286432161 94242438.57628739
8.417085427135678 93811567.80588658
8.542713567839195 93374331.30310436
8.668341708542714 92930738.81731448
8.793969849246231 92480800.8360536
8.919597989949748 92024528.85740499
9.045226130653266 91561935.7082595
9.170854271356784 91093033.73114628
9.296482412060302 90617837.17672874
9.422110552763819 90136361.62699069
9.547738693467336 89648623.05770122
9.673366834170855 89154637.68096386
9.798994974874372 88654425.17129481
9.924623115577889 88148004.30459772
10.050251256281408 87635396.13036324
10.175879396984925 87116623.10733782
10.301507537688442 86591709.04109077
10.42713567839196 86060678.7869816
10.552763819095478 85523559.7943081
10.678391959798995 84980379.99997544
10.804020100502512 84431169.10745367
10.92964824120603 83875958.9883516
11.055276381909549 83314781.91927339
11.180904522613066 82747672.14067626
11.306532663316583 82174664.98611644
11.4321608040201 81595796.73637976
11.557788944723619 81011105.05547418
11.683417085427136 80420627.87052636
11.809045226130653 79824404.44746654
11.93467336683417 79222473.98811665
12.06030150753769 78614876.65380439
12.185929648241206 78001653.19028147
12.311557788944723 77382844.24542668
12.43718592964824 76758490.9455401
12.56281407035176 76128635.09751466
12.688442211055277 75493318.7762157
12.814070351758794 74852584.17529783
12.93969849246231 74206475.17083982
13.06532663316583 73555035.64193723
13.190954773869347 72898310.88767725
13.316582914572864 72236347.58053248
13.442211055276381 71569193.85206878
13.5678391959799 70896899.73815224
13.693467336683417 70219516.99724571
13.819095477386934 69537100.04515842
13.944723618090451 68849705.35584624
14.07035175879397 68157392.30854158
14.195979899497488 67460222.54719864
14.321608040201005 66758260.72128214
14.447236180904522 66051573.99615927
14.57286432160804 65340232.28360224
14.698492462311558 64624307.94563074
14.824120603015075 63903875.74185174
14.949748743718592 63179012.66748772
15.075376884422111 62449797.820099875
15.201005025125628 61716311.84502374
15.326633165829145 60978637.488656856
15.452261306532664 60236858.550426915
15.577889447236181 59491060.33313267
15.703517587939698 58741329.427132554
15.829145728643216 57987753.76770515
15.954773869346734 57230422.36124372
16.08040201005025 56469425.61862939
16.20603015075377 55704855.580597535
16.331658291457288 54936805.673597954
16.457286432160803 54165371.36548569
16.582914572864322 53390650.35439027
16.70854271356784 52612742.41418194
16.834170854271356 51831750.03387202
16.959798994974875 51047778.62006884
17.08542713567839 50260936.150715016
17.21105527638191 49471333.64159406
17.33668341708543 48679085.398185715
17.462311557788944 47884308.386852674
17.587939698492463 47087122.23918407
17.71356783919598 46287649.31670849
17.839195979899497 45486014.073609635
17.964824120603016 44682342.859128535
18.09045226130653 43876763.37488175
18.21608040201005 43069404.254813425
18.34170854271357 42260394.90035716
18.467336683417084 41449864.69087886
18.592964824120603 40637942.662301674
18.718592964824122 39824757.49213252
18.844221105527637 39010436.91641627
18.969849246231156 38195107.8077907
19.09547738693467 37378896.066947274
19.22110552763819 36561926.69674785
19.34673366834171 35744324.052898355
19.472361809045225 34926212.00604598
19.597989949748744 34107714.469054036
19.723618090452263 33288955.69328113
19.849246231155778 32470061.137895342
19.974874371859297 31651157.5051115
20.100502512562816 30832373.625242427
20.22613065326633 30013841.035355214
20.35175879396985 29195694.215438068
20.477386934673365 28378071.52137635
20.603015075376884 27561114.868974034
20.728643216080403 26744970.861559205
20.85427135678392 25929790.13085936
20.979899497487438 25115728.04903941
21.105527638190956 24302944.4513019
21.231155778894472 23491603.317037195
21.35678391959799 22681872.86300095
21.482412060301506 21873924.890356507
21.608040201005025 21067934.506080836
21.733668341708544 20264079.688875895
21.85929648241206 19462540.49021145
21.984924623115578 18663498.747755475
22.110552763819097 17867137.3715518
22.236180904522612 17073639.760365248
22.36180904522613 16283189.25249756
22.487437185929647 15495968.647311855
22.613065326633166 14712159.707315441
22.738693467336685 13931942.730677847
22.8643216080402 13155496.270423101
22.98994974874372 12382996.74331562
23.115577889447238 11614618.298522105
23.241206030150753 10850532.716963843
23.366834170854272 10090909.142309526
23.492462311557787 9335914.201299641
23.618090452261306 8585712.04197743
23.743718592964825 7840464.230744469
23.86934673366834 7100329.9723034315
23.99497487437186 6365466.166254903
24.12060301507538 5636027.476210467
24.246231155778894 4912166.521337909
24.371859296482413 4194033.994712228
24.497487437185928 3481778.707760035
24.623115577889447 2775547.6753255785
24.748743718592966 2075486.2737167778
24.87437185929648 1381738.1856421665
25 694445.4991801538
