0.3216662245023579 0.3216662245023579
0 10102.01092934141
0.12562814070351758 10101.597476665045
0.25125628140703515 10100.353022447805
0.3768844221105528 10098.279132124017
0.5025125628140703 10095.37611481273
0.628140703517588 10091.644398201066
0.7537688442211056 10087.084535351469
0.8793969849246231 10081.69719892239
1.0050251256281406 10075.483186732348
1.1306532663316582 10068.443416731783
1.256281407035176 10060.578927748189
1.3819095477386936 10051.890882933361
1.5075376884422111 10042.380565683448
1.6331658291457287 10032.04938011444
1.7587939698492463 10020.898851689952
1.8844221105527639 10008.930626759055
2.0100502512562812 9996.146472077236
2.135678391959799 9982.548274331442
2.2613065326633164 9968.13804058214
2.386934673366834 9952.917895800576
2.512562814070352 9936.89008424852
2.6381909547738696 9920.056970831354
2.763819095477387 9902.421034745088
2.8894472361809047 9883.98487657645
3.0150753768844223 9864.751211952524
3.14070351758794 9844.72287381195
3.2663316582914574 9823.902811811344
3.391959798994975 9802.294089806604
3.5175879396984926 9779.899887176798
3.64321608040201 9756.723500140795
3.7688442211055277 9732.768335415254
3.8944723618090453 9708.037915402547
4.0201005025125625 9682.535874707186
4.1457286432160805 9656.265959573384
4.271356783919598 9629.232028268885
4.396984924623116 9601.438050510773
4.522613065326633 9572.888104012234
4.648241206030151 9543.586378708245
4.773869346733668 9513.537170395888
4.899497487437186 9482.744885908834
5.025125628140704 9451.214035775442
5.150753768844221 9418.949240316259
5.276381909547739 9385.9552232192
5.402010050251256 9352.236814704316
5.527638190954774 9317.798946991907
5.653266331658291 9282.646656433557
5.778894472361809 9246.7850827541
5.9045226130653266 9210.219465360267
6.030150753768845 9172.955146359252
6.155778894472362 9134.997564889234
6.28140703517588 9096.352259088917
6.407035175879397 9057.024868051192
6.532663316582915 9017.021123178347
6.658291457286432 8976.346854873304
6.78391959798995 8935.00798623087
6.909547738693467 8893.010535844105
7.035175879396985 8850.360613378585
7.160804020100502 8807.064421388504
7.28643216080402 8763.128252271921
7.4120603015075375 8718.558487651577
7.5376884422110555 8673.361597737769
7.663316582914573 8627.544141161488
7.788944723618091 8581.112760451113
7.914572864321608 8534.07418424588
8.040201005025125 8486.435225651596
8.165829145728644 8438.20277866119
8.291457286432161 8389.383819826648
8.417085427135678 8339.985405140167
8.542713567839195 8290.014670220782
8.668341708542714 8239.478826663544
8.793969849246231 8188.385164580225
8.919597989949748 8136.741047920136
9.045226130653266 8084.5539145593075
9.170854271356784 8031.831273946986
9.296482412060302 7978.580709052538
9.422110552763819 7924.809870086994
9.547738693467336 7870.526476871422
9.673366834170855 7815.738316823337
9.798994974874372 7760.4532419449215
9.924623115577889 7704.679169696592
10.050251256281408 7648.424079437771
10.175879396984925 7591.696013223303
10.301507537688442 7534.503072810791
10.42713567839196 7476.853418476427
10.552763819095478 7418.755268424514
10.678391959798995 7360.2168967342095
10.804020100502512 7301.246631773876
10.92964824120603 7241.8528552241605
11.055276381909549 7182.04400058303
11.180904522613066 7121.8285512208395
11.306532663316583 7061.2150404768745
11.4321608040201 7000.2120478758
11.557788944723619 6938.828199270909
11.683417085427136 6877.072165572508
11.809045226130653 6814.952659589771
11.93467336683417 6752.478436731816
12.06030150753769 6689.6582923681835
12.185929648241206 6626.501060187673
12.311557788944723 6563.015611474362
12.43718592964824 6499.210852457883
12.56281407035176 6435.095724120342
12.688442211055277 6370.679199948617
12.814070351758794 6305.9702841774015
12.93969849246231 6240.978011964712
13.06532663316583 6175.711444118392
13.190954773869347 6110.179670554516
13.316582914572864 6044.3918049334125
13.442211055276381 5978.356984109297
13.5678391959799 5912.084367037802
13.693467336683417 5845.583133606436
13.819095477386934 5778.862481995251
13.944723618090451 5711.931626945208
14.07035175879397 5644.799799422561
14.195979899497488 5577.476244823488
14.321608040201005 5509.970219684598
14.447236180904522 5442.2909927330165
14.57286432160804 5374.447841077023
14.698492462311558 5306.45004931135
14.824120603015075 5238.306908601069
14.949748743718592 5170.027714332495
15.075376884422111 5101.621765238361
15.201005025125628 5033.0983605781585
15.326633165829145 4964.466800271973
15.452261306532664 4895.736381647141
15.577889447236181 4826.916399161955
15.703517587939698 4758.01614168787
15.829145728643216 4689.044891798443
15.954773869346734 4620.011925081534
16.08040201005025 4550.92650661101
16.20603015075377 4481.797889841044
16.331658291457288 4412.635316780558
16.457286432160803 4343.4480143360315
16.582914572864322 4274.245194550224
16.70854271356784 4205.036051753685
16.834170854271356 4135.829761444422
16.959798994974875 4066.6354799329765
17.08542713567839 3997.462340879449
17.21105527638191 3928.319455256806
17.33668341708543 3859.2159093791342
17.462311557788944 3790.1607634958423
17.587939698492463 3721.1630501015416
17.71356783919598 3652.2317734871967
17.839195979899497 3583.375906680736
17.964824120603016 3514.604390735845
18.09045226130653 3445.9261343132384
18.21608040201005 3377.35001029426
18.34170854271357 3308.8848560559272
18.467336683417084 3240.539470770351
18.592964824120603 3172.3226150932373
18.718592964824122 3104.2430086633194
18.844221105527637 3036.309329704747
18.969849246231156 2968.5302129005104
19.09547738693467 2900.914247937007
19.22110552763819 2833.4699792254532
19.34673366834171 2766.2059031333597
19.472361809045225 2699.13046689014
19.597989949748744 2632.2520679304307
19.723618090452263 2565.579052460528
19.849246231155778 2499.119713082823
19.974874371859297 2432.8822882805225
20.100502512562816 2366.8749612270426
20.22613065326633 2301.1058580817753
20.35175879396985 2235.583046681728
20.477386934673365 2170.3145353803284
20.603015075376884 2105.3082720507923
20.728643216080403 2040.5721423894277
20.85427135678392 1976.1139687766631
20.979899497487438 1911.9415093287205
21.105527638190956 1848.062456144418
21.231155778894472 1784.4844348571874
21.35678391959799 1721.2150029226327
21.482412060301506 1658.2616484579808
21.608040201005025 1595.6317894130816
21.733668341708544 1533.3327724337914
21.85929648241206 1471.3718712080115
21.984924623115578 1409.7562861966012
22.110552763819097 1348.4931429514168
22.236180904522612 1287.5894911236483
22.36180904522613 1227.0523038483789
22.487437185929647 1166.888476324144
22.613065326633166 1107.104824850486
22.738693467336685 1047.7080859256234
22.8643216080402 988.7049152467346
22.98994974874372 930.1018868825604
23.115577889447238 871.9054919523481
23.241206030150753 814.1221380710916
23.366834170854272 756.7581483028555
23.492462311557787 699.8197602530618
23.618090452261306 643.3131250688532
23.743718592964825 587.244306766776
23.86934673366834 531.6192812303051
23.99497487437186 476.44393540669773
24.12060301507538 421.7240664738943
24.246231155778894 367.46538109570827
24.371859296482413 313.6734944224976
24.497487437185928 260.35392953121897
24.623115577889447 207.51211654770492
24.748743718592966 155.15339188931392
24.87437185929648 103.28299755662937
25 51.90608042159154
