0.02774329259680127 0.02774329259680127
0 158048587.6975581
0.12562814070351758 158034491.76648572
0.25125628140703515 158020323.94320786
0.3768844221105528 157996740.5504887
0.5025125628140703 157963727.45738024
0.628140703517588 157921278.9286198
0.7537688442211056 157869389.9398669
0.8793969849246231 157808055.05795175
1.0050251256281406 157737268.2955261
1.1306532663316582 157657023.0473722
1.256281407035176 157567312.17918906
1.3819095477386936 157468128.08167443
1.5075376884422111 157359462.76629537
1.6331658291457287 157241307.9957307
1.7587939698492463 157113655.3458561
1.8844221105527639 156976496.350271
2.0100502512562812 156829822.5888617
2.135678391959799 156673625.80420563
2.2613065326633164 156507897.97392648
2.386934673366834 156332631.460929
2.512562814070352 156147819.04699185
2.6381909547738696 155953454.02783686
2.763819095477387 155749530.2931502
2.8894472361809047 155536042.38195473
3.0150753768844223 155312985.5182166
3.14070351758794 155080355.6555768
3.2663316582914574 154838149.49380305
3.391959798994975 154586364.51147467
3.5175879396984926 154324998.92378125
3.64321608040201 154054051.70042956
3.7688442211055277 153773522.5576404
3.8944723618090453 153483411.87682992
4.0201005025125625 153183720.71758506
4.1457286432160805 152874450.73750973
4.271356783919598 152555604.14104518
4.396984924623116 152227183.67580068
4.522613065326633 151889192.49968356
4.648241206030151 151541634.17237124
4.773869346733668 151184512.5751663
4.899497487437186 150817831.87750044
5.025125628140704 150441596.497924
5.150753768844221 150055810.99093422
5.276381909547739 149660480.13606003
5.402010050251256 149255608.77062726
5.527638190954774 148841201.8649235
5.653266331658291 148417264.4932109
5.778894472361809 147983801.79440537
5.9045226130653266 147540819.04039094
6.030150753768845 147088321.61899558
6.155778894472362 146626315.01701096
6.28140703517588 146154804.9831008
6.407035175879397 145673797.40229043
6.532663316582915 145183298.51189432
6.658291457286432 144683314.81266692
6.78391959798995 144173853.24778977
6.909547738693467 143654921.15222764
7.035175879396985 143126526.4161316
7.160804020100502 142588677.48532137
7.28643216080402 142041383.46257326
7.4120603015075375 141484654.1398617
7.5376884422110555 140918500.11038387
7.663316582914573 140342932.75301418
7.788944723618091 139757964.3692788
7.914572864321608 139163608.18367577
8.040201005025125 138559878.3957411
8.165829145728644 137946790.2480146
8.291457286432161 137324360.05647552
8.417085427135678 136692605.2327852
8.542713567839195 136051544.327883
8.668341708542714 135401197.07565674
8.793969849246231 134741584.3986181
8.919597989949748 134072728.41609083
9.045226130653266 133394652.52380702
9.170854271356784 132707381.34837197
9.296482412060302 132010940.7927468
9.422110552763819 131305358.06917886
9.547738693467336 130590661.70100908
9.673366834170855 129866881.52885863
9.798994974874372 129134048.75824831
9.924623115577889 128392195.94782725
10.050251256281408 127641357.06129846
10.175879396984925 126881567.44344525
10.301507537688442 126112863.894258
10.42713567839196 125335284.65837818
10.552763819095478 124548869.45262635
10.678391959798995 123753659.51291712
10.804020100502512 122949697.58229865
10.92964824120603 122137027.98228082
11.055276381909549 121315696.61532189
11.180904522613066 120485751.01542385
11.306532663316583 119647240.35201195
11.4321608040201 118800215.47162864
11.557788944723619 117944728.9636858
11.683417085427136 117080835.15290277
11.809045226130653 116208590.14249715
11.93467336683417 115328051.86821888
12.06030150753769 114439280.106282
12.185929648241206 113542336.55336453
12.311557788944723 112637284.79700744
12.43718592964824 111724190.41454083
12.56281407035176 110803120.96323892
12.688442211055277 109874146.04413249
12.814070351758794 108937337.31719564
12.93969849246231 107992768.52792002
13.06532663316583 107040515.55887383
13.190954773869347 106080656.4455426
13.316582914572864 105113271.39334178
13.442211055276381 104138442.8070487
13.5678391959799 103156255.32316901
13.693467336683417 102166795.80737823
13.819095477386934 101170153.37943523
13.944723618090451 100166419.42875904
14.07035175879397 99155687.61855078
14.195979899497488 98138053.89568415
14.321608040201005 97113616.49876085
14.447236180904522 96082475.96599622
14.57286432160804 95044735.13878159
14.698492462311558 94000499.16706845
14.824120603015075 92949875.52113464
14.949748743718592 91892973.9975065
15.075376884422111 90829906.73054641
15.201005025125628 89760788.2129554
15.326633165829145 88685735.3024361
15.452261306532664 87604867.25142807
15.577889447236181 86518305.73099601
15.703517587939698 85426174.84712748
15.829145728643216 84328601.1850776
15.954773869346734 83225713.82757814
16.08040201005025 82117644.38411883
16.20603015075377 81004527.03351572
16.331658291457288 79886498.53569588
16.457286432160803 78763698.26892138
16.582914572864322 77636268.23452292
16.70854271356784 76504353.07879883
16.834170854271356 75368100.09712124
16.959798994974875 74227659.21726954
17.08542713567839 73083182.9943285
17.21105527638191 71934826.57834722
17.33668341708543 70782747.68995075
17.462311557788944 69627106.54559001
17.587939698492463 68468065.82425027
17.71356783919598 67305790.59560446
17.839195979899497 66140448.2284153
17.964824120603016 64972208.33323242
18.09045226130653 63801242.66113771
18.21608040201005 62627725.024205334
18.34170854271357 61451831.20933539
18.467336683417084 60273738.89417845
18.592964824120603 59093627.57787602
18.718592964824122 57911678.51010781
18.844221105527637 56728074.637514435
18.969849246231156 55543000.56104067
19.09547738693467 54356642.506172284
19.22110552763819 53169188.30789776
19.34673366834171 51980827.41516861
19.472361809045225 50791750.90637517
19.597989949748744 49602151.519675754
19.723618090452263 48412223.70268503
19.849246231155778 47222163.661378354
19.974874371859297 46032169.4352522
20.100502512562816 44842440.96787017
20.22613065326633 43653180.180453435
20.35175879396985 42464591.05716516
20.477386934673365 41276879.71932412
20.603015075376884 40090254.50160974
20.728643216080403 38904926.01182477
20.85427135678392 37721107.19227421
20.979899497487438 36539013.35124157
21.105527638190956 35358862.20104998
21.231155778894472 34180873.8556245
21.35678391959799 33005270.830247797
21.482412060301506 31832278.006225467
21.608040201005025 30662122.58603381
21.733668341708544 29495034.027712263
21.85929648241206 28331243.95113952
21.984924623115578 27170986.04156014
22.110552763819097 26014495.925437007
22.236180904522612 24862011.033539884
22.36180904522613 23713770.45452463
22.487437185929647 22570014.773716416
22.613065326633166 21430985.905560248
22.738693467336685 20296926.920498006
22.8643216080402 19168081.865556166
22.98994974874372 18044695.5852296
23.115577889447238 16927013.541915476
23.241206030150753 15815281.638716217
23.366834170854272 14709746.046462458
23.492462311557787 13610653.0369878
23.618090452261306 12518248.820518585
23.743718592964825 11432779.395213434
23.86934673366834 10354490.39885392
23.99497487437186 9283626.975606345
24.12060301507538 8220433.645982473
24.246231155778894 7165154.187627591
24.371859296482413 6118031.52443332
24.497487437185928 5079307.620447824
24.623115577889447 4049223.3817730392
24.748743718592966 3028018.562923815
24.87437185929648 2015931.6769381645
25 1013199.9072485646
