0.023949869683069062 0.023949869683069062
0 197267947.54997534
0.12562814070351758 197249699.8771802
0.25125628140703515 197231360.72839212
0.3768844221105528 197200835.9820806
0.5025125628140703 197158110.47529325
0.628140703517588 197103181.11848676
0.7537688442211056 197036046.8213297
0.8793969849246231 196956707.0402891
1.0050251256281406 196865161.40080106
1.1306532663316582 196761409.5657229
1.256281407035176 196645451.16987082
1.3819095477386936 196517285.78366312
1.5075376884422111 196376912.88541773
1.6331658291457287 196224331.8361053
1.7587939698492463 196059541.86188352
1.8844221105527639 195882542.03219733
2.0100502512562812 195693331.24341074
2.135678391959799 195491908.20147142
2.2613065326633164 195278271.40981364
2.386934673366834 195052419.15146676
2.512562814070352 194814349.4835338
2.6381909547738696 194564060.2279961
2.763819095477387 194301548.96564382
2.8894472361809047 194026813.0347637
3.0150753768844223 193739849.53434926
3.14070351758794 193440655.32894695
3.2663316582914574 193129227.05937436
3.391959798994975 192805561.15434042
3.5175879396984926 192469653.85417512
3.64321608040201 192121501.23052517
3.7688442211055277 191761099.2121418
3.8944723618090453 191388443.62371606
4.0201005025125625 191003530.21585438
4.1457286432160805 190606354.7106557
4.271356783919598 190196912.8472022
4.396984924623116 189775200.42351907
4.522613065326633 189341213.36034283
4.648241206030151 188894947.75065002
4.773869346733668 188436399.92271876
4.899497487437186 187965566.49949014
5.025125628140704 187482444.4615806
5.150753768844221 186987031.22472745
5.276381909547739 186479324.68863878
5.402010050251256 185959323.32795987
5.527638190954774 185427026.24777704
5.653266331658291 184882433.25708112
5.778894472361809 184325544.94582722
5.9045226130653266 183756362.74585718
6.030150753768845 183174889.00669983
6.155778894472362 182581127.0723042
6.28140703517588 181975081.32844698
6.407035175879397 181356757.29788288
6.532663316582915 180726161.67883205
6.658291457286432 180083302.43348968
6.78391959798995 179428188.8313622
6.909547738693467 178760831.52983683
7.035175879396985 178081242.61763427
7.160804020100502 177389435.6842549
7.28643216080402 176685425.87071204
7.4120603015075375 175969229.93018064
7.5376884422110555 175240866.27346313
7.663316582914573 174500355.03361127
7.788944723618091 173747718.10295734
7.914572864321608 172982979.1911958
8.040201005025125 172206163.87222517
8.165829145728644 171417299.62653387
8.291457286432161 170616415.88776186
8.417085427135678 169803544.0883639
8.542713567839195 168978717.69995892
8.668341708542714 168141972.27179986
8.793969849246231 167293345.47360286
8.919597989949748 166432877.13604784
9.045226130653266 165560609.2787957
9.170854271356784 164676586.15631503
9.296482412060302 163780854.2882382
9.422110552763819 162873462.49034196
9.547738693467336 161954461.90921342
9.673366834170855 161023906.054683
9.798994974874372 160081850.825485
9.924623115577889 159128354.5420539
10.050251256281408 158163477.96950868
10.175879396984925 157187284.3499337
10.301507537688442 156199839.4202776
10.42713567839196 155201211.44060636
10.552763819095478 154191471.21613556
10.678391959798995 153170692.1156178
10.804020100502512 152138950.09586585
10.92964824120603 151096323.71470568
11.055276381909549 150042894.15096766
11.180904522613066 148978745.21737778
11.306532663316583 147903963.37696984
11.4321608040201 146818637.75363442
11.557788944723619 145722860.13874084
11.683417085427136 144616725.00336418
11.809045226130653 143500329.50320655
11.93467336683417 142373773.48089314
12.06030150753769 141237159.47023597
12.185929648241206 140090592.69262284
12.311557788944723 138934181.05973384
12.43718592964824 137768035.16464087
12.56281407035176 136592268.278702
12.688442211055277 135406996.34162408
12.814070351758794 134212337.95266782
12.93969849246231 133008414.3590667
13.06532663316583 131795349.44224223
13.190954773869347 130573269.7040998
13.316582914572864 129342304.25153026
13.442211055276381 128102584.77966823
13.5678391959799 126854245.55510865
13.693467336683417 125597423.39793953
13.819095477386934 124332257.66368978
13.944723618090451 123058890.22560339
14.07035175879397 121777465.45611711
14.195979899497488 120488130.20883201
14.321608040201005 119191033.80079244
14.447236180904522 117886327.99588968
14.57286432160804 116574166.9877242
14.698492462311558 115254707.38127264
14.824120603015075 113928108.1809683
14.949748743718592 112594530.77122541
15.075376884422111 111254138.9044261
15.201005025125628 109907098.68072759
15.326633165829145 108553578.5415208
15.452261306532664 107193749.24754062
15.577889447236181 105827783.86553203
15.703517587939698 104455857.75658473
15.829145728643216 103078148.55490004
15.954773869346734 101694836.15579867
16.08040201005025 100306102.69871123
16.20603015075377 98912132.54602297
16.331658291457288 97513112.26847032
16.457286432160803 96109230.62211171
16.582914572864322 94700678.5304378
16.70854271356784 93287649.05992182
16.834170854271356 91870337.39656807
16.959798994974875 90448940.82285641
17.08542713567839 89023658.68912712
17.21105527638191 87594692.3862813
17.33668341708543 86162245.3138107
17.462311557788944 84726522.85160924
17.587939698492463 83287732.32228975
17.71356783919598 81846082.95597997
17.839195979899497 80401785.85376744
17.964824120603016 78955053.94462447
18.09045226130653 77506101.94437703
18.21608040201005 76055146.3100179
18.34170854271357 74602405.19262326
18.467336683417084 73148098.38799483
18.592964824120603 71692447.28536674
18.718592964824122 70235674.81452416
18.844221105527637 68778005.39150053
18.969849246231156 67319664.86350915
19.09547738693467 65860880.453328475
19.22110552763819 64401880.701802246
19.34673366834171 62942895.414700754
19.472361809045225 61484155.605893165
19.597989949748744 60025893.44727029
19.723618090452263 58568342.213848904
19.849246231155778 57111736.24181417
19.974874371859297 55656310.87839424
20.100502512562816 54202302.44382925
20.22613065326633 52749948.19675544
20.35175879396985 51299486.30021971
20.477386934673365 49851155.796706736
20.603015075376884 48405196.58578125
20.728643216080403 46961849.409900084
20.85427135678392 45521355.84149876
20.979899497487438 44083958.28026617
21.105527638190956 42649899.948672146
21.231155778894472 41219424.89860912
21.35678391959799 39792778.01603763
21.482412060301506 38370205.0331288
21.608040201005025 36951952.54018398
21.733668341708544 35538267.99967068
21.85929648241206 34129399.763211876
21.984924623115578 32725597.085023448
22.110552763819097 31327110.13704524
22.236180904522612 29934190.02169125
22.36180904522613 28547088.78124165
22.487437185929647 27166059.404484365
22.613065326633166 25791355.828521747
22.738693467336685 24423232.93553471
22.8643216080402 23061946.544004463
22.98994974874372 21707753.393467724
23.115577889447238 20360911.12220213
23.241206030150753 19021678.238064364
23.366834170854272 17690314.0812437
23.492462311557787 16367078.779065117
23.618090452261306 15052233.193605097
23.743718592964825 13746038.85956381
23.86934673366834 12448757.91605164
23.99497487437186 11160653.02815438
24.12060301507538 9881987.302268134
24.246231155778894 8613024.19287245
24.371859296482413 7354027.4016722245
24.497487437185928 6105260.770176434
24.623115577889447 4866988.164852337
24.748743718592966 3639473.355916842
24.87437185929648 2422979.88999188
25 1217770.9572010576
