0.04106176335185238 0.04106176335185238
0 85404590.89025062
0.12562814070351758 85396720.20536515
0.25125628140703515 85388809.91617787
0.3768844221105528 85375643.38618699
0.5025125628140703 85357213.81902704
0.628140703517588 85333519.56142795
0.7537688442211056 85304559.79301214
0.8793969849246231 85270333.94607039
1.0050251256281406 85230841.58767496
1.1306532663316582 85186082.41633022
1.256281407035176 85136056.28473979
1.3819095477386936 85080763.23538935
1.5075376884422111 85020203.53353705
1.6331658291457287 84954377.69360459
1.7587939698492463 84883286.50432646
1.8844221105527639 84806931.0378157
2.0100502512562812 84725312.65175834
2.135678391959799 84638432.97936873
2.2613065326633164 84546293.90961199
2.386934673366834 84448897.55018309
2.512562814070352 84346246.1927633
2.6381909547738696 84238342.26353762
2.763819095477387 84125188.26622975
2.8894472361809047 84006786.7245558
3.0150753768844223 83883140.12520099
3.14070351758794 83754250.85974592
3.2663316582914574 83620121.17117314
3.391959798994975 83480753.1066674
3.5175879396984926 83336148.48462929
3.64321608040201 83186308.86462665
3.7688442211055277 83031235.53196616
3.8944723618090453 82870929.50257125
4.0201005025125625 82705391.53158413
4.1457286432160805 82534622.1418382
4.271356783919598 82358621.66073465
4.396984924623116 82177390.26511556
4.522613065326633 81990928.04937774
4.648241206030151 81799235.08919318
4.773869346733668 81602311.5134587
4.899497487437186 81400157.57540889
5.025125628140704 81192773.72860987
5.150753768844221 80980160.70484471
5.276381909547739 80762319.57177503
5.402010050251256 80539251.80669317
5.527638190954774 80310959.34051313
5.653266331658291 80077444.60025293
5.778894472361809 79838710.54490344
5.9045226130653266 79594760.68086384
6.030150753768845 79345599.07789008
6.155778894472362 79091230.3721809
6.28140703517588 78831659.74584816
6.407035175879397 78566892.92480259
6.532663316582915 78296936.14371037
6.658291457286432 78021796.13223997
6.78391959798995 77741480.0807715
6.909547738693467 77455995.62318298
7.035175879396985 77165350.80430844
7.160804020100502 76869554.06464455
7.28643216080402 76568614.22465365
7.4120603015075375 76262540.47840743
7.5376884422110555 75951342.38939004
7.663316582914573 75635029.90322344
7.788944723618091 75313613.35355164
7.914572864321608 74987103.48733343
8.040201005025125 74655511.4913618
8.165829145728644 74318849.01842982
8.291457286432161 73977128.2213753
8.417085427135678 73630361.78934854
8.542713567839195 73278562.97830318
8.668341708542714 72921745.63916771
8.793969849246231 72559924.24795991
8.919597989949748 72193113.9277853
9.045226130653266 71821330.4583313
9.170854271356784 71444590.29242946
9.296482412060302 71062910.55689803
9.422110552763819 70676309.04649897
9.547738693467336 70284804.2191749
9.673366834170855 69888415.18680085
9.798994974874372 69487161.69930372
9.924623115577889 69081064.13378012
10.050251256281408 68670143.48183718
10.175879396984925 68254421.3458562
10.301507537688442 67833919.93220337
10.42713567839196 67408662.06045122
10.552763819095478 66978671.179134846
10.678391959798995 66543971.38873546
10.804020100502512 66104587.47917544
10.92964824120603 65660544.96847366
11.055276381909549 65211870.15613494
11.180904522613066 64758590.18194219
11.306532663316583 64300733.09315941
11.4321608040201 63838327.90759048
11.557788944723619 63371404.67467705
11.683417085427136 62899994.5432236
11.809045226130653 62424129.81785032
11.93467336683417 61943844.003739834
12.06030150753769 61459171.84425299
12.185929648241206 60970149.34208296
12.311557788944723 60476813.77604172
12.43718592964824 59979203.691874415
12.56281407035176 59477358.88857792
12.688442211055277 58971320.38790874
12.814070351758794 58461130.39910462
12.93969849246231 57946832.27445912
13.06532663316583 57428470.45888363
13.190954773869347 56906090.44431747
13.316582914572864 56379738.72902611
13.442211055276381 55849462.78209093
13.5678391959799 55315311.01934793
13.693467336683417 54777332.797527775
13.819095477386934 54235578.42231229
13.944723618090451 53690099.1742561
14.07035175879397 53140947.354058065
14.195979899497488 52588176.34429413
14.321608040201005 52031840.68573412
14.447236180904522 51471996.1658393
14.57286432160804 50908699.915672466
14.698492462311558 50342010.509929456
14.824120603015075 49771988.06508977
14.949748743718592 49198694.330455065
15.075376884422111 48622192.766889974
15.201005025125628 48042548.60813155
15.326633165829145 47459828.90291771
15.452261306532664 46874102.52970093
15.577889447236181 46285440.18599738
15.703517587939698 45693914.35188737
15.829145728643216 45099599.223498665
15.954773869346734 44502570.625345185
16.08040201005025 43902905.89925897
16.20603015075377 43300683.77421252
16.331658291457288 42695984.22768236
16.457286432160803 42088888.339044444
16.582914572864322 41479478.14582355
16.70854271356784 40867836.50542307
16.834170854271356 40254046.97245586
16.959798994974875 39638193.69781012
17.08542713567839 39020361.35106468
17.21105527638191 38400635.07332977
17.33668341708543 37779100.4629979
17.462311557788944 37155843.598850876
17.587939698492463 36530951.09159278
17.71356783919598 35904510.17068876
17.839195979899497 35276608.801191434
17.964824120603016 34647335.82142432
18.09045226130653 34016781.10169532
18.21608040201005 33385035.713395685
18.34170854271357 32752192.101795614
18.467336683417084 32118344.254943557
18.592964824120603 31483587.859586287
18.718592964824122 30848020.438479412
18.844221105527637 30211741.461238407
18.969849246231156 29574852.42347995
19.09547738693467 28937456.88868087
19.22110552763819 28299660.49213324
19.34673366834171 27661570.90303744
19.472361809045225 27023297.747561887
19.597989949748744 26384952.494202618
19.723618090452263 25746648.304174833
19.849246231155778 25108499.854961764
19.974874371859297 24470623.138600748
20.100502512562816 23833135.247116175
20.22613065326633 23196154.151001103
20.35175879396985 22559798.476052552
20.477386934673365 21924187.28957901
20.603015075376884 21289439.901761133
20.728643216080403 20655675.689470284
20.85427135678392 20023013.94606355
20.979899497487438 19391573.762883324
21.105527638190956 18761473.94190499
21.231155778894472 18132832.943486586
21.35678391959799 17505768.866407737
21.482412060301506 16880399.45809304
21.608040201005025 16256842.152270388
21.733668341708544 15635214.127905482
21.85929648241206 15015632.385611717
21.984924623115578 14398213.833847238
22.110552763819097 13783075.379388837
22.236180904522612 13170334.01655206
22.36180904522613 12560106.908212412
22.487437185929647 11952511.454305822
22.613065326633166 11347665.34322763
22.738693467336685 10745686.583411817
22.8643216080402 10146693.512821764
22.98994974874372 9550804.785488639
23.115577889447238 8958139.335356416
23.241206030150753 8368816.319221224
23.366834170854272 7782955.039873444
23.492462311557787 7200674.853260158
23.618090452261306 6622095.062490651
23.743718592964825 6047334.801996067
23.86934673366834 5476512.916200358
23.99497487437186 4909747.834564084
24.12060301507538 4347157.448070359
24.246231155778894 3788858.988936816
24.371859296482413 3234968.9164173203
24.497487437185928 2685602.8117055097
24.623115577889447 2140875.283511773
24.748743718592966 1600899.886199057
24.87437185929648 1065789.0515545416
25 535654.0339291407
