0.004752256041175641 0.004752256041175641
0 5740517891.01578
0.12562814070351758 5740517849.826309
0.25125628140703515 5740517805.920185
0.3768844221105528 5740517729.297643
0.5025125628140703 5740517614.360192
0.628140703517588 5740517452.74954
0.7537688442211056 5740517232.725401
0.8793969849246231 5740516938.326076
1.0050251256281406 5740516548.245138
1.1306532663316582 5740516034.358414
1.256281407035176 5740515359.810571
1.3819095477386936 5740514476.556686
1.5075376884422111 5740513322.223163
1.6331658291457287 5740511816.120637
1.7587939698492463 5740509854.204075
1.8844221105527639 5740507302.739783
2.0100502512562812 5740503990.362316
2.135678391959799 5740499698.18401
2.2613065326633164 5740494147.503332
2.386934673366834 5740486984.620089
2.512562814070352 5740477762.142113
2.6381909547738696 5740465916.091424
2.763819095477387 5740450737.977226
2.8894472361809047 5740431340.90384
3.0150753768844223 5740406618.6232
3.14070351758794 5740375196.30171
3.2663316582914574 5740335371.620832
3.391959798994975 5740285044.656682
3.5175879396984926 5740221634.82154
3.64321608040201 5740141983.003424
3.7688442211055277 5740042236.843886
3.8944723618090453 5739917716.992959
4.0201005025125625 5739762762.025302
4.1457286432160805 5739570549.6124525
4.271356783919598 5739332891.498521
4.396984924623116 5739039999.800984
4.522613065326633 5738680222.223951
4.648241206030151 5738239743.881789
4.773869346733668 5737702253.640099
4.899497487437186 5737048573.195568
5.025125628140704 5736256247.487973
5.150753768844221 5735299095.599161
5.276381909547739 5734146721.940186
5.402010050251256 5732763988.235346
5.527638190954774 5731110447.876126
5.653266331658291 5729139745.081538
5.778894472361809 5726798982.665728
5.9045226130653266 5724028063.395966
6.030150753768845 5720759011.471827
6.155778894472362 5716915282.0616045
6.28140703517588 5712411068.7092705
6.407035175879397 5707150619.79377
6.532663316582915 5701027577.348998
6.658291457286432 5693924353.101819
6.78391959798995 5685711558.355924
6.909547738693467 5676247506.37326
7.035175879396985 5665377807.122177
7.160804020100502 5652935076.363729
7.28643216080402 5638738781.936436
7.4120603015075375 5622595251.856219
7.5376884422110555 5604297869.354433
7.663316582914573 5583627481.096441
7.788944723618091 5560353044.839085
7.914572864321608 5534232542.771473
8.040201005025125 5505014186.479735
8.165829145728644 5472437938.315787
8.291457286432161 5436237369.272847
8.417085427135678 5396141873.7322445
8.542713567839195 5351879268.947225
8.668341708542714 5303178764.102562
8.793969849246231 5249774296.621898
8.919597989949748 5191408354.536107
9.045226130653266 5127836030.845908
9.170854271356784 5058829421.979907
9.296482412060302 4984182728.528059
9.422110552763819 4903716777.7760935
9.547738693467336 4817284719.856409
9.673366834170855 4724777360.660947
9.798994974874372 4626127790.564454
9.924623115577889 4521318201.417935
10.050251256281408 4410382604.667742
10.175879396984925 4293414240.374245
10.301507537688442 4170566477.6466384
10.42713567839196 4042059488.719022
10.552763819095478 3908179163.9785247
10.678391959798995 3769281807.213641
10.804020100502512 3625791174.806431
10.92964824120603 3478199381.4588084
11.055276381909549 3327062792.772824
11.180904522613066 3172997778.9933305
11.306532663316583 3016675126.9434376
11.4321608040201 2858811663.846302
11.557788944723619 2700161559.109287
11.683417085427136 2541505650.257725
11.809045226130653 2383639684.54708
11.93467336683417 2227361902.311313
12.06030150753769 2073459946.1536741
12.185929648241206 1922697652.705805
12.311557788944723 1775802123.7592404
12.43718592964824 1633451445.3333547
12.56281407035176 1496263468.5492904
12.688442211055277 1364786021.86041
12.814070351758794 1239488867.014001
12.93969849246231 1120757646.687047
13.06532663316583 1008889991.5089095
13.190954773869347 904093864.9023415
13.316582914572864 806488132.4454831
13.442211055276381 716105253.4840512
13.5678391959799 632895911.6478707
13.693467336683417 556735332.3051466
13.819095477386934 487430982.2977721
13.944723618090451 424731312.70180625
14.07035175879397 368335189.62555283
14.195979899497488 317901660.6225479
14.321608040201005 273059723.40070605
14.447236180904522 233417796.45959932
14.57286432160804 198572634.76600537
14.698492462311558 168117483.9648364
14.824120603015075 141649320.30874467
14.949748743718592 118775077.14048073
15.075376884422111 99116809.52098788
15.201005025125628 82315794.21410584
15.326633165829145 68035601.1354995
15.452261306532664 55964203.631052375
15.577889447236181 45815218.259932995
15.703517587939698 37328380.327285446
15.829145728643216 30269369.853439637
15.954773869346734 24429104.878395353
16.08040201005025 19622616.05053163
16.20603015075377 15687609.474021163
16.331658291457288 12482814.911370972
16.457286432160803 9886204.696923533
16.582914572864322 7793156.03073998
16.70854271356784 6114616.456845174
16.834170854271356 4775319.8922497
16.959798994974875 3712089.013133204
17.08542713567839 2872249.426332595
17.21105527638191 2212172.0343311112
17.33668341708543 1695952.4104166452
17.462311557788944 1294229.8231057178
17.587939698492463 983143.7080750227
17.71356783919598 743421.7610742638
17.839195979899497 559591.2697701738
17.964824120603016 419303.6572034203
18.09045226130653 312761.3144821025
18.21608040201005 232235.5026265026
18.34170854271357 171664.26311226582
18.467336683417084 126319.76990542491
18.592964824120603 92535.27689436192
18.718592964824122 67482.67605355674
18.844221105527637 48992.61334003997
18.969849246231156 35410.057141937985
19.09547738693467 25479.138102826935
19.22110552763819 18251.951430760135
19.34673366834171 13016.815409459638
19.472361809045225 9242.202768401801
19.597989949748744 6533.200974070174
19.723618090452263 4597.9140523308815
19.849246231155778 3221.696095925995
19.974874371859297 2247.511078189491
20.100502512562816 1561.0520990289972
20.22613065326633 1079.5333639445819
20.35175879396985 743.2976940494639
20.477386934673365 509.5685160760457
20.603015075376884 347.8248726365035
20.728643216080403 236.39714072570004
20.85427135678392 159.97524012573933
20.979899497487438 107.79481385759931
21.105527638190956 72.32413408957713
21.231155778894472 48.31865068727989
21.35678391959799 32.14390276016931
21.482412060301506 21.293199295009966
21.608040201005025 14.045854937280769
21.733668341708544 9.226288279205878
21.85929648241206 6.035097326253925
21.984924623115578 3.931216787021291
22.110552763819097 2.550130572753624
22.236180904522612 1.6473960391997615
22.36180904522613 1.0598428584456574
22.487437185929647 0.6790483624749483
22.613065326633166 0.4332951574202623
22.738693467336685 0.27535896715931524
22.8643216080402 0.1742831734659592
22.98994974874372 0.10986550489862619
23.115577889447238 0.0689804390533065
23.241206030150753 0.043137851641877306
23.366834170854272 0.026870050601115598
23.492462311557787 0.016671146079154653
23.618090452261306 0.010302887967331064
23.743718592964825 0.006342464714420527
23.86934673366834 0.003889285199941539
23.99497487437186 0.00237572062029002
24.12060301507538 0.001445502406021024
24.246231155778894 0.0008759410830467902
24.371859296482413 0.0005283934200143078
24.497487437185928 0.00031685180278966747
24.623115577889447 0.00018810128530121438
24.748743718592966 0.00010921882324736528
24.87437185929648 0.00005969862472054695
25 0.000026457983860175344
