0.01266481397783534 0.01266481397783534
0 529781378.8858166
0.12562814070351758 529765417.11291015
0.25125628140703515 529717363.9852186
0.3768844221105528 529637244.0106636
0.5025125628140703 529525010.416251
0.628140703517588 529380597.72496223
0.7537688442211056 529203921.86652327
0.8793969849246231 528994880.3021469
1.0050251256281406 528753352.14158076
1.1306532663316582 528479198.29441595
1.256281407035176 528172261.64732593
1.3819095477386936 527832367.25576806
1.5075376884422111 527459322.572747
1.6331658291457287 527052917.6901969
1.7587939698492463 526612925.6086595
1.8844221105527639 526139102.54298735
2.0100502512562812 525631188.2382041
2.135678391959799 525088906.31686926
2.2613065326633164 524511964.6609828
2.386934673366834 523900055.8121464
2.512562814070352 523252857.3952917
2.6381909547738696 522570032.58108735
2.763819095477387 521851230.5651693
2.8894472361809047 521096087.07641953
3.0150753768844223 520304224.92027336
3.14070351758794 519475254.53588504
3.2663316582914574 518608774.58855844
3.391959798994975 517704372.5932095
3.5175879396984926 516761625.54843813
3.64321608040201 515780100.6108347
3.7688442211055277 514759355.79340744
3.8944723618090453 513698940.6828754
4.0201005025125625 512598397.18373686
4.1457286432160805 511457260.2945597
4.271356783919598 510275058.89253825
4.396984924623116 509051316.56550443
4.522613065326633 507785552.44075143
4.648241206030151 506477282.05410516
4.773869346733668 505126018.2418362
4.899497487437186 503731272.0460578
5.025125628140704 502292553.64898044
5.150753768844221 500809373.3281098
5.276381909547739 499281242.4390681
5.402010050251256 497707674.4117014
5.527638190954774 496088185.77529484
5.653266331658291 494422297.20916235
5.778894472361809 492709534.61138034
5.9045226130653266 490949430.196829
6.030150753768845 489141523.6142605
6.155778894472362 487285363.0889376
6.28140703517588 485380506.594037
6.407035175879397 483426523.0443876
6.532663316582915 481422993.507567
6.658291457286432 479369512.4541239
6.78391959798995 477265689.0164333
6.909547738693467 475111148.28636664
7.035175879396985 472905532.6089892
7.160804020100502 470648502.9353565
7.28643216080402 468339740.1581618
7.4120603015075375 465978946.48504615
7.5376884422110555 463565846.82325447
7.663316582914573 461100190.17234975
7.788944723618091 458581751.03129447
7.914572864321608 456010330.8118437
8.040201005025125 453385759.25125915
8.165829145728644 450707895.831033
8.291457286432161 447976631.1830472
8.417085427135678 445191888.4954544
8.542713567839195 442353624.9053293
8.668341708542714 439461832.866427
8.793969849246231 436516541.50924075
8.919597989949748 433517817.9637829
9.045226130653266 430465768.6658377
9.170854271356784 427360540.6157651
9.296482412060302 424202322.61217546
9.422110552763819 420991346.4346322
9.547738693467336 417727887.9869875
9.673366834170855 414412268.3881386
9.798994974874372 411044855.003988
9.924623115577889 407626062.4281316
10.050251256281408 404156353.4023783
10.175879396984925 400636239.6622977
10.301507537688442 397066282.718474
10.42713567839196 393447094.57297695
10.552763819095478 389779338.3420131
10.678391959798995 386063728.8135747
10.804020100502512 382301032.91478837
10.92964824120603 378492070.0938517
11.055276381909549 374637712.608734
11.180904522613066 370738885.7250742
11.306532663316583 366796567.8169245
11.4321608040201 362811790.36345345
11.557788944723619 358785637.8470224
11.683417085427136 354719247.54155654
11.809045226130653 350613809.19396263
11.93467336683417 346470564.59294343
12.06030150753769 342290807.02464974
12.185929648241206 338075880.61262643
12.311557788944723 333827179.53949153
12.43718592964824 329546147.150521
12.56281407035176 325234274.93647736
12.688442211055277 320893101.39592403
12.814070351758794 316524210.775631
12.93969849246231 312129231.69121915
13.06532663316583 307709835.62443113
13.190954773869347 303267735.3036445
13.316582914572864 298804682.9642914
13.442211055276381 294322468.49001
13.5678391959799 289822917.44477123
13.693467336683417 285307888.9835452
13.819095477386934 280779273.6635321
13.944723618090451 276238991.1373464
14.07035175879397 271688987.7533339
14.195979899497488 267131234.04682466
14.321608040201005 262567722.1413158
14.447236180904522 258000463.05440646
14.57286432160804 253431483.91622457
14.698492462311558 248862825.1047705
14.824120603015075 244296537.30071393
14.949748743718592 239734678.47220922
15.075376884422111 235179310.78430638
15.201005025125628 230632497.45183784
15.326633165829145 226096299.52998266
15.452261306532664 221572772.65518728
15.577889447236181 217063963.7429123
15.703517587939698 212571907.6469574
15.829145728643216 208098623.79051384
15.954773869346734 203646112.77750644
16.08040201005025 199216352.99289766
16.20603015075377 194811297.2023942
16.331658291457288 190432869.1625048
16.457286432160803 186082960.25227696
16.582914572864322 181763426.13694265
16.70854271356784 177476083.4795997
16.834170854271356 173222706.70811462
16.959798994974875 169005024.85516837
17.08542713567839 164824718.47830626
17.21105527638191 160683416.678872
17.33668341708543 156582694.22452027
17.462311557788944 152524068.79339612
17.587939698492463 148508998.34439158
17.71356783919598 144538878.6254481
17.839195979899497 140615040.8326748
17.964824120603016 136738749.41720313
18.09045226130653 132911200.0590275
18.21608040201005 129133517.8028862
18.34170854271357 125406755.36318676
18.467336683417084 121731891.60430862
18.592964824120603 118109830.19332281
18.718592964824122 114541398.42961825
18.844221105527637 111027346.24887678
18.969849246231156 107568345.40410697
19.09547738693467 104164988.8196583
19.22110552763819 100817790.11838192
19.34673366834171 97527183.3200295
19.472361809045225 94293522.70784715
19.597989949748744 91117082.86205481
19.723618090452263 87998058.85705446
19.849246231155778 84936566.62036525
19.974874371859297 81932643.44947147
20.100502512562816 78986248.68632628
20.22613065326633 76097264.54404898
20.35175879396985 73265497.08395247
20.477386934673365 70490677.34209709
20.603015075376884 67772462.59831256
20.728643216080403 65110437.788301826
20.85427135678392 62504117.052723415
20.979899497487438 59952945.42113095
21.105527638190956 57456300.62656607
21.231155778894472 55013495.04552429
21.35678391959799 52623777.76052531
21.482412060301506 50286336.7391632
21.608040201005025 48000301.12437078
21.733668341708544 45764743.631143935
21.85929648241206 43578683.04440025
21.984924623115578 41441086.80989221
22.110552763819097 39350873.714295
22.236180904522612 37306916.64624394
22.36180904522613 35308045.43300174
22.487437185929647 33353049.74490473
22.613065326633166 31440682.06148525
22.738693467336685 29569660.69261698
22.8643216080402 27738672.846615646
22.98994974874372 25946377.74060765
23.115577889447238 24191409.744168475
23.241206030150753 22472381.551866975
23.366834170854272 20787887.376610175
23.492462311557787 19136506.15888557
23.618090452261306 17516804.785027776
23.743718592964825 15927341.309277358
23.86934673366834 14366668.17412005
23.99497487437186 12833335.423151866
24.12060301507538 11325893.902032629
24.246231155778894 9842898.442314023
24.371859296482413 8382911.023751766
24.497487437185928 6944503.91071287
24.623115577889447 5526262.758506583
24.748743718592966 4126789.6857282165
24.87437185929648 2744706.3087662263
25 1378656.7349219571
