0.017848160369754562 0.017848160369754562
0 308250105.1590963
0.12562814070351758 308240176.1843362
0.25125628140703515 308210288.490003
0.3768844221105528 308160470.6179853
0.5025125628140703 308090715.2178504
0.628140703517588 308001011.9722124
0.7537688442211056 307891347.6497894
0.8793969849246231 307761706.1422929
1.0050251256281406 307612068.49926883
1.1306532663316582 307442412.97691983
1.256281407035176 307252715.08281994
1.3819095477386936 307042947.6347401
1.5075376884422111 306813080.81763613
1.6331658291457287 306563082.2493969
1.7587939698492463 306292917.05006635
1.8844221105527639 306002547.91586673
2.0100502512562812 305691935.19312966
2.135678391959799 305361036.96179765
2.2613065326633164 305009809.1189936
2.386934673366834 304638205.4615362
2.512562814070352 304246177.7821541
2.6381909547738696 303833675.9558711
2.763819095477387 303400648.04040813
2.8894472361809047 302947040.375655
3.0150753768844223 302472797.6839459
3.14070351758794 301977863.177823
3.2663316582914574 301462178.6732453
3.391959798994975 300925684.70109814
3.5175879396984926 300368320.6302261
3.64321608040201 299790024.7936855
3.7688442211055277 299190734.62506086
3.8944723618090453 298570386.7891136
4.0201005025125625 297928917.3365163
4.1457286432160805 297266261.8568731
4.271356783919598 296582355.63977855
4.396984924623116 295877133.84745425
4.522613065326633 295150531.6972874
4.648241206030151 294402484.655103
4.773869346733668 293632928.62487835
4.899497487437186 292841800.17679244
5.025125628140704 292029036.7477626
5.150753768844221 291194576.88551533
5.276381909547739 290338360.4796628
5.402010050251256 289460329.01180774
5.527638190954774 288560425.8085333
5.653266331658291 287638596.30553347
5.778894472361809 286694788.31847817
5.9045226130653266 285728952.31573
6.030150753768845 284741041.69432527
6.155778894472362 283731013.07282853
6.28140703517588 282698826.56998634
6.407035175879397 281644446.0958539
6.532663316582915 280567839.63461685
6.658291457286432 279468979.5409085
6.78391959798995 278347842.81470644
6.909547738693467 277204411.3896962
7.035175879396985 276038672.4113564
7.160804020100502 274850618.5132405
7.28643216080402 273640248.0832707
7.4120603015075375 272407565.5274972
7.5376884422110555 271152581.52631956
7.663316582914573 269875313.2926669
7.788944723618091 268575784.8028813
7.914572864321608 267254027.04277566
8.040201005025125 265910078.22604367
8.165829145728644 264543984.02589867
8.291457286432161 263155797.77834886
8.417085427135678 261745580.6937441
8.542713567839195 260313402.0504127
8.668341708542714 258859339.38628837
8.793969849246231 257383478.6857822
8.919597989949748 255885914.54710227
9.045226130653266 254366750.35723475
9.170854271356784 252826098.4519162
9.296482412060302 251264080.27011877
9.422110552763819 249680826.49705917
9.547738693467336 248076477.2110361
9.673366834170855 246451182.00893283
9.798994974874372 244805100.13569915
9.924623115577889 243138400.59637246
10.050251256281408 241451262.26830855
10.175879396984925 239743874.00013348
10.301507537688442 238016434.698436
10.42713567839196 236269153.41101012
10.552763819095478 234502249.39741343
10.678391959798995 232715952.18437627
10.804020100502512 230910501.6186655
10.92964824120603 229086147.89646462
11.055276381909549 227243151.59183532
11.180904522613066 225381783.66210154
11.306532663316583 223502325.4442545
11.4321608040201 221605068.63633624
11.557788944723619 219690315.2613924
11.683417085427136 217758377.6197795
11.809045226130653 215809578.2214468
11.93467336683417 213844249.70464838
12.06030150753769 211862734.73327908
12.185929648241206 209865385.88377753
12.311557788944723 207852565.50743657
12.43718592964824 205824645.57893547
12.56281407035176 203782007.52387497
12.688442211055277 201725042.03264973
12.814070351758794 199654148.84888726
12.93969849246231 197569736.54677415
13.06532663316583 195472222.2832262
13.190954773869347 193362031.53795308
13.316582914572864 191239597.83079857
13.442211055276381 189105362.42382193
13.5678391959799 186959774.00544202
13.693467336683417 184803288.35849425
13.819095477386934 182636368.01134714
13.944723618090451 180459481.8748481
14.07035175879397 178273104.86438808
14.195979899497488 176077717.5088721
14.321608040201005 173873805.54774323
14.447236180904522 171661859.5168055
14.57286432160804 169442374.3241444
14.698492462311558 167215848.81812343
14.824120603015075 164982785.34746918
14.949748743718592 162743689.31641787
15.075376884422111 160499068.73341382
15.201005025125628 158249433.7583645
15.326633165829145 155995296.24564865
15.452261306532664 153737169.28590178
15.577889447236181 151475566.74721956
15.703517587939698 149211002.81537247
15.829145728643216 146943991.53548333
15.954773869346734 144675046.35190663
16.08040201005025 142404679.6515643
16.20603015075377 140133402.30382618
16.331658291457288 137861723.20516852
16.457286432160803 135590148.82065925
16.582914572864322 133319182.72597142
16.70854271356784 131049325.14935936
16.834170854271356 128781072.51238413
16.959798994974875 126514916.96918787
17.08542713567839 124251345.9456852
17.21105527638191 121990841.67492856
17.33668341708543 119733880.73422462
17.462311557788944 117480933.57972664
17.587939698492463 115232464.08274966
17.71356783919598 112988929.06586696
17.839195979899497 110750777.84214154
17.964824120603016 108518451.75896752
18.09045226130653 106292383.74759556
18.21608040201005 104072997.88120614
18.34170854271357 101860708.94404201
18.467336683417084 99655922.01379913
18.592964824120603 97459032.06067066
18.718592964824122 95270423.56592034
18.844221105527637 93090470.16156201
18.969849246231156 90919534.29787506
19.09547738693467 88757966.93521218
19.22110552763819 86606107.26882868
19.34673366834171 84464282.48773776
19.472361809045225 82332807.56468976
19.597989949748744 80211985.0870569
19.723618090452263 78102105.1236268
19.849246231155778 76003445.13139658
19.974874371859297 73916269.90243837
20.100502512562816 71840831.55205588
20.22613065326633 69777369.54265633
20.35175879396985 67726110.75407194
20.477386934673365 65687269.58607187
20.603015075376884 63661048.102391586
20.728643216080403 61647636.209540494
20.85427135678392 59647211.87092242
20.979899497487438 57659941.35302084
21.105527638190956 55685979.50356049
21.231155778894472 53725470.05841452
21.35678391959799 51778545.97599724
21.482412060301506 49845329.79683819
21.608040201005025 47925934.027123846
21.733668341708544 46020461.54357241
21.85929648241206 44129006.01886428
21.984924623115578 42251652.36530224
22.110552763819097 40388477.19600041
22.236180904522612 38539549.30157512
22.36180904522613 36704930.14155692
22.487437185929647 34884674.34957017
22.613065326633166 33078830.250671335
22.738693467336685 31287440.389892265
22.8643216080402 29510542.072412446
22.98994974874372 27748167.912553083
23.115577889447238 26000346.391934734
23.241206030150753 24267102.425609812
23.366834170854272 22548457.93480792
23.492462311557787 20844432.426921826
23.618090452261306 19155043.578746602
23.743718592964825 17480307.825045984
23.86934673366834 15820240.948846845
23.99497487437186 14174858.674124198
24.12060301507538 12544177.256932564
24.246231155778894 10928214.076513493
24.371859296482413 9326988.222278342
24.497487437185928 7740521.07605716
24.623115577889447 6168836.888259412
24.748743718592966 4611963.344925301
24.87437185929648 3069932.1248979243
25 1542779.444560569
