0.2644025655552627 0.2644025655552627
0 61148.187136744964
0.12562814070351758 61140.680849717675
0.25125628140703515 61133.13785496002
0.3768844221105528 61120.584098735126
0.5025125628140703 61103.01520440512
0.628140703517588 61080.43249917856
0.7537688442211056 61052.83888783376
0.8793969849246231 61020.238257557794
1.0050251256281406 60982.635310620695
1.1306532663316582 60940.03553268015
1.256281407035176 60892.44516494778
1.3819095477386936 60839.87119151707
1.5075376884422111 60782.321337428104
1.6331658291457287 60719.8040621402
1.7587939698492463 60652.32856439112
1.8844221105527639 60579.90476993812
2.0100502512562812 60502.54333012085
2.135678391959799 60420.25562743425
2.2613065326633164 60333.0537740982
2.386934673366834 60240.95059646233
2.512562814070352 60143.959647477925
2.6381909547738696 60042.095198034905
2.763819095477387 59935.37223500646
2.8894472361809047 59823.8064557501
3.0150753768844223 59707.414269392604
3.14070351758794 59586.212797952714
3.2663316582914574 59460.21986321951
3.391959798994975 59329.453994479394
3.5175879396984926 59193.934411440794
3.64321608040201 59053.68104210892
3.7688442211055277 58908.71449115308
3.8944723618090453 58759.056067885846
4.0201005025125625 58604.727750755854
4.1457286432160805 58445.75221124245
4.271356783919598 58282.152788488645
4.396984924623116 58113.95349886957
4.522613065326633 57941.17903121912
4.648241206030151 57763.85472777598
4.773869346733668 57582.006596967025
4.899497487437186 57395.66129728192
5.025125628140704 57204.84614630572
5.150753768844221 57009.58909039687
5.276381909547739 56809.91873090451
5.402010050251256 56605.86429735293
5.527638190954774 56397.45564524651
5.653266331658291 56184.72325380267
5.778894472361809 55967.69823058772
5.9045226130653266 55746.412288126194
6.030150753768845 55520.897741475346
6.155778894472362 55291.18751277949
6.28140703517588 55057.3151218109
6.407035175879397 54819.31467111585
6.532663316582915 54577.220854082436
6.658291457286432 54331.068932962844
6.78391959798995 54080.8947486369
6.909547738693467 53826.734702022055
7.035175879396985 53568.62575489502
7.160804020100502 53306.60542013874
7.28643216080402 53040.71175702215
7.4120603015075375 52770.98336122782
7.5376884422110555 52497.459365331895
7.663316582914573 52220.17942517241
7.788944723618091 51939.1837148609
7.914572864321608 51654.512923421666
8.040201005025125 51366.20824445157
8.165829145728644 51074.31136732534
8.291457286432161 50778.86447720124
8.417085427135678 50479.91024083559
8.542713567839195 50177.49180293362
8.668341708542714 49871.65277894112
8.793969849246231 49562.437247756796
8.919597989949748 49249.889739187056
9.045226130653266 48934.055235432155
9.170854271356784 48614.97915670475
9.296482412060302 48292.70735566457
9.422110552763819 47967.286110073444
9.547738693467336 47638.76211367485
9.673366834170855 47307.182468814004
9.798994974874372 46972.59467897819
9.924623115577889 46635.04664142479
10.050251256281408 46294.58663251069
10.175879396984925 45951.26331062732
10.301507537688442 45605.125696317366
10.42713567839196 45256.22316950662
10.552763819095478 44904.60545991344
10.678391959798995 44550.32264226031
10.804020100502512 44193.42511920466
10.92964824120603 43833.963616260386
11.055276381909549 43471.989176582436
11.180904522613066 43107.55314663364
11.306532663316583 42740.707168842884
11.4321608040201 42371.5031755838
11.557788944723619 41999.99337612157
11.683417085427136 41626.23024678066
11.809045226130653 41250.26652624601
11.93467336683417 40872.15520201057
12.06030150753769 40491.94950534068
12.185929648241206 40109.70289943732
12.311557788944723 39725.469068922685
12.43718592964824 39339.30191327271
12.56281407035176 38951.25553826913
12.688442211055277 38561.384242229746
12.814070351758794 38169.74251491756
12.93969849246231 37776.38501685587
13.06532663316583 37381.36658383153
13.190954773869347 36984.742204824695
13.316582914572864 36586.56701960414
13.442211055276381 36186.89631486359
13.5678391959799 35785.7854991139
13.693467336683417 35383.29010977541
13.819095477386934 34979.46579730319
13.944723618090451 34574.36831123894
14.07035175879397 34168.05350234265
14.195979899497488 33760.57730352819
14.321608040201005 33351.99572329988
14.447236180904522 32942.36483744136
14.57286432160804 32531.740782529534
14.698492462311558 32120.179738738283
14.824120603015075 31707.737926908383
14.949748743718592 31294.471601827754
15.075376884422111 30880.437031632333
15.201005025125628 30465.69049792992
15.326633165829145 30050.28828561392
15.452261306532664 29634.28666878417
15.577889447236181 29217.741903705533
15.703517587939698 28800.710221719793
15.829145728643216 28383.2478148799
15.954773869346734 27965.410830407156
16.08040201005025 27547.255359553834
16.20603015075377 27128.837426604987
16.331658291457288 26710.21298189414
16.457286432160803 26291.43789321659
16.582914572864322 25872.567932579244
16.70854271356784 25453.658769058646
16.834170854271356 25034.76595893263
16.959798994974875 24615.94493843145
17.08542713567839 24197.251011034496
17.21105527638191 23778.739339269327
17.33668341708543 23360.464939001493
17.462311557788944 22942.482664107345
17.587939698492463 22524.847204357888
17.71356783919598 22107.6130700722
17.839195979899497 21690.8345866605
17.964824120603016 21274.56588820591
18.09045226130653 20858.860902416774
18.21608040201005 20443.77334633691
18.34170854271357 20029.35671780952
18.467336683417084 19615.664284377108
18.592964824120603 19202.749077820514
18.718592964824122 18790.663882600595
18.844221105527637 18379.461230902813
18.969849246231156 17969.19339071834
19.09547738693467 17559.91236130083
19.22110552763819 17151.66985998214
19.34673366834171 16744.51731998467
19.472361809045225 16338.505878581509
19.597989949748744 15933.686368219996
19.723618090452263 15530.109312272298
19.849246231155778 15127.824913796281
19.974874371859297 14726.883047180325
20.100502512562816 14327.3332542799
20.22613065326633 13929.224731739243
20.35175879396985 13532.606328179096
20.477386934673365 13137.526530762349
20.603015075376884 12744.033463069416
20.728643216080403 12352.174873010688
20.85427135678392 11961.998128437646
20.979899497487438 11573.550208321049
21.105527638190956 11186.87769596659
21.231155778894472 10802.026770323231
21.35678391959799 10419.043200839398
21.482412060301506 10037.972338941065
21.608040201005025 9658.859111222531
21.733668341708544 9281.74801257913
21.85929648241206 8906.683100018274
21.984924623115578 8533.707984727078
22.110552763819097 8162.865825790973
22.236180904522612 7794.1993248603485
22.36180904522613 7427.750718088911
22.487437185929647 7063.561769934497
22.613065326633166 6701.67376832257
22.738693467336685 6342.127517054877
22.8643216080402 5984.963330785371
22.98994974874372 5630.221027928959
23.115577889447238 5277.939926231691
23.241206030150753 4928.158836073037
23.366834170854272 4580.916055359979
23.492462311557787 4236.249363607591
23.618090452261306 3894.196017111884
23.743718592964825 3554.7927426958945
23.86934673366834 3218.075733839113
23.99497487437186 2884.0806443402976
24.12060301507538 2552.842584140286
24.246231155778894 2224.39611384466
24.371859296482413 1898.7752403572808
24.497487437185928 1576.0134121179342
24.623115577889447 1256.1435143684052
24.748743718592966 939.1978647556391
24.87437185929648 625.2082091013689
25 314.20571685165703
