0.005504966481652985 0.005504966481652985
0 3079112138.0999784
0.12562814070351758 3079106493.8626943
0.25125628140703515 3079100726.4909177
0.3768844221105528 3079090998.1505895
0.5025125628140703 3079077109.787594
0.628140703517588 3079058783.2193584
0.7537688442211056 3079035654.3419523
0.8793969849246231 3079007266.245255
1.0050251256281406 3078973061.546877
1.1306532663316582 3078932374.1202087
1.256281407035176 3078884418.1903043
1.3819095477386936 3078828276.0344534
1.5075376884422111 3078762885.267022
1.6331658291457287 3078687021.9325256
1.7587939698492463 3078599283.8163586
1.8844221105527639 3078498071.074272
2.0100502512562812 3078381563.86149
2.135678391959799 3078247699.0484934
2.2613065326633164 3078094144.059245
2.386934673366834 3077918267.7839923
2.512562814070352 3077717109.6295047
2.6381909547738696 3077487345.9112325
2.763819095477387 3077225252.7587643
2.8894472361809047 3076926667.0585866
3.0150753768844223 3076586944.6058583
3.14070351758794 3076200913.7429495
3.2663316582914574 3075762828.9862404
3.391959798994975 3075266319.1461215
3.5175879396984926 3074704332.9393153
3.64321608040201 3074069084.39834
3.7688442211055277 3073351991.824922
3.8944723618090453 3072543616.5662184
4.0201005025125625 3071633599.938896
4.1457286432160805 3070610595.8063006
4.271356783919598 3069462203.8113394
4.396984924623116 3068174899.3801813
4.522613065326633 3066733964.3377495
4.648241206030151 3065123416.022262
4.773869346733668 3063325934.8150606
4.899497487437186 3061322798.677266
5.025125628140704 3059093808.866415
5.150753768844221 3056617226.801256
5.276381909547739 3053869711.3754497
5.402010050251256 3050826254.5555944
5.527638190954774 3047460130.4230547
5.653266331658291 3043742846.0326385
5.778894472361809 3039644092.79991
5.9045226130653266 3035131721.0116134
6.030150753768845 3030171709.5883937
6.155778894472362 3024728146.2608376
6.28140703517588 3018763240.4621634
6.407035175879397 3012237315.485269
6.532663316582915 3005108844.448062
6.658291457286432 2997334493.3543677
6.78391959798995 2988869170.4511566
6.909547738693467 2979666113.47355
7.035175879396985 2969676983.8949504
7.160804020100502 2958851990.4402995
7.28643216080402 2947140032.0384283
7.4120603015075375 2934488865.114233
7.5376884422110555 2920845285.280158
7.663316582914573 2906155386.037494
7.788944723618091 2890364864.214635
7.914572864321608 2873419050.647304
8.040201005025125 2855263198.760926
8.165829145728644 2835844004.989929
8.291457286432161 2815108529.775023
8.417085427135678 2793001828.9267244
8.542713567839195 2769477671.5539846
8.668341708542714 2744490211.0684114
8.793969849246231 2717977584.0536313
8.919597989949748 2689922946.185175
9.045226130653266 2660274309.638699
9.170854271356784 2628970529.450195
9.296482412060302 2596057029.2673526
9.422110552763819 2561405545.377238
9.547738693467336 2525090460.5599427
9.673366834170855 2487046590.4866095
9.798994974874372 2447278777.982746
9.924623115577889 2405801598.2165008
10.050251256281408 2362613107.8940887
10.175879396984925 2317737188.64182
10.301507537688442 2271193827.851442
10.42713567839196 2223047137.8799744
10.552763819095478 2173292390.724586
10.678391959798995 2122047727.7639606
10.804020100502512 2069343554.4991605
10.92964824120603 2015234622.3722491
11.055276381909549 1959897667.5784187
11.180904522613066 1903304873.4975576
11.306532663316583 1845669682.874374
11.4321608040201 1787060567.48463
11.557788944723619 1727592616.7559633
11.683417085427136 1667433386.4106946
11.809045226130653 1606699150.4869125
11.93467336683417 1545541237.495713
12.06030150753769 1484118448.3122644
12.185929648241206 1422583383.997979
12.311557788944723 1361096444.7997587
12.43718592964824 1299820976.363572
12.56281407035176 1238919364.5194166
12.688442211055277 1178553277.2456336
12.814070351758794 1118882425.0747669
12.93969849246231 1060062773.9965816
13.06532663316583 1002245151.4398831
13.190954773869347 945573960.6811806
13.316582914572864 890185896.5090501
13.442211055276381 836208740.4240887
13.5678391959799 783760277.055231
13.693467336683417 732947343.0747102
13.819095477386934 683865020.8594612
13.944723618090451 636595990.4324154
14.07035175879397 591210049.7606448
14.195979899497488 547763809.2919427
14.321608040201005 506300562.74385405
14.447236180904522 466850332.40010595
14.57286432160804 429430083.43580836
14.698492462311558 394044098.3531445
14.824120603015075 360684499.4978829
14.949748743718592 329331904.857729
15.075376884422111 299956200.1590098
15.201005025125628 272517408.5812775
15.326633165829145 246966638.28394514
15.452261306532664 223247087.42045733
15.577889447236181 201295086.30315274
15.703517587939698 181041156.93374377
15.829145728643216 162411071.10658598
15.954773869346734 145326889.69937018
16.08040201005025 129707967.49829751
16.20603015075377 115471909.88705716
16.331658291457288 102535469.88235977
16.457286432160803 90815376.23577367
16.582914572864322 80229085.58040719
16.70854271356784 70695453.80409056
16.834170854271356 62135323.923843555
16.959798994974875 54472029.67472561
17.08542713567839 47631815.767688304
17.21105527638191 41544177.2928902
17.33668341708543 36142122.03162517
17.462311557788944 31362360.48309854
17.587939698492463 27145429.216991674
17.71356783919598 23435753.736491054
17.839195979899497 20181657.39641018
17.964824120603016 17335323.085113846
18.09045226130653 14852714.372628424
18.21608040201005 12693462.671843607
18.34170854271357 10820726.684344197
18.467336683417084 9201030.028516462
18.592964824120603 7804082.501733378
18.718592964824122 6602589.931746319
18.844221105527637 5572057.045075486
18.969849246231156 4690587.240497712
19.09547738693467 3938682.618242026
19.22110552763819 3299047.0932377493
19.34673366834171 2756394.923552526
19.472361809045225 2297266.5207655015
19.597989949748744 1909852.9827898878
19.723618090452263 1583830.4052332502
19.849246231155778 1310204.6863913932
19.974874371859297 1081167.2437513783
20.100502512562816 889961.8056660896
20.22613065326633 730762.2286396831
20.35175879396985 598561.1160478708
20.477386934673365 489068.87495691166
20.603015075376884 398622.74065611104
20.728643216080403 324105.22000405163
20.85427135678392 262871.3511464306
20.979899497487438 212684.14503754242
21.105527638190956 171657.56013938278
21.231155778894472 138206.36251514638
21.35678391959799 111002.23637852573
21.482412060301506 88935.53238199443
21.608040201005025 71082.07021515953
21.733668341708544 56674.44639778847
21.85929648241206 45077.335773728555
21.984924623115578 35766.3146639033
22.110552763819097 28309.773733560425
22.236180904522612 22353.528392204575
22.36180904522613 17607.773219269562
22.487437185929647 13836.063925126522
22.613065326633166 10846.04529769329
22.738693467336685 8481.676176223973
22.8643216080402 6616.732573058508
22.98994974874372 5149.397559915089
23.115577889447238 3997.7714520048585
23.241206030150753 3096.1582240120742
23.366834170854272 2392.0040797773245
23.492462311557787 1843.3818084068514
23.618090452261306 1416.9301500121755
23.743718592964825 1086.1710299145159
23.86934673366834 830.1393744569214
23.99497487437186 632.2704648803876
24.12060301507538 479.49858384842906
24.246231155778894 361.5282209157116
24.371859296482413 270.24547476639043
24.497487437185928 199.24265798844115
24.623115577889447 143.43359653596286
24.748743718592966 98.74083099982599
24.87437185929648 61.83896652410825
25 29.940866519194582
