0.018744696313121333 0.018744696313121333
0 285935172.3752625
0.12562814070351758 285907697.5538486
0.25125628140703515 285880082.5743813
0.3768844221105528 285834115.3492519
0.5025125628140703 285769768.18846107
0.628140703517588 285687029.6539343
0.7537688442211056 285585889.3955972
0.8793969849246231 285466335.97221106
1.0050251256281406 285328356.3051662
1.1306532663316582 285171935.49392843
1.256281407035176 284997056.7356219
1.3819095477386936 284803701.30148095
1.5075376884422111 284591848.52264905
1.6331658291457287 284361475.7747505
1.7587939698492463 284112558.49942166
1.8844221105527639 283845070.2024691
2.0100502512562812 283558982.4701858
2.135678391959799 283254265.0003212
2.2613065326633164 282930885.6204691
2.386934673366834 282588810.3387258
2.512562814070352 282228003.372514
2.6381909547738696 281848427.22123617
2.763819095477387 281450042.7059501
2.8894472361809047 281032809.06878954
3.0150753768844223 280596684.03585327
3.14070351758794 280141623.922253
3.2663316582914574 279667583.73020524
3.391959798994975 279174517.27599555
3.5175879396984926 278662377.30362743
3.64321608040201 278131115.63677907
3.7688442211055277 277580683.3245772
3.8944723618090453 277011030.7934188
4.0201005025125625 276422108.0379694
4.1457286432160805 275813864.7782949
4.271356783919598 275186250.66446096
4.396984924623116 274539215.4698528
4.522613065326633 273872709.29394436
4.648241206030151 273186682.77094436
4.773869346733668 272481087.28843415
4.899497487437186 271755875.20751244
5.025125628140704 271011000.07756865
5.150753768844221 270246416.8656949
5.276381909547739 269462082.17875665
5.402010050251256 268657954.48465914
5.527638190954774 267833994.33778632
5.653266331658291 266990164.5931443
5.778894472361809 266126430.63258448
5.9045226130653266 265242760.5656844
6.030150753768845 264339125.44469038
6.155778894472362 263415499.46870965
6.28140703517588 262471860.18326768
6.407035175879397 261508188.67082492
6.532663316582915 260524469.75091034
6.658291457286432 259520692.1465184
6.78391959798995 258496848.68552312
6.909547738693467 257452936.46543723
7.035175879396985 256388957.0247279
7.160804020100502 255304916.52222207
7.28643216080402 254200825.89023593
7.4120603015075375 253076700.99627012
7.5376884422110555 251932562.8220845
7.663316582914573 250768437.60544038
7.788944723618091 249584356.98722365
7.914572864321608 248380358.19713035
8.040201005025125 247156484.17370802
8.165829145728644 245912783.7268222
8.291457286432161 244649311.69451493
8.417085427135678 243366129.0740247
8.542713567839195 242063303.17879263
8.668341708542714 240740907.77348754
8.793969849246231 239399023.21812576
8.919597989949748 238037736.59432867
9.045226130653266 236657141.85414687
9.170854271356784 235257339.93238544
9.296482412060302 233838438.89107543
9.422110552763819 232400554.01596552
9.547738693467336 230943807.9582876
9.673366834170855 229468330.81523898
9.798994974874372 227974260.2689653
9.924623115577889 226461741.6527711
10.050251256281408 224930928.06009176
10.175879396984925 223381980.42615482
10.301507537688442 221815067.60519344
10.42713567839196 220230366.42645705
10.552763819095478 218628061.77958304
10.678391959798995 217008346.63997504
10.804020100502512 215371422.1318246
10.92964824120603 213717497.5461019
11.055276381909549 212046790.36635193
11.180904522613066 210359526.29229224
11.306532663316583 208655939.21663013
11.4321608040201 206936271.24088997
11.557788944723619 205200772.63015231
11.683417085427136 203449701.79021156
11.809045226130653 201683325.21414542
11.93467336683417 199901917.42442238
12.06030150753769 198105760.89164776
12.185929648241206 196295145.95191056
12.311557788944723 194470370.6980524
12.43718592964824 192631740.86455256
12.56281407035176 190779569.69363847
12.688442211055277 188914177.78926665
12.814070351758794 187035892.9537599
12.93969849246231 185145050.01262116
13.06532663316583 183241990.62311703
13.190954773869347 181327063.0697197
13.316582914572864 179400622.04486895
13.442211055276381 177463028.4175449
13.5678391959799 175514648.98904887
13.693467336683417 173555856.23434713
13.819095477386934 171587028.03619665
13.944723618090451 169608547.40230757
14.07035175879397 167620802.17993602
14.195979899497488 165624184.75272173
14.321608040201005 163619091.7376891
14.447236180904522 161605923.66500044
14.57286432160804 159585084.65987068
14.698492462311558 157556982.11121932
14.824120603015075 155522026.33512694
14.949748743718592 153480630.24211034
15.075376884422111 151433208.98446012
15.201005025125628 149380179.61817795
15.326633165829145 147321960.7451602
15.452261306532664 145258972.16606572
15.577889447236181 143191634.52624074
15.703517587939698 141120368.95896116
15.829145728643216 139045596.73963723
15.954773869346734 136967738.9245396
16.08040201005025 134887216.01075444
16.20603015075377 132804447.5831208
16.331658291457288 130719851.9762375
16.457286432160803 128633845.93847142
16.582914572864322 126546844.29993364
16.70854271356784 124459259.65018684
16.834170854271356 122371502.02467652
16.959798994974875 120283978.5972129
17.08542713567839 118197093.38306019
17.21105527638191 116111246.95112664
17.33668341708543 114026836.14546414
17.462311557788944 111944253.81719099
17.587939698492463 109863888.56443158
17.71356783919598 107786124.47944649
17.839195979899497 105711340.91059831
17.964824120603016 103639912.22122204
18.09045226130653 101572207.56555611
18.21608040201005 99508590.66531727
18.34170854271357 97449419.5906412
18.467336683417084 95395046.55021316
18.592964824120603 93345817.68229233
18.718592964824122 91302072.85102709
18.844221105527637 89264145.4470108
18.969849246231156 87232362.19314569
19.09547738693467 85207042.95519115
19.22110552763819 83188500.55758476
19.34673366834171 81177040.60937025
19.472361809045225 79172961.33700517
19.597989949748744 77176553.42876804
19.723618090452263 75188099.8923134
19.849246231155778 73207875.92674467
19.974874371859297 71236148.81178258
20.100502512562816 69273177.8163335
20.22613065326633 67319214.12850633
20.35175879396985 65374500.808881626
20.477386934673365 63439272.76886938
20.603015075376884 61513756.7759909
20.728643216080403 59598171.48705882
20.85427135678392 57692727.510745265
20.979899497487438 55797627.49916657
21.105527638190956 53913066.270079784
21.231155778894472 52039230.95861669
21.35678391959799 50176301.19883435
21.482412060301506 48324449.33319899
21.608040201005025 46483840.6514975
21.733668341708544 44654633.65411679
21.85929648241206 42836980.34130668
21.984924623115578 41031026.525891915
22.110552763819097 39236912.165952
22.236180904522612 37454771.71786795
22.36180904522613 35684734.50525887
22.487437185929647 33926925.10440569
22.613065326633166 32181463.74055015
22.738693467336685 30448466.696477536
22.8643216080402 28728046.728446502
22.98994974874372 27020313.48965038
23.115577889447238 25325373.957642093
23.241206030150753 23643332.865018733
23.366834170854272 21974293.131126028
23.492462311557787 20318356.293324433
23.618090452261306 18675622.93637547
23.743718592964825 17046193.11852222
23.86934673366834 15430166.792919539
23.99497487437186 13827644.223516453
24.12060301507538 12238726.393830538
24.246231155778894 10663515.407857535
24.371859296482413 9102114.882364744
24.497487437185928 7554630.329018941
24.623115577889447 6021169.5262201335
24.748743718592966 4501842.87927417
24.87437185929648 2996763.768311728
25 1506048.8832564452
