0.27768384489318143 0.27768384489318143
0 40248.550676065104
0.12562814070351758 40246.903534691155
0.25125628140703515 40241.945802879556
0.3768844221105528 40233.68371274757
0.5025125628140703 40222.118492617235
0.628140703517588 40207.25185594692
0.7537688442211056 40189.08600082719
0.8793969849246231 40167.62361499649
1.0050251256281406 40142.86787080955
1.1306532663316582 40114.822428676925
1.256281407035176 40083.491435588214
1.3819095477386936 40048.879521293806
1.5075376884422111 40010.991800558346
1.6331658291457287 39969.833871555
1.7587939698492463 39925.41181402393
1.8844221105527639 39877.73218822051
2.0100502512562812 39826.80203377477
2.135678391959799 39772.62886844508
2.2613065326633164 39715.22068602709
2.386934673366834 39654.58595653062
2.512562814070352 39590.73362312462
2.6381909547738696 39523.67309902463
2.763819095477387 39453.41427054954
2.8894472361809047 39379.96748915664
3.0150753768844223 39303.34357431946
3.14070351758794 39223.55380931994
3.2663316582914574 39140.60993928384
3.391959798994975 39054.52417069161
3.5175879396984926 38965.30916769187
3.64321608040201 38872.97804835072
3.7688442211055277 38777.544387018286
3.8944723618090453 38679.022207285416
4.0201005025125625 38577.42598187791
4.1457286432160805 38472.770630111736
4.271356783919598 38365.07151450287
4.396984924623116 38254.3444380766
4.522613065326633 38140.60564392511
4.648241206030151 38023.87180847294
4.773869346733668 37904.16004322586
4.899497487437186 37781.48788710591
5.025125628140704 37655.87330883466
5.150753768844221 37527.33469834831
5.276381909547739 37395.8908682738
5.402010050251256 37261.56104754928
5.527638190954774 37124.364881195565
5.653266331658291 36984.32242459026
5.778894472361809 36841.454139996895
5.9045226130653266 36695.78089539381
6.030150753768845 36547.32395775661
6.155778894472362 36396.10499331358
6.28140703517588 36242.14606148826
6.407035175879397 36085.469608761356
6.532663316582915 35926.098471078105
6.658291457286432 35764.05586366646
6.78391959798995 35599.36538134982
6.909547738693467 35432.05099134397
7.035175879396985 35262.13703185398
7.160804020100502 35089.64820549314
7.28643216080402 34914.60957657161
7.4120603015075375 34737.04656631772
7.5376884422110555 34556.98494802298
7.663316582914573 34374.45084172316
7.788944723618091 34189.470712338494
7.914572864321608 34002.07136224357
8.040201005025125 33812.27992689941
8.165829145728644 33620.12387197953
8.291457286432161 33425.630986148826
8.417085427135678 33228.82937766169
8.542713567839195 33029.747468207286
8.668341708542714 32828.41398979683
8.793969849246231 32624.85797656903
8.919597989949748 32419.10876238834
9.045226130653266 32211.19597452281
9.170854271356784 32001.149529240873
9.296482412060302 31788.99962388458
9.422110552763819 31574.776735550244
9.547738693467336 31358.511612731887
9.673366834170855 31140.235270469853
9.798994974874372 30919.978986272654
9.924623115577889 30697.77429286477
10.050251256281408 30473.652974487577
10.175879396984925 30247.647059652918
10.301507537688442 30019.788816934622
10.42713567839196 29790.1107492763
10.552763819095478 29558.645587792886
10.678391959798995 29325.42628673594
10.804020100502512 29090.48601805982
10.92964824120603 28853.858165469617
11.055276381909549 28615.576318866257
11.180904522613066 28375.674269132647
11.306532663316583 28134.186001235576
11.4321608040201 27891.14569045286
11.557788944723619 27646.587695377217
11.683417085427136 27400.546552034568
11.809045226130653 27153.056969502806
11.93467336683417 26904.15382234919
12.06030150753769 26653.87214574684
12.185929648241206 26402.247129737476
12.311557788944723 26149.314112699576
12.43718592964824 25895.10857633817
12.56281407035176 25639.66613862483
12.688442211055277 25383.022548363253
12.814070351758794 25125.21367930682
12.93969849246231 24866.27552265817
13.06532663316583 24606.244183954725
13.190954773869347 24345.155872805808
13.316582914572864 24083.046899768742
13.442211055276381 23819.953669271366
13.5678391959799 23555.912672939055
13.693467336683417 23290.960482959494
13.819095477386934 23025.13374661783
13.944723618090451 22758.46918007213
14.07035175879397 22491.0035609841
14.195979899497488 22222.773722328104
14.321608040201005 21953.816547403836
14.447236180904522 21684.16896134302
14.57286432160804 21413.86792655222
14.698492462311558 21142.95043581129
14.824120603015075 20871.45350540606
14.949748743718592 20599.41416943954
15.075376884422111 20326.869472979426
15.201005025125628 20053.856466801073
15.326633165829145 19780.412199777755
15.452261306532664 19506.573714034777
15.577889447236181 19232.378037734892
15.703517587939698 18957.86217986576
15.829145728643216 18683.06312344045
15.954773869346734 18408.017818712942
16.08040201005025 18132.763178725167
16.20603015075377 17857.33607292678
16.331658291457288 17581.773319784967
16.457286432160803 17306.111682525632
16.582914572864322 17030.387861749354
16.70854271356784 16754.638490572488
16.834170854271356 16478.900128391433
16.959798994974875 16203.209254046287
17.08542713567839 15927.602261530003
17.21105527638191 15652.115452933727
17.33668341708543 15376.78503297977
17.462311557788944 15101.647103113211
17.587939698492463 14826.73765583956
17.71356783919598 14552.092568070871
17.839195979899497 14277.747596611322
17.964824120603016 14003.73837174725
18.09045226130653 13730.100390618463
18.21608040201005 13456.869013019552
18.34170854271357 13184.079454248165
18.467336683417084 12911.766780389287
18.592964824120603 12639.965901686743
18.718592964824122 12368.711567715573
18.844221105527637 12098.038360880968
18.969849246231156 11827.980691349958
19.09547738693467 11558.572791474162
19.22110552763819 11289.848709303147
19.34673366834171 11021.84230415259
19.472361809045225 10754.58724086471
19.597989949748744 10488.116983765516
19.723618090452263 10222.464791305254
19.849246231155778 9957.66371151378
19.974874371859297 9693.746576017129
20.100502512562816 9430.74599466071
20.22613065326633 9168.694350613736
20.35175879396985 8907.623795223783
20.477386934673365 8647.566242823312
20.603015075376884 8388.55336547734
20.728643216080403 8130.616588370494
20.85427135678392 7873.787084821321
20.979899497487438 7618.095771219884
21.105527638190956 7363.573302692212
21.231155778894472 7110.2500677903045
21.35678391959799 6858.156184281364
21.482412060301506 6607.321494570654
21.608040201005025 6357.77556093304
21.733668341708544 6109.54766107099
21.85929648241206 5862.666784168755
21.984924623115578 5617.161625899742
22.110552763819097 5373.060584653645
22.236180904522612 5130.391757277977
22.36180904522613 4889.182934586048
22.487437185929647 4649.461597590965
22.613065326633166 4411.254913439106
22.738693467336685 4174.589731364214
22.8643216080402 3939.492578790274
22.98994974874372 3705.9896573643646
23.115577889447238 3474.106839459469
23.241206030150753 3243.869664123831
23.366834170854272 3015.30333349936
23.492462311557787 2788.4327091977016
23.618090452261306 2563.282308820967
23.743718592964825 2339.876302288528
23.86934673366834 2118.2385085038172
23.99497487437186 1898.392391933492
24.12060301507538 1680.3610592856085
24.246231155778894 1464.1672561931005
24.371859296482413 1249.833364180467
24.497487437185928 1037.3813973550093
24.623115577889447 826.8329994355306
24.748743718592966 618.2094407665675
24.87437185929648 411.5316153770816
25 206.82003812780272
