0.16196313444452315 0.16196313444452315
0 1540375.6067629296
0.12562814070351758 1540189.8759523453
0.25125628140703515 1540003.2111202858
0.3768844221105528 1539692.5046525882
0.5025125628140703 1539257.6025128893
0.628140703517588 1538698.4597669675
0.7537688442211056 1538015.0646470976
0.8793969849246231 1537207.3933057727
1.0050251256281406 1536275.4526496795
1.1306532663316582 1535219.236517638
1.256281407035176 1534038.7611580268
1.3819095477386936 1532734.0439244788
1.5075376884422111 1531305.1196178526
1.6331658291457287 1529752.0443782662
1.7587939698492463 1528074.8853894696
1.8844221105527639 1526273.7379394427
2.0100502512562812 1524348.715996548
2.135678391959799 1522299.9613545435
2.2613065326633164 1520127.6409319171
2.386934673366834 1517831.9520522235
2.512562814070352 1515413.1227685902
2.6381909547738696 1512871.4084245735
2.763819095477387 1510207.0986638656
2.8894472361809047 1507420.512624415
3.0150753768844223 1504512.001499359
3.14070351758794 1501481.947617942
3.2663316582914574 1498330.7641172542
3.391959798994975 1495058.8932020909
3.5175879396984926 1491666.8074392232
3.64321608040201 1488155.0061981026
3.7688442211055277 1484524.016639537
3.8944723618090453 1480774.3913268445
4.0201005025125625 1476906.7087622974
4.1457286432160805 1472921.5717432532
4.271356783919598 1468819.605505136
4.396984924623116 1464601.456306995
4.522613065326633 1460267.7928140413
4.648241206030151 1455819.304392694
4.773869346733668 1451256.6979948932
4.899497487437186 1446580.7002962918
5.025125628140704 1441792.0554664724
5.150753768844221 1436891.5247054808
5.276381909547739 1431879.8853510134
5.402010050251256 1426757.9303857163
5.527638190954774 1421526.4678083272
5.653266331658291 1416186.317994252
5.778894472361809 1410738.3158463214
5.9045226130653266 1405183.3073401675
6.030150753768845 1399522.1494913066
6.155778894472362 1393755.7105100395
6.28140703517588 1387884.8662061272
6.407035175879397 1381910.502306963
6.532663316582915 1375833.5115152379
6.658291457286432 1369654.7935667562
6.78391959798995 1363375.2537307844
6.909547738693467 1356995.8051881143
7.035175879396985 1350517.3669018997
7.160804020100502 1343940.8617686941
7.28643216080402 1337267.2190395568
7.4120603015075375 1330497.3770552254
7.5376884422110555 1323632.2792594766
7.663316582914573 1316672.8768014354
7.788944723618091 1309620.1310740088
7.914572864321608 1302475.0123340322
8.040201005025125 1295238.5031779264
8.165829145728644 1287911.598142716
8.291457286432161 1280495.3047979306
8.417085427135678 1272990.6463557614
8.542713567839195 1265398.6609649893
8.668341708542714 1257720.4028647242
8.793969849246231 1249956.9432604732
8.919597989949748 1242109.3697343098
9.045226130653266 1234178.7861037343
9.170854271356784 1226166.3123550394
9.296482412060302 1218073.0837881863
9.422110552763819 1209900.2487363683
9.547738693467336 1201648.968900764
9.673366834170855 1193320.4159015773
9.798994974874372 1184915.769938061
9.924623115577889 1176436.219453279
10.050251256281408 1167882.9572945768
10.175879396984925 1159257.1805943102
10.301507537688442 1150560.0881754677
10.42713567839196 1141792.8800009983
10.552763819095478 1132956.7575968965
10.678391959798995 1124052.9221392523
10.804020100502512 1115082.5759262855
10.92964824120603 1106046.923392535
11.055276381909549 1096947.1720336406
11.180904522613066 1087784.5350440405
11.306532663316583 1078560.2332687345
11.4321608040201 1069275.4978438583
11.557788944723619 1059931.573898095
11.683417085427136 1050529.7227746327
11.809045226130653 1041071.2263205203
11.93467336683417 1031557.3876934245
12.06030150753769 1021989.5362318349
12.185929648241206 1012369.0274324843
12.311557788944723 1002697.2451282047
12.43718592964824 992975.6019674964
12.56281407035176 983205.5385527645
12.688442211055277 973388.5230324527
12.814070351758794 963526.0475178022
12.93969849246231 953619.6257488099
13.06532663316583 943670.7895729481
13.190954773869347 933681.0825159918
13.316582914572864 923652.0570111594
13.442211055276381 913585.2656473541
13.5678391959799 903482.2583020669
13.693467336683417 893344.5742337019
13.819095477386934 883173.7357495888
13.944723618090451 872971.2448400601
14.07035175879397 862738.5770001366
14.195979899497488 852477.1773871985
14.321608040201005 842188.4594899744
14.447236180904522 831873.800988024
14.57286432160804 821534.5448136202
14.698492462311558 811171.9993995277
14.824120603015075 800787.4403318184
14.949748743718592 790382.1130417867
15.075376884422111 779957.2391143721
15.201005025125628 769514.0175134033
15.326633165829145 759053.6340673729
15.452261306532664 748577.265135919
15.577889447236181 738086.0878280201
15.703517587939698 727581.2822839135
15.829145728643216 717064.0427500897
15.954773869346734 706535.5817179183
16.08040201005025 695997.1363959841
16.20603015075377 685449.9725018438
16.331658291457288 674895.3934355271
16.457286432160803 664334.7373530865
16.582914572864322 653769.382079295
16.70854271356784 643200.7463231144
16.834170854271356 632630.2890202387
16.959798994974875 622059.5065314124
17.08542713567839 611489.9315934262
17.21105527638191 600923.1286915673
17.33668341708543 590360.6891019131
17.462311557788944 579804.2259747538
17.587939698492463 569255.3671574573
17.71356783919598 558715.7494771585
17.839195979899497 548187.0116121095
17.964824120603016 537670.7850490229
18.09045226130653 527168.6907680455
18.21608040201005 516682.32976896793
18.34170854271357 506213.2768389268
18.467336683417084 495763.0761161141
18.592964824120603 485333.2341755245
18.718592964824122 474925.21897605725
18.844221105527637 464540.453602702
18.969849246231156 454180.3135219025
19.09547738693467 443846.1277165632
19.22110552763819 433539.17776007944
19.34673366834171 423260.6968074557
19.472361809045225 413011.8726612161
19.597989949748744 402793.8505563012
19.723618090452263 392607.73549265176
19.849246231155778 382454.5971896539
19.974874371859297 372335.47510900965
20.100502512562816 362251.38378638006
20.22613065326633 352203.31885081023
20.35175879396985 342192.26318564574
20.477386934673365 332219.1923435357
20.603015075376884 322285.0828666431
20.728643216080403 312390.91720496886
20.85427135678392 302537.6899448896
20.979899497487438 292726.410756503
21.105527638190956 282958.1128401732
21.231155778894472 273233.85683868383
21.35678391959799 263554.7290304264
21.482412060301506 253921.84876125766
21.608040201005025 244336.36825472873
21.733668341708544 234799.46916289302
21.85929648241206 225312.36649855805
21.984924623115578 215876.30239476025
22.110552763819097 206492.5464706089
22.236180904522612 197162.38746726443
22.36180904522613 187887.13168296943
22.487437185929647 178668.09481728662
22.613065326633166 169506.59685744878
22.738693467336685 160403.9541239935
22.8643216080402 151361.47334053644
22.98994974874372 142380.4429394686
23.115577889447238 133462.12689156525
23.241206030150753 124607.75715876244
23.366834170854272 115818.52950222108
23.492462311557787 107095.59380451075
23.618090452261306 98440.0539753843
23.743718592964825 89852.95978786556
23.86934673366834 81335.30750276943
23.99497487437186 72888.03455121907
24.12060301507538 64512.02120712746
24.246231155778894 56208.09036568635
24.371859296482413 47977.00980123
24.497487437185928 39819.492662370794
24.623115577889447 31736.203679531194
24.748743718592966 23727.761839242343
24.87437185929648 15794.747008726721
25 7937.706517545575
