0.11492685669067802 0.11492685669067802
0 6859889.796018269
0.12562814070351758 6859616.314880827
0.25125628140703515 6858793.15733704
0.3768844221105528 6857421.3386774035
0.5025125628140703 6855501.033901867
0.628140703517588 6853032.483799271
0.7537688442211056 6850015.999423491
0.8793969849246231 6846451.961255653
1.0050251256281406 6842340.817375033
1.1306532663316582 6837683.088636859
1.256281407035176 6832479.3634756
1.3819095477386936 6826730.303292541
1.5075376884422111 6820436.637719209
1.6331658291457287 6813599.170026237
1.7587939698492463 6806218.773501325
1.8844221105527639 6798296.3940661475
2.0100502512562812 6789833.051142417
2.135678391959799 6780829.836028924
2.2613065326633164 6771287.914420382
2.386934673366834 6761208.526252444
2.512562814070352 6750592.985913221
2.6381909547738696 6739442.6827114485
2.763819095477387 6727759.08174599
2.8894472361809047 6715543.723912705
3.0150753768844223 6702798.226101608
3.14070351758794 6689524.281714255
3.2663316582914574 6675723.660527836
3.391959798994975 6661398.208632596
3.5175879396984926 6646549.848738104
3.64321608040201 6631180.579308458
3.7688442211055277 6615292.475003821
3.8944723618090453 6598887.68534645
4.0201005025125625 6581968.434823872
4.1457286432160805 6564537.0219206745
4.271356783919598 6546595.818367808
4.396984924623116 6528147.268157484
4.522613065326633 6509193.886749791
4.648241206030151 6489738.259708654
4.773869346733668 6469783.041832593
4.899497487437186 6449330.955825626
5.025125628140704 6428384.791404094
5.150753768844221 6406947.40388882
5.276381909547739 6385021.713131659
5.402010050251256 6362610.702461619
5.527638190954774 6339717.417584699
5.653266331658291 6316344.965575621
5.778894472361809 6292496.513953717
5.9045226130653266 6268175.290139241
6.030150753768845 6243384.580327921
6.155778894472362 6218127.7289537145
6.28140703517588 6192408.1386016505
6.407035175879397 6166229.2689515
6.532663316582915 6139594.637103668
6.658291457286432 6112507.816404383
6.78391959798995 6084972.437634344
6.909547738693467 6056992.18760068
7.035175879396985 6028570.810076338
7.160804020100502 5999712.1047566775
7.28643216080402 5970419.928485788
7.4120603015075375 5940698.1947504645
7.5376884422110555 5910550.873701034
7.663316582914573 5879981.992144307
7.788944723618091 5848995.63402171
7.914572864321608 5817595.940534169
8.040201005025125 5785787.109422386
8.165829145728644 5753573.396060567
8.291457286432161 5720959.11282702
8.417085427135678 5687948.629259355
8.542713567839195 5654546.372215688
8.668341708542714 5620756.825605301
8.793969849246231 5586584.530592879
8.919597989949748 5552034.08540349
9.045226130653266 5517110.145282618
9.170854271356784 5481817.422266592
9.296482412060302 5446160.685155094
9.422110552763819 5410144.759174043
9.547738693467336 5373774.525600111
9.673366834170855 5337054.921623498
9.798994974874372 5299990.939611256
9.924623115577889 5262587.626711972
10.050251256281408 5224850.083955715
10.175879396984925 5186783.4654913265
10.301507537688442 5148392.977621765
10.42713567839196 5109683.877247855
10.552763819095478 5070661.4709474
10.678391959798995 5031331.11302288
10.804020100502512 4991698.204013697
10.92964824120603 4951768.188621674
11.055276381909549 4911546.5537539385
11.180904522613066 4871038.826308669
11.306532663316583 4830250.570829563
11.4321608040201 4789187.387203457
11.557788944723619 4747854.908346522
11.683417085427136 4706258.797756246
11.809045226130653 4664404.747158261
11.93467336683417 4622298.474737463
12.06030150753769 4579945.722649795
12.185929648241206 4537352.255689324
12.311557788944723 4494523.859330827
12.43718592964824 4451466.338924887
12.56281407035176 4408185.518395907
12.688442211055277 4364687.239625572
12.814070351758794 4320977.362446985
12.93969849246231 4277061.764414723
13.06532663316583 4232946.341293963
13.190954773869347 4188637.0073792245
13.316582914572864 4144139.6964627993
13.442211055276381 4099460.363105951
13.5678391959799 4054604.9833173845
13.693467336683417 4009579.556175842
13.819095477386934 3964390.104977137
13.944723618090451 3919042.6781121036
14.07035175879397 3873543.350781518
14.195979899497488 3827898.2252368927
14.321608040201005 3782113.4318716563
14.447236180904522 3736195.1295571225
14.57286432160804 3690149.505606336
14.698492462311558 3643982.7757168706
14.824120603015075 3597701.183303616
14.949748743718592 3551310.9983905414
15.075376884422111 3504818.516534986
15.201005025125628 3458230.0568790827
15.326633165829145 3411551.960652815
15.452261306532664 3364790.588474622
15.577889447236181 3317952.317690143
15.703517587939698 3271043.5402543573
15.829145728643216 3224070.659470646
15.954773869346734 3177040.08711828
16.08040201005025 3129958.2401693314
16.20603015075377 3082831.5386549756
16.331658291457288 3035666.4015115653
16.457286432160803 2988469.244694086
16.582914572864322 2941246.4779584017
16.70854271356784 2894004.502668428
16.834170854271356 2846749.709178146
16.959798994974875 2799488.4748825976
17.08542713567839 2752227.162294749
17.21105527638191 2704972.117353478
17.33668341708543 2657729.6682024375
17.462311557788944 2610506.12383598
17.587939698492463 2563307.7732800823
17.71356783919598 2516140.884817546
17.839195979899497 2469011.705766191
17.964824120603016 2421926.4615369095
18.09045226130653 2374891.356173954
18.21608040201005 2327912.5718055265
18.34170854271357 2280996.2688069697
18.467336683417084 2234148.5859510284
18.592964824120603 2187375.6408515777
18.718592964824122 2140683.5296600224
18.844221105527637 2094078.3275514138
18.969849246231156 2047566.088828024
19.09547738693467 2001152.8474788845
19.22110552763819 1954844.616177803
19.34673366834171 1908647.3875796103
19.472361809045225 1862567.1331994166
19.597989949748744 1816609.8034333128
19.723618090452263 1770781.3273446027
19.849246231155778 1725087.611921218
19.974874371859297 1679534.5414535364
20.100502512562816 1634127.976624804
20.22613065326633 1588873.7535146247
20.35175879396985 1543777.6824411068
20.477386934673365 1498845.5467119368
20.603015075376884 1454083.1008656283
20.728643216080403 1409496.0691635346
20.85427135678392 1365090.1444571964
20.979899497487438 1320870.9853741163
21.105527638190956 1276844.215035615
21.231155778894472 1233015.419173621
21.35678391959799 1189390.1437145907
21.482412060301506 1145973.893344729
21.608040201005025 1102772.1289914367
21.733668341708544 1059790.2665574797
21.85929648241206 1017033.6745473549
21.984924623115578 974507.6721564829
22.110552763819097 932217.5285453486
22.236180904522612 890168.4601416958
22.36180904522613 848365.6299394795
22.487437185929647 806814.1460343605
22.613065326633166 765519.060282648
22.738693467336685 724485.3673698131
22.8643216080402 683718.0039088591
22.98994974874372 643221.847478697
23.115577889447238 603001.7158858805
23.241206030150753 563062.3668446359
23.366834170854272 523408.4969388712
23.492462311557787 484044.7413721887
23.618090452261306 444975.6735191649
23.743718592964825 406205.8046113152
23.86934673366834 367739.5831568359
23.99497487437186 329581.39414770686
24.12060301507538 291735.5596690549
24.246231155778894 254206.33764001337
24.371859296482413 216997.92198590597
24.497487437185928 180114.44142669853
24.623115577889447 143559.95990271465
24.748743718592966 107338.47540563125
24.87437185929648 71453.9194667405
25 35910.156837674265
