0.18761649596640553 0.18761649596640553
0 685940.7588354532
0.12562814070351758 685912.7669956117
0.25125628140703515 685828.5120646561
0.3768844221105528 685688.0989506632
0.5025125628140703 685491.5534371267
0.628140703517588 685238.9045230526
0.7537688442211056 684930.1925640808
0.8793969849246231 684565.4665593052
1.0050251256281406 684144.7792031466
1.1306532663316582 683668.1978763975
1.256281407035176 683135.7919113337
1.3819095477386936 682547.6438949776
1.5075376884422111 681903.8378229913
1.6331658291457287 681204.4703281479
1.7587939698492463 680449.6412553937
1.8844221105527639 679639.4584481788
2.0100502512562812 678774.0385424872
2.135678391959799 677853.5021139396
2.2613065326633164 676877.9782516195
2.386934673366834 675847.6031754324
2.512562814070352 674762.5196994098
2.6381909547738696 673622.8774829315
2.763819095477387 672428.8342086901
2.8894472361809047 671180.5550183528
3.0150753768844223 669878.2125874211
3.14070351758794 668521.988069152
3.2663316582914574 667112.0707532725
3.391959798994975 665648.6581338806
3.5175879396984926 664131.9570936357
3.64321608040201 662562.1825439767
3.7688442211055277 660939.5593961801
3.8944723618090453 659264.320626984
4.0201005025125625 657536.7088948134
4.1457286432160805 655756.975913345
4.271356783919598 653925.3824854341
4.396984924623116 652042.1982227251
4.522613065326633 650107.7018194221
4.648241206030151 648122.1801459646
4.773869346733668 646085.928565115
4.899497487437186 643999.2502462075
5.025125628140704 641862.4565081226
5.150753768844221 639675.8659923278
5.276381909547739 637439.8045263911
5.402010050251256 635154.6049752256
5.527638190954774 632820.6069048895
5.653266331658291 630438.1562947694
5.778894472361809 628007.6053352284
5.9045226130653266 625529.3128878068
6.030150753768845 623003.6434824958
6.155778894472362 620430.9674061954
6.28140703517588 617811.6616984229
6.407035175879397 615146.1086786196
6.532663316582915 612434.6974495685
6.658291457286432 609677.8218195733
6.78391959798995 606875.8834049387
6.909547738693467 604029.2886636613
7.035175879396985 601138.4511135446
7.160804020100502 598203.7889554607
7.28643216080402 595225.7276851108
7.4120603015075375 592204.6986570596
7.5376884422110555 589141.1388798446
7.663316582914573 586035.4906012529
7.788944723618091 582888.2019597169
7.914572864321608 579699.726783156
8.040201005025125 576470.5227571272
8.165829145728644 573201.053156897
8.291457286432161 569891.7852631572
8.417085427135678 566543.1904201445
8.542713567839195 563155.7439893582
8.668341708542714 559729.9246529633
8.793969849246231 556266.2149106212
8.919597989949748 552765.1005799911
9.045226130653266 549227.0710161232
9.170854271356784 545652.6189268939
9.296482412060302 542042.240990975
9.422110552763819 538396.4378190305
9.547738693467336 534715.7141346702
9.673366834170855 531000.579872268
9.798994974874372 527251.5499167944
9.924623115577889 523469.14524948335
10.050251256281408 519653.89292211324
10.175879396984925 515806.32691440015
10.301507537688442 511926.9887777499
10.42713567839196 508016.4270535492
10.552763819095478 504075.1988154796
10.678391959798995 500103.86878560344
10.804020100502512 496103.0099888491
10.92964824120603 492073.2031392814
11.055276381909549 488015.0366076773
11.180904522613066 483929.1058137673
11.306532663316583 479816.01236938033
11.4321608040201 475676.363418798
11.557788944723619 471510.77075933287
11.683417085427136 467319.8495547958
11.809045226130653 463104.2170629635
11.93467336683417 458864.492335222
12.06030150753769 454601.2940125694
12.185929648241206 450315.2402497917
12.311557788944723 446006.9468220316
12.43718592964824 441677.0273280897
12.56281407035176 437326.0917366053
12.688442211055277 432954.74604492116
12.814070351758794 428563.59269287006
12.93969849246231 424153.2300206485
13.06532663316583 419724.2528827766
13.190954773869347 415277.25260469824
13.316582914572864 410812.8178760926
13.442211055276381 406331.53614741657
13.5678391959799 401833.9936229967
13.693467336683417 397320.777098709
13.819095477386934 392792.47485205653
13.944723618090451 388249.6772668854
14.07035175879397 383692.97889498563
14.195979899497488 379122.9783384909
14.321608040201005 374540.27976417117
14.447236180904522 369945.49340290355
14.57286432160804 365339.23590223107
14.698492462311558 360722.13077769696
14.824120603015075 356094.8084808007
14.949748743718592 351457.9056364467
15.075376884422111 346812.0654522503
15.201005025125628 342157.93622291676
15.326633165829145 337496.1719740899
15.452261306532664 332827.4302403654
15.577889447236181 328152.37072128407
15.703517587939698 323471.65575582726
15.829145728643216 318785.9480854017
15.954773869346734 314095.9099422274
16.08040201005025 309402.2012395778
16.20603015075377 304705.4807443788
16.331658291457288 300006.4020574356
16.457286432160803 295305.61524551094
16.582914572864322 290603.76485455164
16.70854271356784 285901.4902613792
16.834170854271356 281199.42458394764
16.959798994974875 276498.19488369115
17.08542713567839 271798.4220276146
17.21105527638191 267100.7206034588
17.33668341708543 262405.6995097443
17.462311557788944 257713.9618934713
17.587939698492463 253026.1057212786
17.71356783919598 248342.72415107558
17.839195979899497 243664.40664562723
17.964824120603016 238991.73826269014
18.09045226130653 234325.30173819108
18.21608040201005 229665.67699399436
18.34170854271357 225013.4419013357
18.467336683417084 220369.17282557697
18.592964824120603 215733.44563754846
18.718592964824122 211106.8350571635
18.844221105527637 206489.91555796235
18.969849246231156 201883.26152395314
19.09547738693467 197287.44827121458
19.22110552763819 192703.0500476246
19.34673366834171 188130.6427592961
19.472361809045225 183570.8019213255
19.597989949748744 179024.1032128824
19.723618090452263 174491.122567716
19.849246231155778 169972.4355526408
19.974874371859297 165468.61718220054
20.100502512562816 160980.2414377503
20.22613065326633 156507.88085285499
20.35175879396985 152052.10599929668
20.477386934673365 147613.48514704467
20.603015075376884 143192.58290576935
20.728643216080403 138789.95985036882
20.85427135678392 134406.17327581783
20.979899497487438 130041.77405445892
21.105527638190956 125697.30748978337
21.231155778894472 121373.31280715509
21.35678391959799 117070.32149588788
21.482412060301506 112788.85807790958
21.608040201005025 108529.43831215729
21.733668341708544 104292.5703726625
21.85929648241206 100078.75335376817
21.984924623115578 95888.4767802449
22.110552763819097 91722.22279601959
22.236180904522612 87580.46355291267
22.36180904522613 83463.66314016217
22.487437185929647 79372.27753433998
22.613065326633166 75306.75460215213
22.738693467336685 71267.53490751448
22.8643216080402 67255.05230748055
22.98994974874372 63269.734258139724
23.115577889447238 59312.002383744184
23.241206030150753 55382.273809030914
23.366834170854272 51480.96068948509
23.492462311557787 47608.47133371728
23.618090452261306 43765.21071849498
23.743718592964825 39951.58117007702
23.86934673366834 36167.982321752985
23.99497487437186 32414.810486248803
24.12060301507538 28692.461078568784
24.246231155778894 25001.326769775445
24.371859296482413 21341.79881694319
24.497487437185928 17714.265228883825
24.623115577889447 14119.112590460774
24.748743718592966 10556.724284514574
24.87437185929648 7027.480182130505
25 3531.7567579669594
