0.02280437665127259 0.02280437665127259
0 212465799.90308022
0.12562814070351758 212445980.88946462
0.25125628140703515 212426061.81481594
0.3768844221105528 212392906.40049362
0.5025125628140703 212346496.77908403
0.628140703517588 212286827.65293646
0.7537688442211056 212213895.395151
0.8793969849246231 212127696.47428346
1.0050251256281406 212028227.1076982
1.1306532663316582 211915483.13660073
1.256281407035176 211789460.01607445
1.3819095477386936 211650152.81232044
1.5075376884422111 211497556.2245974
1.6331658291457287 211331664.62370622
1.7587939698492463 211152472.0673774
1.8844221105527639 210959972.34729904
2.0100502512562812 210754159.0170251
2.135678391959799 210535025.43032455
2.2613065326633164 210302564.7664875
2.386934673366834 210056770.08161944
2.512562814070352 209797634.3235321
2.6381909547738696 209525150.36777914
2.763819095477387 209239311.05094716
2.8894472361809047 208940109.1968875
3.0150753768844223 208627537.63988936
3.14070351758794 208301589.25212425
3.2663316582914574 207962256.9653493
3.391959798994975 207609533.79904845
3.5175879396984926 207243412.87080967
3.64321608040201 206863887.4258413
3.7688442211055277 206470950.86179128
3.8944723618090453 206064596.73782122
4.0201005025125625 205644818.81080374
4.1457286432160805 205211611.05127355
4.271356783919598 204764967.67003375
4.396984924623116 204304883.15892744
4.522613065326633 203831352.30458698
4.648241206030151 203344370.2348589
4.773869346733668 202843932.4520114
4.899497487437186 202330034.87967244
5.025125628140704 201802673.9113892
5.150753768844221 201261846.4471776
5.276381909547739 200707549.97486442
5.402010050251256 200139782.60164326
5.527638190954774 199558543.1376772
5.653266331658291 198963831.16071928
5.778894472361809 198355647.0812183
5.9045226130653266 197733992.2298855
6.030150753768845 197098868.93030453
6.155778894472362 196450280.57361248
6.28140703517588 195788231.7261368
6.407035175879397 195112728.18616483
6.532663316582915 194423777.10115
6.658291457286432 193721387.03183275
6.78391959798995 193005568.06168458
6.909547738693467 192276331.8667826
7.035175879396985 191533691.82071486
7.160804020100502 190777663.07038587
7.28643216080402 190008262.62742245
7.4120603015075375 189225509.44611806
7.5376884422110555 188429424.51200703
7.663316582914573 187620030.90775347
7.788944723618091 186797353.9016359
7.914572864321608 185961421.01019073
8.040201005025125 185112262.06796515
8.165829145728644 184249909.29642102
8.291457286432161 183374397.36404923
8.417085427135678 182485763.4428501
8.542713567839195 181584047.265178
8.668341708542714 180669291.17860878
8.793969849246231 179741540.19144127
8.919597989949748 178800842.01642835
9.045226130653266 177847247.1245228
9.170854271356784 176880808.77478683
9.296482412060302 175901583.05755123
9.422110552763819 174909628.93475533
9.547738693467336 173905008.27135798
9.673366834170855 172887785.86689714
9.798994974874372 171858029.49208066
9.924623115577889 170815809.9135258
10.050251256281408 169761200.92860946
10.175879396984925 168694279.38349733
10.301507537688442 167615125.2102006
10.42713567839196 166523821.44442144
10.552763819095478 165420454.24886453
10.678391959798995 164305112.94064867
10.804020100502512 163177890.00215778
10.92964824120603 162038881.11037678
11.055276381909549 160888185.14759156
11.180904522613066 159725904.22148684
11.306532663316583 158552143.6716072
11.4321608040201 157367012.0820493
11.557788944723619 156170621.29954493
11.683417085427136 154963086.4280312
11.809045226130653 153744525.83403388
11.93467336683417 152515061.152736
12.06030150753769 151274817.27707276
12.185929648241206 150023922.3659116
12.311557788944723 148762507.8139193
12.43718592964824 147490708.2596761
12.56281407035176 146208661.55472767
12.688442211055277 144916508.7543675
12.814070351758794 143614394.08810425
12.93969849246231 142302464.93084082
13.06532663316583 140980871.78121793
13.190954773869347 139649768.2239737
13.316582914572864 138309310.88937908
13.442211055276381 136959659.41597036
13.5678391959799 135600976.41445628
13.693467336683417 134233427.41323856
13.819095477386934 132857180.81579375
13.944723618090451 131472407.85450187
14.07035175879397 130079282.53672156
14.195979899497488 128677981.59456192
14.321608040201005 127268684.43328375
14.447236180904522 125851573.08166146
14.57286432160804 124426832.1381959
14.698492462311558 122994648.71584661
14.824120603015075 121555212.4004346
14.949748743718592 120108715.19178572
15.075376884422111 118655351.46085188
15.201005025125628 117195317.89498663
15.326633165829145 115728813.46105216
15.452261306532664 114256039.35101303
15.577889447236181 112777198.93972726
15.703517587939698 111292497.74178311
15.829145728643216 109802143.36409421
15.954773869346734 108306345.46302994
16.08040201005025 106805315.69758403
16.20603015075377 105299267.68248475
16.331658291457288 103788416.93888225
16.457286432160803 102272980.84352215
16.582914572864322 100753178.57314669
16.70854271356784 99229231.04740107
16.834170854271356 97701360.8675867
16.959798994974875 96169792.24886298
17.08542713567839 94634750.95152329
17.21105527638191 93096464.20509788
17.33668341708543 91555160.6321102
17.462311557788944 90011070.15835033
17.587939698492463 88464423.93117547
17.71356783919598 86915454.22842695
17.839195979899497 85364394.35951693
17.964824120603016 83811478.57768425
18.09045226130653 82256941.97833045
18.21608040201005 80701020.40498352
18.34170854271357 79143950.35417715
18.467336683417084 77585968.88128461
18.592964824120603 76027313.51454404
18.718592964824122 74468222.16887967
18.844221105527637 72908933.06900886
18.969849246231156 71349684.67929992
19.09547738693467 69790715.64133713
19.22110552763819 68232264.71719827
19.34673366834171 66674570.751640245
19.472361809045225 65117872.63396542
19.597989949748744 63562409.2799585
19.723618090452263 62008419.614905104
19.849246231155778 60456142.57921888
19.974874371859297 58905817.13220346
20.100502512562816 57357682.274465844
20.22613065326633 55811977.07718689
20.35175879396985 54268940.717643626
20.477386934673365 52728812.52452021
20.603015075376884 51191832.02826331
20.728643216080403 49658239.01692475
20.85427135678392 48128273.59521738
20.979899497487438 46602176.24582984
21.105527638190956 45080187.892279066
21.231155778894472 43562549.960315846
21.35678391959799 42049504.43911
21.482412060301506 40541293.9382804
21.608040201005025 39038161.74203245
21.733668341708544 37540351.859028615
21.85929648241206 36048109.06441588
21.984924623115578 34561678.93919567
22.110552763819097 33081307.90079081
22.236180904522612 31607243.226690214
22.36180904522613 30139733.072594356
22.487437185929647 28679026.481689416
22.613065326633166 27225373.387781285
22.738693467336685 25779024.61257273
22.8643216080402 24340231.854341242
22.98994974874372 22909247.672630873
23.115577889447238 21486325.464858353
23.241206030150753 20071719.440196026
23.366834170854272 18665684.586179506
23.492462311557787 17268476.631483383
23.618090452261306 15880352.005881088
23.743718592964825 14501567.793531597
23.86934673366834 13132381.68596258
23.99497487437186 11773051.928557076
24.12060301507538 10423837.2660619
24.246231155778894 9084996.883759718
24.371859296482413 7756790.345364194
24.497487437185928 6439477.528104893
24.623115577889447 5133318.553744931
24.748743718592966 3838573.7159525584
24.87437185929648 2555503.4035605458
25 1284368.0194782997
