0.09446734983515352 0.09446734983515352
0 13271600.915091656
0.12562814070351758 13270050.815410076
0.25125628140703515 13268493.116340142
0.3768844221105528 13265900.622122964
0.5025125628140703 13262272.387922378
0.628140703517588 13257608.633104425
0.7537688442211056 13251909.883827625
0.8793969849246231 13245176.851418436
1.0050251256281406 13237410.397183623
1.1306532663316582 13228611.524816992
1.256281407035176 13218781.37189811
1.3819095477386936 13207921.209001072
1.5075376884422111 13196032.435652593
1.6331658291457287 13183116.578860804
1.7587939698492463 13169175.29157028
1.8844221105527639 13154210.350535378
2.0100502512562812 13138223.65493026
2.135678391959799 13121217.224706043
2.2613065326633164 13103193.19936842
2.386934673366834 13084153.835818337
2.512562814070352 13064101.507962765
2.6381909547738696 13043038.705459565
2.763819095477387 13020968.032063473
2.8894472361809047 12997892.205142854
3.0150753768844223 12973814.055233074
3.14070351758794 12948736.525107853
3.2663316582914574 12922662.669420382
3.391959798994975 12895595.654339723
3.5175879396984926 12867538.757840648
3.64321608040201 12838495.369199079
3.7688442211055277 12808468.989644552
3.8944723618090453 12777463.232220843
4.0201005025125625 12745481.822780665
4.1457286432160805 12712528.600156931
4.271356783919598 12678607.51684934
4.396984924623116 12643722.639598629
4.522613065326633 12607878.150544006
4.648241206030151 12571078.348060384
4.773869346733668 12533327.64707281
4.899497487437186 12494630.580574092
5.025125628140704 12454991.800240006
5.150753768844221 12414416.077343235
5.276381909547739 12372908.303352324
5.402010050251256 12330473.491553802
5.527638190954774 12287116.776515622
5.653266331658291 12242843.415810503
5.778894472361809 12197658.789891075
5.9045226130653266 12151568.402913133
6.030150753768845 12104577.882892318
6.155778894472362 12056692.982074212
6.28140703517588 12007919.57662648
6.407035175879397 11958263.666960768
6.532663316582915 11907731.377304493
6.658291457286432 11856328.955289016
6.78391959798995 11804062.771664323
6.909547738693467 11750939.319361223
7.035175879396985 11696965.21238751
7.160804020100502 11642147.18601537
7.28643216080402 11586492.094740711
7.4120603015075375 11530006.910764037
7.5376884422110555 11472698.724185754
7.663316582914573 11414574.740418361
7.788944723618091 11355642.278631316
7.914572864321608 11295908.771318816
8.040201005025125 11235381.761981022
8.165829145728644 11174068.903359223
8.291457286432161 11111977.956791282
8.417085427135678 11049116.789979097
8.542713567839195 10985493.375419496
8.668341708542714 10921115.789237581
8.793969849246231 10855992.209819242
8.919597989949748 10790130.91615698
9.045226130653266 10723540.286630023
9.170854271356784 10656228.797981773
9.296482412060302 10588205.024161892
9.422110552763819 10519477.634968478
9.547738693467336 10450055.39568512
9.673366834170855 10379947.16555416
9.798994974874372 10309161.897214865
9.924623115577889 10237708.636393167
10.050251256281408 10165596.520457312
10.175879396984925 10092834.778455703
10.301507537688442 10019432.730046395
10.42713567839196 9945399.784987886
10.552763819095478 9870745.443177031
10.678391959798995 9795479.293224135
10.804020100502512 9719611.012441657
10.92964824120603 9643150.366432969
11.055276381909549 9566107.208012577
11.180904522613066 9488491.477209883
11.306532663316583 9410313.200337406
11.4321608040201 9331582.489490516
11.557788944723619 9252309.541997768
11.683417085427136 9172504.63975904
11.809045226130653 9092178.148317749
11.93467336683417 9011340.516934823
12.06030150753769 8930002.276712513
12.185929648241206 8848174.040981507
12.311557788944723 8765866.503834534
12.43718592964824 8683090.439886823
12.56281407035176 8599856.702859895
12.688442211055277 8516176.225028118
12.814070351758794 8432060.01605586
12.93969849246231 8347519.162461876
13.06532663316583 8262564.825632755
13.190954773869347 8177208.241874976
13.316582914572864 8091460.719605323
13.442211055276381 8005333.639040346
13.5678391959799 7918838.449808493
13.693467336683417 7831986.669964032
13.819095477386934 7744789.883510488
13.944723618090451 7657259.73811462
14.07035175879397 7569407.943180563
14.195979899497488 7481246.267605216
14.321608040201005 7392786.536687446
14.447236180904522 7304040.629343619
14.57286432160804 7215020.475593201
14.698492462311558 7125738.053153278
14.824120603015075 7036205.384428976
14.949748743718592 6946434.533137732
15.075376884422111 6856437.601559039
15.201005025125628 6766226.726399057
15.326633165829145 6675814.076457502
15.452261306532664 6585211.848819848
15.577889447236181 6494432.266347719
15.703517587939698 6403487.574283154
15.829145728643216 6312390.03772117
15.954773869346734 6221151.939096995
16.08040201005025 6129785.57589696
16.20603015075377 6038303.258153767
16.331658291457288 5946717.307336468
16.457286432160803 5855040.053978546
16.582914572864322 5763283.836767588
16.70854271356784 5671461.001268777
16.834170854271356 5579583.899066358
16.959798994974875 5487664.886897893
17.08542713567839 5395716.326258702
17.21105527638191 5303750.582951125
17.33668341708543 5211780.026615815
17.462311557788944 5119817.030462758
17.587939698492463 5027873.970982168
17.71356783919598 4935963.2277406845
17.839195979899497 4844097.182517205
17.964824120603016 4752288.21934711
18.09045226130653 4660548.723082198
18.21608040201005 4568891.078745608
18.34170854271357 4477327.670380111
18.467336683417084 4385870.879323737
18.592964824120603 4294533.082627946
18.718592964824122 4203326.65034907
18.844221105527637 4112263.9438717645
18.969849246231156 4021357.31253807
19.09547738693467 3930619.090767438
19.22110552763819 3840061.594446478
19.34673366834171 3749697.1174127418
19.472361809045225 3659537.927458929
19.597989949748744 3569596.261704184
19.723618090452263 3479884.32298708
19.849246231155778 3390414.274613961
19.974874371859297 3301198.2360745473
20.100502512562816 3212248.2783881924
20.22613065326633 3123576.4192221155
20.35175879396985 3035194.6183671574
20.477386934673365 2947114.773360708
20.603015075376884 2859348.7149223275
20.728643216080403 2771908.2028561477
20.85427135678392 2684804.9221851076
20.979899497487438 2598050.4794589146
21.105527638190956 2511656.399410276
21.231155778894472 2425634.121951565
21.35678391959799 2339994.999501931
21.482412060301506 2254750.2946857056
21.608040201005025 2169911.1783807804
21.733668341708544 2085488.7281183815
21.85929648241206 2001493.9267466427
21.984924623115578 1917937.6615587482
22.110552763819097 1834830.7235256536
22.236180904522612 1752183.8068239118
22.36180904522613 1670007.5087336425
22.487437185929647 1588312.3292983747
22.613065326633166 1507108.6715901778
22.738693467336685 1426406.8415238135
22.8643216080402 1346217.0479836017
22.98994974874372 1266549.4028564147
23.115577889447238 1187413.920816351
23.241206030150753 1108820.5190486833
23.366834170854272 1030779.0166321816
23.492462311557787 953299.1340304307
23.618090452261306 876390.4917598333
23.743718592964825 800062.6092442131
23.86934673366834 724324.9029815746
23.99497487437186 649186.6847076454
24.12060301507538 574657.158875768
24.246231155778894 500745.42006648873
24.371859296482413 427460.4498733045
24.497487437185928 354811.11380151095
24.623115577889447 282806.1574743105
24.748743718592966 211454.20303515808
24.87437185929648 140763.7450591478
25 70743.14645231972
