0.021713671152905668 0.021713671152905668
0 228818226.10293445
0.12562814070351758 228796832.16444814
0.25125628140703515 228775329.0831021
0.3768844221105528 228739535.57574156
0.5025125628140703 228689430.10828862
0.628140703517588 228625003.8426047
0.7537688442211056 228546248.87161863
0.8793969849246231 228453156.5640278
1.0050251256281406 228345717.19515592
1.1306532663316582 228223919.86255422
1.256281407035176 228087752.49767938
1.3819095477386936 227937201.91593096
1.5075376884422111 227772253.88563147
1.6331658291457287 227592893.2074031
1.7587939698492463 227399103.804566
1.8844221105527639 227190868.81680432
2.0100502512562812 226968170.69806898
2.135678391959799 226730991.32071972
2.2613065326633164 226479312.0754792
2.386934673366834 226213113.9817869
2.512562814070352 225932377.78656396
2.6381909547738696 225637084.0731701
2.763819095477387 225327213.3592901
2.8894472361809047 225002746.2023836
3.0150753768844223 224663663.29203463
3.14070351758794 224309945.54629415
3.2663316582914574 223941574.19932508
3.391959798994975 223558530.88937598
3.5175879396984926 223160797.7346149
3.64321608040201 222748357.41216227
3.7688442211055277 222321193.22813147
3.8944723618090453 221879289.17949417
4.0201005025125625 221422630.02051064
4.1457286432160805 220951201.31323975
4.271356783919598 220464989.48247197
4.396984924623116 219963981.8648461
4.522613065326633 219448166.75112855
4.648241206030151 218917533.42995715
4.773869346733668 218372072.22800002
4.899497487437186 217811774.5498997
5.025125628140704 217236632.9156343
5.150753768844221 216646640.99793437
5.276381909547739 216041793.66470507
5.402010050251256 215422087.0146979
5.527638190954774 214787518.42313847
5.653266331658291 214138086.58430338
5.778894472361809 213473791.55963138
5.9045226130653266 212794634.82711554
6.030150753768845 212100619.33508787
6.155778894472362 211391749.55787313
6.28140703517588 210668031.55973
6.407035175879397 209929473.05333328
6.532663316582915 209176083.47402665
6.658291457286432 208407874.0423092
6.78391959798995 207624857.84522653
6.909547738693467 206827049.90703547
7.035175879396985 206014467.27014568
7.160804020100502 205187129.0766394
7.28643216080402 204345056.64858708
7.4120603015075375 203488273.57026538
7.5376884422110555 202616805.77804846
7.663316582914573 201730681.63951895
7.788944723618091 200829932.03807482
7.914572864321608 199914590.46379927
8.040201005025125 198984693.08969814
8.165829145728644 198040278.85840738
8.291457286432161 197081389.56587112
8.417085427135678 196108069.93778384
8.542713567839195 195120367.71214384
8.668341708542714 194118333.71527007
8.793969849246231 193102021.93807876
8.919597989949748 192071489.60657692
9.045226130653266 191026797.2585381
9.170854271356784 189968008.80640432
9.296482412060302 188895191.60933235
9.422110552763819 187808416.53152442
9.547738693467336 186707758.00942263
9.673366834170855 185593294.10218
9.798994974874372 184465106.5560859
9.924623115577889 183323280.84798536
10.050251256281408 182167906.2391777
10.175879396984925 180999075.81846833
10.301507537688442 179816886.54563722
10.42713567839196 178621439.28541487
10.552763819095478 177412838.847294
10.678391959798995 176191194.0105326
10.804020100502512 174956617.55390194
10.92964824120603 173709226.2762812
11.055276381909549 172449141.01485425
11.180904522613066 171176486.66246182
11.306532663316583 169891392.172223
11.4321608040201 168593990.5693953
11.557788944723619 167284418.95078728
11.683417085427136 165962818.48411372
11.809045226130653 164629334.40191564
11.93467336683417 163284115.99372667
12.06030150753769 161927316.59125513
12.185929648241206 160559093.55433503
12.311557788944723 159179608.24710062
12.43718592964824 157789026.01676536
12.56281407035176 156387516.1635029
12.688442211055277 154975251.9095644
12.814070351758794 153552410.36287996
12.93969849246231 152119172.4756991
13.06532663316583 150675723.00191557
13.190954773869347 149222250.44683093
13.316582914572864 147758947.01250988
13.442211055276381 146286008.53958112
13.5678391959799 144803634.4440711
13.693467336683417 143312027.64588395
13.819095477386934 141811394.49569103
13.944723618090451 140301944.69317198
14.07035175879397 138783891.20208752
14.195979899497488 137257450.15687704
14.321608040201005 135722840.76707998
14.447236180904522 134180285.21311308
14.57286432160804 132630008.53978752
14.698492462311558 131072238.54229201
14.824120603015075 129507205.64958198
14.949748743718592 127935142.80432011
15.075376884422111 126356285.33612338
15.201005025125628 124770870.83600532
15.326633165829145 123179139.02514048
15.452261306532664 121581331.6234164
15.577889447236181 119977692.21623522
15.703517587939698 118368466.11972754
15.829145728643216 116753900.24780811
15.954773869346734 115134242.97550237
16.08040201005025 113509744.00688109
16.20603015075377 111880654.23997201
16.331658291457288 110247225.63486454
16.457286432160803 108609711.08213516
16.582914572864322 106968364.27207097
16.70854271356784 105323439.56617767
16.834170854271356 103675191.86982878
16.959798994974875 102023876.50660348
17.08542713567839 100369749.09506938
17.21105527638191 98713065.42802875
17.33668341708543 97054081.35479702
17.462311557788944 95393052.66654019
17.587939698492463 93730234.98646098
17.71356783919598 92065883.66352724
17.839195979899497 90400253.674565
17.964824120603016 88733599.52934021
18.09045226130653 87066175.18656489
18.21608040201005 85398233.97663817
18.34170854271357 83730028.53314327
18.467336683417084 82061810.73613283
18.592964824120603 80393831.665308
18.718592964824122 78726341.56440958
18.844221105527637 77059589.81770341
18.969849246231156 75393824.93851463
19.09547738693467 73729294.569254
19.22110552763819 72066245.492147
19.34673366834171 70404923.65287511
19.472361809045225 68745574.19221029
19.597989949748744 67088441.48815254
19.723618090452263 65433769.20485141
19.849246231155778 63781800.34931135
19.974874371859297 62132777.33167925
20.100502512562816 60486942.03015116
20.22613065326633 58844535.857240714
20.35175879396985 57205799.82654366
20.477386934673365 55570974.61819757
20.603015075376884 53940300.64201601
20.728643216080403 52314018.09679535
20.85427135678392 50692367.025036566
20.979899497487438 49075587.36169963
21.105527638190956 47463918.97723886
21.231155778894472 45857601.71372092
21.35678391959799 44256875.414657205
21.482412060301506 42661979.94764898
21.608040201005025 41073155.22178909
21.733668341708544 39490641.19836398
21.85929648241206 37914677.89675742
21.984924623115578 36345505.39677752
22.110552763819097 34783363.83671393
22.236180904522612 33228493.409720466
22.36180904522613 31681134.358388025
22.487437185929647 30141526.96974695
22.613065326633166 28609911.56984829
22.738693467336685 27086528.521122728
22.8643216080402 25571618.220940962
22.98994974874372 24065421.10432922
23.115577889447238 22568177.649364557
23.241206030150753 21080128.38736213
23.366834170854272 19601513.916855182
23.492462311557787 18132574.922182348
23.618090452261306 16673552.196428256
23.743718592964825 15224686.668172125
23.86934673366834 13786219.432307428
23.99497487437186 12358391.78360267
24.12060301507538 10941445.253077067
24.246231155778894 9535621.645908179
24.371859296482413 8141163.080148771
24.497487437185928 6758312.025348386
24.623115577889447 5387311.339884353
24.748743718592966 4028404.3059801813
24.87437185929648 2681834.661236767
25 1347846.625523077
