0.006376898824800252 0.006376898824800252
0 2000809021.95615
0.12562814070351758 2000800186.3155982
0.25125628140703515 2000773529.802842
0.3768844221105528 2000728857.1421
0.5025125628140703 2000665799.4363596
0.628140703517588 2000583837.5003042
0.7537688442211056 2000482299.196447
0.8793969849246231 2000360355.9937897
1.0050251256281406 2000217018.7709677
1.1306532663316582 2000051132.8725247
1.256281407035176 1999861372.432644
1.3819095477386936 1999646233.9714491
1.5075376884422111 1999404029.2841856
1.6331658291457287 1999132877.6349323
1.7587939698492463 1998830697.2776182
1.8844221105527639 1998495196.3234828
2.0100502512562812 1998123862.9785604
2.135678391959799 1997713955.189402
2.2613065326633164 1997262489.7130857
2.386934673366834 1996766230.6673238
2.512562814070352 1996221677.5839849
2.6381909547738696 1995625053.0236382
2.763819095477387 1994972289.8003626
2.8894472361809047 1994259017.8657954
3.0150753768844223 1993480550.9229474
3.14070351758794 1992631872.834879
3.2663316582914574 1991707623.8995092
3.391959798994975 1990702087.075002
3.5175879396984926 1989609174.2412772
3.64321608040201 1988422412.5915365
3.7688442211055277 1987134931.2576318
3.8944723618090453 1985739448.2729948
4.0201005025125625 1984228257.9948099
4.1457286432160805 1982593219.1066809
4.271356783919598 1980825743.3280656
4.396984924623116 1978916784.979815
4.522613065326633 1976856831.539157
4.648241206030151 1974635895.3489585
4.773869346733668 1972243506.6273541
4.899497487437186 1969668707.9672098
5.025125628140704 1966900050.4719336
5.150753768844221 1963925591.7303803
5.276381909547739 1960732895.8122566
5.402010050251256 1957309035.4573295
5.527638190954774 1953640596.687347
5.653266331658291 1949713686.0141826
5.778894472361809 1945513940.4488919
5.9045226130653266 1941026540.5450907
6.030150753768845 1936236226.6433775
6.155778894472362 1931127318.5440354
6.28140703517588 1925683738.8348835
6.407035175879397 1919889040.0119333
6.532663316582915 1913726435.6662862
6.658291457286432 1907178835.873238
6.78391959798995 1900228886.9728272
6.909547738693467 1892859015.9360688
7.035175879396985 1885051479.4399805
7.160804020100502 1876788417.8182836
7.28643216080402 1868051913.9733205
7.4120603015075375 1858824057.317041
7.5376884422110555 1849087012.871995
7.663316582914573 1838823095.7302134
7.788944723618091 1828014850.5690517
7.914572864321608 1816645135.4986227
8.040201005025125 1804697211.8985176
8.165829145728644 1792154841.365111
8.291457286432161 1779002381.684297
8.417085427135678 1765224886.6534805
8.542713567839195 1750808229.8500881
8.668341708542714 1735739202.1209712
8.793969849246231 1720005607.2630727
8.919597989949748 1703596453.1491997
9.045226130653266 1686501974.1620102
9.170854271356784 1668713789.0640664
9.296482412060302 1650225140.9698887
9.422110552763819 1631030722.7499695
9.547738693467336 1611127198.3435452
9.673366834170855 1590512954.3472576
9.798994974874372 1569188445.2371573
9.924623115577889 1547156229.901128
10.050251256281408 1524421065.051086
10.175879396984925 1500990026.273545
10.301507537688442 1476872600.1078677
10.42713567839196 1452080777.1170483
10.552763819095478 1426629041.6839876
10.678391959798995 1400534600.669586
10.804020100502512 1373817231.668785
10.92964824120603 1346499411.8540418
11.055276381909549 1318606441.0155382
11.180904522613066 1290166108.0997386
11.306532663316583 1261209104.2369673
11.4321608040201 1231768610.2812746
11.557788944723619 1201880417.1838393
11.683417085427136 1171582846.4771962
11.809045226130653 1140916544.0017788
11.93467336683417 1109924443.9279377
12.06030150753769 1078651585.9252617
12.185929648241206 1047144931.9002092
12.311557788944723 1015453194.8395628
12.43718592964824 983626620.1865841
12.56281407035176 951716751.2166891
12.688442211055277 919776184.9131825
12.814070351758794 887858309.0323396
12.93969849246231 856017024.2800215
13.06532663316583 824306456.6112095
13.190954773869347 792780661.4278746
13.316582914572864 761493321.8539796
13.442211055276381 730497444.2491773
13.5678391959799 699845054.2310766
13.693467336683417 669586896.3869946
13.819095477386934 639772140.8662853
13.944723618090451 610448100.0642037
14.07035175879397 581659958.5431587
14.195979899497488 553450519.2122525
14.321608040201005 525859968.6034985
14.447236180904522 498925663.84934586
14.57286432160804 472681943.6906718
14.698492462311558 447159965.5228237
14.824120603015075 422387570.132734
14.949748743718592 398389175.3936162
15.075376884422111 375185699.7786111
15.201005025125628 352794516.1354631
15.326633165829145 331229435.74177945
15.452261306532664 310500722.24200344
15.577889447236181 290615134.6631521
15.703517587939698 271575998.32107604
15.829145728643216 253383302.07579526
15.954773869346734 236033820.07255012
16.08040201005025 219521255.82706037
16.20603015075377 203836406.27907565
16.331658291457288 188967343.25077653
16.457286432160803 174899609.6131242
16.582914572864322 161616427.37591913
16.70854271356784 149098914.88394108
16.834170854271356 137326310.31489444
16.959798994974875 126276198.73480609
17.08542713567839 115924740.06755596
17.21105527638191 106246895.47586551
17.33668341708543 97216649.82173468
17.462311557788944 88807228.0746589
17.587939698492463 80991303.75582723
17.71356783919598 73741197.7432412
17.839195979899497 67029066.00882504
17.964824120603016 60827075.10939826
18.09045226130653 55107564.50351425
18.21608040201005 49843195.011072084
18.34170854271357 45007082.9681058
18.467336683417084 40572919.85117764
18.592964824120603 36515077.35290816
18.718592964824122 32808698.077528466
18.844221105527637 29429772.19447563
18.969849246231156 26355200.534197994
19.09547738693467 23562844.73667759
19.22110552763819 21031565.166468747
19.34673366834171 18741247.391003378
19.472361809045225 16672818.08084617
19.597989949748744 14808251.233641494
19.723618090452263 13130565.648272725
19.849246231155778 11623814.58462504
19.974874371859297 10273068.53816395
20.100502512562816 9064392.039880771
20.22613065326633 7984815.362415319
20.35175879396985 7022301.974262688
20.477386934673365 6165712.537686051
20.603015075376884 5404766.193950684
20.728643216080403 4729999.823379374
20.85427135678392 4132725.9087917446
20.979899497487438 3604989.5707134865
21.105527638190956 3139525.2821454573
21.231155778894472 2729713.710909082
21.35678391959799 2369539.07941241
21.482412060301506 2053547.3757224816
21.608040201005025 1776805.6968453326
21.733668341708544 1534862.9552873317
21.85929648241206 1323712.133853669
21.984924623115578 1139754.2312674734
22.110552763819097 979764.0027327446
22.236180904522612 840857.5650806854
22.36180904522613 720461.9054942238
22.487437185929647 616286.3059689007
22.613065326633166 526295.6724218931
22.738693467336685 448685.73758275574
22.8643216080402 381860.0901747243
22.98994974874372 324408.9692423363
23.115577889447238 275089.75152658875
23.241206030150753 232809.0512535092
23.366834170854272 196606.34534094267
23.492462311557787 165639.03256872724
23.618090452261306 139168.8324549069
23.743718592964825 116549.4281967305
23.86934673366834 97215.25783488016
23.99497487437186 80671.3585914469
24.12060301507538 66484.17090425159
24.246231155778894 54273.21087014205
24.371859296482413 43703.522467834584
24.497487437185928 34478.823890357875
24.623115577889447 26335.265503882125
24.748743718592966 19035.720209126615
24.87437185929648 12364.530275133393
25 6122.637934745735
