0.12069977982375112 0.12069977982375112
0 5703459.138756473
0.12562814070351758 5702776.874658437
0.25125628140703515 5702091.232656144
0.3768844221105528 5700950.0640271595
0.5025125628140703 5699352.891046839
0.628140703517588 5697299.717271915
0.7537688442211056 5694790.665494554
0.8793969849246231 5691825.909500178
1.0050251256281406 5688405.685282428
1.1306532663316582 5684530.266636024
1.256281407035176 5680199.983145392
1.3819095477386936 5675415.2106002085
1.5075376884422111 5670176.380800786
1.6331658291457287 5664483.985298096
1.7587939698492463 5658338.572137834
1.8844221105527639 5651740.756342343
2.0100502512562812 5644691.217113545
2.135678391959799 5637190.70425968
2.2613065326633164 5629240.038611838
2.386934673366834 5620840.116291167
2.512562814070352 5611991.910322927
2.6381909547738696 5602696.470259256
2.763819095477387 5592954.926724406
2.8894472361809047 5582768.489954998
3.0150753768844223 5572138.451730294
3.14070351758794 5561066.185375335
3.2663316582914574 5549553.145827273
3.391959798994975 5537600.868724641
3.5175879396984926 5525210.970928402
3.64321608040201 5512385.148219509
3.7688442211055277 5499125.175229258
3.8944723618090453 5485432.903402654
4.0201005025125625 5471310.26030158
4.1457286432160805 5456759.24763897
4.271356783919598 5441781.939034046
4.396984924623116 5426380.477880446
4.522613065326633 5410557.076606822
4.648241206030151 5394314.0142191965
4.773869346733668 5377653.632973452
4.899497487437186 5360578.337892152
5.025125628140704 5343090.593884149
5.150753768844221 5325192.923690313
5.276381909547739 5306887.9058691105
5.402010050251256 5288178.172820563
5.527638190954774 5269066.408760527
5.653266331658291 5249555.34702351
5.778894472361809 5229647.769483041
5.9045226130653266 5209346.503595758
6.030150753768845 5188654.421082131
6.155778894472362 5167574.436863158
6.28140703517588 5146109.50634023
6.407035175879397 5124262.625654901
6.532663316582915 5102036.829586465
6.658291457286432 5079435.191043267
6.78391959798995 5056460.81997765
6.909547738693467 5033116.86432687
7.035175879396985 5009406.508933525
7.160804020100502 4985332.974760202
7.28643216080402 4960899.520300438
7.4120603015075375 4936109.443270349
7.5376884422110555 4910966.079173256
7.663316582914573 4885472.803121208
7.788944723618091 4859633.0317022195
7.914572864321608 4833450.223032509
8.040201005025125 4806927.879139845
8.165829145728644 4780069.546489553
8.291457286432161 4752878.817248946
8.417085427135678 4725359.331172691
8.542713567839195 4697514.775865475
8.668341708542714 4669348.887863542
8.793969849246231 4640865.453457805
8.919597989949748 4612068.308714801
9.045226130653266 4582961.339582997
9.170854271356784 4553548.481932173
9.296482412060302 4523833.721066825
9.422110552763819 4493821.090384169
9.547738693467336 4463514.671344659
9.673366834170855 4432918.591290389
9.798994974874372 4402037.022300215
9.924623115577889 4370874.180533896
10.050251256281408 4339434.32364765
10.175879396984925 4307721.750123466
10.301507537688442 4275740.797235132
10.42713567839196 4243495.840073214
10.552763819095478 4210991.291072867
10.678391959798995 4178231.598253751
10.804020100502512 4145221.2452719454
10.92964824120603 4111964.7512035593
11.055276381909549 4078466.6701959246
11.180904522613066 4044731.5920897922
11.306532663316583 4010764.1425846713
11.4321608040201 3976568.983765008
11.557788944723619 3942150.815018156
11.683417085427136 3907514.3732741605
11.809045226130653 3872664.434009469
11.93467336683417 3837605.810691999
12.06030150753769 3802343.3557640193
12.185929648241206 3766881.959445827
12.311557788944723 3731226.5492600924
12.43718592964824 3695382.0886944053
12.56281407035176 3659353.575054395
12.688442211055277 3623146.0374350236
12.814070351758794 3586764.53309334
12.93969849246231 3550214.1443430455
13.06532663316583 3513499.9748337395
13.190954773869347 3476627.1445006845
13.316582914572864 3439600.786251128
13.442211055276381 3402426.0399642377
13.5678391959799 3365108.0494131553
13.693467336683417 3327651.95700482
13.819095477386934 3290062.8994947732
13.944723618090451 3252346.0054123653
14.07035175879397 3214506.3914690544
14.195979899497488 3176549.1604380417
14.321608040201005 3138479.400531839
14.447236180904522 3100302.1838519406
14.57286432160804 3062022.567651771
14.698492462311558 3023645.5955208135
14.824120603015075 2985176.299536039
14.949748743718592 2946619.703154315
15.075376884422111 2907980.82611513
15.201005025125628 2869264.6867863494
15.326633165829145 2830476.3088273318
15.452261306532664 2791620.724789789
15.577889447236181 2752702.9830062706
15.703517587939698 2713728.150163754
15.829145728643216 2674701.3182305493
15.954773869346734 2635627.607428919
16.08040201005025 2596512.170086181
16.20603015075377 2557360.192690227
16.331658291457288 2518176.90035929
16.457286432160803 2478967.5544496286
16.582914572864322 2439737.4538458954
16.70854271356784 2400491.9338897318
16.834170854271356 2361236.363878692
16.959798994974875 2321976.1429060204
17.08542713567839 2282716.696439651
17.21105527638191 2243463.470567487
17.33668341708543 2204221.925857974
17.462311557788944 2164997.5309759984
17.587939698492463 2125795.755146873
17.71356783919598 2086622.0611454952
17.839195979899497 2047481.8976856119
17.964824120603016 2008380.6910036157
18.09045226130653 1969323.8393363878
18.21608040201005 1930316.7047648644
18.34170854271357 1891364.6069183652
18.467336683417084 1852472.817968565
18.592964824120603 1813646.5568766294
18.718592964824122 1774890.9870034275
18.844221105527637 1736211.2116937067
18.969849246231156 1697612.272119285
19.09547738693467 1659099.1475870977
19.22110552763819 1620676.7553663482
19.34673366834171 1582349.9509802023
19.472361809045225 1544123.5309892718
19.597989949748744 1506002.2360630478
19.723618090452263 1467990.7542052781
19.849246231155778 1430093.7255888013
19.974874371859297 1392315.7476308376
20.100502512562816 1354661.3804237251
20.22613065326633 1317135.1525435254
20.35175879396985 1279741.566921713
20.477386934673365 1242485.1062369088
20.603015075376884 1205370.2396214006
20.728643216080403 1168401.4273595298
20.85427135678392 1131583.1259260564
20.979899497487438 1094919.790963307
21.105527638190956 1058415.8826210173
21.231155778894472 1022075.8680874115
21.35678391959799 985904.2206685024
21.482412060301506 949905.4230505251
21.608040201005025 914083.9661175307
21.733668341708544 878444.3455453645
21.85929648241206 842991.0616704118
21.984924623115578 807728.613635999
22.110552763819097 772661.4965107657
22.236180904522612 737794.1934947093
22.36180904522613 703131.171344795
22.487437185929647 668676.8721192232
22.613065326633166 634435.7063834217
22.738693467336685 600412.0448088663
22.8643216080402 566610.2108462704
22.98994974874372 533034.4721251269
23.115577889447238 499689.03325359087
23.241206030150753 466578.0282374524
23.366834170854272 433705.51490838255
23.492462311557787 401075.4670421804
23.618090452261306 368691.7717325075
23.743718592964825 336558.2232683489
23.86934673366834 304678.52196371736
23.99497487437186 273056.2705968833
24.12060301507538 241694.97494557442
24.246231155778894 210598.043956239
24.371859296482413 179768.79171819266
24.497487437185928 149210.43907417284
24.623115577889447 118926.11858563009
24.748743718592966 88918.87813555522
24.87437185929648 59191.686868252174
25 29747.44137348338
