0.07039989911742457 0.07039989911742457
0 29448403.069649886
0.12562814070351758 29447329.296357974
0.25125628140703515 29444097.286297068
0.3768844221105528 29438710.889597766
0.5025125628140703 29431170.55862757
0.628140703517588 29421476.922423337
0.7537688442211056 29409630.789444536
0.8793969849246231 29395633.148772668
1.0050251256281406 29379485.171206124
1.1306532663316582 29361188.209859107
1.256281407035176 29340743.801107775
1.3819095477386936 29318153.665580902
1.5075376884422111 29293419.709256697
1.6331658291457287 29266544.024224088
1.7587939698492463 29237528.890000172
1.8844221105527639 29206376.774395358
2.0100502512562812 29173090.334512256
2.135678391959799 29137672.417800773
2.2613065326633164 29100126.06291499
2.386934673366834 29060454.50073673
2.512562814070352 29018661.15504741
2.6381909547738696 28974749.64356578
2.763819095477387 28928723.778554145
2.8894472361809047 28880587.567623608
3.0150753768844223 28830345.21437976
3.14070351758794 28778001.11934844
3.2663316582914574 28723559.88032174
3.391959798994975 28667026.29301668
3.5175879396984926 28608405.352217376
3.64321608040201 28547702.251796998
3.7688442211055277 28484922.385704666
3.8944723618090453 28420071.34874811
4.0201005025125625 28353154.93688065
4.1457286432160805 28284179.148541156
4.271356783919598 28213150.184643485
4.396984924623116 28140074.44996814
4.522613065326633 28064958.553620096
4.648241206030151 27987809.309862804
4.773869346733668 27908633.73895804
4.899497487437186 27827439.067872744
5.025125628140704 27744232.731221024
5.150753768844221 27659022.372168772
5.276381909547739 27571815.843004048
5.402010050251256 27482621.206306897
5.527638190954774 27391446.735550124
5.653266331658291 27298300.916073073
5.778894472361809 27203192.44611884
5.9045226130653266 27106130.237393484
6.030150753768845 27007123.416454807
6.155778894472362 26906181.32525376
6.28140703517588 26803313.52247073
6.407035175879397 26698529.784427408
6.532663316582915 26591840.106192462
6.658291457286432 26483254.702791438
6.78391959798995 26372784.010449838
6.909547738693467 26260438.68781863
7.035175879396985 26146229.61736733
7.160804020100502 26030167.90672612
7.28643216080402 25912264.89026487
7.4120603015075375 25792532.130421463
7.5376884422110555 25670981.419415478
7.663316582914573 25547624.78065149
7.788944723618091 25422474.470401313
7.914572864321608 25295542.979325637
8.040201005025125 25166843.03412171
8.165829145728644 25036387.59888395
8.291457286432161 24904189.87674501
8.417085427135678 24770263.31127247
8.542713567839195 24634621.587831464
8.668341708542714 24497278.63469107
8.793969849246231 24358248.624547765
8.919597989949748 24217545.9753061
9.045226130653266 24075185.351268128
9.170854271356784 23931181.66382984
9.296482412060302 23785550.07241539
9.422110552763819 23638305.985074326
9.547738693467336 23489465.058894962
9.673366834170855 23339043.200628687
9.798994974874372 23187056.567024387
9.924623115577889 23033521.564814717
10.050251256281408 22878454.85115991
10.175879396984925 22721873.333445027
10.301507537688442 22563794.169398487
10.42713567839196 22404234.766664542
10.552763819095478 22243212.78293563
10.678391959798995 22080746.125139594
10.804020100502512 21916852.949400213
10.92964824120603 21751551.660200976
11.055276381909549 21584860.909839693
11.180904522613066 21416799.597698044
11.306532663316583 21247386.86925228
11.4321608040201 21076642.115221083
11.557788944723619 20904584.97048657
11.683417085427136 20731235.312884815
11.809045226130653 20556613.262017738
11.93467336683417 20380739.17798173
12.06030150753769 20203633.65996022
12.185929648241206 20025317.544880684
12.311557788944723 19845811.905991573
12.43718592964824 19665138.051475044
12.56281407035176 19483317.523082968
12.688442211055277 19300372.094800696
12.814070351758794 19116323.771573745
12.93969849246231 18931194.788147684
13.06532663316583 18745007.607968263
13.190954773869347 18557784.922148995
13.316582914572864 18369549.648613133
13.442211055276381 18180324.931229122
13.5678391959799 17990134.13909436
13.693467336683417 17799000.86583485
13.819095477386934 17606948.92893483
13.944723618090451 17414002.369064875
14.07035175879397 17220185.449357774
14.195979899497488 17025522.654570445
14.321608040201005 16830038.69012125
14.447236180904522 16633758.480965126
14.57286432160804 16436707.17009209
14.698492462311558 16238910.116957478
14.824120603015075 16040392.895380508
14.949748743718592 15841181.291065544
15.075376884422111 15641301.298950225
15.201005025125628 15440779.119821759
15.326633165829145 15239641.156710489
15.452261306532664 15037914.010813996
15.577889447236181 14835624.476785872
15.703517587939698 14632799.537989004
15.829145728643216 14429466.360910634
15.954773869346734 14225652.289705604
16.08040201005025 14021384.840069704
16.20603015075377 13816691.693122705
16.331658291457288 13611600.688936174
16.457286432160803 13406139.819972288
16.582914572864322 13200337.224707581
16.70854271356784 12994221.180880576
16.834170854271356 12787820.099102417
16.959798994974875 12581162.516449321
17.08542713567839 12374277.090173056
17.21105527638191 12167192.59174107
17.33668341708543 11959937.900956059
17.462311557788944 11752542.000349853
17.587939698492463 11545033.969831925
17.71356783919598 11337442.981431287
17.839195979899497 11129798.294437913
17.964824120603016 10922129.250463504
18.09045226130653 10714465.268807897
18.21608040201005 10506835.841746992
18.34170854271357 10299270.530005606
18.467336683417084 10091798.958094444
18.592964824120603 9884450.809614573
18.718592964824122 9677255.82222035
18.844221105527637 9470243.782977937
18.969849246231156 9263444.522578727
19.09547738693467 9056887.910256192
19.22110552763819 8850603.847809125
19.34673366834171 8644622.263304325
19.472361809045225 8438973.104986375
19.597989949748744 8233686.334182882
19.723618090452263 8028791.918435572
19.849246231155778 7824319.824081415
19.974874371859297 7620300.008581641
20.100502512562816 7416762.412721887
20.22613065326633 7213736.952428192
20.35175879396985 7011253.510641137
20.477386934673365 6809341.928852198
20.603015075376884 6608031.998707852
20.728643216080403 6407353.45339585
20.85427135678392 6207335.959202411
20.979899497487438 6008009.106806873
21.105527638190956 5809402.402912336
21.231155778894472 5611545.261762169
21.35678391959799 5414466.9965317855
21.482412060301506 5218196.81115428
21.608040201005025 5022763.79184827
21.733668341708544 4828196.89883327
21.85929648241206 4634524.958296795
21.984924623115578 4441776.653928777
22.110552763819097 4249980.518769441
22.236180904522612 4059164.9271151745
22.36180904522613 3869358.0861554267
22.487437185929647 3680588.0277755163
22.613065326633166 3492882.6002314156
22.738693467336685 3306269.4597929423
22.8643216080402 3120776.062404342
22.98994974874372 2936429.6551715187
23.115577889447238 2753257.2680240776
23.241206030150753 2571285.705102224
23.366834170854272 2390541.53637101
23.492462311557787 2211051.089112738
23.618090452261306 2032840.4395472223
23.743718592964825 1855935.4043920347
23.86934673366834 1680361.5329088455
23.99497487437186 1506144.0982844327
24.12060301507538 1333308.0900229993
24.246231155778894 1161878.2059404345
24.371859296482413 991878.8444776422
24.497487437185928 823334.0971705487
24.623115577889447 656267.7413998888
24.748743718592966 490703.23306372145
24.87437185929648 326663.6996986854
25 164171.93361500077
