0.007757991926815447 0.007757991926815447
0 1278391306.6399486
0.12562814070351758 1278339351.9694822
0.25125628140703515 1278286991.1992571
0.3768844221105528 1278199643.2632244
0.5025125628140703 1278076972.517568
0.628140703517588 1277918560.2876549
0.7537688442211056 1277723875.8466835
0.8793969849246231 1277492271.8061783
1.0050251256281406 1277222982.4871473
1.1306532663316582 1276915122.8838131
1.256281407035176 1276567687.7439578
1.3819095477386936 1276179550.6442347
1.5075376884422111 1275749463.024696
1.6331658291457287 1275276053.1754708
1.7587939698492463 1274757825.1765294
1.8844221105527639 1274193157.8043756
2.0100502512562812 1273580303.4106076
2.135678391959799 1272917386.7893798
2.2613065326633164 1272202404.045278
2.386934673366834 1271433221.4792755
2.512562814070352 1270607574.5066102
2.6381909547738696 1269723066.627149
2.763819095477387 1268777168.4640517
2.8894472361809047 1267767216.890395
3.0150753768844223 1266690414.2676532
3.14070351758794 1265543827.8104157
3.2663316582914574 1264324389.1076868
3.391959798994975 1263028893.8157897
3.5175879396984926 1261654001.5535235
3.64321608040201 1260196236.0185213
3.7688442211055277 1258651985.3534973
3.8944723618090453 1257017502.787887
4.0201005025125625 1255288907.5790613
4.1457286432160805 1253462186.2831233
4.271356783919598 1251533194.3813179
4.396984924623116 1249497658.2911265
4.522613065326633 1247351177.7876284
4.648241206030151 1245089228.8693972
4.773869346733668 1242707167.0897667
4.899497487437186 1240200231.391147
5.025125628140704 1237563548.4640937
5.150753768844221 1234792137.66324
5.276381909547739 1231880916.5080807
5.402010050251256 1228824706.7955818
5.527638190954774 1225618241.3525302
5.653266331658291 1222256171.454535
5.778894472361809 1218733074.9337766
5.9045226130653266 1215043465.0064719
6.030150753768845 1211181799.8334463
6.155778894472362 1207142492.8439386
6.28140703517588 1202919923.836182
6.407035175879397 1198508450.8720145
6.532663316582915 1193902422.983089
6.658291457286432 1189096193.6982932
6.78391959798995 1184084135.399598
6.909547738693467 1178860654.5147734
7.035175879396985 1173420207.547235
7.160804020100502 1167757317.9393702
7.28643216080402 1161866593.7625792
7.4120603015075375 1155742746.22265
7.5376884422110555 1149380608.9697204
7.663316582914573 1142775158.1828544
7.788944723618091 1135921533.3880422
7.914572864321608 1128815058.9853003
8.040201005025125 1121451266.5015492
8.165829145728644 1113825917.4426425
8.291457286432161 1105935026.5466554
8.417085427135678 1097774885.7567117
8.542713567839195 1089342088.8718731
8.668341708542714 1080633555.5554893
8.793969849246231 1071646556.3917215
8.919597989949748 1062378739.3925345
9.045226130653266 1052828152.3440032
9.170854271356784 1042993269.9086864
9.296482412060302 1032873020.0522752
9.422110552763819 1022466802.3239505
9.547738693467336 1011774520.9824069
9.673366834170855 1000796600.4091785
9.798994974874372 989534011.9643128
9.924623115577889 977988295.446951
10.050251256281408 966161578.2224741
10.175879396984925 954056595.4820082
10.301507537688442 941676708.3601466
10.42713567839196 929025919.7298794
10.552763819095478 916108887.2421899
10.678391959798995 902930939.4643416
10.804020100502512 889498080.7753524
10.92964824120603 875817002.5669278
11.055276381909549 861895089.7533075
11.180904522613066 847740416.1026359
11.306532663316583 833361753.7664491
11.4321608040201 818768561.4728842
11.557788944723619 803970981.0819935
11.683417085427136 788979829.0301659
11.809045226130653 773806579.8142532
11.93467336683417 758463351.1820422
12.06030150753769 742962883.6096562
12.185929648241206 727318515.6418875
12.311557788944723 711544156.9064846
12.43718592964824 695654257.1182745
12.56281407035176 679663771.3397192
12.688442211055277 663588122.0686358
12.814070351758794 647443158.020746
12.93969849246231 631245109.6422224
13.06532663316583 615010541.6091875
13.190954773869347 598756302.5372646
13.316582914572864 582499472.1035022
13.442211055276381 566257305.8289242
13.5678391959799 550047177.8122526
13.693467336683417 533886521.7319015
13.819095477386934 517792770.45050454
13.944723618090451 501783294.5813562
14.07035175879397 485875340.39292836
14.195979899497488 470085967.4453242
14.321608040201005 454431986.3666111
14.447236180904522 438929897.1822817
14.57286432160804 423595828.6200109
14.698492462311558 408445478.8079598
14.824120603015075 393494057.7843377
14.949748743718592 378756232.22557694
15.075376884422111 364246072.78677636
15.201005025125628 349977004.4330234
15.326633165829145 335961760.114614
15.452261306532664 322212338.1159568
15.577889447236181 308739963.3748229
15.703517587939698 295555053.0380469
15.829145728643216 282667186.4782668
15.954773869346734 270085079.9610701
16.08040201005025 257816566.10651627
16.20603015075377 245868578.24717182
16.331658291457288 234247139.7405653
16.457286432160803 222957358.24869645
16.582914572864322 212003424.95343354
16.70854271356784 201388618.63332266
16.834170854271356 191115314.4854341
16.959798994974875 181184997.5365049
17.08542713567839 171598280.44964692
17.21105527638191 162354925.49974856
17.33668341708543 153453870.4584809
17.462311557788944 144893258.10307
17.587939698492463 136670469.0394676
17.71356783919598 128782157.51015997
17.839195979899497 121224289.84196453
17.964824120603016 113992185.17770907
18.09045226130653 107080558.12759785
18.21608040201005 100483562.97434068
18.34170854271357 94194839.06484745
18.467336683417084 88207557.02774604
18.592964824120603 82514465.46257748
18.718592964824122 77107937.7589132
18.844221105527637 71980018.71675473
18.969849246231156 67122470.65841067
19.09547738693467 62526818.73960464
19.22110552763819 58184395.19026636
19.34673366834171 54086382.238135606
19.472361809045225 50223853.4923967
19.597989949748744 46587813.59015079
19.723618090452263 43169235.93403923
19.849246231155778 39959098.375486195
19.974874371859297 36948416.72365804
20.100502512562816 34128275.98579905
20.22613065326633 31489859.269162834
20.35175879396985 29024474.298601873
20.477386934673365 26723577.52636654
20.603015075376884 24578795.83163881
20.728643216080403 22581945.827519964
20.85427135678392 20725050.81054823
20.979899497487438 19000355.404630646
21.105527638190956 17400337.96555942
21.231155778894472 15917720.824989641
21.35678391959799 14545478.463754399
21.482412060301506 13276843.713264465
21.608040201005025 12105312.091270827
21.733668341708544 11024644.384059072
21.85929648241206 10028867.590711698
21.984924623115578 9112274.348278988
22.110552763819097 8269420.957394674
22.236180904522612 7495124.127992754
22.36180904522613 6784456.563525769
22.487437185929647 6132741.499652652
22.613065326633166 5535546.310393991
22.738693467336685 4988675.290594004
22.8643216080402 4488161.719054291
22.98994974874372 4030259.3015130456
23.115577889447238 3611433.087116288
23.241206030150753 3228349.946150681
23.366834170854272 2877868.690850152
23.492462311557787 2557029.914846474
23.618090452261306 2263045.620776953
23.743718592964825 1993288.699403605
23.86934673366834 1745282.3178018064
23.99497487437186 1516689.268254796
24.12060301507538 1305301.324232561
24.246231155778894 1109028.644577607
24.371859296482413 925889.2622715585
24.497487437185928 753998.6897279398
24.623115577889447 591559.6686561662
24.748743718592966 436852.08890096715
24.87437185929648 288223.09764449066
25 144077.41770747385
