0.004990967945636998 0.004990967945636998
0 4505664636.17588
0.12562814070351758 4505664177.828777
0.25125628140703515 4505663700.24978
0.3768844221105528 4505662881.946709
0.5025125628140703 4505661686.549859
0.628140703517588 4505660061.505078
0.7537688442211056 4505657935.654353
0.8793969849246231 4505655216.288985
1.0050251256281406 4505651785.403669
1.1306532663316582 4505647495.011434
1.256281407035176 4505642161.374685
1.3819095477386936 4505635557.981314
1.5075376884422111 4505627407.086059
1.6331658291457287 4505617369.548706
1.7587939698492463 4505605032.766663
1.8844221105527639 4505589896.332116
2.0100502512562812 4505571355.145714
2.135678391959799 4505548679.534669
2.2613065326633164 4505520992.032335
2.386934673366834 4505487240.259228
2.512562814070352 4505446165.484092
2.6381909547738696 4505396266.224713
2.763819095477387 4505335756.342742
2.8894472361809047 4505262516.944219
3.0150753768844223 4505174041.425941
3.14070351758794 4505067372.917786
3.2663316582914574 4504939033.409025
3.391959798994975 4504784943.735305
3.5175879396984926 4504600333.704363
3.64321608040201 4504379641.548228
3.7688442211055277 4504116401.965253
3.8944723618090453 4503803122.031123
4.0201005025125625 4503431144.336513
4.1457286432160805 4502990496.764035
4.271356783919598 4502469728.444572
4.396984924623116 4501855731.573857
4.522613065326633 4501133548.921696
4.648241206030151 4500286167.051836
4.773869346733668 4499294295.543931
4.899497487437186 4498136132.753483
5.025125628140704 4496787118.83967
5.150753768844221 4495219677.409232
5.276381909547739 4493402947.033539
5.402010050251256 4491302504.837705
5.527638190954774 4488880084.179433
5.653266331658291 4486093289.578271
5.778894472361809 4482895311.642202
5.9045226130653266 4479234646.376627
6.030150753768845 4475054822.345736
6.155778894472362 4470294141.186127
6.28140703517588 4464885436.129204
6.407035175879397 4458755854.588485
6.532663316582915 4451826671.031832
6.658291457286432 4444013136.646182
6.78391959798995 4435224373.348867
6.909547738693467 4425363319.017689
7.035175879396985 4414326732.885992
7.160804020100502 4402005267.965355
7.28643216080402 4388283620.372085
7.4120603015075375 4373040762.735947
7.5376884422110555 4356150271.542099
7.663316582914573 4337480756.15061
7.788944723618091 4316896397.831946
7.914572864321608 4294257605.1185193
8.040201005025125 4269421798.4029994
8.165829145728644 4242244330.0820303
8.291457286432161 4212579517.58443
8.417085427135678 4180281834.249477
8.542713567839195 4145207319.7865047
8.668341708542714 4107214927.9142957
8.793969849246231 4066168148.4125304
8.919597989949748 4021937159.468605
9.045226130653266 3974399847.86392
9.170854271356784 3923444760.238084
9.296482412060302 3868972904.804084
9.422110552763819 3810898812.7485256
9.547738693467336 3749155749.151004
9.673366834170855 3683692907.711481
9.798994974874372 3614484977.7174783
9.924623115577889 3541524350.799387
10.050251256281408 3464836133.018381
10.175879396984925 3384464215.7757354
10.301507537688442 3300491106.624006
10.42713567839196 3213020177.9604383
10.552763819095478 3122195638.0605454
10.678391959798995 3028186156.2754793
10.804020100502512 2931199613.907722
10.92964824120603 2831471510.6452303
11.055276381909549 2729272833.962736
11.180904522613066 2624902656.6373343
11.306532663316583 2518690155.576112
11.4321608040201 2410990386.5583963
11.557788944723619 2302181142.7438087
11.683417085427136 2192660433.0419254
11.809045226130653 2082841130.2503626
11.93467336683417 1973146935.2979748
12.06030150753769 1864007334.4767008
12.185929648241206 1755852087.840529
12.311557788944723 1649105846.721741
12.43718592964824 1544182609.8713994
12.56281407035176 1441480222.6160161
12.688442211055277 1341375123.9901762
12.814070351758794 1244217436.5803149
12.93969849246231 1150326519.5732896
13.06532663316583 1059987105.793046
13.190954773869347 973446119.0107632
13.316582914572864 890910245.7044915
13.442211055276381 812544312.6267494
13.5678391959799 738470495.7803324
13.693467336683417 668768359.6267166
13.819095477386934 603475699.2162199
13.944723618090451 542590133.5888654
14.07035175879397 486071377.2781459
14.195979899497488 433844098.952021
14.321608040201005 385801262.80321944
14.447236180904522 341807839.62814635
14.57286432160804 301704770.70864594
14.698492462311558 265313068.4650976
14.824120603015075 232437942.9771323
14.949748743718592 202872852.2754249
15.075376884422111 176403386.06285396
15.201005025125628 152810906.41856894
15.326633165829145 131875884.24204272
15.452261306532664 113380885.90801953
15.577889447236181 97113180.09807819
15.703517587939698 82866949.42878114
15.829145728643216 70445104.81134856
15.954773869346734 59660712.09070704
16.08040201005025 50338050.19310238
16.20603015075377 42313327.65722398
16.331658291457288 35435090.04049795
16.457286432160803 29564354.377257675
16.582914572864322 24574508.787463527
16.70854271356784 20351015.71112717
16.834170854271356 16790956.32172073
16.959798994974875 13802451.710749136
17.08542713567839 11303993.691214789
17.21105527638191 9223714.781167703
17.33668341708543 7498623.317896249
17.462311557788944 6073825.907891553
17.587939698492463 4901755.695121294
17.71356783919598 3941421.3558641425
17.839195979899497 3157688.3967038468
17.964824120603016 2520601.3087881324
18.09045226130653 2004752.4563541953
18.21608040201005 1588701.2691209035
18.34170854271357 1254445.3672513363
18.467336683417084 986943.6608652561
18.592964824120603 773690.2101396128
18.718592964824122 604336.6763645225
18.844221105527637 470360.5042818759
18.969849246231156 364775.51515100664
19.09547738693467 281881.3218122466
19.22110552763819 217047.86660296994
19.34673366834171 166531.3978588748
19.472361809045225 127318.31161977934
19.597989949748744 96993.46631558711
19.723618090452263 73629.80758482411
19.849246231155778 55696.39954724876
19.974874371859297 41982.2328354557
20.100502512562816 31533.456662976238
20.22613065326633 23601.95315492346
20.35175879396985 17603.4305259393
20.477386934673365 13083.452958652604
20.603015075376884 9690.046421247911
20.728643216080403 7151.719741105066
20.85427135678392 5259.918666232032
20.979899497487438 3855.08783908126
21.105527638190956 2815.652594685692
21.231155778894472 2049.3506770637377
21.35678391959799 1486.4449751329007
21.482412060301506 1074.4339538992624
21.608040201005025 773.9483588203763
21.733668341708544 555.5827127785374
21.85929648241206 397.4597228737705
21.984924623115578 283.36645984306904
22.110552763819097 201.33441615624884
22.236180904522612 142.56249129992747
22.36180904522613 100.60364839290486
22.487437185929647 70.75334814185648
22.613065326633166 49.59167579632205
22.738693467336685 34.64199602903854
22.8643216080402 24.11755494390474
22.98994974874372 16.73415881859289
23.115577889447238 11.572275971346668
23.241206030150753 7.975941711504685
23.366834170854272 5.47894854637165
23.492462311557787 3.751177230977838
23.618090452261306 2.5597307757782373
23.743718592964825 1.7409015775010572
23.86934673366834 1.1800326831391208
23.99497487437186 0.7971071160395992
24.12060301507538 0.536475861877495
24.246231155778894 0.3595632870987512
24.371859296482413 0.23970508280147385
24.497487437185928 0.1585063529437933
24.623115577889447 0.10327745005691329
24.748743718592966 0.06522867081947051
24.87437185929648 0.03819396845103821
25 0.017717339907367898
