0.006071899538167655 0.006071899538167655
0 2280974664.4339395
0.12562814070351758 2280956180.073386
0.25125628140703515 2280937435.7925014
0.3768844221105528 2280906011.0390816
0.5025125628140703 2280861551.459149
0.628140703517588 2280803575.6730833
0.7537688442211056 2280731461.5452924
0.8793969849246231 2280644440.071154
1.0050251256281406 2280541589.345057
1.1306532663316582 2280421827.7711544
1.256281407035176 2280283906.260077
1.3819095477386936 2280126399.44051
1.5075376884422111 2279947695.8919544
1.6331658291457287 2279745987.2577286
1.7587939698492463 2279519256.4266725
1.8844221105527639 2279265264.672448
2.0100502512562812 2278981537.747448
2.135678391959799 2278665351.050302
2.2613065326633164 2278313713.8046527
2.386934673366834 2277923352.2675433
2.512562814070352 2277490692.066665
2.6381909547738696 2277011839.662867
2.763819095477387 2276482562.955562
2.8894472361809047 2275898271.160668
3.0150753768844223 2275253993.973158
3.14070351758794 2274544360.046074
3.2663316582914574 2273763575.036507
3.391959798994975 2272905399.0816016
3.5175879396984926 2271963123.9553547
3.64321608040201 2270929550.1048293
3.7688442211055277 2269796963.426414
3.8944723618090453 2268557112.1905155
4.0201005025125625 2267201184.205067
4.1457286432160805 2265719784.260543
4.271356783919598 2264102912.232946
4.396984924623116 2262339941.911853
4.522613065326633 2260419600.8709273
4.648241206030151 2258329951.4966445
4.773869346733668 2256058373.477909
4.899497487437186 2253591548.236404
5.025125628140704 2250915444.967968
5.150753768844221 2248015309.3691597
5.276381909547739 2244875654.8568516
5.402010050251256 2241480256.471881
5.527638190954774 2237812148.4305277
5.653266331658291 2233853625.0524254
5.778894472361809 2229586245.415134
5.9045226130653266 2224990842.9410834
6.030150753768845 2220047538.9887576
6.155778894472362 2214735761.6117744
6.28140703517588 2209034270.49011
6.407035175879397 2202921186.28554
6.532663316582915 2196374027.3379936
6.658291457286432 2189369752.579808
6.78391959798995 2181884810.7671394
6.909547738693467 2173895197.7423334
7.035175879396985 2165376520.847823
7.160804020100502 2156304071.313019
7.28643216080402 2146652904.4824126
7.4120603015075375 2136397928.223354
7.5376884422110555 2125514000.6465306
7.663316582914573 2113976039.1841373
7.788944723618091 2101759133.1288
7.914572864321608 2088838653.7660258
8.040201005025125 2075190406.9212914
8.165829145728644 2060790813.4933267
8.291457286432161 2045616938.5664232
8.417085427135678 2029646649.5560455
8.542713567839195 2012859207.92511
8.668341708542714 1995234771.4274309
8.793969849246231 1976754409.5260031
8.919597989949748 1957402468.125191
9.045226130653266 1937163049.0796692
9.170854271356784 1916022418.7498107
9.296482412060302 1893972362.725624
9.422110552763819 1871000395.308132
9.547738693467336 1847103954.6890273
9.673366834170855 1822277993.5412824
9.798994974874372 1796522209.0670197
9.924623115577889 1769840016.470155
10.050251256281408 1742237031.2985775
10.175879396984925 1713722612.1775057
10.301507537688442 1684309927.1578093
10.42713567839196 1654016379.8985078
10.552763819095478 1622860827.9198816
10.678391959798995 1590870170.2000432
10.804020100502512 1558071279.1328733
10.92964824120603 1524496119.590988
11.055276381909549 1490184600.8138266
11.180904522613066 1455172538.6875434
11.306532663316583 1419508537.9904597
11.4321608040201 1383239594.3670971
11.557788944723619 1346417125.0063546
11.683417085427136 1309098617.0029016
11.809045226130653 1271342471.5676668
11.93467336683417 1233211121.4616764
12.06030150753769 1194770355.8060684
12.185929648241206 1156088034.0048747
12.311557788944723 1117234399.3386755
12.43718592964824 1078281729.6218693
12.56281407035176 1039303742.4484085
12.688442211055277 1000375218.4243884
12.814070351758794 961571594.356272
12.93969849246231 922968481.9993639
13.06532663316583 884641183.1705327
13.190954773869347 846664209.4776937
13.316582914572864 809110798.4083223
13.442211055276381 772052430.8989089
13.5678391959799 735558358.8707521
13.693467336683417 699695148.9957488
13.819095477386934 664526248.0341383
13.944723618090451 630111575.125874
14.07035175879397 596507146.2628715
14.195979899497488 563764735.7303873
14.321608040201005 531931578.7423064
14.447236180904522 501050118.86134034
14.57286432160804 471157803.0950225
14.698492462311558 442286926.8052262
14.824120603015075 414464529.77464294
14.949748743718592 387712343.9527634
15.075376884422111 362046792.58422315
15.201005025125628 337479039.6175099
15.326633165829145 314015087.5223956
15.452261306532664 291655920.9290096
15.577889447236181 270397692.8523959
15.703517587939698 250231949.70045668
15.829145728643216 231145890.78870282
15.954773869346734 213122657.71095538
16.08040201005025 196141648.64552632
16.20603015075377 180178852.51320124
16.331658291457288 165207197.8449835
16.457286432160803 151196911.2602377
16.582914572864322 138115880.59269068
16.70854271356784 125930017.92435391
16.834170854271356 114603618.08493526
16.959798994974875 104099708.53550507
17.08542713567839 94380386.96708594
17.21105527638191 85407143.39493081
17.33668341708543 77141164.00433087
17.462311557788944 69543614.49176043
17.587939698492463 62575901.134026654
17.71356783919598 56199908.297451295
17.839195979899497 50378211.55942259
17.964824120603016 45074266.04792338
18.09045226130653 40252570.004403025
18.21608040201005 35878803.93642978
18.34170854271357 31919946.04553171
18.467336683417084 28344364.890202243
18.592964824120603 25121890.473468713
18.718592964824122 22223865.128913917
18.844221105527637 19623175.720054906
18.969849246231156 17294268.767522186
19.09547738693467 15213150.17964405
19.22110552763819 13357371.288010638
19.34673366834171 11706002.884286575
19.472361809045225 10239598.921843471
19.597989949748744 8940151.48980633
19.723618090452263 7791038.591915188
19.849246231155778 6776966.172033633
19.974874371859297 5883905.726006911
20.100502512562816 5099028.729259464
20.22613065326633 4410638.994206592
20.35175879396985 3808103.954028575
20.477386934673365 3281785.752068651
20.603015075376884 2822972.901160526
20.728643216080403 2423813.16630095
20.85427135678392 2077248.2186472765
20.979899497487438 1776950.509937829
21.105527638190956 1517262.724858094
21.231155778894472 1293140.0851526074
21.35678391959799 1100095.7036791344
21.482412060301506 934149.1192066547
21.608040201005025 791778.0834668803
21.733668341708544 669873.6205649392
21.85929648241206 565698.3349611446
21.984924623115578 476847.90743772575
22.110552763819097 401215.68824038265
22.236180904522612 336960.27240328875
22.36180904522613 282475.92353729426
22.487437185929647 236365.69852718434
22.613065326633166 197417.1160485798
22.738693467336685 164580.20603462064
22.8643216080402 136947.7746510043
22.98994974874372 113737.71947947051
23.115577889447238 94277.23198848288
23.241206030150753 77988.72856133245
23.366834170854272 64377.356963279526
23.492462311557787 53019.93181283753
23.618090452261306 43555.16006953764
23.743718592964825 35675.025490618915
23.86934673366834 29117.209211255882
23.99497487437186 23658.431866009287
24.12060301507538 19108.61083094819
24.246231155778894 15305.73408491003
24.371859296482413 12111.359757796014
24.497487437185928 9406.6575631275
24.623115577889447 7088.914935772438
24.748743718592966 5068.4367646739865
24.87437185929648 3265.7730899902845
25 1609.2140049206737
