0.025152902296234497 0.025152902296234497
0 183171408.46153194
0.12562814070351758 183165847.87853676
0.25125628140703515 183149110.28911728
0.3768844221105528 183121213.85897398
0.5025125628140703 183082158.03116092
0.628140703517588 183031941.99356768
0.7537688442211056 182970564.69224477
0.8793969849246231 182898024.82768175
1.0050251256281406 182814320.84924358
1.1306532663316582 182719450.95232955
1.256281407035176 182613413.07335237
1.3819095477386936 182496204.88054883
1.5075376884422111 182367823.77763978
1.6331658291457287 182228266.89316183
1.7587939698492463 182077531.08158493
1.8844221105527639 181915612.92531744
2.0100502512562812 181742508.73550534
2.135678391959799 181558214.55707783
2.2613065326633164 181362726.1740895
2.386934673366834 181156039.12717903
2.512562814070352 180938148.71571773
2.6381909547738696 180709050.02980018
2.763819095477387 180468737.9561862
2.8894472361809047 180217207.2124627
3.0150753768844223 179954452.37145552
3.14070351758794 179680467.8916574
3.2663316582914574 179395248.15261415
3.391959798994975 179098787.4891888
3.5175879396984926 178791080.23842832
3.64321608040201 178472120.77749637
3.7688442211055277 178141903.56683093
3.8944723618090453 177800423.20741418
4.0201005025125625 177447674.473183
4.1457286432160805 177083652.37778923
4.271356783919598 176708352.21554863
4.396984924623116 176321769.61677802
4.522613065326633 175923900.59082752
4.648241206030151 175514741.58833298
4.773869346733668 175094289.546161
4.899497487437186 174662541.9340637
5.025125628140704 174219496.8053355
5.150753768844221 173765152.84112304
5.276381909547739 173299509.4000814
5.402010050251256 172822566.55338982
5.527638190954774 172334325.13344213
5.653266331658291 171834786.76847172
5.778894472361809 171323953.917232
5.9045226130653266 170801829.9144403
6.030150753768845 170268418.9941812
6.155778894472362 169723726.32772753
6.28140703517588 169167758.05069062
6.407035175879397 168600521.29680935
6.532663316582915 168022024.22683302
6.658291457286432 167432276.05152878
6.78391959798995 166831287.06411347
6.909547738693467 166219068.66688868
7.035175879396985 165595633.39849943
7.160804020100502 164960994.9623769
7.28643216080402 164315168.2547694
7.4120603015075375 163658169.39211273
7.5376884422110555 162990015.74294132
7.663316582914573 162310725.9607431
7.788944723618091 161620320.01067653
7.914572864321608 160918819.20655262
8.040201005025125 160206246.2419951
8.165829145728644 159482625.2291843
8.291457286432161 158747981.7282854
8.417085427135678 158002342.79329425
8.542713567839195 157245737.00097936
8.668341708542714 156478194.49465394
8.793969849246231 155699747.0213978
8.919597989949748 154910427.9707623
9.045226130653266 154110272.41339347
9.170854271356784 153299317.14368835
9.296482412060302 152477600.71415627
9.422110552763819 151645163.4751131
9.547738693467336 150802047.6143748
9.673366834170855 149948297.19468915
9.798994974874372 149083958.18360832
9.924623115577889 148209078.4968971
10.050251256281408 147323708.02615866
10.175879396984925 146427898.67274714
10.301507537688442 145521704.37886053
10.42713567839196 144605181.1573308
10.552763819095478 143678387.11626905
10.678391959798995 142741382.48932582
10.804020100502512 141794229.65748224
10.92964824120603 140836993.1710367
11.055276381909549 139869739.7742769
11.180904522613066 138892538.42197928
11.306532663316583 137905460.2992521
11.4321608040201 136908578.83858415
11.557788944723619 135901969.73435384
11.683417085427136 134885710.95942828
11.809045226130653 133859882.77595697
11.93467336683417 132824567.75057529
12.06030150753769 131779850.76335774
12.185929648241206 130725819.01908603
12.311557788944723 129662562.0587985
12.43718592964824 128590171.76767787
12.56281407035176 127508742.38322827
12.688442211055277 126418370.50467896
12.814070351758794 125319155.1013553
12.93969849246231 124211197.51597212
13.06532663316583 123094601.47636245
13.190954773869347 121969473.09839387
13.316582914572864 120835920.89217415
13.442211055276381 119694055.76750226
13.5678391959799 118543991.03747864
13.693467336683417 117385842.42338774
13.819095477386934 116219728.05453071
13.944723618090451 115045768.47257277
14.07035175879397 113864086.62893583
14.195979899497488 112674807.88714336
14.321608040201005 111478060.01691064
14.447236180904522 110273973.19276033
14.57286432160804 109062679.98630969
14.698492462311558 107844315.36073054
14.824120603015075 106619016.66050297
14.949748743718592 105386923.60124817
15.075376884422111 104148178.25689957
15.201005025125628 102902925.04555921
15.326633165829145 101651310.71437111
15.452261306532664 100393484.32238692
15.577889447236181 99129597.22292854
15.703517587939698 97859803.04487303
15.829145728643216 96584257.67347501
15.954773869346734 95303119.2315627
16.08040201005025 94016548.0603829
16.20603015075377 92724706.7011552
16.331658291457288 91427759.87847024
16.457286432160803 90125874.48376764
16.582914572864322 88819219.56121908
16.70854271356784 87507966.2964037
16.834170854271356 86192288.00580145
16.959798994974875 84872360.12946822
17.08542713567839 83548360.22753483
17.21105527638191 82220467.97752264
17.33668341708543 80888865.17444544
17.462311557788944 79553735.73547538
17.587939698492463 78215265.70531325
17.71356783919598 76873643.26294434
17.839195979899497 75529058.73178007
17.964824120603016 74181704.58957757
18.09045226130653 72831775.47986288
18.21608040201005 71479468.22290425
18.34170854271357 70124981.82474278
18.467336683417084 68768517.48769623
18.592964824120603 67410278.61748196
18.718592964824122 66050470.82539945
18.844221105527637 64689301.93176954
18.969849246231156 63326981.96129211
19.09547738693467 61963723.13640114
19.22110552763819 60599739.86490143
19.34673366834171 59235248.7230171
19.472361809045225 57870468.43197963
19.597989949748744 56505619.83051309
19.723618090452263 55140925.84073035
19.849246231155778 53776611.429233745
19.974874371859297 52412903.56269445
20.100502512562816 51050031.159076415
20.22613065326633 49688225.034068994
20.35175879396985 48327717.84421802
20.477386934673365 46968744.02573995
20.603015075376884 45611539.7326199
20.728643216080403 44256342.769808374
20.85427135678392 42903392.528687954
20.979899497487438 41552929.91835665
21.105527638190956 40205197.29887876
21.231155778894472 38860438.41530114
21.35678391959799 37518898.33044277
21.482412060301506 36180823.361747526
21.608040201005025 34846461.01794188
21.733668341708544 33516059.937519852
21.85929648241206 32189869.831980936
21.984924623115578 30868141.426841114
22.110552763819097 29551126.407510906
22.236180904522612 28239077.36630669
22.36180904522613 26932247.751351323
22.487437185929647 25630891.81432895
22.613065326633166 24335264.56206714
22.738693467336685 23045621.704993863
22.8643216080402 21762219.608730026
22.98994974874372 20485315.24041707
23.115577889447238 19215166.117359303
23.241206030150753 17952030.25175863
23.366834170854272 16696166.09134117
23.492462311557787 15447832.459438756
23.618090452261306 14207288.48978857
23.743718592964825 12974793.55639127
23.86934673366834 11750607.20030528
23.99497487437186 10534989.050477117
24.12060301507538 9328198.73950776
24.246231155778894 8130495.814486377
24.371859296482413 6942139.642066559
24.497487437185928 5763389.30791268
24.623115577889447 4594503.510930943
24.748743718592966 3435740.452416046
24.87437185929648 2287357.7195504284
25 1149612.1644674663
