0.08155054811762617 0.08155054811762617
0 20276168.018433798
0.12562814070351758 20275397.988532756
0.25125628140703515 20273080.278120503
0.3768844221105528 20269217.815155495
0.5025125628140703 20263811.203245334
0.628140703517588 20256861.269305997
0.7537688442211056 20248369.073751908
0.8793969849246231 20238335.903565288
1.0050251256281406 20226763.26082234
1.1306532663316582 20213652.860614654
1.256281407035176 20199006.622953463
1.3819095477386936 20182826.664059438
1.5075376884422111 20165115.283897415
1.6331658291457287 20145874.9665867
1.7587939698492463 20125108.360817183
1.8844221105527639 20102818.2751892
2.0100502512562812 20079007.673400197
2.135678391959799 20053679.660197783
2.2613065326633164 20026837.47119502
2.386934673366834 19998484.476969317
2.512562814070352 19968624.160292227
2.6381909547738696 19937260.124609176
2.763819095477387 19904396.079303063
2.8894472361809047 19870035.839348417
3.0150753768844223 19834183.320214253
3.14070351758794 19796842.540842764
3.2663316582914574 19758017.61500029
3.391959798994975 19717712.75227753
3.5175879396984926 19675932.26715658
3.64321608040201 19632680.569395747
3.7688442211055277 19587962.172365904
3.8944723618090453 19541781.697976436
4.0201005025125625 19494143.87428723
4.1457286432160805 19445053.550368603
4.271356783919598 19394515.689825393
4.396984924623116 19342535.38700158
4.522613065326633 19289117.868420437
4.648241206030151 19234268.500172112
4.773869346733668 19177992.795546006
4.899497487437186 19120296.41997082
5.025125628140704 19061185.200245406
5.150753768844221 19000665.133667413
5.276381909547739 18938742.388467602
5.402010050251256 18875423.31821308
5.527638190954774 18810714.461455442
5.653266331658291 18744622.54953947
5.778894472361809 18677154.518187292
5.9045226130653266 18608317.49811248
6.030150753768845 18538118.838382237
6.155778894472362 18466566.089609735
6.28140703517588 18393667.022871796
6.407035175879397 18319429.624340545
6.532663316582915 18243862.094863184
6.658291457286432 18166972.853091937
6.78391959798995 18088770.537684612
6.909547738693467 18009263.999814115
7.035175879396985 17928462.30512603
7.160804020100502 17846374.726065915
7.28643216080402 17763010.748129614
7.4120603015075375 17678380.051985618
7.5376884422110555 17592492.52133521
7.663316582914573 17505358.226907264
7.788944723618091 17416987.42754042
7.914572864321608 17327390.560821466
8.040201005025125 17236578.240648054
8.165829145728644 17144561.243479382
8.291457286432161 17051350.50878176
8.417085427135678 16956957.131120168
8.542713567839195 16861392.354047112
8.668341708542714 16764667.560261816
8.793969849246231 16666794.276014697
8.919597989949748 16567784.158257255
9.045226130653266 16467648.996155964
9.170854271356784 16366400.703796454
9.296482412060302 16264051.321741357
9.422110552763819 16160613.013963345
9.547738693467336 16056098.064224735
9.673366834170855 15950518.879853383
9.798994974874372 15843887.992182506
9.924623115577889 15736218.052403135
10.050251256281408 15627521.839787306
10.175879396984925 15517812.258609578
10.301507537688442 15407102.344590822
10.42713567839196 15295405.261180036
10.552763819095478 15182734.311791692
10.678391959798995 15069102.93108407
10.804020100502512 14954524.698691579
10.92964824120603 14839013.3344121
11.055276381909549 14722582.703856489
11.180904522613066 14605246.822639823
11.306532663316583 14487019.853666069
11.4321608040201 14367916.113571074
11.557788944723619 14247950.074935235
11.683417085427136 14127136.36419267
11.809045226130653 14005489.764724422
11.93467336683417 13883025.22251435
12.06030150753769 13759757.840734648
12.185929648241206 13635702.887824226
12.311557788944723 13510875.790393373
12.43718592964824 13385292.14519168
12.56281407035176 13258967.707633039
12.688442211055277 13131918.402154779
12.814070351758794 13004160.321430368
12.93969849246231 12875709.722599242
13.06532663316583 12746583.028736884
13.190954773869347 12616796.834086185
13.316582914572864 12486367.893734537
13.442211055276381 12355313.13198541
13.5678391959799 12223649.633604774
13.693467336683417 12091394.643956574
13.819095477386934 11958565.564183446
13.944723618090451 11825179.948204674
14.07035175879397 11691255.496030081
14.195979899497488 11556810.046113929
14.321608040201005 11421861.569368517
14.447236180904522 11286428.162124509
14.57286432160804 11150528.031698719
14.698492462311558 11014179.49282268
14.824120603015075 10877400.952992272
14.949748743718592 10740210.900004916
15.075376884422111 10602627.895397902
15.201005025125628 10464670.558997858
15.326633165829145 10326357.559860706
15.452261306532664 10187707.606290272
15.577889447236181 10048739.432930682
15.703517587939698 9909471.795894595
15.829145728643216 9769923.460698454
15.954773869346734 9630113.19978477
16.08040201005025 9490059.785040688
16.20603015075377 9349781.986120785
16.331658291457288 9209298.567533543
16.457286432160803 9068628.28753314
16.582914572864322 8927789.903526712
16.70854271356784 8786802.17154233
16.834170854271356 8645683.853258088
16.959798994974875 8504453.72224238
17.08542713567839 8363130.568304769
17.21105527638191 8221733.208550488
17.33668341708543 8080280.495470304
17.462311557788944 7938791.3249444375
17.587939698492463 7797284.644984171
17.71356783919598 7655779.466996662
17.839195979899497 7514294.869900403
17.964824120603016 7372850.0108128525
18.09045226130653 7231464.129153362
18.21608040201005 7090156.552805099
18.34170854271357 6948946.6997053595
18.467336683417084 6807854.079635046
18.592964824120603 6666898.29315295
18.718592964824122 6526099.031303408
18.844221105527637 6385476.065398679
18.969849246231156 6245049.247263454
19.09547738693467 6104838.494267854
19.22110552763819 5964863.78043182
19.34673366834171 5825145.126833597
19.472361809045225 5685702.58118573
19.597989949748744 5546556.20824855
19.723618090452263 5407726.069280195
19.849246231155778 5269232.204184615
19.974874371859297 5131094.615503402
20.100502512562816 4993333.248531344
20.22613065326633 4855967.970425101
20.35175879396985 4719018.555818938
20.477386934673365 4582504.6663235035
20.603015075376884 4446445.835043512
20.728643216080403 4310861.45020726
20.85427135678392 4175770.7420853656
20.979899497487438 4041192.7697324567
21.105527638190956 3907146.4116588556
21.231155778894472 3773650.3574644234
21.35678391959799 3640723.1010425454
21.482412060301506 3508382.9378026878
21.608040201005025 3376647.9625382065
21.733668341708544 3245536.070107797
21.85929648241206 3115064.95938367
21.984924623115578 2985252.136966898
22.110552763819097 2856114.9239004157
22.236180904522612 2727670.4648659877
22.36180904522613 2599935.736628533
22.487437185929647 2472927.559008933
22.613065326633166 2346662.605985392
22.738693467336685 2221157.4168149205
22.8643216080402 2096428.4068389814
22.98994974874372 1972491.8792486722
23.115577889447238 1849364.0336959055
23.241206030150753 1727060.9761873484
23.366834170854272 1605598.7255827938
23.492462311557787 1484993.2194217355
23.618090452261306 1365260.3172523926
23.743718592964825 1246415.8023774177
23.86934673366834 1128475.3796916758
23.99497487437186 1011454.6743383544
24.12060301507538 895369.2244190492
24.246231155778894 780234.4736248257
24.371859296482413 666065.7609892809
24.497487437185928 552878.3086284603
24.623115577889447 440687.20727880724
24.748743718592966 329507.40104562306
24.87437185929648 219353.66989500652
25 110240.61163585215
