0.010410198687165147 0.010410198687165147
0 736577985.4358747
0.12562814070351758 736559048.0908678
0.25125628140703515 736502028.3002623
0.3768844221105528 736406923.2902935
0.5025125628140703 736273625.4682299
0.628140703517588 736101984.228644
0.7537688442211056 735891806.1229622
0.8793969849246231 735642855.0167999
1.0050251256281406 735354852.2810526
1.1306532663316582 735027477.0116608
1.256281407035176 734660366.2913536
1.3819095477386936 734253115.4832951
1.5075376884422111 733805278.5640278
1.6331658291457287 733316368.4979943
1.7587939698492463 732785857.6487821
1.8844221105527639 732213178.2318151
2.0100502512562812 731597722.8104237
2.135678391959799 730938844.8365529
2.2613065326633164 730235859.2332587
2.386934673366834 729488043.0242896
2.512562814070352 728694636.0112551
2.6381909547738696 727854841.4981109
2.763819095477387 726967827.065669
2.8894472361809047 726032725.3988445
3.0150753768844223 725048635.1620561
3.14070351758794 724014621.9303074
3.2663316582914574 722929719.1769204
3.391959798994975 721792929.3126891
3.5175879396984926 720603224.7861267
3.64321608040201 719359549.2397671
3.7688442211055277 718060818.728816
3.8944723618090453 716705922.9998562
4.0201005025125625 715293726.8343189
4.1457286432160805 713823071.4536456
4.271356783919598 712292775.9942881
4.396984924623116 710701639.0472674
4.522613065326633 709048440.2742773
4.648241206030151 707331942.0907578
4.773869346733668 705550891.4235688
4.899497487437186 703704021.5495741
5.025125628140704 701790054.0121524
5.150753768844221 699807700.6206119
5.276381909547739 697755665.5328246
5.402010050251256 695632647.4297525
5.527638190954774 693437341.7780871
5.653266331658291 691168443.1904305
5.778894472361809 688824647.8806756
5.9045226130653266 686404656.2201178
6.030150753768845 683907175.3981658
6.155778894472362 681330922.1857977
6.28140703517588 678674625.8101408
6.407035175879397 675937030.9330958
6.532663316582915 673116900.7464368
6.658291457286432 670213020.1715046
6.78391959798995 667224199.171779
6.909547738693467 664149276.1684093
7.035175879396985 660987121.5693896
7.160804020100502 657736641.3902463
7.28643216080402 654396780.9798722
7.4120603015075375 650966528.8323287
7.5376884422110555 647444920.4845428
7.663316582914573 643831042.4875413
7.788944723618091 640124036.4440789
7.914572864321608 636323103.0995095
8.040201005025125 632427506.4788904
8.165829145728644 628436578.0502266
8.291457286432161 624349720.9046065
8.417085427135678 620166413.9367627
8.542713567839195 615886216.0178956
8.668341708542714 611508770.1267579
8.793969849246231 607033807.4400166
8.919597989949748 602461151.3797867
9.045226130653266 597790721.5403053
9.170854271356784 593022537.5651557
9.296482412060302 588156722.9153131
9.422110552763819 583193508.4435778
9.547738693467336 578133235.9644308
9.673366834170855 572976361.5194778
9.798994974874372 567723458.5889145
9.924623115577889 562375221.0718817
10.050251256281408 556932466.063606
10.175879396984925 551396136.443216
10.301507537688442 545767303.2266105
10.42713567839196 540047167.6690199
10.552763819095478 534237063.1113291
10.678391959798995 528338456.6000815
10.804020100502512 522352950.14180887
10.92964824120603 516282281.7394018
11.055276381909549 510128326.1075139
11.180904522613066 503893094.9809671
11.306532663316583 497578737.2449175
11.4321608040201 491187538.5572702
11.557788944723619 484721920.71459913
11.683417085427136 478184440.62602997
11.809045226130653 471577788.87404895
11.93467336683417 464904787.9373836
12.06030150753769 458168389.9888262
12.185929648241206 451371674.2918434
12.311557788944723 444517844.2104712
12.43718592964824 437610223.80451953
12.56281407035176 430652254.0153738
12.688442211055277 423647488.4551193
12.814070351758794 416599588.79809403
12.93969849246231 409512319.7781949
13.06532663316583 402389543.8036683
13.190954773869347 395235215.2012524
13.316582914572864 388053374.10259336
13.442211055276381 380848139.9878708
13.5678391959799 373623704.9041589
13.693467336683417 366384326.37957114
13.819095477386934 359134320.0520949
13.944723618090451 351878052.0373273
14.07035175879397 344619931.0571909
14.195979899497488 337364400.35487765
14.321608040201005 330115929.4186061
14.447236180904522 322879005.5405369
14.57286432160804 315658125.2342666
14.698492462311558 308457785.53474385
14.824120603015075 301282475.2040509
14.949748743718592 294136665.8658926
15.075376884422111 287024803.09161454
15.201005025125628 279951297.4583539
15.326633165829145 272920515.60172975
15.452261306532664 265936771.28452307
15.577889447236181 259004316.50253764
15.703517587939698 252127332.65090546
15.829145728643216 245309921.7743036
15.954773869346734 238556097.92639494
16.08040201005025 231869778.66590133
16.20603015075377 225254776.71846738
16.331658291457288 218714791.83612838
16.457286432160803 212253402.88793346
16.582914572864322 205874060.21764216
16.70854271356784 199580078.30579403
16.834170854271356 193374628.774273
16.959798994974875 187260733.7722829
17.08542713567839 181241259.78160828
17.21105527638191 175318911.87875578
17.33668341708543 169496228.48807776
17.462311557788944 163775576.65879846
17.587939698492463 158159147.89361647
17.71356783919598 152648954.55352595
17.839195979899497 147246826.8581713
17.964824120603016 141954410.49578688
18.09045226130653 136773164.85194016
18.21608040201005 131704361.86034226
18.34170854271357 126749085.4738377
18.467336683417084 121908231.74851562
18.592964824120603 117182509.52888787
18.718592964824122 112572441.71769406
18.844221105527637 108078367.10983644
18.969849246231156 103700442.7663587
19.09547738693467 99438646.90149495
19.22110552763819 95292782.25320573
19.34673366834171 91262479.90582614
19.472361809045225 87347203.53191221
19.597989949748744 83546254.01925057
19.723618090452263 79858774.44870877
19.849246231155778 76283755.38799368
19.974874371859297 72820040.46670549
20.100502512562816 69466332.19837213
20.22613065326633 66221198.01555761
20.35175879396985 63083076.48494821
20.477386934673365 60050283.67036276
20.603015075376884 57121019.6120957
20.728643216080403 54293374.89272278
20.85427135678392 51565337.25997523
20.979899497487438 48934798.27905768
21.105527638190956 46399559.98752431
21.231155778894472 43957341.527496256
21.35678391959799 41605785.73111818
21.482412060301506 39342465.63654909
21.608040201005025 37164890.91341713
21.733668341708544 35070514.1777717
21.85929648241206 33056737.178476825
21.984924623115578 31120916.838362515
22.110552763819097 29260371.135055006
22.236180904522612 27472384.808229413
22.36180904522613 25754214.881561555
22.487437185929647 24103095.98954857
22.613065326633166 22516245.5010103
22.738693467336685 20990868.43292578
22.8643216080402 19524162.15004191
22.98994974874372 18113320.84738579
23.115577889447238 16755539.8146589
23.241206030150753 15448019.483112393
23.366834170854272 14187969.25720283
23.492462311557787 12972611.134938309
23.618090452261306 11799183.122319361
23.743718592964825 10664942.448752835
23.86934673366834 9567168.59163129
23.99497487437186 8503166.119605327
24.12060301507538 7470267.365058692
24.246231155778894 6465834.937524154
24.371859296482413 5487264.09047875
24.497487437185928 4531984.954862574
24.623115577889447 3597464.653253061
24.748743718592966 2681209.3091452527
24.87437185929648 1780765.9661762973
25 893724.4323295902
