0.04995481931524224 0.04995481931524224
0 60550467.23023129
0.12562814070351758 60544547.05831973
0.25125628140703515 60538597.26458919
0.3768844221105528 60528694.15938791
0.5025125628140703 60514832.943593234
0.628140703517588 60497012.790607356
0.7537688442211056 60475233.585605815
0.8793969849246231 60449495.46334859
1.0050251256281406 60419798.69710966
1.1306532663316582 60386143.667749576
1.256281407035176 60348530.856945604
1.3819095477386936 60306960.84943882
1.5075376884422111 60261434.339859456
1.6331658291457287 60211952.14019732
1.7587939698492463 60158515.19040152
1.8844221105527639 60101124.566534586
2.0100502512562812 60039781.4918473
2.135678391959799 59974487.34522806
2.2613065326633164 59905243.670817986
2.386934673366834 59832052.18696671
2.512562814070352 59754914.79281844
2.6381909547738696 59673833.577546164
2.763819095477387 59588810.82535892
2.8894472361809047 59499849.022978134
3.0150753768844223 59406950.863363564
3.14070351758794 59310119.25115652
3.2663316582914574 59209357.30660603
3.391959798994975 59104668.36830621
3.5175879396984926 58996055.99680195
3.64321608040201 58883523.97642557
3.7688442211055277 58767076.317235924
3.8944723618090453 58646717.25730115
4.0201005025125625 58522451.263009936
4.1457286432160805 58394283.03115497
4.271356783919598 58262217.48956091
4.396984924623116 58126259.79810316
4.522613065326633 57986415.34981465
4.648241206030151 57842689.77162135
4.773869346733668 57695088.92523
4.899497487437186 57543618.90854257
5.025125628140704 57388286.05699369
5.150753768844221 57229096.943461694
5.276381909547739 57066058.38222167
5.402010050251256 56899177.4283016
5.527638190954774 56728461.38089505
5.653266331658291 56553917.7860497
5.778894472361809 56375554.43806269
5.9045226130653266 56193379.38396008
6.030150753768845 56007400.926754296
6.155778894472362 55817627.629116565
6.28140703517588 55624068.3198384
6.407035175879397 55426732.09766723
6.532663316582915 55225628.338728584
6.658291457286432 55020766.70341919
6.78391959798995 54812157.144304425
6.909547738693467 54599809.91444968
7.035175879396985 54383735.57805429
7.160804020100502 54163945.01980745
7.28643216080402 53940449.45691748
7.4120603015075375 53713260.450871006
7.5376884422110555 53482389.91939331
7.663316582914573 53247850.15093443
7.788944723618091 53009653.817963116
7.914572864321608 52767813.99055479
8.040201005025125 52522344.150887586
8.165829145728644 52273258.20852486
8.291457286432161 52020570.51381494
8.417085427135678 51764295.87199309
8.542713567839195 51504449.557913914
8.668341708542714 51241047.32886536
8.793969849246231 50974105.43687095
8.919597989949748 50703640.641652666
9.045226130653266 50429670.221722
9.170854271356784 50152211.984637976
9.296482412060302 49871284.276692405
9.422110552763819 49586905.991935454
9.547738693467336 49299096.58025332
9.673366834170855 49007876.05480604
9.798994974874372 48713264.99812815
9.924623115577889 48415284.56775077
10.050251256281408 48113956.50257084
10.175879396984925 47809303.12681326
10.301507537688442 47501347.35507773
10.42713567839196 47190112.69671038
10.552763819095478 46875623.25904886
10.678391959798995 46557903.75272615
10.804020100502512 46236979.49508023
10.92964824120603 45912876.414095014
11.055276381909549 45585621.05306418
11.180904522613066 45255240.57425794
11.306532663316583 44921762.7637385
11.4321608040201 44585216.03577982
11.557788944723619 44245629.43672608
11.683417085427136 43903032.65005842
11.809045226130653 43557456.00040826
11.93467336683417 43208930.45785957
12.06030150753769 42857487.6425596
12.185929648241206 42503159.82817909
12.311557788944723 42145979.946445875
12.43718592964824 41785981.590178765
12.56281407035176 41423199.01796756
12.688442211055277 41057667.15712152
12.814070351758794 40689421.60813299
12.93969849246231 40318498.64767547
13.06532663316583 39944935.23376334
13.190954773869347 39568769.00895636
13.316582914572864 39190038.30649467
13.442211055276381 38808782.15497969
13.5678391959799 38425040.284560494
13.693467336683417 38038853.13303734
13.819095477386934 37650261.854098745
13.944723618090451 37259308.32476221
14.07035175879397 36866035.15393646
14.195979899497488 36470485.69150738
14.321608040201005 36072704.03715274
14.447236180904522 35672735.051370956
14.57286432160804 35270624.3636542
14.698492462311558 34866418.382390894
14.824120603015075 34460164.303410955
14.949748743718592 34051910.11835921
15.075376884422111 33641704.62086949
15.201005025125628 33229597.41315458
15.326633165829145 32815638.90872879
15.452261306532664 32399880.335564587
15.577889447236181 31982373.73540207
15.703517587939698 31563171.962314878
15.829145728643216 31142328.678582564
15.954773869346734 30719898.347753376
16.08040201005025 30295936.22596916
16.20603015075377 29870498.352122698
16.331658291457288 29443641.53386988
16.457286432160803 29015423.334314253
16.582914572864322 28585902.055121444
16.70854271356784 28155136.719786268
16.834170854271356 27723187.055367567
16.959798994974875 27290113.473295785
17.08542713567839 26855977.050430164
17.21105527638191 26420839.50950271
17.33668341708543 25984763.200380802
17.462311557788944 25547811.081137914
17.587939698492463 25110046.700468633
17.71356783919598 24671534.180126958
17.839195979899497 24232338.199373826
17.964824120603016 23792523.97949291
18.09045226130653 23352157.26997057
18.21608040201005 22911304.335549437
18.34170854271357 22470031.944165275
18.467336683417084 22028407.355860785
18.592964824120603 21586498.312398016
18.718592964824122 21144373.027615726
18.844221105527637 20702100.17769596
18.969849246231156 20259748.8924622
19.09547738693467 19817388.745863654
19.22110552763819 19375089.746886868
19.34673366834171 18932922.33000501
19.472361809045225 18490957.34499312
19.597989949748744 18049266.046695594
19.723618090452263 17607920.083035868
19.849246231155778 17166991.483715374
19.974874371859297 16726552.646434104
20.100502512562816 16286676.323255952
20.22613065326633 15847435.605838627
20.35175879396985 15408903.909296334
20.477386934673365 14971154.954719806
20.603015075376884 14534262.751620626
20.728643216080403 14098301.578374965
20.85427135678392 13663345.961494094
20.979899497487438 13229470.654176172
21.105527638190956 12796750.613115065
21.231155778894472 12365260.974020293
21.35678391959799 11935077.0263262
21.482412060301506 11506274.185542412
21.608040201005025 11078927.964695338
21.733668341708544 10653113.944411244
21.85929648241206 10228907.741125941
21.984924623115578 9806384.973786505
22.110552763819097 9385621.229452604
22.236180904522612 8966692.027412137
22.36180904522613 8549672.781507347
22.487437185929647 8134638.762336201
22.613065326633166 7721665.0575181795
22.738693467336685 7310826.531996542
22.8643216080402 6902197.787365927
22.98994974874372 6495853.121299927
23.115577889447238 6091866.4869159665
23.241206030150753 5690311.452547749
23.366834170854272 5291261.162188418
23.492462311557787 4894788.296876917
23.618090452261306 4500965.03733042
23.743718592964825 4109863.0279077534
23.86934673366834 3721553.3423689906
23.99497487437186 3336106.4513094295
24.12060301507538 2953592.191506844
24.246231155778894 2574079.737351379
24.371859296482413 2197637.5740191005
24.497487437185928 1824333.4728055105
24.623115577889447 1454234.4679493266
24.748743718592966 1087406.8354183983
24.87437185929648 723916.0728547417
25 363826.8808450494
