0.00390625 0.00390625
0 200000000000
0.12562814070351758 200000000000
0.25125628140703515 200000000000
0.3768844221105528 200000000000
0.5025125628140703 200000000000
0.628140703517588 200000000000
0.7537688442211056 200000000000
0.8793969849246231 200000000000
1.0050251256281406 200000000000
1.1306532663316582 200000000000
1.256281407035176 200000000000
1.3819095477386936 200000000000
1.5075376884422111 200000000000
1.6331658291457287 200000000000
1.7587939698492463 200000000000
1.8844221105527639 200000000000
2.0100502512562812 200000000000
2.135678391959799 200000000000
2.2613065326633164 200000000000
2.386934673366834 200000000000
2.512562814070352 200000000000
2.6381909547738696 200000000000
2.763819095477387 200000000000
2.8894472361809047 200000000000
3.0150753768844223 200000000000
3.14070351758794 200000000000
3.2663316582914574 200000000000
3.391959798994975 200000000000
3.5175879396984926 200000000000
3.64321608040201 200000000000
3.7688442211055277 200000000000
3.8944723618090453 200000000000
4.0201005025125625 200000000000
4.1457286432160805 200000000000
4.271356783919598 200000000000
4.396984924623116 200000000000
4.522613065326633 200000000000
4.648241206030151 200000000000
4.773869346733668 200000000000
4.899497487437186 200000000000
5.025125628140704 200000000000
5.150753768844221 200000000000
5.276381909547739 200000000000
5.402010050251256 200000000000
5.527638190954774 200000000000
5.653266331658291 200000000000
5.778894472361809 200000000000
5.9045226130653266 200000000000
6.030150753768845 200000000000
6.155778894472362 200000000000
6.28140703517588 200000000000
6.407035175879397 200000000000
6.532663316582915 200000000000
6.658291457286432 200000000000
6.78391959798995 200000000000
6.909547738693467 200000000000
7.035175879396985 200000000000
7.160804020100502 200000000000
7.28643216080402 200000000000
7.4120603015075375 200000000000
7.5376884422110555 200000000000
7.663316582914573 200000000000
7.788944723618091 200000000000
7.914572864321608 200000000000
8.040201005025125 200000000000
8.165829145728644 200000000000
8.291457286432161 200000000000
8.417085427135678 200000000000
8.542713567839195 200000000000
8.668341708542714 200000000000
8.793969849246231 200000000000
8.919597989949748 200000000000
9.045226130653266 200000000000
9.170854271356784 200000000000
9.296482412060302 200000000000
9.422110552763819 200000000000
9.547738693467336 200000000000
9.673366834170855 200000000000
9.798994974874372 200000000000
9.924623115577889 200000000000
10.050251256281408 200000000000
10.175879396984925 0
10.301507537688442 0
10.42713567839196 0
10.552763819095478 0
10.678391959798995 0
10.804020100502512 0
10.92964824120603 0
11.055276381909549 0
11.180904522613066 0
11.306532663316583 0
11.4321608040201 0
11.557788944723619 0
11.683417085427136 0
11.809045226130653 0
11.93467336683417 0
12.06030150753769 0
12.185929648241206 0
12.311557788944723 0
12.43718592964824 0
12.56281407035176 0
12.688442211055277 0
12.814070351758794 0
12.93969849246231 0
13.06532663316583 0
13.190954773869347 0
13.316582914572864 0
13.442211055276381 0
13.5678391959799 0
13.693467336683417 0
13.819095477386934 0
13.944723618090451 0
14.07035175879397 0
14.195979899497488 0
14.321608040201005 0
14.447236180904522 0
14.57286432160804 0
14.698492462311558 0
14.824120603015075 0
14.949748743718592 0
15.075376884422111 0
15.201005025125628 0
15.326633165829145 0
15.452261306532664 0
15.577889447236181 0
15.703517587939698 0
15.829145728643216 0
15.954773869346734 0
16.08040201005025 0
16.20603015075377 0
16.331658291457288 0
16.457286432160803 0
16.582914572864322 0
16.70854271356784 0
16.834170854271356 0
16.959798994974875 0
17.08542713567839 0
17.21105527638191 0
17.33668341708543 0
17.462311557788944 0
17.587939698492463 0
17.71356783919598 0
17.839195979899497 0
17.964824120603016 0
18.09045226130653 0
18.21608040201005 0
18.34170854271357 0
18.467336683417084 0
18.592964824120603 0
18.718592964824122 0
18.844221105527637 0
18.969849246231156 0
19.09547738693467 0
19.22110552763819 0
19.34673366834171 0
19.472361809045225 0
19.597989949748744 0
19.723618090452263 0
19.849246231155778 0
19.974874371859297 0
20.100502512562816 0
20.22613065326633 0
20.35175879396985 0
20.477386934673365 0
20.603015075376884 0
20.728643216080403 0
20.85427135678392 0
20.979899497487438 0
21.105527638190956 0
21.231155778894472 0
21.35678391959799 0
21.482412060301506 0
21.608040201005025 0
21.733668341708544 0
21.85929648241206 0
21.984924623115578 0
22.110552763819097 0
22.236180904522612 0
22.36180904522613 0
22.487437185929647 0
22.613065326633166 0
22.738693467336685 0
22.8643216080402 0
22.98994974874372 0
23.115577889447238 0
23.241206030150753 0
23.366834170854272 0
23.492462311557787 0
23.618090452261306 0
23.743718592964825 0
23.86934673366834 0
23.99497487437186 0
24.12060301507538 0
24.246231155778894 0
24.371859296482413 0
24.497487437185928 0
24.623115577889447 0
24.748743718592966 0
24.87437185929648 0
25 0
