0.3378239307342083 0.3378239307342083
0 6084.831326338453
0.12562814070351758 6084.084212808103
0.25125628140703515 6083.33344671841
0.3768844221105528 6082.0839518698485
0.5025125628140703 6080.335292554956
0.628140703517588 6078.087602873699
0.7537688442211056 6075.341172908234
0.8793969849246231 6072.096389442902
1.0050251256281406 6068.353723161739
1.1306532663316582 6064.113721331412
1.256281407035176 6059.377006564235
1.3819095477386936 6054.144276122103
1.5075376884422111 6048.416300896954
1.6331658291457287 6042.193925379263
1.7587939698492463 6035.478066456186
1.8844221105527639 6028.26971437283
2.0100502512562812 6020.569932428197
2.135678391959799 6012.379855834988
2.2613065326633164 6003.700691422726
2.386934673366834 5994.533719042498
2.512562814070352 5984.880289557679
2.6381909547738696 5974.741825368527
2.763819095477387 5964.119820101969
2.8894472361809047 5953.01583870375
3.0150753768844223 5941.4315166811975
3.14070351758794 5929.3685593371865
3.2663316582914574 5916.828742703752
3.391959798994975 5903.813911919627
3.5175879396984926 5890.325982585961
3.64321608040201 5876.366937853861
3.7688442211055277 5861.938831489972
3.8944723618090453 5847.043783679176
4.0201005025125625 5831.68398450392
4.1457286432160805 5815.861690184742
4.271356783919598 5799.579225272281
4.396984924623116 5782.838980569904
4.522613065326633 5765.643412770853
4.648241206030151 5747.995045802549
4.773869346733668 5729.8964682763735
4.899497487437186 5711.3503344214805
5.025125628140704 5692.359361939133
5.150753768844221 5672.926334608594
5.276381909547739 5653.054098003885
5.402010050251256 5632.74556162438
5.527638190954774 5612.003698012484
5.653266331658291 5590.831541854597
5.778894472361809 5569.232188224141
5.9045226130653266 5547.208794202239
6.030150753768845 5524.764577931558
6.155778894472362 5501.90281680196
6.28140703517588 5478.626847315676
6.407035175879397 5454.940065585385
6.532663316582915 5430.845925035529
6.658291457286432 5406.347937722371
6.78391959798995 5381.449671791947
6.909547738693467 5356.1547523517675
7.035175879396985 5330.466859974696
7.160804020100502 5304.389730464626
7.28643216080402 5277.927153995339
7.4120603015075375 5251.082974866843
7.5376884422110555 5223.861089980139
7.663316582914573 5196.265449002038
7.788944723618091 5168.300053467059
7.914572864321608 5139.96895566504
8.040201005025125 5111.276258356215
8.165829145728644 5082.226114281249
8.291457286432161 5052.822724590069
8.417085427135678 5023.070338968676
8.542713567839195 4992.973254474491
8.668341708542714 4962.535814783951
8.793969849246231 4931.762409431554
8.919597989949748 4900.657473665995
9.045226130653266 4869.22548659092
9.170854271356784 4837.470971205617
9.296482412060302 4805.398493361155
9.422110552763819 4773.012660912491
9.547738693467336 4740.318123066568
9.673366834170855 4707.31956950104
9.798994974874372 4674.021729473937
9.924623115577889 4640.429370904619
10.050251256281408 4606.547300320685
10.175879396984925 4572.3803606551755
10.301507537688442 4537.933431790099
10.42713567839196 4503.211429011277
10.552763819095478 4468.219302272736
10.678391959798995 4432.962034865979
10.804020100502512 4397.444643563175
10.92964824120603 4361.6721772940955
11.055276381909549 4325.649715827389
11.180904522613066 4289.382369545659
11.306532663316583 4252.8752783632635
11.4321608040201 4216.133610475784
11.557788944723619 4179.162561952604
11.683417085427136 4141.967355931786
11.809045226130653 4104.553241187547
11.93467336683417 4066.925491762881
12.06030150753769 4029.089405567686
12.185929648241206 3991.0503037956387
12.311557788944723 3952.8135301761854
12.43718592964824 3914.3844497471027
12.56281407035176 3875.7684478636593
12.688442211055277 3836.970929834571
12.814070351758794 3797.997319027765
12.93969849246231 3758.8530573347207
13.06532663316583 3719.5436025984673
13.190954773869347 3680.0744292401073
13.316582914572864 3640.451026514243
13.442211055276381 3600.678896938836
13.5678391959799 3560.763557279989
13.693467336683417 3520.7105356574107
13.819095477386934 3480.5253714118635
13.944723618090451 3440.213614738379
14.07035175879397 3399.780824379761
14.195979899497488 3359.2325678695893
14.321608040201005 3318.574420266772
14.447236180904522 3277.811963096276
14.57286432160804 3236.9507830666225
14.698492462311558 3195.996472076027
14.824120603015075 3154.9546254945026
14.949748743718592 3113.8308408997223
15.075376884422111 3072.630718486215
15.201005025125628 3031.3598589706958
15.326633165829145 2990.023862739144
15.452261306532664 2948.6283294644045
15.577889447236181 2907.178856872578
15.703517587939698 2865.6810395147922
15.829145728643216 2824.1404684197955
15.954773869346734 2782.5627296818184
16.08040201005025 2740.9534037273493
16.20603015075377 2699.3180645681527
16.331658291457288 2657.6622785734103
16.457286432160803 2615.991603441228
16.582914572864322 2574.3115877399737
16.70854271356784 2532.6277697183837
16.834170854271356 2490.9456764526076
16.959798994974875 2449.270822686367
17.08542713567839 2407.6087103385444
17.21105527638191 2365.9648274771944
17.33668341708543 2324.3446470048375
17.462311557788944 2282.753626512977
17.587939698492463 2241.197206557884
17.71356783919598 2199.680810540217
17.839195979899497 2158.209843406769
17.964824120603016 2116.7896904813097
18.09045226130653 2075.425717344074
18.21608040201005 2034.1232684314716
18.34170854271357 1992.887666158425
18.467336683417084 1951.724210360453
18.592964824120603 1910.6381770720304
18.718592964824122 1869.6348180478917
18.844221105527637 1828.7193595054296
18.969849246231156 1787.8970017132067
19.09547738693467 1747.1729177079374
19.22110552763819 1706.55225305866
19.34673366834171 1666.0401243246902
19.472361809045225 1625.641618682676
19.597989949748744 1585.3617932108803
19.723618090452263 1545.205673629965
19.849246231155778 1505.1782538953537
19.974874371859297 1465.2844954565464
20.100502512562816 1425.5293259886917
20.22613065326633 1385.9176391982087
20.35175879396985 1346.454293454903
20.477386934673365 1307.144111718211
20.603015075376884 1267.9918801151077
20.728643216080403 1229.002347734955
20.85427135678392 1190.1802255114485
20.979899497487438 1151.5301856563244
21.105527638190956 1113.0568608644517
21.231155778894472 1074.764843767488
21.35678391959799 1036.6586859764009
21.482412060301506 998.7428975519078
21.608040201005025 961.0219462871222
21.733668341708544 923.5002570169813
21.85929648241206 886.1822108661038
21.984924623115578 849.0721447283148
22.110552763819097 812.1743505672433
22.236180904522612 775.4930746241663
22.36180904522613 739.0325169769392
22.487437185929647 702.7968308953336
22.613065326633166 666.7901220547775
22.738693467336685 631.0164481036411
22.8643216080402 595.4798179441767
22.98994974874372 560.1841912833138
23.115577889447238 525.1334778872513
23.241206030150753 490.33153712957466
23.366834170854272 455.7821773715685
23.492462311557787 421.4891554616397
23.618090452261306 387.45617612744195
23.743718592964825 353.68689155916655
23.86934673366834 320.1849007334435
23.99497487437186 286.95374905114807
24.12060301507538 253.996927742815
24.246231155778894 221.31787344991398
24.371859296482413 188.9199676981942
24.497487437185928 156.80653644077614
24.623115577889447 124.98084962097268
24.748743718592966 93.44612071905736
24.87437185929648 62.20550630330817
25 31.262105642247032
