0.22825001635342232 0.22825001635342232
0 190883.25603585265
0.12562814070351758 190875.45073293895
0.25125628140703515 190851.95751806584
0.3768844221105528 190812.80585582982
0.5025125628140703 190758.0014533206
0.628140703517588 190687.5522596466
0.7537688442211056 190601.46849143514
0.8793969849246231 190499.76263377146
1.0050251256281406 190382.44943984025
1.1306532663316582 190249.54593364618
1.256281407035176 190101.0714088043
1.3819095477386936 189937.0474288177
1.5075376884422111 189757.4978269112
1.6331658291457287 189562.4487045522
1.7587939698492463 189351.9284310123
1.8844221105527639 189125.9676433737
2.0100502512562812 188884.59924518893
2.135678391959799 188627.85840234614
2.2613065326633164 188355.78254401885
2.386934673366834 188068.4113579999
2.512562814070352 187765.78678801376
2.6381909547738696 187447.953031614
2.763819095477387 187114.9565319936
2.8894472361809047 186766.84597642554
3.0150753768844223 186403.6722884774
3.14070351758794 186025.4886227413
3.2663316582914574 185632.35035658858
3.391959798994975 185224.31508225467
3.5175879396984926 184801.44259598127
3.64321608040201 184363.7948920921
3.7688442211055277 183911.43614859832
3.8944723618090453 183444.43271618162
4.0201005025125625 182962.85310756968
4.1457286432160805 182466.76798228084
4.271356783919598 181956.2501334122
4.396984924623116 181431.37447294293
4.522613065326633 180892.2180157232
4.648241206030151 180338.85986394322
4.773869346733668 179771.3811911595
4.899497487437186 179189.86522421348
5.025125628140704 178594.39722535614
5.150753768844221 177985.06447409707
5.276381909547739 177361.95625047528
5.402010050251256 176725.1638168431
5.527638190954774 176074.7803962633
5.653266331658291 175410.90115653654
5.778894472361809 174733.62318857005
5.9045226130653266 174043.04549021405
6.030150753768845 173339.26894507915
6.155778894472362 172622.39630425788
6.28140703517588 171892.53216631504
6.407035175879397 171149.78295851007
6.532663316582915 170394.25691775043
6.658291457286432 169626.06406920613
6.78391959798995 168845.31621059988
6.909547738693467 168052.1268875255
7.035175879396985 167246.61137605517
7.160804020100502 166428.88666399696
7.28643216080402 165599.07142792727
7.4120603015075375 164757.28601347608
7.5376884422110555 163903.65241454935
7.663316582914573 163038.29425358627
7.788944723618091 162161.33675718386
7.914572864321608 161272.90673710481
8.040201005025125 160373.13256550647
8.165829145728644 159462.1441576178
8.291457286432161 158540.07294282634
8.417085427135678 157607.05185017677
8.542713567839195 156663.21527770092
8.668341708542714 155708.6990762899
8.793969849246231 154743.64052481804
8.919597989949748 153768.17830763006
9.045226130653266 152782.45249195202
9.170854271356784 151786.6045075904
9.296482412060302 150780.77712185215
9.422110552763819 149765.114422201
9.547738693467336 148739.76179041486
9.673366834170855 147704.8658823294
9.798994974874372 146660.57460952894
9.924623115577889 145607.03711058464
10.050251256281408 144544.4037364839
10.175879396984925 143472.826028404
10.301507537688442 142392.45668882394
10.42713567839196 141303.4495676099
10.552763819095478 140205.95963335957
10.678391959798995 139100.1429505367
10.804020100502512 137986.1566598491
10.92964824120603 136864.1589465373
11.055276381909549 135734.30901588534
11.180904522613066 134596.76707102542
11.306532663316583 133451.6942777548
11.4321608040201 132299.25274002575
11.557788944723619 131139.60546783393
11.683417085427136 129972.91634699878
11.809045226130653 128799.35010630304
11.93467336683417 127619.07228454963
12.06030150753769 126432.2491954352
12.185929648241206 125239.04789805938
12.311557788944723 124039.63615696081
12.43718592964824 122834.18240757022
12.56281407035176 121622.8557257491
12.688442211055277 120405.8257878414
12.814070351758794 119183.26283649549
12.93969849246231 117955.33764995827
13.06532663316583 116722.22150236262
13.190954773869347 115484.08613629518
13.316582914572864 114241.10372600082
13.442211055276381 112993.44684737864
13.5678391959799 111741.28844810001
13.693467336683417 110484.8018163442
13.819095477386934 109224.1605538606
13.944723618090451 107959.5385457811
14.07035175879397 106691.10993629946
14.195979899497488 105419.04910098467
14.321608040201005 104143.5306235832
14.447236180904522 102864.72926898654
14.57286432160804 101582.81996246705
14.698492462311558 100297.97776424304
14.824120603015075 99010.3778477348
14.949748743718592 97720.19547760363
15.075376884422111 96427.60598548882
15.201005025125628 95132.78474983969
15.326633165829145 93835.90717090333
15.452261306532664 92537.14865087897
15.577889447236181 91236.68456779252
15.703517587939698 89934.69025331104
15.829145728643216 88631.3409676775
15.954773869346734 87326.81187506126
16.08040201005025 86021.27801646892
16.20603015075377 84714.91428293857
16.331658291457288 83407.89538952097
16.457286432160803 82100.39584218773
16.582914572864322 80792.58991231743
16.70854271356784 79484.65160194364
16.834170854271356 78176.75461289157
16.959798994974875 76869.0723145986
17.08542713567839 75561.77770846475
17.21105527638191 74255.04339462801
17.33668341708543 72949.0415345279
17.462311557788944 71643.94381776826
17.587939698492463 70339.92142362065
17.71356783919598 69037.14498465313
17.839195979899497 67735.78455265395
17.964824120603016 66436.00955948686
18.09045226130653 65137.98878502549
18.21608040201005 63841.89031810573
18.34170854271357 62547.88152624153
18.467336683417084 61256.129021075976
18.592964824120603 59966.79862637343
18.718592964824122 58680.05534821377
18.844221105527637 57396.06334623499
18.969849246231156 56114.985905932466
19.09547738693467 54836.985413585964
19.22110552763819 53562.22333143865
19.34673366834171 52290.86017607191
19.472361809045225 51023.055497377245
19.597989949748744 49758.96785808334
19.723618090452263 48498.75481751485
19.849246231155778 47242.572911749055
19.974874371859297 45990.577640361385
20.100502512562816 44742.92344850683
20.22613065326633 43499.7637132177
20.35175879396985 42261.25072821281
20.477386934673365 41027.535688877884
20.603015075376884 39798.768676959226
20.728643216080403 38575.09864588493
20.85427135678392 37356.673403274566
20.979899497487438 36143.63959430194
21.105527638190956 34936.142684417806
21.231155778894472 33734.32693865795
21.35678391959799 32538.335402054014
21.482412060301506 31348.30987806464
21.608040201005025 30164.39090529504
21.733668341708544 28986.717733980408
21.85929648241206 27815.428300145057
21.984924623115578 26650.659199936028
22.110552763819097 25492.545662493718
22.236180904522612 24341.221522079457
22.36180904522613 23196.819190083555
22.487437185929647 22059.469626280614
22.613065326633166 20929.30231037351
22.738693467336685 19806.445213244213
22.8643216080402 18691.02476923914
22.98994974874372 17583.165848582037
23.115577889447238 16482.99173056507
23.241206030150753 15390.624078067885
23.366834170854272 14306.182913152354
23.492462311557787 13229.786594143277
23.618090452261306 12161.551794013605
23.743718592964825 11101.593480800446
23.86934673366834 10050.024898992404
23.99497487437186 9006.957553494663
24.12060301507538 7972.501194918041
24.246231155778894 6946.763806383789
24.371859296482413 5929.851592102722
24.497487437185928 4921.868967593553
24.623115577889447 3922.9185509071417
24.748743718592966 2933.101155161551
24.87437185929648 1952.515781938379
25 981.2596155660765
