0.2517565135958748 0.2517565135958748
0 91051.45377402865
0.12562814070351758 91047.72788788803
0.25125628140703515 91036.5133460057
0.3768844221105528 91017.82425574765
0.5025125628140703 90991.6634126742
0.628140703517588 90958.03471869377
0.7537688442211056 90916.94317587445
0.8793969849246231 90868.39490244717
1.0050251256281406 90812.39711555872
1.1306532663316582 90748.95814337632
1.256281407035176 90678.08742003691
1.3819095477386936 90599.79547318557
1.5075376884422111 90514.0939317964
1.6331658291457287 90420.99552088094
1.7587939698492463 90320.51405579122
1.8844221105527639 90212.66443928724
2.0100502512562812 90097.46265820166
2.135678391959799 89974.92577945597
2.2613065326633164 89845.07194429582
2.386934673366834 89707.9203690419
2.512562814070352 89563.49133602118
2.6381909547738696 89411.80618475123
2.763819095477387 89252.8873216453
2.8894472361809047 89086.75819653903
3.0150753768844223 88913.44331231726
3.14070351758794 88732.96821312245
3.2663316582914574 88545.35947939988
3.391959798994975 88350.64472770966
3.5175879396984926 88148.85260066226
3.64321608040201 87940.0127577692
3.7688442211055277 87724.15588370923
3.8944723618090453 87501.31366906446
4.0201005025125625 87271.5188122833
4.1457286432160805 87034.80501388838
4.271356783919598 86791.20696874446
4.396984924623116 86540.76036044817
4.522613065326633 86283.50186248784
4.648241206030151 86019.46912089303
4.773869346733668 85748.70076239375
4.899497487437186 85471.23637426905
5.025125628140704 85187.11651452963
5.150753768844221 84896.38268925463
5.276381909547739 84599.07736051727
5.402010050251256 84295.24393051254
5.527638190954774 83984.9267438987
5.653266331658291 83668.17107435464
5.778894472361809 83345.02311715075
5.9045226130653266 83015.52998962684
6.030150753768845 82679.7397139408
6.155778894472362 82337.70122171202
6.28140703517588 81989.4643390004
6.407035175879397 81635.07977107185
6.532663316582915 81274.59911372978
6.658291457286432 80908.07482513432
6.78391959798995 80535.56023112407
6.909547738693467 80157.10950575679
7.035175879396985 79772.77767105175
7.160804020100502 79382.62058028652
7.28643216080402 78986.69491282209
7.4120603015075375 78585.05816290014
7.5376884422110555 78177.76862803666
7.663316582914573 77764.88539609313
7.788944723618091 77346.46834254512
7.914572864321608 76922.57811100817
8.040201005025125 76493.27610255424
8.165829145728644 76058.62447077713
8.291457286432161 75618.68610151301
8.417085427135678 75173.52460666855
8.542713567839195 74723.20430702202
8.668341708542714 74267.79022666601
8.793969849246231 73807.34807039058
8.919597989949748 73341.94421938821
9.045226130653266 72871.6457148231
9.170854271356784 72396.52024772536
9.296482412060302 71916.63613745983
9.422110552763819 71432.0623316236
9.547738693467336 70942.86838328943
9.673366834170855 70449.12443995931
9.798994974874372 69950.90123527119
9.924623115577889 69448.2700697336
10.050251256281408 68941.30280456248
10.175879396984925 68430.07184392023
10.301507537688442 67914.65012556472
10.42713567839196 67395.11110958538
10.552763819095478 66871.52876371868
10.678391959798995 66343.97755334622
10.804020100502512 65812.53243107967
10.92964824120603 65277.2688233404
11.055276381909549 64738.26261949744
11.180904522613066 64195.59016263102
11.306532663316583 63649.32823357283
11.4321608040201 63099.55404619931
11.557788944723619 62546.34523201321
11.683417085427136 61989.77982847468
11.809045226130653 61429.93627171722
11.93467336683417 60866.893379418
12.06030150753769 60300.73034163556
12.185929648241206 59731.52670967946
12.311557788944723 59159.36238095546
12.43718592964824 58584.31758914503
12.56281407035176 58006.4728882292
12.688442211055277 57425.9091401404
12.814070351758794 56842.70750148109
12.93969849246231 56256.94940527393
13.06532663316583 55668.716555142964
13.190954773869347 55078.09089811112
13.316582914572864 54485.1546185404
13.442211055276381 53889.990120132046
13.5678391959799 53292.680009017786
13.693467336683417 52693.30707653528
13.819095477386934 52091.95428617775
13.944723618090451 51488.704757440864
14.07035175879397 50883.64174694707
14.195979899497488 50276.84863269508
14.321608040201005 49668.408902705196
14.447236180904522 49058.406132262586
14.57286432160804 48446.92397441989
14.698492462311558 47834.0461426283
14.824120603015075 47219.85639430908
14.949748743718592 46604.43851816063
15.075376884422111 45987.87631780726
15.201005025125628 45370.253601142715
15.326633165829145 44751.654162128725
15.452261306532664 44132.161771930136
15.577889447236181 43511.860162273595
15.703517587939698 42890.833015636104
15.829145728643216 42269.163950516726
15.954773869346734 41646.936507000304
16.08040201005025 41024.23413913048
16.20603015075377 40401.140201759874
16.331658291457288 39777.7379345214
16.457286432160803 39154.11045443599
16.582914572864322 38530.34074005259
16.70854271356784 37906.511622134465
16.834170854271356 37282.70577062669
16.959798994974875 36659.00567948395
17.08542713567839 36035.49365891776
17.21105527638191 35412.25181923499
17.33668341708543 34789.36205898415
17.462311557788944 34166.906052060476
17.587939698492463 33544.96523480859
17.71356783919598 32923.62078997562
17.839195979899497 32302.953637627616
17.964824120603016 31683.04441912713
18.09045226130653 31063.97348111945
18.21608040201005 30445.820866104186
18.34170854271357 29828.66629454278
18.467336683417084 29212.58915394071
18.592964824120603 28597.668481854776
18.718592964824122 27983.98295483001
18.844221105527637 27371.61087184087
18.969849246231156 26760.63014226547
19.09547738693467 26151.11827241439
19.22110552763819 25543.152348990832
19.34673366834171 24936.809029428347
19.472361809045225 24332.164527962334
19.597989949748744 23729.294600724996
19.723618090452263 23128.27453363346
19.849246231155778 22529.17913202516
19.974874371859297 21932.082706939305
20.100502512562816 21337.059062487177
20.22613065326633 20744.18148540495
20.35175879396985 20153.52273362415
20.477386934673365 19565.15502481911
20.603015075376884 18979.150024855724
20.728643216080403 18395.57883830489
20.85427135678392 17814.51199758853
20.979899497487438 17236.019452149823
21.105527638190956 16660.17055973385
21.231155778894472 16087.034074552017
21.35678391959799 15516.678138834892
21.482412060301506 14949.170273151842
21.608040201005025 14384.577366038277
21.733668341708544 13822.965664524336
21.85929648241206 13264.40076594282
21.984924623115578 12708.94760654565
22.110552763819097 12156.670453590157
22.236180904522612 11607.63289581602
22.36180904522613 11061.89783306336
22.487437185929647 10519.527467932976
22.613065326633166 9980.583296411956
22.738693467336685 9445.126098370392
22.8643216080402 8913.215928459695
22.98994974874372 8384.912106609878
23.115577889447238 7860.273209951862
23.241206030150753 7339.357062853359
23.366834170854272 6822.220728412941
23.492462311557787 6308.92049977472
23.618090452261306 5799.511891848617
23.743718592964825 5294.049632414124
23.86934673366834 4792.587654210882
23.99497487437186 4295.179086935258
24.12060301507538 3801.876249445953
24.246231155778894 3312.7306419695137
24.371859296482413 2827.792939374272
24.497487437185928 2347.1129834872595
24.623115577889447 1870.7397765112896
24.748743718592966 1398.7214744456712
24.87437185929648 931.1053805859538
25 467.9379393260464
