0.00703362848044445 0.00703362848044445
0 1579853930.6663334
0.12562814070351758 1579840135.823188
0.25125628140703515 1579798553.9675674
0.3768844221105528 1579729013.820754
0.5025125628140703 1579631159.4591427
0.628140703517588 1579504491.328731
0.7537688442211056 1579348365.0538201
0.8793969849246231 1579161989.9497857
1.0050251256281406 1578944427.1301749
1.1306532663316582 1578694587.3486156
1.256281407035176 1578411228.5243273
1.3819095477386936 1578092952.9767623
1.5075376884422111 1577738204.362092
1.6331658291457287 1577345264.374853
1.7587939698492463 1576912249.2062118
1.8844221105527639 1576437105.760816
2.0100502512562812 1575917607.6897602
2.135678391959799 1575351351.2505376
2.2613065326633164 1574735751.0051494
2.386934673366834 1574068035.38892
2.512562814070352 1573345242.2377226
2.6381909547738696 1572564214.1876802
2.763819095477387 1571721594.1061325
2.8894472361809047 1570813820.4880798
3.0150753768844223 1569837122.9725926
3.14070351758794 1568787517.8589356
3.2663316582914574 1567660803.852718
3.391959798994975 1566452557.9108489
3.5175879396984926 1565158131.3854334
3.64321608040201 1563772646.3901575
3.7688442211055277 1562290992.5231612
3.8944723618090453 1560707823.9909146
4.0201005025125625 1559017557.1288478
4.1457286432160805 1557214368.4525301
4.271356783919598 1555292193.2609432
4.396984924623116 1553244724.8712547
4.522613065326633 1551065414.4948428
4.648241206030151 1548747471.9427602
4.773869346733668 1546283867.0496163
4.899497487437186 1543667332.0730429
5.025125628140704 1540890365.0074582
5.150753768844221 1537945233.9008367
5.276381909547739 1534823982.3262873
5.402010050251256 1531518435.9994848
5.527638190954774 1528020210.5998812
5.653266331658291 1524320720.981822
5.778894472361809 1520411191.6913936
5.9045226130653266 1516282669.0241377
6.030150753768845 1511926034.5202756
6.155778894472362 1507332020.137959
6.28140703517588 1502491224.998234
6.407035175879397 1497394133.9489572
6.532663316582915 1492031137.7972534
6.658291457286432 1486392555.4601178
6.78391959798995 1480468657.9385872
6.909547738693467 1474249694.2203414
7.035175879396985 1467725919.141741
7.160804020100502 1460887623.2395449
7.28643216080402 1453725164.5893457
7.4120603015075375 1446229002.5500543
7.5376884422110555 1438389733.5184622
7.663316582914573 1430198128.8396096
7.788944723618091 1421645174.9265978
7.914572864321608 1412722114.2013373
8.040201005025125 1403420487.3015094
8.165829145728644 1393732180.9242887
8.291457286432161 1383649476.555904
8.417085427135678 1373165089.0836818
8.542713567839195 1362272220.5567408
8.668341708542714 1350964630.5258746
8.793969849246231 1339236653.9274392
8.919597989949748 1327083257.2125814
9.045226130653266 1314500149.9764647
9.170854271356784 1301483749.80673
9.296482412060302 1288031271.7807748
9.422110552763819 1274140847.4794948
9.547738693467336 1259811445.8330998
9.673366834170855 1245043024.8958106
9.798994974874372 1229836574.828545
9.924623115577889 1214194094.5364096
10.050251256281408 1198118713.8765194
10.175879396984925 1181614705.2120597
10.301507537688442 1164687504.365918
10.42713567839196 1147343777.3233516
10.552763819095478 1129591444.554529
10.678391959798995 1111439658.2298172
10.804020100502512 1092898928.339024
10.92964824120603 1073981020.558874
11.055276381909549 1054699009.4238186
11.180904522613066 1035067363.9954144
11.306532663316583 1015101772.0382073
11.4321608040201 994819262.1436892
11.557788944723619 974238182.1588988
11.683417085427136 953378064.3237702
11.809045226130653 932259689.2573179
11.93467336683417 910905027.8662543
12.06030150753769 889337141.6015407
12.185929648241206 867580156.084451
12.311557788944723 845659196.1383272
12.43718592964824 823600292.0527368
12.56281407035176 801430297.4431751
12.688442211055277 779176801.5615469
12.814070351758794 756868027.7067184
12.93969849246231 734532725.33936
13.06532663316583 712200058.299854
13.190954773869347 689899487.7898953
13.316582914572864 667660650.3710858
13.442211055276381 645513232.2972544
13.5678391959799 623486841.2603137
13.693467336683417 601610876.472642
13.819095477386934 579914397.9814458
13.944723618090451 558425996.2977483
14.07035175879397 537173663.3819311
14.195979899497488 516184666.0659212
14.321608040201005 495485422.98841506
14.447236180904522 475101386.0705275
14.57286432160804 455056927.56541574
14.698492462311558 435375233.6406447
14.824120603015075 416078205.4178219
14.949748743718592 397186368.3119629
15.075376884422111 378718790.43896866
15.201005025125628 360693010.76726747
15.326633165829145 343124977.5909736
15.452261306532664 326028997.79182756
15.577889447236181 309417697.2492306
15.703517587939698 293301992.6249284
15.829145728643216 277691074.64747
15.954773869346734 262592402.8736156
16.08040201005025 248011711.7997917
16.20603015075377 233953028.06978336
16.331658291457288 220418698.40384072
16.457286432160803 207409427.77267295
16.582914572864322 194924327.2360657
16.70854271356784 182960970.7725843
16.834170854271356 171515460.34879658
16.959798994974875 160582498.40977454
17.08542713567839 150155466.91076535
17.21105527638191 140226511.97954407
17.33668341708543 130786633.26007031
17.462311557788944 121825776.9814205
17.587939698492463 113332931.7927969
17.71356783919598 105296226.41697069
17.839195979899497 97703028.20046967
17.964824120603016 90540041.67312296
18.09045226130653 83793406.27537012
18.21608040201005 77448792.4650566
18.34170854271357 71491495.47799681
18.467336683417084 65906526.08237118
18.592964824120603 60678697.739135064
18.718592964824122 55792709.65663352
18.844221105527637 51233225.30130653
18.969849246231156 46984946.00541852
19.09547738693467 43032679.38835779
19.22110552763819 39361402.38153607
19.34673366834171 35956318.71736785
19.472361809045225 32802910.812744398
19.597989949748744 29886986.037140742
19.723618090452263 27194717.417324733
19.849246231155778 24712678.878823586
19.974874371859297 22427875.175310828
20.100502512562816 20327766.695302874
20.22613065326633 18400289.37256503
20.35175879396985 16633869.95367392
20.477386934673365 15017436.902166553
20.603015075376884 13540427.234304365
20.728643216080403 12192789.595922958
20.85427135678392 10964983.89648563
20.979899497487438 9847977.8204826
21.105527638190956 8833240.535048299
21.231155778894472 7912733.908588964
21.35678391959799 7078901.547161617
21.482412060301506 6324655.945407127
21.608040201005025 5643364.035276052
21.733668341708544 5028831.402220943
21.85929648241206 4475285.421022866
21.984924623115578 3977357.547124408
22.110552763819097 3530064.9806281473
22.236180904522612 3128791.9016734227
22.36180904522613 2769270.4571116334
22.487437185929647 2447561.659702911
22.613065326633166 2160036.34254496
22.738693467336685 1903356.2936656526
22.8643216080402 1674455.6782040102
22.98994974874372 1470522.8393968674
23.115577889447238 1288982.553667027
23.241206030150753 1127478.8007458877
23.366834170854272 983858.095827428
23.492462311557787 856153.4184807789
23.618090452261306 742568.7613533301
23.743718592964825 641464.3113322409
23.86934673366834 551342.2664414663
23.99497487437186 470833.28354569833
24.12060301507538 398683.54447709385
24.246231155778894 333742.42198607535
24.371859296482413 274950.72149164404
24.497487437185928 221329.47008907865
24.623115577889447 171969.22060819643
24.748743718592966 126019.83565778716
24.87437185929648 82680.71444949013
25 41191.42376548333
