0.010933116293645694 0.010933116293645694
0 677110027.5431232
0.12562814070351758 677091679.137708
0.25125628140703515 677036435.3443339
0.3768844221105528 676944303.5343194
0.5025125628140703 676815195.9126273
0.628140703517588 676648989.5518228
0.7537688442211056 676445526.6618462
0.8793969849246231 676204614.6138018
1.0050251256281406 675926026.2098168
1.1306532663316582 675609499.888192
1.256281407035176 675254739.9390932
1.3819095477386936 674861416.8351665
1.5075376884422111 674429167.4893575
1.6331658291457287 673957595.6494701
1.7587939698492463 673446272.3012098
1.8844221105527639 672894736.0152124
2.0100502512562812 672302493.4640776
2.135678391959799 671669019.9290409
2.2613065326633164 670993759.7711692
2.386934673366834 670276127.0122234
2.512562814070352 669515505.9824268
2.6381909547738696 668711251.9023415
2.763819095477387 667862691.5933872
2.8894472361809047 666969124.2102433
3.0150753768844223 666029821.9419229
3.14070351758794 665044030.8719296
3.2663316582914574 664010971.8031379
3.391959798994975 662929841.0853293
3.5175879396984926 661799811.6319885
3.64321608040201 660620033.8515453
3.7688442211055277 659389636.6377324
3.8944723618090453 658107728.4706659
4.0201005025125625 656773398.5506333
4.1457286432160805 655385717.9119565
4.271356783919598 653943740.7388182
4.396984924623116 652446505.5154421
4.522613065326633 650893036.485424
4.648241206030151 649282345.0112852
4.773869346733668 647613430.9976999
4.899497487437186 645885284.468563
5.025125628140704 644096887.1549423
5.150753768844221 642247214.1689707
5.276381909547739 640335235.7081089
5.402010050251256 638359918.9238548
5.527638190954774 636320229.8131318
5.653266331658291 634215135.1711208
5.778894472361809 632043604.6763674
5.9045226130653266 629804613.0123143
6.030150753768845 627497142.1190947
6.155778894472362 625120183.5199292
6.28140703517588 622672740.695869
6.407035175879397 620153831.5675611
6.532663316582915 617562491.117916
6.658291457286432 614897773.9732342
6.78391959798995 612158757.1876522
6.909547738693467 609344542.9760262
7.035175879396985 606454261.7257081
7.160804020100502 603487074.7657865
7.28643216080402 600442177.4883703
7.4120603015075375 597318802.3600346
7.5376884422110555 594116222.007966
7.663316582914573 590833752.3804343
7.788944723618091 587470755.8985921
7.914572864321608 584026644.6305846
8.040201005025125 580500883.5070899
8.165829145728644 576892993.4863325
8.291457286432161 573202554.777747
8.417085427135678 569429209.98269
8.542713567839195 565572667.211561
8.668341708542714 561632703.2342281
8.793969849246231 557609166.4739333
8.919597989949748 553501980.0444268
9.045226130653266 549311144.6071041
9.170854271356784 545036741.2792333
9.296482412060302 540678934.3368268
9.422110552763819 536237973.89965147
9.547738693467336 531714198.45804304
9.673366834170855 527108037.2950728
9.798994974874372 522420012.8371646
9.924623115577889 517650742.8075379
10.050251256281408 512800942.2097339
10.175879396984925 507871425.261358
10.301507537688442 502863107.11806256
10.42713567839196 497777005.3279903
10.552763819095478 492614241.3025929
10.678391959798995 487376041.4266198
10.804020100502512 482063738.0359459
10.92964824120603 476678770.1710665
11.055276381909549 471222684.13963217
11.180904522613066 465697133.8071138
11.306532663316583 460103880.6476828
11.4321608040201 454444793.594769
11.557788944723619 448721848.5588806
11.683417085427136 442937127.73975766
11.809045226130653 437092818.6160321
11.93467336683417 431191212.6753806
12.06030150753769 425234703.84726197
12.185929648241206 419225786.63330674
12.311557788944723 413167053.9343807
12.43718592964824 407061194.585721
12.56281407035176 400910990.5725924
12.688442211055277 394719313.9455014
12.814070351758794 388489123.4318763
12.93969849246231 382223460.74563104
13.06532663316583 375925446.6089564
13.190954773869347 369598276.47977096
13.316582914572864 363245216.00511533
13.442211055276381 356869596.2213925
13.5678391959799 350474808.4764079
13.693467336683417 344064299.1556861
13.819095477386934 337641564.13874626
13.944723618090451 331210143.1083157
14.07035175879397 324773613.62099975
14.195979899497488 318335585.0604264
14.321608040201005 311899692.41302854
14.447236180904522 305469589.9346221
14.57286432160804 299048944.7088611
14.698492462311558 292641430.11633456
14.824120603015075 286250719.2449181
14.949748743718592 279880478.22581923
15.075376884422111 273534359.5742529
15.201005025125628 267215995.47133958
15.326633165829145 260928991.0713989
15.452261306532664 254676917.81186682
15.577889447236181 248463306.73895168
15.703517587939698 242291641.88042462
15.829145728643216 236165353.66645288
15.954773869346734 230087812.40820444
16.08040201005025 224062321.85798094
16.20603015075377 218092112.85730997
16.331658291457288 212180337.09299642
16.457286432160803 206330060.97502753
16.582914572864322 200544259.65744844
16.70854271356784 194825811.21885476
16.834170854271356 189177491.02775317
16.959798994974875 183601966.31073442
17.08542713567839 178101790.95385528
17.21105527638191 172679400.55278248
17.33668341708543 167337107.74666592
17.462311557788944 162077097.85043594
17.587939698492463 156901424.818656
17.71356783919598 151812007.5602905
17.839195979899497 146810626.6192418
17.964824120603016 141898921.2558954
18.09045226130653 137078386.92665398
18.21608040201005 132350373.19053648
18.34170854271357 127716082.04898176
18.467336683417084 123176566.72077288
18.592964824120603 118732730.86338913
18.718592964824122 114385328.23535831
18.844221105527637 110134962.80119926
18.969849246231156 105982089.26640521
19.09547738693467 101927014.03830424
19.22110552763819 97969896.59747632
19.34673366834171 94110751.26291083
19.472361809045225 90349449.33869629
19.597989949748744 86685721.61525095
19.723618090452263 83119161.21147582
19.849246231155778 79649226.7308174
19.974874371859297 76275245.7082606
20.100502512562816 72996418.32843776
20.22613065326633 69811821.38509734
20.35175879396985 66720412.46078103
20.477386934673365 63721034.303642526
20.603015075376884 60812419.373812266
20.728643216080403 57993194.539536305
20.85427135678392 55261885.89801635
20.979899497487438 52616923.70010113
21.105527638190956 50056647.3572258
21.231155778894472 47579310.50989503
21.35678391959799 45183086.138985455
21.482412060301506 42866071.70083136
21.608040201005025 40626294.26885371
21.733668341708544 38461715.66552677
21.85929648241206 36370237.569066435
21.984924623115578 34349706.58080765
22.110552763819097 32397919.23993957
22.236180904522612 30512626.973839134
22.36180904522613 28691540.9726368
22.487437185929647 26932336.978753217
22.613065326633166 25232659.982488718
22.738693467336685 23590128.815630667
22.8643216080402 22002340.638444353
22.98994974874372 20466875.31192559
23.115577889447238 18981299.654846158
23.241206030150753 17543171.578811057
23.366834170854272 16150044.102936426
23.492462311557787 14799469.24436746
23.618090452261306 13489001.787292141
23.743718592964825 12216202.930307014
23.86934673366834 10978643.813717956
23.99497487437186 9773908.932325125
24.12060301507538 8599599.434655832
24.246231155778894 7453336.315371647
24.371859296482413 6332763.505286153
24.497487437185928 5235550.865106651
24.623115577889447 4159397.0896752183
24.748743718592966 3102032.5292189745
24.87437185929648 2061221.9355832993
25 1034767.1399705554
