0.05786716951795565 0.05786716951795565
0 45473595.71666991
0.12562814070351758 45472034.97538191
0.25125628140703515 45467337.17201945
0.3768844221105528 45459507.75130773
0.5025125628140703 45448547.12517455
0.628140703517588 45434455.86124779
0.7537688442211056 45417234.69028521
0.8793969849246231 45396884.50727691
1.0050251256281406 45373406.37163679
1.1306532663316582 45346801.5094715
1.256281407035176 45317071.31496025
1.3819095477386936 45284217.35188704
1.5075376884422111 45248241.354664735
1.6331658291457287 45209145.23208484
1.7587939698492463 45166931.067301065
1.8844221105527639 45121601.12084838
2.0100502512562812 45073157.83371323
2.135678391959799 45021603.82861763
2.2613065326633164 44966941.91204341
2.386934673366834 44909175.079021126
2.512562814070352 44848306.51254496
2.6381909547738696 44784339.58904627
2.763819095477387 44717277.87909914
2.8894472361809047 44647125.15085961
3.0150753768844223 44573885.37232077
3.14070351758794 44497562.71502418
3.2663316582914574 44418161.555200234
3.391959798994975 44335686.476649575
3.5175879396984926 44250142.27499905
3.64321608040201 44161533.95803877
3.7688442211055277 44069866.74942999
3.8944723618090453 43975146.09156527
4.0201005025125625 43877377.64678035
4.1457286432160805 43776567.30190062
4.271356783919598 43672721.16837571
4.396984924623116 43565845.58687514
4.522613065326633 43455947.12886594
4.648241206030151 43343032.599343255
4.773869346733668 43227109.039610416
4.899497487437186 43108183.72955515
5.025125628140704 42986264.19083509
5.150753768844221 42861358.19014758
5.276381909547739 42733473.74087211
5.402010050251256 42602619.10764709
5.527638190954774 42468802.80819341
5.653266331658291 42332033.61693893
5.778894472361809 42192320.56964373
5.9045226130653266 42049672.96404971
6.030150753768845 41904100.36734667
6.155778894472362 41755612.615859754
6.28140703517588 41604219.82216867
6.407035175879397 41449932.37764451
6.532663316582915 41292760.95626337
6.658291457286432 41132716.51940559
6.78391959798995 40969810.32077043
6.909547738693467 40804053.90958785
7.035175879396985 40635459.13600257
7.160804020100502 40464038.15476721
7.28643216080402 40289803.43193643
7.4120603015075375 40112767.74693897
7.5376884422110555 39932944.199963905
7.663316582914573 39750346.214726806
7.788944723618091 39564987.544757046
7.914572864321608 39376882.277668156
8.040201005025125 39186044.84088675
8.165829145728644 38992490.005080305
8.291457286432161 38796232.890437484
8.417085427135678 38597288.97119865
8.542713567839195 38395674.08043873
8.668341708542714 38191404.41397444
8.793969849246231 37984496.536995195
8.919597989949748 37774967.38700332
9.045226130653266 37562834.27945986
9.170854271356784 37348114.91140984
9.296482412060302 37130827.3666675
9.422110552763819 36910990.11980328
9.547738693467336 36688622.03976203
9.673366834170855 36463742.3947373
9.798994974874372 36236370.856117964
9.924623115577889 36006527.50124136
10.050251256281408 35774232.818481326
10.175879396984925 35539507.7097808
10.301507537688442 35302373.494980395
10.42713567839196 35062851.91385612
10.552763819095478 34820965.13133165
10.678391959798995 34576735.73820199
10.804020100502512 34330186.756418176
10.92964824120603 34081341.640418865
11.055276381909549 33830224.280556686
11.180904522613066 33576859.00615309
11.306532663316583 33321270.587041758
11.4321608040201 33063484.236954805
11.557788944723619 32803525.615962267
11.683417085427136 32541420.83193139
11.809045226130653 32277196.442983776
11.93467336683417 32010879.460400477
12.06030150753769 31742497.349090442
12.185929648241206 31472078.03077509
12.311557788944723 31199649.883846253
12.43718592964824 30925241.747103497
12.56281407035176 30648882.91840155
12.688442211055277 30370603.15775296
12.814070351758794 30090432.68793597
12.93969849246231 29808402.194336217
13.06532663316583 29524542.825769722
13.190954773869347 29238886.195987042
13.316582914572864 28951464.3818197
13.442211055276381 28662309.925189137
13.5678391959799 28371455.831488345
13.693467336683417 28078935.569804445
13.819095477386934 27784783.07212711
13.944723618090451 27489032.73295994
14.07035175879397 27191719.4082147
14.195979899497488 26892878.41396417
14.321608040201005 26592545.525604423
14.447236180904522 26290756.976855956
14.57286432160804 25987549.457253832
14.698492462311558 25682960.11193613
14.824120603015075 25377026.53908465
14.949748743718592 25069786.78775345
15.075376884422111 24761279.356830813
15.201005025125628 24451543.191929974
15.326633165829145 24140617.68338207
15.452261306532664 23828542.663708042
15.577889447236181 23515358.404040135
15.703517587939698 23201105.61180382
15.829145728643216 22885825.42625657
15.954773869346734 22569559.415493358
16.08040201005025 22252349.571648043
16.20603015075377 21934238.30661239
16.331658291457288 21615268.446681593
16.457286432160803 21295483.226756666
16.582914572864322 20974926.28517226
16.70854271356784 20653641.656332675
16.834170854271356 20331673.76422955
16.959798994974875 20009067.414979722
17.08542713567839 19685867.78819904
17.21105527638191 19362120.4292042
17.33668341708543 19037871.239965193
17.462311557788944 18713166.46950624
17.587939698492463 18388052.704065923
17.71356783919598 18062576.85753057
17.839195979899497 17736786.160039168
17.964824120603016 17410728.147973873
18.09045226130653 17084450.652483057
18.21608040201005 16758001.788554229
18.34170854271357 16431429.943273336
18.467336683417084 16104783.76438488
18.592964824120603 15778112.148557445
18.718592964824122 15451464.23017487
18.844221105527637 15124889.368413277
18.969849246231156 14798437.136954382
19.09547738693467 14472157.310886478
19.22110552763819 14146099.85529018
19.34673366834171 13820314.914031398
19.472361809045225 13494852.796590762
19.597989949748744 13169763.967420591
19.723618090452263 12845099.033168852
19.849246231155778 12520908.730550284
19.974874371859297 12197243.914607456
20.100502512562816 11874155.546038121
20.22613065326633 11551694.678070508
20.35175879396985 11229912.444432901
20.477386934673365 10908860.045554822
20.603015075376884 10588588.735329263
20.728643216080403 10269149.80703595
20.85427135678392 9950594.579281894
20.979899497487438 9632974.381083421
21.105527638190956 9316340.536987664
21.231155778894472 9000744.351495596
21.35678391959799 8686237.092879865
21.482412060301506 8372869.977003425
21.608040201005025 8060694.150312373
21.733668341708544 7749760.6725730365
21.85929648241206 7440120.499513492
21.984924623115578 7131824.464571096
22.110552763819097 6824923.260639413
22.236180904522612 6519467.421774289
22.36180904522613 6215507.304191751
22.487437185929647 5913093.06747736
22.613065326633166 5612274.6555515025
22.738693467336685 5313101.777508274
22.8643216080402 5015623.888386379
22.98994974874372 4719890.170269502
23.115577889447238 4425949.512940711
23.241206030150753 4133850.495163941
23.366834170854272 3843641.3656845237
23.492462311557787 3555370.024620757
23.618090452261306 3269084.0049308953
23.743718592964825 2984830.4542034245
23.86934673366834 2702656.116338484
23.99497487437186 2422607.3140992904
24.12060301507538 2144729.9311780497
24.246231155778894 1869069.3949495712
24.371859296482413 1595670.6593288793
24.497487437185928 1324578.1878688089
24.623115577889447 1055835.9370113844
24.748743718592966 789487.3397142781
24.87437185929648 525575.2890912036
25 264142.12233343144
