0.014670795479089163 0.014670795479089163
0 418605323.82229024
0.12562814070351758 418565466.62317824
0.25125628140703515 418525398.9275162
0.3768844221105528 418458693.5857949
0.5025125628140703 418365296.08364487
0.628140703517588 418245169.7609846
0.7537688442211056 418098273.8682149
0.8793969849246231 417924560.45304555
1.0050251256281406 417723973.602687
1.1306532663316582 417496449.25525033
1.256281407035176 417241915.1469431
1.3819095477386936 416960290.83959794
1.5075376884422111 416651487.7858681
1.6331658291457287 416315409.3940952
1.7587939698492463 415951951.125069
1.8844221105527639 415561000.5878528
2.0100502512562812 415142437.6476968
2.135678391959799 414696134.5370936
2.2613065326633164 414221955.99121845
2.386934673366834 413719759.3797079
2.512562814070352 413189394.84146357
2.6381909547738696 412630705.44930726
2.763819095477387 412043527.36645395
2.8894472361809047 411427690.0349859
3.0150753768844223 410783016.3482742
3.14070351758794 410109322.8837441
3.2663316582914574 409406420.10332495
3.391959798994975 408674112.60897714
3.5175879396984926 407912199.40082526
3.64321608040201 407120474.1711174
3.7688442211055277 406298725.6100612
3.8944723618090453 405446737.7377838
4.0201005025125625 404564290.28099763
4.1457286432160805 403651159.06587684
4.271356783919598 402707116.44561845
4.396984924623116 401731931.7584098
4.522613065326633 400725371.8233761
4.648241206030151 399687201.4741396
4.773869346733668 398617184.11585194
4.899497487437186 397515082.3243484
5.025125628140704 396380658.4758354
5.150753768844221 395213675.4113142
5.276381909547739 394013897.126152
5.402010050251256 392781089.49538475
5.527638190954774 391515021.02198046
5.653266331658291 390215463.5974062
5.778894472361809 388882193.2989276
5.9045226130653266 387514991.184081
6.030150753768845 386113644.1164304
6.155778894472362 384677945.57290506
6.28140703517588 383207696.4868623
6.407035175879397 381702706.0428348
6.532663316582915 380162792.52012235
6.658291457286432 378587784.08089113
6.78391959798995 376977519.56991494
6.909547738693467 375331849.28446764
7.035175879396985 373650635.73385805
7.160804020100502 371933754.3730615
7.28643216080402 370181094.30366755
7.4120603015075375 368392558.9631619
7.5376884422110555 366568066.77065486
7.663316582914573 364707551.7697523
7.788944723618091 362810964.2213772
7.914572864321608 360878271.18667334
8.040201005025125 358909457.07658607
8.165829145728644 356904524.18613887
8.291457286432161 354863493.21177787
8.417085427135678 352786403.7327823
8.542713567839195 350673314.6921777
8.668341708542714 348524304.8666976
8.793969849246231 346339473.3117155
8.919597989949748 344118939.81516623
9.045226130653266 341862845.3057369
9.170854271356784 339571352.29860306
9.296482412060302 337244645.3221802
9.422110552763819 334882931.3048689
9.547738693467336 332486440.0083603
9.673366834170855 330055424.4074815
9.798994974874372 327590161.10929173
9.924623115577889 325090950.70830667
10.050251256281408 322558118.1845087
10.175879396984925 319992013.2489156
10.301507537688442 317393010.68828833
10.42713567839196 314761510.69372326
10.552763819095478 312097939.16778445
10.678391959798995 309402747.98845255
10.804020100502512 306676415.26771325
10.92964824120603 303919445.56297696
11.055276381909549 301132370.05789655
11.180904522613066 298315746.70338166
11.306532663316583 295470160.3133215
11.4321608040201 292596222.61842716
11.557788944723619 289694572.26738536
11.683417085427136 286765874.77773136
11.809045226130653 283810822.43184245
11.93467336683417 280830134.11435276
12.06030150753769 277824555.091027
12.185929648241206 274794856.7242069
12.311557788944723 271741836.1255621
12.43718592964824 268666315.7422956
12.56281407035176 265569142.8770238
12.688442211055277 262451189.1367343
12.814070351758794 259313349.81604806
12.93969849246231 256156543.2073319
13.06532663316583 252981709.8403594
13.190954773869347 249789811.65052247
13.316582914572864 246581831.0748808
13.442211055276381 243358770.084213
13.5678391959799 240121649.13522527
13.693467336683417 236871506.0610864
13.819095477386934 233609394.90065914
13.944723618090451 230336384.65568742
14.07035175879397 227053557.99195024
14.195979899497488 223762009.89475363
14.321608040201005 220462846.26161984
14.447236180904522 217157182.4579784
14.57286432160804 213846141.84001815
14.698492462311558 210530854.2407393
14.824120603015075 207212454.43710968
14.949748743718592 203892080.60799325
15.075376884422111 200570872.77978095
15.201005025125628 197249971.28360876
15.326633165829145 193930515.21958947
15.452261306532664 190613640.9434739
15.577889447236181 187300480.5808061
15.703517587939698 183992160.57390222
15.829145728643216 180689800.2687716
15.954773869346734 177394510.54357627
16.08040201005025 174107392.4828871
16.20603015075377 170829536.0963293
16.331658291457288 167562019.0833124
16.457286432160803 164305905.63716695
16.582914572864322 161062245.29082155
16.70854271356784 157832071.7919978
16.834170854271356 154616402.00610706
16.959798994974875 151416234.83759984
17.08542713567839 148232550.16655546
17.21105527638191 145066307.785203
17.33668341708543 141918446.33500287
17.462311557788944 138789882.2361028
17.587939698492463 135681508.60104856
17.71356783919598 132594194.13194485
17.839195979899497 129528782.00118637
17.964824120603016 126486088.70928124
18.09045226130653 123466902.92940901
18.21608040201005 120471984.33662821
18.34170854271357 117502062.43032256
18.467336683417084 114557835.35758668
18.592964824120603 111639968.7457071
18.718592964824122 108749094.5546599
18.844221105527637 105885809.96104093
18.969849246231156 103050676.28539269
19.09547738693467 100244217.97559534
19.22110552763819 97466921.6574062
19.34673366834171 94719235.26460937
19.472361809045225 92001567.26145814
19.597989949748744 89314285.96296796
19.723618090452263 86657718.9669803
19.849246231155778 84032152.70191854
19.974874371859297 81437832.09583513
20.100502512562816 78874960.37502441
20.22613065326633 76343698.9883159
20.35175879396985 73844167.6650746
20.477386934673365 71376444.60041007
20.603015075376884 68940566.77075672
20.728643216080403 66536530.373047486
20.85427135678392 64164291.386608824
20.979899497487438 61823766.251097016
21.105527638190956 59514832.6553987
21.231155778894472 57237330.43252819
21.35678391959799 54991062.55296321
21.482412060301506 52775796.211085886
21.608040201005025 50591263.99785505
21.733668341708544 48437165.153506815
21.85929648241206 46313166.89428157
21.984924623115578 44218905.80740676
22.110552763819097 42153989.30841517
22.236180904522612 40117997.156088434
22.36180904522613 38110483.02027333
22.487437185929647 36130976.09711177
22.613065326633166 34178982.76909064
22.738693467336685 32253988.30457237
22.8643216080402 30355458.593774375
22.98994974874372 28482841.918258507
23.115577889447238 26635570.749364328
23.241206030150753 24813063.574031923
23.366834170854272 23014726.74331885
23.492462311557787 21239956.34189226
23.618090452261306 19488140.074350774
23.743718592964825 17758659.165812995
23.86934673366834 16050890.27341555
23.99497487437186 14364207.405170852
24.12060301507538 12697983.842879595
24.246231155778894 11051594.065717734
24.371859296482413 9424415.67027124
24.497487437185928 7815831.283755849
24.623115577889447 6225230.466055841
24.748743718592966 4652011.596787832
24.87437185929648 3095583.7431231895
25 1555368.504264271
