0.008986781257578935 0.008986781257578935
0 959119367.7959367
0.12562814070351758 959099813.9915638
0.25125628140703515 959040925.541494
0.3768844221105528 958942653.5576563
0.5025125628140703 958804811.56618
0.628140703517588 958627138.4993465
0.7537688442211056 958409298.7287608
0.8793969849246231 958150882.1473645
1.0050251256281406 957851404.3101778
1.1306532663316582 957510306.3849651
1.256281407035176 957126955.4406551
1.3819095477386936 956700644.457004
1.5075376884422111 956230592.5183722
1.6331658291457287 955715945.0525011
1.7587939698492463 955155773.9908993
1.8844221105527639 954549078.0770338
2.0100502512562812 953894783.1194159
2.135678391959799 953191742.3851147
2.2613065326633164 952438736.9796093
2.386934673366834 951634476.2983644
2.512562814070352 950777598.5230193
2.6381909547738696 949866671.2311885
2.763819095477387 948900191.9992161
2.8894472361809047 947876589.1945359
3.0150753768844223 946794222.7592273
3.14070351758794 945651385.0686518
3.2663316582914574 944446302.0329984
3.391959798994975 943177134.1461462
3.5175879396984926 941841977.7299575
3.64321608040201 940438866.2511255
3.7688442211055277 938965771.8647263
3.8944723618090453 937420606.9682474
4.0201005025125625 935801226.0147141
4.1457286432160805 934105427.401327
4.271356783919598 932330955.5539771
4.396984924623116 930475503.1679503
4.522613065326633 928536713.6935688
4.648241206030151 926512183.9330525
4.773869346733668 924399466.834916
4.899497487437186 922196074.5601726
5.025125628140704 919899481.7147194
5.150753768844221 917507128.8382976
5.276381909547739 915016426.0596477
5.402010050251256 912424757.0882566
5.527638190954774 909729483.3196205
5.653266331658291 906927948.3568938
5.778894472361809 904017482.6419803
5.9045226130653266 900995408.4150676
6.030150753768845 897859044.9742258
6.155778894472362 894605714.0706203
6.28140703517588 891232745.7938657
6.407035175879397 887737484.46028
6.532663316582915 884117295.0266824
6.658291457286432 880369569.6057073
6.78391959798995 876491734.3525794
6.909547738693467 872481256.4763823
7.035175879396985 868335651.7082794
7.160804020100502 864052491.8191603
7.28643216080402 859629412.5263112
7.4120603015075375 855064121.5252706
7.5376884422110555 850354406.8379251
7.663316582914573 845498145.2532586
7.788944723618091 840493311.0496463
7.914572864321608 835337984.7953641
8.040201005025125 830030362.4245393
8.165829145728644 824568764.2981395
8.291457286432161 818951644.4331074
8.417085427135678 813177599.801337
8.542713567839195 807245379.8601539
8.668341708542714 801153895.5837107
8.793969849246231 794902228.9688518
8.919597989949748 788489642.9521084
9.045226130653266 781915589.3754588
9.170854271356784 775179719.170573
9.296482412060302 768281891.9360812
9.422110552763819 761222181.951953
9.547738693467336 754000890.916641
9.673366834170855 746618552.5537645
9.798994974874372 739075942.4875605
9.924623115577889 731374085.8342445
10.050251256281408 723514263.6907907
10.175879396984925 715498020.3285784
10.301507537688442 707327169.6591804
10.42713567839196 699003800.6248324
10.552763819095478 690530281.8321562
10.678391959798995 681909267.6945479
10.804020100502512 673143699.6883279
10.92964824120603 664236811.0734288
11.055276381909549 655192129.6012064
11.180904522613066 646013475.4445063
11.306532663316583 636704966.4603026
11.4321608040201 627271013.6295408
11.557788944723619 617716320.9608182
11.683417085427136 608045883.8056837
11.809045226130653 598264983.5737411
11.93467336683417 588379183.9679555
12.06030150753769 578394325.1815838
12.185929648241206 568316516.4701273
12.311557788944723 558152128.2625315
12.43718592964824 547907782.9367591
12.56281407035176 537590344.2404665
12.688442211055277 527206905.69430214
12.814070351758794 516764777.8826324
12.93969849246231 506271474.5705108
13.06532663316583 495734697.7076586
13.190954773869347 485162321.40378857
13.316582914572864 474562374.8917608
13.442211055276381 463943024.5120251
13.5678391959799 453312554.8042705
13.693467336683417 442679348.7705639
13.819095477386934 432051867.38360673
13.944723618090451 421438628.41006345
14.07035175879397 410848184.6806833
14.195979899497488 400289101.87041324
14.321608040201005 389769935.88987833
14.447236180904522 379299210.0283696
14.57286432160804 368885391.9360927
14.698492462311558 358536870.5689155
14.824120603015075 348261933.2032439
14.949748743718592 338068742.6600131
15.075376884422111 327965314.8340173
15.201005025125628 317959496.65865254
15.326633165829145 308058944.6063097
15.452261306532664 298271103.8528646
15.577889447236181 288603188.194554
15.703517587939698 279062160.82644385
15.829145728643216 269654716.07565045
15.954773869346734 260387262.17833546
16.08040201005025 251265905.18039045
16.20603015075377 242296434.0378792
16.331658291457288 233484306.9839945
16.457286432160803 224834639.2218025
16.582914572864322 216352191.99389678
16.70854271356784 208041363.07816055
16.834170854271356 199906178.73654324
16.959798994974875 191950287.1583164
17.08542713567839 184176953.40052497
17.21105527638191 176589055.8616169
17.33668341708543 169189084.2623824
17.462311557788944 161979139.15953076
17.587939698492463 154960932.95235217
17.71356783919598 148135792.37466738
17.839195979899497 141504662.4405648
17.964824120603016 135068111.79101953
18.09045226130653 128826339.40991169
18.21608040201005 122779182.63966915
18.34170854271357 116926126.43490429
18.467336683417084 111266313.78496125
18.592964824120603 105798557.22031784
18.718592964824122 100521351.32136056
18.844221105527637 95432886.13569559
18.969849246231156 90531061.41054606
19.09547738693467 85813501.54002911
19.22110552763819 81277571.12212637
19.34673366834171 76920391.02773753
19.472361809045225 72738854.87181228
19.597989949748744 68729645.78460675
19.723618090452263 64889253.378853366
19.849246231155778 61213990.812266365
19.974874371859297 57700011.84639194
20.100502512562816 54343327.80726261
20.22613065326633 51139824.35742482
20.35175879396985 48085277.99286485
20.477386934673365 45175372.18695286
20.603015075376884 42405713.10364777
20.728643216080403 39771844.8160276
20.85427135678392 37269263.96425904
20.979899497487438 34893433.8024953
21.105527638190956 32639797.58254533
21.231155778894472 30503791.236121677
21.35678391959799 28480855.319678534
21.482412060301506 26566446.19279911
21.608040201005025 24756046.412713785
21.733668341708544 23045174.324316982
21.85929648241206 21429392.84078138
21.984924623115578 19904317.41068714
22.110552763819097 18465623.171594635
22.236180904522612 17109051.300722577
22.36180904522613 15830414.571217647
22.487437185929647 14625602.133883638
22.613065326633166 13490583.541715693
22.738693467336685 12421412.043651968
22.8643216080402 11414227.173692422
22.98994974874372 10465256.666168513
23.115577889447238 9570817.73027248
23.241206030150753 8727317.71827493
23.366834170854272 7931254.225529533
23.492462311557787 7179214.659912707
23.618090452261306 6467875.321331753
23.743718592964825 5794000.031884014
23.86934673366834 5154438.358496739
23.99497487437186 4546123.470282003
24.12060301507538 3966069.672952013
24.246231155778894 3411369.6631746655
24.371859296482413 2879191.545091012
24.497487437185928 2366775.6514241192
24.623115577889447 1871431.210964112
24.748743718592966 1390532.9038025269
24.87437185929648 921517.3450010646
25 461879.5365360915
