0.4760856103403715 0.4760856103403715
0 78.9939846642714
0.12562814070351758 78.9842848135662
0.25125628140703515 78.9745386552149
0.3768844221105528 78.95831789194979
0.5025125628140703 78.93561599673318
0.628140703517588 78.90643623978194
0.7537688442211056 78.87078244054156
0.8793969849246231 78.82865770322105
1.0050251256281406 78.78006987094463
1.1306532663316582 78.7250256826662
1.256281407035176 78.66353253455974
1.3819095477386936 78.59560013338469
1.5075376884422111 78.52123826357005
1.6331658291457287 78.44045841606541
1.7587939698492463 78.35327124469963
1.8844221105527639 78.25968976134654
2.0100502512562812 78.15972889881367
2.135678391959799 78.05340331500537
2.2613065326633164 77.94072719248692
2.386934673366834 77.82171844718007
2.512562814070352 77.69639414194428
2.6381909547738696 77.56477241191931
2.763819095477387 77.42687219604397
2.8894472361809047 77.28271477344288
3.0150753768844223 77.13232167745461
3.14070351758794 76.97571413424242
3.2663316582914574 76.81291574768956
3.391959798994975 76.64394960543943
3.5175879396984926 76.46884203435366
3.64321608040201 76.2876166991569
3.7688442211055277 76.10030248547046
3.8944723618090453 75.90692460314482
4.0201005025125625 75.70751374658998
4.1457286432160805 75.50209748602661
4.271356783919598 75.29070736375611
4.396984924623116 75.07337422524998
4.522613065326633 74.85012824057557
4.648241206030151 74.62100406900522
4.773869346733668 74.38603467655278
4.899497487437186 74.14525548323793
5.025125628140704 73.89869942023947
5.150753768844221 73.64640556517924
5.276381909547739 73.38840894742555
5.402010050251256 73.12474727535579
5.527638190954774 72.85546016609698
5.653266331658291 72.5805877888671
5.778894472361809 72.30016830444217
5.9045226130653266 72.0142428766658
6.030150753768845 71.72285496717457
6.155778894472362 71.42604666234949
6.28140703517588 71.12386052738809
6.407035175879397 70.81634164031506
6.532663316582915 70.50353375765636
6.658291457286432 70.18548370532935
6.78391959798995 69.86223683583268
6.909547738693467 69.53384074987885
7.035175879396985 69.20034311075997
7.160804020100502 68.86179236606024
7.28643216080402 68.51823764922591
7.4120603015075375 68.16972964538049
7.5376884422110555 67.81631796255463
7.663316582914573 67.45805429782077
7.788944723618091 67.0949909340089
7.914572864321608 66.72718009948653
8.040201005025125 66.35467472221241
8.165829145728644 65.97752971986756
8.291457286432161 65.59579880496484
8.417085427135678 65.20953745513815
8.542713567839195 64.81880154073184
8.668341708542714 64.42364730345872
8.793969849246231 64.02413121170076
8.919597989949748 63.62031171052865
9.045226130653266 63.21224656051267
9.170854271356784 62.79999429614664
9.296482412060302 62.3836144654979
9.422110552763819 61.963166768946714
9.547738693467336 61.538711556019955
9.673366834170855 61.1103097311537
9.798994974874372 60.6780227702844
9.924623115577889 60.24191197123029
10.050251256281408 59.80204072400136
10.175879396984925 59.358470740451445
10.301507537688442 58.91126593694108
10.42713567839196 58.46049032210179
10.552763819095478 58.00620840355884
10.678391959798995 57.548484023054925
10.804020100502512 57.08738252730502
10.92964824120603 56.62296988670883
11.055276381909549 56.15531184116006
11.180904522613066 55.684474667545764
11.306532663316583 55.2105256797827
11.4321608040201 54.73353118171535
11.557788944723619 54.25355877782211
11.683417085427136 53.77067664711113
11.809045226130653 53.28495280803382
11.93467336683417 52.79645604772939
12.06030150753769 52.305254817133104
12.185929648241206 51.81141807306423
12.311557788944723 51.31501557518743
12.43718592964824 50.81611703987025
12.56281407035176 50.314791928949305
12.688442211055277 49.81111126316666
12.814070351758794 49.305144440310116
12.93969849246231 48.79696314587015
13.06532663316583 48.286637207512385
13.190954773869347 47.77423847927222
13.316582914572864 47.259838674329565
13.442211055276381 46.743507545422325
13.5678391959799 46.22531843767997
13.693467336683417 45.705342378005454
13.819095477386934 45.18365102579012
13.944723618090451 44.66031735886521
14.07035175879397 44.13541262494066
14.195979899497488 43.60900911946977
14.321608040201005 43.081179430456146
14.447236180904522 42.551996472809805
14.57286432160804 42.021531810408476
14.698492462311558 41.4898587484229
14.824120603015075 40.95705014765036
14.949748743718592 40.42317743897138
15.075376884422111 39.88831431021105
15.201005025125628 39.352533455901785
15.326633165829145 38.81590709077299
15.452261306532664 38.27850811676619
15.577889447236181 37.740409500108264
15.703517587939698 37.20168324696516
15.829145728643216 36.66240235783212
15.954773869346734 36.12263912798844
16.08040201005025 35.5824658327361
16.20603015075377 35.041955312337805
16.331658291457288 34.501179865064074
16.457286432160803 33.96021113073785
16.582914572864322 33.41912141940233
16.70854271356784 32.87798262264115
16.834170854271356 32.336866720048704
16.959798994974875 31.795844931279838
17.08542713567839 31.25498880749439
17.21105527638191 30.714370016995254
17.33668341708543 30.174059001797378
17.462311557788944 29.63412719988031
17.587939698492463 29.09464465200867
17.71356783919598 28.555682212037446
17.839195979899497 28.017310266817045
17.964824120603016 27.479598080950822
18.09045226130653 26.942615736328563
18.21608040201005 26.406432663260798
18.34170854271357 25.871117783762095
18.467336683417084 25.336740077695474
18.592964824120603 24.803367902789056
18.718592964824122 24.271069568466707
18.844221105527637 23.739912708884606
18.969849246231156 23.20996500617827
19.09547738693467 22.681293230291985
19.22110552763819 22.15396475219772
19.34673366834171 21.62804563138272
19.472361809045225 21.103601731079298
19.597989949748744 20.580699082797025
19.723618090452263 20.05940249717508
19.849246231155778 19.539776799768113
19.974874371859297 19.02188675328602
20.100502512562816 18.505795973102074
20.22613065326633 17.99156823369904
20.35175879396985 17.479266108279084
20.477386934673365 16.96895258494798
20.603015075376884 16.460689435044184
20.728643216080403 15.95453858807242
20.85427135678392 15.450561060674797
20.979899497487438 14.948817477485477
21.105527638190956 14.449367873439876
21.231155778894472 13.952272017718563
21.35678391959799 13.457588918303502
21.482412060301506 12.965377057517488
21.608040201005025 12.475694518098337
21.733668341708544 11.988598745660402
21.85929648241206 11.50414650694342
21.984924623115578 11.022394174417833
22.110552763819097 10.54339758628743
22.236180904522612 10.067211694733981
22.36180904522613 9.59389104807511
22.487437185929647 9.123489722830444
22.613065326633166 8.656060929082923
22.738693467336685 8.191657382263228
22.8643216080402 7.730331064940367
22.98994974874372 7.272133533605672
23.115577889447238 6.817115456791354
23.241206030150753 6.365326995423773
23.366834170854272 5.916817548558611
23.492462311557787 5.47163593669912
23.618090452261306 5.029830184675766
23.743718592964825 4.591447829948516
23.86934673366834 4.156535470319661
23.99497487437186 3.7251391915430028
24.12060301507538 3.2973042539145685
24.246231155778894 2.8730753216675535
24.371859296482413 2.452496278049654
24.497487437185928 2.0356102598929584
24.623115577889447 1.622459708313416
24.748743718592966 1.2130863426348473
24.87437185929648 0.8075310908764113
25 0.4058342004157266
