0.039097829334037076 0.039097829334037076
0 92611460.03322838
0.12562814070351758 92602954.78780566
0.25125628140703515 92594407.74414748
0.3768844221105528 92580182.66089652
0.5025125628140703 92560274.11678699
0.628140703517588 92534682.93279973
0.7537688442211056 92503411.44689201
0.8793969849246231 92466462.78848656
1.0050251256281406 92423840.64552076
1.1306532663316582 92375549.1430525
1.256281407035176 92321592.75162672
1.3819095477386936 92261976.19777267
1.5075376884422111 92196704.3825794
1.6331658291457287 92125782.29567847
1.7587939698492463 92049214.94060557
1.8844221105527639 91967007.25767894
2.0100502512562812 91879164.0538657
2.135678391959799 91785689.93857287
2.2613065326633164 91686589.26984829
2.386934673366834 91581866.0975513
2.512562814070352 91471524.13257132
2.6381909547738696 91355566.71457218
2.763819095477387 91233996.78672475
2.8894472361809047 91106816.88298275
3.0150753768844223 90974029.12582856
3.14070351758794 90835635.22988692
3.2663316582914574 90691636.51329367
3.391959798994975 90542033.91630118
3.5175879396984926 90386828.03032973
3.64321608040201 90226019.12372574
3.7688442211055277 90059607.17334497
3.8944723618090453 89887591.90658218
4.0201005025125625 89709972.83510798
4.1457286432160805 89526749.29456766
4.271356783919598 89337920.48241583
4.396984924623116 89143485.49412815
4.522613065326633 88943443.37340087
4.648241206030151 88737793.15065849
4.773869346733668 88526533.8822503
4.899497487437186 88309664.68395486
5.025125628140704 88087184.77275847
5.150753768844221 87859093.51013309
5.276381909547739 87625390.43493272
5.402010050251256 87386075.31273973
5.527638190954774 87141148.16921979
5.653266331658291 86890609.3295673
5.778894472361809 86634459.46237752
5.9045226130653266 86372699.61889893
6.030150753768845 86105331.28125027
6.155778894472362 85832356.40545219
6.28140703517588 85553777.45183678
6.407035175879397 85269597.43241768
6.532663316582915 84979819.93742882
6.658291457286432 84684449.1768548
6.78391959798995 84383490.00576825
6.909547738693467 84076947.95381954
7.035175879396985 83764829.23645674
7.160804020100502 83447140.76801696
7.28643216080402 83123890.16732825
7.4120603015075375 82795085.75727025
7.5376884422110555 82460736.5562986
7.663316582914573 82120852.26970527
7.788944723618091 81775443.26582737
7.914572864321608 81424520.55618174
8.040201005025125 81068095.76933986
8.165829145728644 80706181.11597589
8.291457286432161 80338789.35816641
8.417085427135678 79965933.7802803
8.542713567839195 79587628.15681641
8.668341708542714 79203886.72447531
8.793969849246231 78814724.16502298
8.919597989949748 78420155.59044473
9.045226130653266 78020196.52990067
9.170854271356784 77614862.93459383
9.296482412060302 77204171.18261924
9.422110552763819 76788138.09035355
9.547738693467336 76366780.93939564
9.673366834170855 75940117.51056911
9.798994974874372 75508166.12269986
9.924623115577889 75070945.68074095
10.050251256281408 74628475.72773463
10.175879396984925 74180776.50328939
10.301507537688442 73727868.99752891
10.42713567839196 73269775.0131168
10.552763819095478 72806517.22636841
10.678391959798995 72338119.24332274
10.804020100502512 71864605.6549004
10.92964824120603 71386002.08058773
11.055276381909549 70902335.21176632
11.180904522613066 70413632.85023606
11.306532663316583 69919923.94209088
11.4321608040201 69421238.59797227
11.557788944723619 68917608.1063366
11.683417085427136 68409064.9508844
11.809045226130653 67895642.81921199
11.93467336683417 67377376.60434794
12.06030150753769 66854302.40688771
12.185929648241206 66326457.53496412
12.311557788944723 65793880.51343222
12.43718592964824 65256611.083902195
12.56281407035176 64714690.21541281
12.688442211055277 64168160.11479178
12.814070351758794 63617064.246465355
12.93969849246231 63061447.35255903
13.06532663316583 62501355.47486132
13.190954773869347 61936835.98416409
13.316582914572864 61367937.612138465
13.442211055276381 60794710.480328344
13.5678391959799 60217206.12749729
13.693467336683417 59635477.53701484
13.819095477386934 59049579.15698971
13.944723618090451 58459566.91319138
14.07035175879397 57865498.21475796
14.195979899497488 57267431.95021531
14.321608040201005 56665428.47250897
14.447236180904522 56059549.57428362
14.57286432160804 55449858.45410429
14.698492462311558 54836419.67362345
14.824120603015075 54219299.10811281
14.949748743718592 53598563.89205236
15.075376884422111 52974282.36325384
15.201005025125628 52346524.007450745
15.326633165829145 51715359.41036291
15.452261306532664 51080860.212806486
15.577889447236181 50443099.07909675
15.703517587939698 49802149.67854362
15.829145728643216 49158086.68089455
15.954773869346734 48510985.770473495
16.08040201005025 47860923.676324576
16.20603015075377 47207978.21783593
16.331658291457288 46552228.36879364
16.457286432160803 45893754.33463253
16.582914572864322 45232637.64249063
16.70854271356784 44568961.238066316
16.834170854271356 43902809.58843887
16.959798994974875 43234268.78722007
17.08542713567839 42563426.65422795
17.21105527638191 41890372.8284099
17.33668341708543 41215198.851486996
17.462311557788944 40537998.24013567
17.587939698492463 39858866.53672983
17.71356783919598 39177901.3440642
17.839195979899497 38495202.34340761
17.964824120603016 37810871.28774744
18.09045226130653 37125011.98071445
18.21608040201005 36437730.2361573
18.34170854271357 35749133.82040378
18.467336683417084 35059332.38261977
18.592964824120603 34368437.370862946
18.718592964824122 33676561.941285245
18.844221105527637 32983820.861709375
18.969849246231156 32290330.412617143
19.09547738693467 31596208.285125643
19.22110552763819 30901573.483608887
19.34673366834171 30206546.22786705
19.472361809045225 29511247.861629616
19.597989949748744 28815800.76491241
19.723618090452263 28120328.27108971
19.849246231155778 27424954.590000223
19.974874371859297 26729804.733359855
20.100502512562816 26035004.446311887
20.22613065326633 25340680.142073445
20.35175879396985 24646958.836532053
20.477386934673365 23953968.085583057
20.603015075376884 23261835.923037257
20.728643216080403 22570690.800210793
20.85427135678392 21880661.52622384
20.979899497487438 21191877.210096903
21.105527638190956 20504467.203510992
21.231155778894472 19818561.045980226
21.35678391959799 19134288.417384494
21.482412060301506 18451779.090838887
21.608040201005025 17771162.89699159
21.733668341708544 17092569.692435063
21.85929648241206 16416129.337609058
21.984924623115578 15741971.685803654
22.110552763819097 15070226.578985147
22.236180904522612 14401023.856575744
22.36180904522613 13734493.371948473
22.487437185929647 13070765.01800629
22.613065326633166 12409968.759362841
22.738693467336685 11752234.670021495
22.8643216080402 11097692.97414878
22.98994974874372 10446474.086373698
23.115577889447238 9798708.649822937
23.241206030150753 9154527.568775231
23.366834170854272 8514062.03146263
23.492462311557787 7877443.523017496
23.618090452261306 7244803.820593961
23.743718592964825 6616274.975662812
23.86934673366834 5991989.2759802705
23.99497487437186 5372079.187254248
24.12060301507538 4756677.2760245465
24.246231155778894 4145916.1128684767
24.371859296482413 3539928.1576525527
24.497487437185928 2938845.6266956995
24.623115577889447 2342800.346856267
24.748743718592966 1751923.596220048
24.87437185929648 1166345.9339730227
25 586197.0213829386
