0.05246411383818936 0.05246411383818936
0 55211860.726174235
0.12562814070351758 55210027.365418874
0.25125628140703515 55204508.966871135
0.3768844221105528 55195311.869301915
0.5025125628140703 55182436.462569006
0.628140703517588 55165883.28108162
0.7537688442211056 55145653.01110056
0.8793969849246231 55121746.490842044
1.0050251256281406 55094164.709201805
1.1306532663316582 55062908.806501076
1.256281407035176 55027980.07410064
1.3819095477386936 54989379.953982
1.5075376884422111 54947110.03743873
1.6331658291457287 54901172.06716663
1.7587939698492463 54851567.934342414
1.8844221105527639 54798299.679515876
2.0100502512562812 54741369.49379909
2.135678391959799 54680779.71742931
2.2613065326633164 54616532.83924803
2.386934673366834 54548631.50093682
2.512562814070352 54477078.49253496
2.6381909547738696 54401876.75828346
2.763819095477387 54323029.3946496
2.8894472361809047 54240539.65331348
3.0150753768844223 54154410.942447595
3.14070351758794 54064646.831169285
3.2663316582914574 53971251.049431086
3.391959798994975 53874227.491621524
3.5175879396984926 53773580.22359097
3.64321608040201 53669313.48208443
3.7688442211055277 53561431.68151723
3.8944723618090453 53449939.41948751
4.0201005025125625 53334841.47924687
4.1457286432160805 53216142.8395118
4.271356783919598 53093848.6753891
4.396984924623116 52967964.36891098
4.522613065326633 52838495.51347498
4.648241206030151 52705447.92087411
4.773869346733668 52568827.62851626
4.899497487437186 52428640.90567969
5.025125628140704 52284894.26157981
5.150753768844221 52137594.4534335
5.276381909547739 51986748.49130264
5.402010050251256 51832363.6483572
5.527638190954774 51674447.46566998
5.653266331658291 51513007.760192625
5.778894472361809 51348052.63409014
5.9045226130653266 51179590.47675779
6.030150753768845 51007629.97847035
6.155778894472362 50832180.13013469
6.28140703517588 50653250.23552871
6.407035175879397 50470849.91530056
6.532663316582915 50284989.11286721
6.658291457286432 50095678.101619884
6.78391959798995 49902927.49196879
6.909547738693467 49706748.23534268
7.035175879396985 49507151.63149073
7.160804020100502 49304149.33276657
7.28643216080402 49097753.35318205
7.4120603015075375 48887976.069633745
7.5376884422110555 48674830.2318289
7.663316582914573 48458328.96438419
7.788944723618091 48238485.77477154
7.914572864321608 48015314.55783537
8.040201005025125 47788829.602807574
8.165829145728644 47559045.596346475
8.291457286432161 47325977.6306241
8.417085427135678 47089641.2084753
8.542713567839195 46850052.24911974
8.668341708542714 46607227.09238662
8.793969849246231 46361182.50821885
8.919597989949748 46111935.699553445
9.045226130653266 45859504.31050206
9.170854271356784 45603906.43099432
9.296482412060302 45345160.60469726
9.422110552763819 45083285.83496578
9.547738693467336 44818301.59038523
9.673366834170855 44550227.81308979
9.798994974874372 44279084.92560947
9.924623115577889 44004893.835743405
10.050251256281408 43727675.94624107
10.175879396984925 43447453.15986847
10.301507537688442 43164247.8881616
10.42713567839196 42878083.05611628
10.552763819095478 42588982.1130042
10.678391959798995 42296969.035051264
10.804020100502512 42002068.33664308
10.92964824120603 41704305.07441795
11.055276381909549 41403704.85525362
11.180904522613066 41100293.84356213
11.306532663316583 40794098.766041785
11.4321608040201 40485146.919586435
11.557788944723619 40173466.17750635
11.683417085427136 39859084.99417213
11.809045226130653 39542032.41128887
11.93467336683417 39222338.064766616
12.06030150753769 38900032.18779031
12.185929648241206 38575145.61809041
12.311557788944723 38247709.80016506
12.43718592964824 37917756.79334436
12.56281407035176 37585319.27233491
12.688442211055277 37250430.53441563
12.814070351758794 36913124.50300361
12.93969849246231 36573435.73021721
13.06532663316583 36231399.400934786
13.190954773869347 35887051.337906204
13.316582914572864 35540428.00204844
13.442211055276381 35191566.49838773
13.5678391959799 34840504.5767097
13.693467336683417 34487280.63486249
13.819095477386934 34131933.72046673
13.944723618090451 33774503.5331126
14.07035175879397 33415030.425279703
14.195979899497488 33053555.402762763
14.321608040201005 32690120.125462014
14.447236180904522 32324766.90764624
14.57286432160804 31957538.71530209
14.698492462311558 31588479.166979644
14.824120603015075 31217632.53030056
14.949748743718592 30845043.718652483
15.075376884422111 30470758.28963426
15.201005025125628 30094822.43947947
15.326633165829145 29717282.999256525
15.452261306532664 29338187.4300191
15.577889447236181 28957583.81592789
15.703517587939698 28575520.859900504
15.829145728643216 28192047.87540137
15.954773869346734 27807214.781439345
16.08040201005025 27421072.094614405
16.20603015075377 27033670.92281488
16.331658291457288 26645062.957641244
16.457286432160803 26255300.46694405
16.582914572864322 25864436.289389912
16.70854271356784 25472523.826115504
16.834170854271356 25079617.034984138
16.959798994974875 24685770.424112696
17.08542713567839 24291039.04459762
17.21105527638191 23895478.485414967
17.33668341708543 23499144.867121633
17.462311557788944 23102094.835529894
17.587939698492463 22704385.55562096
17.71356783919598 22306074.706006415
17.839195979899497 21907220.471454434
17.964824120603016 21507881.536946304
18.09045226130653 21108117.079893548
18.21608040201005 20707986.762533963
18.34170854271357 20307550.722965468
18.467336683417084 19906869.56574744
18.592964824120603 19506004.35134887
18.718592964824122 19105016.58505657
18.844221105527637 18703968.20331047
18.969849246231156 18302921.561180003
19.09547738693467 17901939.416182723
19.22110552763819 17501084.912339553
19.34673366834171 17100421.563372202
19.472361809045225 16700013.232735595
19.597989949748744 16299924.115252761
19.723618090452263 15900218.715560913
19.849246231155778 15500961.826343274
19.974874371859297 15102218.506605906
20.100502512562816 14704054.058338162
20.22613065326633 14306534.002005056
20.35175879396985 13909724.05407093
20.477386934673365 13513690.101724133
20.603015075376884 13118498.179103412
20.728643216080403 12724214.442573871
20.85427135678392 12330905.147070646
20.979899497487438 11938636.621586496
21.105527638190956 11547475.24617559
21.231155778894472 11157487.42868764
21.35678391959799 10768739.581389416
21.482412060301506 10381298.099258728
21.608040201005025 9995229.337538905
21.733668341708544 9610599.590126988
21.85929648241206 9227475.069045763
21.984924623115578 8845921.88267585
22.110552763819097 8466006.01512507
22.236180904522612 8087793.306131235
22.36180904522613 7711349.42990855
22.487437185929647 7336739.874783695
22.613065326633166 6964029.922363252
22.738693467336685 6593284.626404258
22.8643216080402 6224568.791401541
22.98994974874372 5857946.950979485
23.115577889447238 5493483.34545888
23.241206030150753 5131241.899205533
23.366834170854272 4771286.197228279
23.492462311557787 4413679.461276465
23.618090452261306 4058484.5253351172
23.743718592964825 3705763.81048781
23.86934673366834 3355579.2994150086
23.99497487437186 3007992.5099488925
24.12060301507538 2663064.468598771
24.246231155778894 2320855.6833500587
24.371859296482413 1981426.1161620363
24.497487437185928 1644835.155145933
24.623115577889447 1311141.5865870013
24.748743718592966 980403.5666146355
24.87437185929648 652678.5930043584
25 328023.47687141184
