0.17864302798417617 0.17864302798417617
0 910254.166779089
0.12562814070351758 910216.6895200631
0.25125628140703515 910103.8901878409
0.3768844221105528 909915.9232985121
0.5025125628140703 909652.8371363112
0.628140703517588 909314.6988772062
0.7537688442211056 908901.5939382992
0.8793969849246231 908413.6254986117
1.0050251256281406 907850.9139827263
1.1306532663316582 907213.5959447935
1.256281407035176 906501.8235876608
1.3819095477386936 905715.7635201807
1.5075376884422111 904855.5961216071
1.6331658291457287 903921.5142469886
1.7587939698492463 902913.7224839116
1.8844221105527639 901832.4360377912
2.0100502512562812 900677.8797676286
2.135678391959799 899450.2873265462
2.2613065326633164 898149.9002476654
2.386934673366834 896776.9671282285
2.512562814070352 895331.7429459281
2.6381909547738696 893814.4883011943
2.763819095477387 892225.4689516525
2.8894472361809047 890564.9553686366
3.0150753768844223 888833.2222246815
3.14070351758794 887030.5481870424
3.2663316582914574 885157.2157473697
3.391959798994975 883213.5111601013
3.5175879396984926 881199.7243045747
3.64321608040201 879116.148966723
3.7688442211055277 876963.0827397088
3.8944723618090453 874740.827546701
4.0201005025125625 872449.6896991369
4.1457286432160805 870089.9803580507
4.271356783919598 867662.0158909926
4.396984924623116 865166.1183620866
4.522613065326633 862602.6159363295
4.648241206030151 859971.8434798296
4.773869346733668 857274.1430037357
4.899497487437186 854509.8642681753
5.025125628140704 851679.3652055898
5.150753768844221 848783.0125909722
5.276381909547739 845821.1825518135
5.402010050251256 842794.2609413959
5.527638190954774 839702.6440649065
5.653266331658291 836546.7389621937
5.778894472361809 833326.9638726325
5.9045226130653266 830043.7487312899
6.030150753768845 826697.5353393881
6.155778894472362 823288.7777917739
6.28140703517588 819817.9426463118
6.407035175879397 816285.5090894094
6.532663316582915 812691.9690769718
6.658291457286432 809037.8273176189
6.78391959798995 805323.6012627012
6.909547738693467 801549.8209887298
7.035175879396985 797717.0290337986
7.160804020100502 793825.7801286953
7.28643216080402 789876.6408915877
7.4120603015075375 785870.1895044141
7.5376884422110555 781807.0152396513
7.663316582914573 777687.7180301317
7.788944723618091 773512.9079813081
7.914572864321608 769283.204898497
8.040201005025125 764999.2376020252
8.165829145728644 760661.6436422031
8.291457286432161 756271.0686251055
8.417085427135678 751828.1656919759
8.542713567839195 747333.5951727787
8.668341708542714 742788.0241030736
8.793969849246231 738192.1257536105
8.919597989949748 733546.579394717
9.045226130653266 728852.069927431
9.170854271356784 724109.2876802913
9.296482412060302 719318.9281190332
9.422110552763819 714481.6917376309
9.547738693467336 709598.2839236946
9.673366834170855 704669.4147375915
9.798994974874372 699695.7989420593
9.924623115577889 694678.1557497147
10.050251256281408 689617.208839422
10.175879396984925 684513.6861407885
10.301507537688442 679368.3196504873
10.42713567839196 674181.8453943717
10.552763819095478 668955.0030066988
10.678391959798995 663688.5356062867
10.804020100502512 658383.1894195953
10.92964824120603 653039.7135158195
11.055276381909549 647658.8593835558
11.180904522613066 642241.3805925321
11.306532663316583 636788.0324645491
11.4321608040201 631299.5716611624
11.557788944723619 625776.7559052802
11.683417085427136 620220.3437174689
11.809045226130653 614631.094206072
11.93467336683417 609009.7669722262
12.06030150753769 603357.1220925045
12.185929648241206 597673.9202318288
12.311557788944723 591960.9228810177
12.43718592964824 586218.8926841523
12.56281407035176 580448.5939476311
12.688442211055277 574650.7931953482
12.814070351758794 568826.2598711423
12.93969849246231 562975.7671392835
13.06532663316583 557100.0927226628
13.190954773869347 551200.0197499199
13.316582914572864 545276.3376739889
13.442211055276381 539329.8431033387
13.5678391959799 533361.3405896788
13.693467336683417 527371.643330982
13.819095477386934 521361.57373224595
13.944723618090451 515331.96372984257
14.07035175879397 509283.6551092182
14.195979899497488 503217.49937705905
14.321608040201005 497134.35757656983
14.447236180904522 491035.0998088574
14.57286432160804 484920.60445045884
14.698492462311558 478791.7572642674
14.824120603015075 472649.45015700406
14.949748743718592 466494.5799162117
15.075376884422111 460328.0465451005
15.201005025125628 454150.75171978143
15.326633165829145 447963.5968555311
15.452261306532664 441767.48147112125
15.577889447236181 435563.3013949351
15.703517587939698 429351.946861946
15.829145728643216 423134.3009788152
15.954773869346734 416911.23819553136
16.08040201005025 410683.62304830545
16.20603015075377 404452.30887461477
16.331658291457288 398218.13724326727
16.457286432160803 391981.9371831739
16.582914572864322 385744.52503985236
16.70854271356784 379506.70443665294
16.834170854271356 373269.2666829447
16.959798994974875 367032.9913750195
17.08542713567839 360798.64729939
17.21105527638191 354566.9936162486
17.33668341708543 348338.7812187663
17.462311557788944 342114.7542701313
17.587939698492463 335895.6519123392
17.71356783919598 329682.2100248844
17.839195979899497 323475.16303158825
17.964824120603016 317275.2457131447
18.09045226130653 311083.19491148303
18.21608040201005 304899.7511715143
18.34170854271357 298725.6602045929
18.467336683417084 292561.6741556314
18.592964824120603 286408.5526234427
18.718592964824122 280267.0634501379
18.844221105527637 274137.98320253857
18.969849246231156 268022.0973410512
19.09547738693467 261920.20009684828
19.22110552763819 255833.09404634897
19.34673366834171 249761.5893350871
19.472361809045225 243706.50267666238
19.597989949748744 237668.6560088948
19.723618090452263 231648.87497876133
19.849246231155778 225647.98718336693
19.974874371859297 219666.82025203778
20.100502512562816 213706.19979773404
20.22613065326633 207766.94729506815
20.35175879396985 201849.87793931286
20.477386934673365 195955.79849104103
20.603015075376884 190085.50527887276
20.728643216080403 184239.78222932146
20.85427135678392 178419.39899228897
20.979899497487438 172625.10954530947
21.105527638190956 166857.6507492992
21.231155778894472 161117.74128787764
21.35678391959799 155406.0809771666
21.482412060301506 149723.35023783892
21.608040201005025 144070.21006284122
21.733668341708544 138447.30212994324
21.85929648241206 132855.24940525994
21.984924623115578 127294.657002361
22.110552763819097 121766.11316732393
22.236180904522612 116270.19082032732
22.36180904522613 110807.44904388493
22.487437185929647 105378.43487115666
22.613065326633166 99983.6852204244
22.738693467336685 94623.72884439798
22.8643216080402 89299.08834859228
22.98994974874372 84010.28217866777
23.115577889447238 78757.82653386636
23.241206030150753 73542.23711054746
23.366834170854272 68364.03074893364
23.492462311557787 63223.72679094147
23.618090452261306 58121.84820619634
23.743718592964825 53058.922416728325
23.86934673366834 48035.481838274114
23.99497487437186 43052.06411756162
24.12060301507538 38109.211896562
24.246231155778894 33207.47242975066
24.371859296482413 28347.39672274778
24.497487437185928 23529.538509214966
24.623115577889447 18754.452774716843
24.748743718592966 14022.694194095835
24.87437185929648 9334.815292100691
25 4691.364422900698
