0.13313013617999533 0.13313013617999533
0 3839723.365298037
0.12562814070351758 3839249.036628835
0.25125628140703515 3838772.4841225054
0.3768844221105528 3837979.5001729117
0.5025125628140703 3836869.9864674318
0.628140703517588 3835444.2993443357
0.7537688442211056 3833702.939325682
0.8793969849246231 3831646.5642664954
1.0050251256281406 3829275.894711488
1.1306532663316582 3826591.781883522
1.256281407035176 3823595.138865026
1.3819095477386936 3820286.9726139447
1.5075376884422111 3816668.3498578216
1.6331658291457287 3812740.3850614177
1.7587939698492463 3808504.253424443
1.8844221105527639 3803961.155746865
2.0100502512562812 3799112.330090439
2.135678391959799 3793959.0308903884
2.2613065326633164 3788502.5292299273
2.386934673366834 3782744.099202371
2.512562814070352 3776685.013538391
2.6381909547738696 3770326.546356889
2.763819095477387 3763669.957421003
2.8894472361809047 3756716.498275136
3.0150753768844223 3749467.405572925
3.14070351758794 3741923.901043043
3.2663316582914574 3734087.1909289015
3.391959798994975 3725958.4682176514
3.5175879396984926 3717538.910470845
3.64321608040201 3708829.685933894
3.7688442211055277 3699831.9526746636
3.8944723618090453 3690546.8636531075
4.0201005025125625 3680975.567265048
4.1457286432160805 3671119.211863594
4.271356783919598 3660978.9509228207
4.396984924623116 3650555.9476759266
4.522613065326633 3639851.375247021
4.648241206030151 3628866.422150836
4.773869346733668 3617602.300218953
4.899497487437186 3606060.243858728
5.025125628140704 3594241.516649035
5.150753768844221 3582147.414855163
5.276381909547739 3569779.2718624673
5.402010050251256 3557138.4617177094
5.527638190954774 3544226.402621561
5.653266331658291 3531044.5641677543
5.778894472361809 3517594.4656299725
5.9045226130653266 3503877.684134741
6.030150753768845 3489895.856432089
6.155778894472362 3475650.6801076145
6.28140703517588 3461143.9210468917
6.407035175879397 3446377.41023157
6.532663316582915 3431353.049401595
6.658291457286432 3416072.8110837736
6.78391959798995 3400538.741037376
6.909547738693467 3384752.953439288
7.035175879396985 3368717.633662361
7.160804020100502 3352435.040378255
7.28643216080402 3335907.4995710948
7.4120603015075375 3319137.3977230336
7.5376884422110555 3302127.186881448
7.663316582914573 3284879.3775094505
7.788944723618091 3267396.531334601
7.914572864321608 3249681.261286495
8.040201005025125 3231736.2223596247
8.165829145728644 3213564.10943274
8.291457286432161 3195167.652718788
8.417085427135678 3176549.6101145376
8.542713567839195 3157712.765795543
8.668341708542714 3138659.925681205
8.793969849246231 3119393.9134201757
8.919597989949748 3099917.5691934554
9.045226130653266 3080233.7478948305
9.170854271356784 3060345.3174679405
9.296482412060302 3040255.1587363933
9.422110552763819 3019966.1677754032
9.547738693467336 2999481.254355135
9.673366834170855 2978803.346466655
9.798994974874372 2957935.3916371586
9.924623115577889 2936880.3566883337
10.050251256281408 2915641.2331999443
10.175879396984925 2894221.0368750854
10.301507537688442 2872622.8108663755
10.42713567839196 2850849.625657889
10.552763819095478 2828904.577210232
10.678391959798995 2806790.788813924
10.804020100502512 2784511.4072469976
10.92964824120603 2762069.5995597537
11.055276381909549 2739468.549891216
11.180904522613066 2716711.4534778385
11.306532663316583 2693801.5117851472
11.4321608040201 2670741.9266215144
11.557788944723619 2647535.892574437
11.683417085427136 2624186.5922858967
11.809045226130653 2600697.188417067
11.93467336683417 2577070.8221284924
12.06030150753769 2553310.6047870917
12.185929648241206 2529419.618813334
12.311557788944723 2505400.9150760495
12.43718592964824 2481257.513806486
12.56281407035176 2456992.408246729
12.688442211055277 2432608.5679904995
12.814070351758794 2408108.948218432
12.93969849246231 2383496.4970743093
13.06532663316583 2358774.16516307
13.190954773869347 2333944.920416101
13.316582914572864 2309011.7561109834
13.442211055276381 2283977.709534444
13.5678391959799 2258845.8696076707
13.693467336683417 2233619.393137056
13.819095477386934 2208301.5174724
13.944723618090451 2182895.56700104
14.07035175879397 2157404.9640389313
14.195979899497488 2131833.2346948115
14.321608040201005 2106184.008665256
14.447236180904522 2080461.023731812
14.57286432160804 2054668.119636968
14.698492462311558 2028809.2324325035
14.824120603015075 2002888.3855259535
14.949748743718592 1976909.6780872135
15.075376884422111 1950877.266700633
15.201005025125628 1924795.3546898789
15.326633165829145 1898668.1676019132
15.452261306532664 1872499.9380391634
15.577889447236181 1846294.8796647375
15.703517587939698 1820057.174825675
15.829145728643216 1793790.947899898
15.954773869346734 1767500.2510747034
16.08040201005025 1741189.047128904
16.20603015075377 1714861.197847227
16.331658291457288 1688520.444414962
16.457286432160803 1662170.4098983647
16.582914572864322 1635814.5896581127
16.70854271356784 1609456.3494485451
16.834170854271356 1583098.928136297
16.959798994974875 1556745.445477802
17.08542713567839 1530398.9080277616
17.21105527638191 1504062.2223659314
17.33668341708543 1477738.2098188242
17.462311557788944 1451429.6218789269
17.587939698492463 1425139.1600774801
17.71356783919598 1398869.4936954984
17.839195979899497 1372623.279982309
17.964824120603016 1346403.1876600087
18.09045226130653 1320211.9100308255
18.21608040201005 1294052.1883168013
18.34170854271357 1267926.8286109422
18.467336683417084 1241838.7147153667
18.592964824120603 1215790.82426567
18.718592964824122 1189786.2332981206
18.844221105527637 1163828.12878611
18.969849246231156 1137919.8135459207
19.09547738693467 1112064.702945929
19.22110552763819 1086266.3238296206
19.34673366834171 1060528.312338483
19.472361809045225 1034854.4032072034
19.597989949748744 1009248.4182938137
19.723618090452263 983714.2551772125
19.849246231155778 958255.8699872894
19.974874371859297 932877.259362673
20.100502512562816 907582.4417176389
20.22613065326633 882375.4366455693
20.35175879396985 857260.2441460264
20.477386934673365 832240.8252533404
20.603015075376884 807321.0780785601
20.728643216080403 782504.820179104
20.85427135678392 757795.769530868
20.979899497487438 733197.5320895083
21.105527638190956 708713.5810092533
21.231155778894472 684347.2449072615
21.35678391959799 660101.7074088063
21.482412060301506 635979.9921595233
21.608040201005025 611984.9624679064
21.733668341708544 588119.3280947121
21.85929648241206 564385.64066087
21.984924623115578 540786.3080690026
22.110552763819097 517323.59870632185
22.236180904522612 493999.66194487666
22.36180904522613 470816.53776791965
22.487437185929647 447776.1786044238
22.613065326633166 424880.4664316805
22.738693467336685 402131.2351388017
22.8643216080402 379530.2894680376
22.98994974874372 357079.4286139319
23.115577889447238 334780.46506337484
23.241206030150753 312635.24522381986
23.366834170854272 290645.66341343254
23.492462311557787 268813.6844262597
23.618090452261306 247141.34823653224
23.743718592964825 225630.78749467817
23.86934673366834 204284.22833042394
23.99497487437186 183104.00007920264
24.12060301507538 162092.53134048198
24.246231155778894 141252.347892565
24.371859296482413 120586.06487879393
24.497487437185928 100096.38076546442
24.623115577889447 79786.06011119796
24.748743718592966 59657.92147399744
24.87437185929648 39714.81754543893
25 19959.61470902758
