0.032137556249662864 0.032137556249662864
0 126265584.30742861
0.12562814070351758 126261851.85466999
0.25125628140703515 126250616.95745482
0.3768844221105528 126231891.69567686
0.5025125628140703 126205675.47970054
0.628140703517588 126171967.48359479
0.7537688442211056 126130766.60724953
0.8793969849246231 126082071.51183869
1.0050251256281406 126025880.65196067
1.1306532663316582 125962192.21502367
1.256281407035176 125891004.12497106
1.3819095477386936 125812314.16153671
1.5075376884422111 125726119.76889466
1.6331658291457287 125632418.26688188
1.7587939698492463 125531206.79834618
1.8844221105527639 125422482.30906914
2.0100502512562812 125306241.61852455
2.135678391959799 125182481.44141755
2.2613065326633164 125051198.48641825
2.386934673366834 124912389.31625171
2.512562814070352 124766050.69946976
2.6381909547738696 124612179.2618066
2.763819095477387 124450771.92658141
2.8894472361809047 124281825.69106437
3.0150753768844223 124105337.76306932
3.14070351758794 123921305.61897776
3.2663316582914574 123729727.01108634
3.391959798994975 123530600.10374074
3.5175879396984926 123323923.31110187
3.64321608040201 123109695.46359746
3.7688442211055277 122887915.89320984
3.8944723618090453 122658584.12400243
4.0201005025125625 122421700.39378756
4.1457286432160805 122177265.10862291
4.271356783919598 121925279.14612317
4.396984924623116 121665743.68072622
4.522613065326633 121398660.44468535
4.648241206030151 121124031.29984494
4.773869346733668 120841858.38030632
4.899497487437186 120552144.13390745
5.025125628140704 120254891.18554187
5.150753768844221 119950102.37826739
5.276381909547739 119637780.53921911
5.402010050251256 119317928.76124719
5.527638190954774 118990550.06349123
5.653266331658291 118655647.54867786
5.778894472361809 118313224.50918633
5.9045226130653266 117963283.98998728
6.030150753768845 117605829.2391079
6.155778894472362 117240863.46151413
6.28140703517588 116868390.01445892
6.407035175879397 116488412.25086606
6.532663316582915 116100933.54207097
6.658291457286432 115705957.55225232
6.78391959798995 115303488.0654684
6.909547738693467 114893529.07637218
7.035175879396985 114476084.85572664
7.160804020100502 114051159.97007391
7.28643216080402 113618759.34767944
7.4120603015075375 113178888.41578804
7.5376884422110555 112731553.05204214
7.663316582914573 112276759.51806416
7.788944723618091 111814514.77497347
7.914572864321608 111344826.30214098
8.040201005025125 110867702.29361875
8.165829145728644 110383151.4836476
8.291457286432161 109891183.5431285
8.417085427135678 109391808.62595999
8.542713567839195 108885037.87492427
8.668341708542714 108370883.15566105
8.793969849246231 107849357.17197874
8.919597989949748 107320473.52430303
9.045226130653266 106784246.77129145
9.170854271356784 106240692.27018835
9.296482412060302 105689826.45298494
9.422110552763819 105131666.79364762
9.547738693467336 104566231.73594914
9.673366834170855 103993540.70250332
9.798994974874372 103413614.4534199
9.924623115577889 102826474.65580824
10.050251256281408 102232144.23373093
10.175879396984925 101630647.29805498
10.301507537688442 101022009.15740545
10.42713567839196 100406256.30310397
10.552763819095478 99783416.58379684
10.678391959798995 99153518.99878684
10.804020100502512 98516593.84183523
10.92964824120603 97872672.75279115
11.055276381909549 97221788.54223327
11.180904522613066 96563975.36170535
11.306532663316583 95899268.62067688
11.4321608040201 95227704.9789518
11.557788944723619 94549322.4004748
11.683417085427136 93864160.04601364
11.809045226130653 93172258.3965725
11.93467336683417 92473659.12048504
12.06030150753769 91768405.19639078
12.185929648241206 91056540.89299029
12.311557788944723 90338111.7197951
12.43718592964824 89613164.51307838
12.56281407035176 88881747.48632842
12.688442211055277 88143910.21951371
12.814070351758794 87399703.67936644
12.93969849246231 86649180.42203827
13.06532663316583 85892394.45828258
13.190954773869347 85129401.44510587
13.316582914572864 84360258.72560558
13.442211055276381 83585025.3830383
13.5678391959799 82803762.33261497
13.693467336683417 82016532.3466098
13.819095477386934 81223400.1957541
13.944723618090451 80424432.62663862
14.07035175879397 79619698.48940109
14.195979899497488 78809268.7045562
14.321608040201005 77993216.37377377
14.447236180904522 77171616.75570355
14.57286432160804 76344547.31627761
14.698492462311558 75512087.7179151
14.824120603015075 74674319.83352643
14.949748743718592 73831327.74467298
15.075376884422111 72983197.74146913
15.201005025125628 72130018.2776684
15.326633165829145 71271880.03664632
15.452261306532664 70408875.83494912
15.577889447236181 69541100.67722115
15.703517587939698 68668651.74414344
15.829145728643216 67791628.40826231
15.954773869346734 66910132.21624469
16.08040201005025 66024266.93365213
16.20603015075377 65134138.57873303
16.331658291457288 64239855.40724726
16.457286432160803 63341527.988940656
16.582914572864322 62439269.2342224
16.70854271356784 61533194.38288668
16.834170854271356 60623421.07164937
16.959798994974875 59710069.35281996
17.08542713567839 58793261.651949555
17.21105527638191 57873122.80478462
17.33668341708543 56949780.0671138
17.462311557788944 56023363.02855633
17.587939698492463 55094003.58710173
17.71356783919598 54161835.925687715
17.839195979899497 53226996.41260894
17.964824120603016 52289623.54456971
18.09045226130653 51349857.852457166
18.21608040201005 50407841.8192671
18.34170854271357 49463719.82499042
18.467336683417084 48517638.02881526
18.592964824120603 47569744.30265256
18.718592964824122 46620188.200306706
18.844221105527637 45669120.872768454
18.969849246231156 44716695.057035625
19.09547738693467 43763065.05143434
19.22110552763819 42808386.715427615
19.34673366834171 41852817.49293149
19.472361809045225 40896516.4315844
19.597989949748744 39939644.24332587
19.723618090452263 38982363.344397984
19.849246231155778 38024837.955330454
19.974874371859297 37067234.115938365
20.100502512562816 36109719.78574249
20.22613065326633 35152464.91014792
20.35175879396985 34195641.44731544
20.477386934673365 33239423.459837865
20.603015075376884 32283987.072568595
20.728643216080403 31329510.568452515
20.85427135678392 30376174.29448658
20.979899497487438 29424160.696708262
21.105527638190956 28473654.24530263
21.231155778894472 27524841.34594438
21.35678391959799 26577910.28287231
21.482412060301506 25633051.078267187
21.608040201005025 24690455.380981278
21.733668341708544 23750316.33227097
21.85929648241206 22812828.38972705
21.984924623115578 21878187.196670562
22.110552763819097 20946589.40582651
22.236180904522612 20018232.513621513
22.36180904522613 19093314.696998715
22.487437185929647 18172034.656235967
22.613065326633166 17254591.458018564
22.738693467336685 16341184.385733759
22.8643216080402 15432012.808328977
22.98994974874372 14527276.038682552
23.115577889447238 13627173.222835336
23.241206030150753 12731903.23437219
23.366834170854272 11841664.554058297
23.492462311557787 10956655.192608869
23.618090452261306 10077072.606764216
23.743718592964825 9203113.602734039
23.86934673366834 8334974.274256867
23.99497487437186 7472849.9247379685
24.12060301507538 6616934.991192168
24.246231155778894 5767422.980688944
24.371859296482413 4924506.398907201
24.497487437185928 4088376.670476103
24.623115577889447 3259224.0625252286
24.748743718592966 2437237.6144755725
24.87437185929648 1622605.0450543067
25 815512.6736872132
