0.4109890088154477 0.4109890088154477
0 610.9294494367774
0.12562814070351758 610.9044449968578
0.25125628140703515 610.8291840135583
0.3768844221105528 610.7037611150273
0.5025125628140703 610.5281949478315
0.628140703517588 610.3025113962011
0.7537688442211056 610.0267438265761
0.8793969849246231 609.7009329065829
1.0050251256281406 609.3251267828163
1.1306532663316582 608.8993809124898
1.256281407035176 608.4237580897732
1.3819095477386936 607.8983285452399
1.5075376884422111 607.3231698139958
1.6331658291457287 606.6983667422583
1.7587939698492463 606.0240115049193
1.8844221105527639 605.3002035790042
2.0100502512562812 604.5270497232856
2.135678391959799 603.7046639550433
2.2613065326633164 602.8331675539289
2.386934673366834 601.9126889773951
2.512562814070352 600.9433638905755
2.6381909547738696 599.9253351978443
2.763819095477387 598.8587528360529
2.8894472361809047 597.7437739810257
3.0150753768844223 596.5805628364633
3.14070351758794 595.3692906913827
3.2663316582914574 594.1101358905545
3.391959798994975 592.8032837361892
3.5175879396984926 591.44892651687
3.64321608040201 590.0472635301079
3.7688442211055277 588.5985008723677
3.8944723618090453 587.1028515763703
4.0201005025125625 585.5605354900792
4.1457286432160805 583.9717792372177
4.271356783919598 582.3368162125084
4.396984924623116 580.6558865405636
4.522613065326633 578.9292369494115
4.648241206030151 577.1571208813813
4.773869346733668 575.3397982702722
4.899497487437186 573.4775356843797
5.025125628140704 571.5706060705473
5.150753768844221 569.6192889236268
5.276381909547739 567.6238700584288
5.402010050251256 565.584641687924
5.527638190954774 563.5019022538697
5.653266331658291 561.3759564686185
5.778894472361809 559.2071152619233
5.9045226130653266 556.9956956447165
6.030150753768845 554.7420207700676
6.155778894472362 552.446419735554
6.28140703517588 550.1092276072975
6.407035175879397 547.7307854593673
6.532663316582915 545.3114400731088
6.658291457286432 542.8515441141857
6.78391959798995 540.3514559069134
6.909547738693467 537.8115394944042
7.035175879396985 535.2321644623942
7.160804020100502 532.6137059718632
7.28643216080402 529.9565446287772
7.4120603015075375 527.2610664332927
7.5376884422110555 524.5276627255033
7.663316582914573 521.7567301503454
7.788944723618091 518.9486704832702
7.914572864321608 516.1038906607624
8.040201005025125 513.2228027006821
8.165829145728644 510.3058235553255
8.291457286432161 507.3533751241329
8.417085427135678 504.36588412732743
8.542713567839195 501.34378207441324
8.668341708542714 498.2875051111636
8.793969849246231 495.197494067185
8.919597989949748 492.0741942729926
9.045226130653266 488.91805552252504
9.170854271356784 485.729531967588
9.296482412060302 482.509082135982
9.422110552763819 479.25716870123256
9.547738693467336 475.97425852014527
9.673366834170855 472.6608225244313
9.798994974874372 469.3173355949326
9.924623115577889 465.9442765463456
10.050251256281408 462.5421279773395
10.175879396984925 459.1113762544958
10.301507537688442 455.65251138000843
10.42713567839196 452.16602691308094
10.552763819095478 448.6524199083579
10.678391959798995 445.1121908161837
10.804020100502512 441.5458433833252
10.92964824120603 437.9538845887725
11.055276381909549 434.336824545699
11.180904522613066 430.6951764051374
11.306532663316583 427.02945631120656
11.4321608040201 423.34018324118824
11.557788944723619 419.62787896712996
11.683417085427136 415.89306797040695
11.809045226130653 412.1362772977742
11.93467336683417 408.3580365419524
12.06030150753769 404.5588777141392
12.185929648241206 400.7393351432522
12.311557788944723 396.8999454145706
12.43718592964824 393.04124723908376
12.56281407035176 389.1637814019706
12.688442211055277 385.26809064826665
12.814070351758794 381.3547195812845
12.93969849246231 377.4242146265479
13.06532663316583 373.47712381729895
13.190954773869347 369.51399686162955
13.316582914572864 365.53538492530186
13.442211055276381 361.541840575715
13.5678391959799 357.5339176961336
13.693467336683417 353.5121714088308
13.819095477386934 349.47715794573026
13.944723618090451 345.4294345494965
14.07035175879397 341.3695594200598
14.195979899497488 337.2980916097394
14.321608040201005 333.21559088029875
14.447236180904522 329.12261768752137
14.57286432160804 325.01973301939904
14.698492462311558 320.90749832145445
14.824120603015075 316.78647542560736
14.949748743718592 312.65722642933486
15.075376884422111 308.52031362386765
15.201005025125628 304.376299363639
15.326633165829145 300.2257460213809
15.452261306532664 296.06921584455074
15.577889447236181 291.9072709001104
15.703517587939698 287.7404729445035
15.829145728643216 283.5693833568413
15.954773869346734 279.3945630701026
16.08040201005025 275.2165724187198
16.20603015075377 271.03597105648277
16.331658291457288 266.85331791659144
16.457286432160803 262.6691710543133
16.582914572864322 258.4840876064549
16.70854271356784 254.2986236590276
16.834170854271356 250.11333416695663
16.959798994974875 245.92877289719155
17.08542713567839 241.74549227692046
17.21105527638191 237.56404334679482
17.33668341708543 233.3849756553903
17.462311557788944 229.20883717017662
17.587939698492463 225.03617418307033
17.71356783919598 220.8675312483271
17.839195979899497 216.7034510483124
17.964824120603016 212.54447432413247
18.09045226130653 208.39113982128066
18.21608040201005 204.2439841416964
18.34170854271357 200.10354170881445
18.467336683417084 195.97034464147586
18.592964824120603 191.84492270309244
18.718592964824122 187.72780318248633
18.844221105527637 183.61951083869963
18.969849246231156 179.52056779698836
19.09547738693467 175.43149345997736
19.22110552763819 171.35280446200298
19.34673366834171 167.28501454082868
19.472361809045225 163.22863446652207
19.597989949748744 159.18417198028578
19.723618090452263 155.1521317125003
19.849246231155778 151.13301507035303
19.974874371859297 147.12732018352128
20.100502512562816 143.1355418302751
20.22613065326633 139.15817134676763
20.35175879396985 135.19569654945033
20.477386934673365 131.24860166266166
20.603015075376884 127.31736725117291
20.728643216080403 123.40247013058386
20.85427135678392 119.50438329813636
20.979899497487438 115.62357586524305
21.105527638190956 111.7605129704314
21.231155778894472 107.91565572799709
21.35678391959799 104.08946114224257
21.482412060301506 100.28238203634456
21.608040201005025 96.49486699207986
21.733668341708544 92.72736028211202
21.85929648241206 88.9803017843481
21.984924623115578 85.25412694094939
22.110552763819097 81.54926667388474
22.236180904522612 77.86614732164729
22.36180904522613 74.20519058869209
22.487437185929647 70.56681346957487
22.613065326633166 66.95142818873586
22.738693467336685 63.359442142207655
22.8643216080402 59.79125783631838
22.98994974874372 56.24727283288768
23.115577889447238 52.72787967950684
23.241206030150753 49.23346586384957
23.366834170854272 45.76441375367598
23.492462311557787 42.32110054153939
23.618090452261306 38.90389818701906
23.743718592964825 35.51317337008049
23.86934673366834 32.1492874345419
23.99497487437186 28.812596338275583
24.12060301507538 25.50345060325892
24.246231155778894 22.222195268963812
24.371859296482413 18.969169838089687
24.497487437185928 15.744708237119962
24.623115577889447 12.549138767001892
24.748743718592966 9.382784058488273
24.87437185929648 6.245961029591578
25 3.1389808432825332
