0.033751866840384566 0.033751866840384566
0 117045014.63285191
0.12562814070351758 117041494.15527159
0.25125628140703515 117030897.87116128
0.3768844221105528 117013238.80054991
0.5025125628140703 116988519.17099698
0.628140703517588 116956741.99410954
0.7537688442211056 116917911.21925633
0.8793969849246231 116872031.586014
1.0050251256281406 116819108.4787768
1.1306532663316582 116759148.10150717
1.256281407035176 116692157.4267769
1.3819095477386936 116618143.73670363
1.5075376884422111 116537115.25868875
1.6331658291457287 116449080.38738263
1.7587939698492463 116354047.8388465
1.8844221105527639 116252026.69668503
2.0100502512562812 116143026.14500983
2.135678391959799 116027055.38196021
2.2613065326633164 115904123.26866487
2.386934673366834 115774238.83300555
2.512562814070352 115637410.03947416
2.6381909547738696 115493645.05136813
2.763819095477387 115342950.70372716
2.8894472361809047 115185333.33889674
3.0150753768844223 115020798.37254508
3.14070351758794 114849350.14419729
3.2663316582914574 114670991.95272823
3.391959798994975 114485725.63944405
3.5175879396984926 114293552.23174709
3.64321608040201 114094471.42267215
3.7688442211055277 113888481.33890952
3.8944723618090453 113675579.70832936
4.0201005025125625 113455762.07881624
4.1457286432160805 113229023.81694847
4.271356783919598 112995359.09630823
4.396984924623116 112754761.57653788
4.522613065326633 112507223.53648792
4.648241206030151 112252737.44176304
4.773869346733668 111991295.49044377
4.899497487437186 111722889.5140208
5.025125628140704 111447511.5076219
5.150753768844221 111165153.52841502
5.276381909547739 110875808.5663482
5.402010050251256 110579469.59542434
5.527638190954774 110276130.81734453
5.653266331658291 109965787.15520303
5.778894472361809 109648433.9313379
5.9045226130653266 109324068.46150525
6.030150753768845 108992688.52800064
6.155778894472362 108654293.31018674
6.28140703517588 108308882.76593871
6.407035175879397 107956458.25604725
6.532663316582915 107597022.54356104
6.658291457286432 107230578.91322422
6.78391959798995 106857131.8697381
6.909547738693467 106476686.91202952
7.035175879396985 106089250.40158132
7.160804020100502 105694829.59612858
7.28643216080402 105293432.52538797
7.4120603015075375 104885067.6193246
7.5376884422110555 104469743.99127118
7.663316582914573 104047471.78618087
7.788944723618091 103618261.19317265
7.914572864321608 103182123.2022959
8.040201005025125 102739069.03860033
8.165829145728644 102289110.89885014
8.291457286432161 101832260.6878915
8.417085427135678 101368531.73852098
8.542713567839195 100897937.16698661
8.668341708542714 100420490.93750492
8.793969849246231 99936207.58921097
8.919597989949748 99445102.16541918
9.045226130653266 98947190.12972167
9.170854271356784 98442488.0587311
9.296482412060302 97931012.80687585
9.422110552763819 97412781.75319368
9.547738693467336 96887813.18217318
9.673366834170855 96356126.38036413
9.798994974874372 95817740.50372347
9.924623115577889 95272676.20687896
10.050251256281408 94720954.53298056
10.175879396984925 94162597.2721285
10.301507537688442 93597627.03049915
10.42713567839196 93026067.38510218
10.552763819095478 92447942.3695213
10.678391959798995 91863277.2900055
10.804020100502512 91272098.30921507
10.92964824120603 90674432.34983154
11.055276381909549 90070307.78767425
11.180904522613066 89459753.93396592
11.306532663316583 88842801.40215194
11.4321608040201 88219482.21012266
11.557788944723619 87589829.66873269
11.683417085427136 86953878.83600546
11.809045226130653 86311666.16786748
11.93467336683417 85663230.07043496
12.06030150753769 85008610.56326438
12.185929648241206 84347849.45007719
12.311557788944723 83680990.59899256
12.43718592964824 83008079.7583152
12.56281407035176 82329164.50523628
12.688442211055277 81644294.41698863
12.814070351758794 80953521.14231758
12.93969849246231 80256897.84237091
13.06532663316583 79554479.81917836
13.190954773869347 78846324.00744346
13.316582914572864 78132489.00168833
13.442211055276381 77413035.03589664
13.5678391959799 76688023.831651
13.693467336683417 75957518.67866386
13.819095477386934 75221584.10456486
13.944723618090451 74480286.11424296
14.07035175879397 73733691.89573768
14.195979899497488 72981870.08186142
14.321608040201005 72224890.49769437
14.447236180904522 71462824.3710149
14.57286432160804 70695744.27092761
14.698492462311558 69923724.24959935
14.824120603015075 69146839.88646507
14.949748743718592 68365168.37751406
15.075376884422111 67578788.60902846
15.201005025125628 66787781.37963948
15.326633165829145 65992229.226454794
15.452261306532664 65192216.81392938
15.577889447236181 64387830.787017025
15.703517587939698 63579159.855074205
15.829145728643216 62766294.77417378
15.954773869346734 61949328.44456885
16.08040201005025 61128355.786507964
16.20603015075377 60303473.65233143
16.331658291457288 59474780.90762403
16.457286432160803 58642378.18811237
16.582914572864322 57806367.82741027
16.70854271356784 56966853.91355291
16.834170854271356 56123942.06351233
16.959798994974875 55277739.3627207
17.08542713567839 54428354.51202317
17.21105527638191 53575897.68806645
17.33668341708543 52720480.49005229
17.462311557788944 51862216.215853766
17.587939698492463 51001219.915861145
17.71356783919598 50137608.430642165
17.839195979899497 49271500.68947804
17.964824120603016 48403017.85134636
18.09045226130653 47532283.57188348
18.21608040201005 46659424.22275934
18.34170854271357 45784569.010905385
18.467336683417084 44907850.31939174
18.592964824120603 44029403.86550396
18.718592964824122 43149368.72858215
18.844221105527637 42267887.575405166
18.969849246231156 41385106.619289815
19.09547738693467 40501175.631183445
19.22110552763819 39616247.861685805
19.34673366834171 38730479.87997721
19.472361809045225 37844031.41994481
19.597989949748744 36957065.08018324
19.723618090452263 36069746.08487506
19.849246231155778 35182241.827100486
19.974874371859297 34294721.694579236
20.100502512562816 33407356.58509599
20.22613065326633 32520318.523662727
20.35175879396985 31633780.400105584
20.477386934673365 30747915.45836069
20.603015075376884 29862897.237644915
20.728643216080403 28978899.00304338
20.85427135678392 28096093.827974044
20.979899497487438 27214654.195742745
21.105527638190956 26334751.97080077
21.231155778894472 25456558.40070607
21.35678391959799 24580243.983843133
21.482412060301506 23705978.62287023
21.608040201005025 22833931.657196525
21.733668341708544 21964271.964904226
21.85929648241206 21097168.211306665
21.984924623115578 20232788.91909803
22.110552763819097 19371302.703541514
22.236180904522612 18512878.466360576
22.36180904522613 17657685.581427697
22.487437185929647 16805894.05266919
22.613065326633166 15957674.682211924
22.738693467336685 15113199.204329658
22.8643216080402 14272640.366656693
22.98994974874372 13436172.035706723
23.115577889447238 12603969.206398297
23.241206030150753 11776207.986914687
23.366834170854272 10953065.629055914
23.492462311557787 10134720.411837744
23.618090452261306 9321351.538789418
23.743718592964825 8513139.071065564
23.86934673366834 7710263.735487093
23.99497487437186 6912906.776425975
24.12060301507538 6121249.791643999
24.246231155778894 5335474.514456775
24.371859296482413 4555762.611502906
24.497487437185928 3782295.497706812
24.623115577889447 3015254.129527972
24.748743718592966 2254818.766334256
24.87437185929648 1501168.8013144147
25 754482.5346746127
