0.009438198784409744 0.009438198784409744
0 876442140.5043817
0.12562814070351758 876383425.4333215
0.25125628140703515 876324338.0069232
0.3768844221105528 876225884.7708706
0.5025125628140703 876087860.581612
0.628140703517588 875910036.6784552
0.7537688442211056 875692128.3994935
0.8793969849246231 875433790.6384445
1.0050251256281406 875134616.8092697
1.1306532663316582 874794138.6241956
1.256281407035176 874411826.1112976
1.3819095477386936 873987087.7801576
1.5075376884422111 873519270.8332863
1.6331658291457287 873007661.4387293
1.7587939698492463 872451485.0421708
1.8844221105527639 871849906.7335691
2.0100502512562812 871202031.6511129
2.135678391959799 870506905.4434006
2.2613065326633164 869763514.7813741
2.386934673366834 868970787.9118584
2.512562814070352 868127595.2933991
2.6381909547738696 867232750.276946
2.763819095477387 866285009.8682572
2.8894472361809047 865283075.5463109
3.0150753768844223 864225594.172622
3.14070351758794 863111158.9848359
3.2663316582914574 861938310.6565816
3.391959798994975 860705538.4725807
3.5175879396984926 859411281.5895891
3.64321608040201 858053930.4073136
3.7688442211055277 856631828.0337865
3.8944723618090453 855143271.88298
4.0201005025125625 853586515.3754418
4.1457286432160805 851959769.7751877
4.271356783919598 850261206.1543826
4.396984924623116 848488957.4819686
4.522613065326633 846641120.878137
4.648241206030151 844715759.9800756
4.773869346733668 842710907.492423
4.899497487437186 840624567.8698812
5.025125628140704 838454720.1684108
5.150753768844221 836199321.0551085
5.276381909547739 833856307.9941729
5.402010050251256 831423602.5917743
5.527638190954774 828899114.1185207
5.653266331658291 826280743.2187997
5.778894472361809 823566385.7725874
5.9045226130653266 820753936.9609537
6.030150753768845 817841295.4927577
6.155778894472362 814826368.0318505
6.28140703517588 811707073.7738305
6.407035175879397 808481349.2406799
6.532663316582915 805147153.2034414
6.658291457286432 801702471.8379658
6.78391959798995 798145323.9911801
6.909547738693467 794473766.6696638
7.035175879396985 790685900.6498178
7.160804020100502 786779876.2762872
7.28643216080402 782753899.3916067
7.4120603015075375 778606237.4254211
7.5376884422110555 774335225.6059484
7.663316582914573 769939273.3144714
7.788944723618091 765416870.5438036
7.914572864321608 760766594.4771986
8.040201005025125 755987116.142069
8.165829145728644 751077207.1527568
8.291457286432161 746035746.5342648
8.417085427135678 740861727.5762734
8.542713567839195 735554264.6854937
8.668341708542714 730112600.3316765
8.793969849246231 724536111.9502596
8.919597989949748 718824318.6806009
9.045226130653266 712976888.335967
9.170854271356784 706993644.0370425
9.296482412060302 700874570.678671
9.422110552763819 694619821.79324
9.547738693467336 688229725.3147228
9.673366834170855 681704790.1624762
9.798994974874372 675045711.8253841
9.924623115577889 668253378.024783
10.050251256281408 661328874.0839311
10.175879396984925 654273487.8342637
10.301507537688442 647088714.2148072
10.42713567839196 639776259.4794776
10.552763819095478 632338045.0485945
10.678391959798995 624776210.5478065
10.804020100502512 617093116.8906333
10.92964824120603 609291348.3353959
11.055276381909549 601373714.0149049
11.180904522613066 593343249.425876
11.306532663316583 585203216.2536596
11.4321608040201 576957102.5946636
11.557788944723619 568608621.7867122
11.683417085427136 560161710.7034332
11.809045226130653 551620527.5060571
11.93467336683417 542989448.325847
12.06030150753769 534273063.36458933
12.185929648241206 525476172.19735706
12.311557788944723 516603778.18410116
12.43718592964824 507661082.13647413
12.56281407035176 498653475.1868918
12.688442211055277 489586530.82100505
12.814070351758794 480465996.11411226
12.93969849246231 471297782.18293464
13.06532663316583 462087953.86726326
13.190954773869347 452842718.64234346
13.316582914572864 443568414.8071749
13.442211055276381 434271498.96493673
13.5678391959799 424958532.83372295
13.693467336683417 415636169.4295474
13.819095477386934 406311138.6545557
13.944723618090451 396990232.34505504
14.07035175879397 387680288.8314994
14.195979899497488 378388177.0637516
14.321608040201005 369120780.3634102
14.447236180904522 359884979.87105167
14.57286432160804 350687637.7511173
14.698492462311558 341535580.23165405
14.824120603015075 332435580.5516095
14.949748743718592 323394341.8932371
15.075376884422111 314418480.38017184
15.201005025125628 305514508.22084904
15.326633165829145 296688817.0828602
15.452261306532664 287947661.7747911
15.577889447236181 279297144.3234379
15.703517587939698 270743198.522709
15.829145728643216 262291575.0335881
15.954773869346734 253947827.11139596
16.08040201005025 245717297.0323283
16.20603015075377 237605103.28186387
16.331658291457288 229616128.57553223
16.457286432160803 221755008.76139605
16.582914572864322 214026122.65875316
16.70854271356784 206433582.8732951
16.834170854271356 198981227.63206574
16.959798994974875 191672613.66133836
17.08542713567839 184511010.1387
17.21105527638191 177499393.72775155
17.33668341708543 170640444.71406564
17.462311557788944 163936544.23820746
17.587939698492463 157389772.62838092
17.71356783919598 151001908.82035014
17.839195979899497 144774430.85086152
17.964824120603016 138708517.40359783
18.09045226130653 132805050.38154995
18.21608040201005 127064618.47467728
18.34170854271357 121487521.68631572
18.467336683417084 116073776.77852564
18.592964824120603 110823123.59044118
18.718592964824122 105735032.1814643
18.844221105527637 100808710.74599369
18.969849246231156 96043114.24477044
19.09547738693467 91436953.69260007
19.22110552763819 86988706.04313281
19.34673366834171 82696624.60286626
19.472361809045225 78558749.91580226
19.597989949748744 74572921.04466267
19.723618090452263 70736787.18747246
19.849246231155778 67047819.55731868
19.974874371859297 63503323.46074364
20.100502512562816 60100450.506278016
20.22613065326633 56836210.877843656
20.35175879396985 53707485.60923121
20.477386934673365 50711038.79645608
20.603015075376884 47843529.68974964
20.728643216080403 45101524.60749539
20.85427135678392 42481508.61859292
20.979899497487438 39979896.94340311
21.105527638190956 37593046.02690843
21.231155778894472 35317264.24157818
21.35678391959799 33148822.181968227
21.482412060301506 31083962.51714272
21.608040201005025 29118909.371301576
21.733668341708544 27249877.207903847
21.85929648241206 25473079.196301684
21.984924623115578 23784735.044896573
22.110552763819097 22181078.288711928
22.236180904522612 20658363.02386118
22.36180904522613 19212870.085423063
22.487437185929647 17840912.66818915
22.613065326633166 16538841.395734804
22.738693467336685 15303048.84381301
22.8643216080402 14129973.530107215
22.98994974874372 13016103.38367616
23.115577889447238 11957978.711474815
23.241206030150753 10952194.680540474
23.366834170854272 9995403.338756476
23.492462311557787 9084315.19758357
23.618090452261306 8215700.402557085
23.743718592964825 7386389.519677045
23.86934673366834 6593273.966147528
23.99497487437186 5833306.116399469
24.12060301507538 5103499.113856816
24.246231155778894 4400926.421375687
24.371859296482413 3722721.1423279163
24.497487437185928 3066075.1459632614
24.623115577889447 2428238.0301343757
24.748743718592966 1806515.9547993012
24.87437185929648 1198270.3797510741
25 600916.7395546363
