0.3913319062101735 0.3913319062101735
0 1132.7228051784682
0.12562814070351758 1132.5837229603378
0.25125628140703515 1132.4439606950496
0.3768844221105528 1132.2113553403253
0.5025125628140703 1131.8858258640764
0.628140703517588 1131.4673970835306
0.7537688442211056 1130.9561230035752
0.8793969849246231 1130.352075785053
1.0050251256281406 1129.6553428964019
1.1306532663316582 1128.8660262509752
1.256281407035176 1127.9842417905656
1.3819095477386936 1127.0101192856227
1.5075376884422111 1125.9438022429874
1.6331658291457287 1124.7854478235113
1.7587939698492463 1123.535226819209
1.8844221105527639 1122.1933235666247
2.0100502512562812 1120.7599359072024
2.135678391959799 1119.2352751776157
2.2613065326633164 1117.6195661709644
2.386934673366834 1115.913047038644
2.512562814070352 1114.1159693068546
2.6381909547738696 1112.2285978048085
2.763819095477387 1110.2512106188494
2.8894472361809047 1108.1840990305516
3.0150753768844223 1106.027567481591
3.14070351758794 1103.7819335363265
3.2663316582914574 1101.4475277832553
3.391959798994975 1099.0246938216287
3.5175879396984926 1096.5137881432383
3.64321608040201 1093.915180158379
3.7688442211055277 1091.2292520133392
3.8944723618090453 1088.4563986555186
4.0201005025125625 1085.5970276313255
4.1457286432160805 1082.6515591311738
4.271356783919598 1079.6204258266055
4.396984924623116 1076.5040728521992
4.522613065326633 1073.3029577255602
4.648241206030151 1070.017550205739
4.773869346733668 1066.6483322839424
4.899497487437186 1063.1957980514908
5.025125628140704 1059.6604536712202
5.150753768844221 1056.0428171826138
5.276381909547739 1052.3434185423127
5.402010050251256 1048.5627994406784
5.527638190954774 1044.701513219915
5.653266331658291 1040.760124790829
5.778894472361809 1036.739210576376
5.9045226130653266 1032.6393583362167
6.030150753768845 1028.4611670777374
6.155778894472362 1024.2052469949067
6.28140703517588 1019.8722193467306
6.407035175879397 1015.4627163116788
6.532663316582915 1010.9773809359222
6.658291457286432 1006.4168669553046
6.78391959798995 1001.7818387475579
6.909547738693467 997.0729711653183
7.035175879396985 992.2909494481111
7.160804020100502 987.4364690890575
7.28643216080402 982.5102357209191
7.4120603015075375 977.5129649790445
7.5376884422110555 972.4453824061509
7.663316582914573 967.3082232971436
7.788944723618091 962.102232578394
7.914572864321608 956.8281646924952
8.040201005025125 951.4867834526339
8.165829145728644 946.0788619021664
8.291457286432161 940.6051822094869
8.417085427135678 935.0665355027506
8.542713567839195 929.4637217471108
8.668341708542714 923.7975496060934
8.793969849246231 918.0688363014264
8.919597989949748 912.2784074500172
9.045226130653266 906.4270969583982
9.170854271356784 900.5157468500844
9.296482412060302 894.5452071286113
9.422110552763819 888.5163356323471
9.547738693467336 882.4299978809981
9.673366834170855 876.2870669285696
9.798994974874372 870.0884232152029
9.924623115577889 863.834954418485
10.050251256281408 857.5275552734798
10.175879396984925 851.1671274658399
10.301507537688442 844.7545794284865
10.42713567839196 838.2908262093795
10.552763819095478 831.7767893101593
10.678391959798995 825.2133965439916
10.804020100502512 818.6015818410848
10.92964824120603 811.942285104049
11.055276381909549 805.2364520620534
11.180904522613066 798.4850340859425
11.306532663316583 791.6889880320357
11.4321608040201 784.8492760907247
11.557788944723619 777.9668656048526
11.683417085427136 771.0427289010091
11.809045226130653 764.0778431416567
11.93467336683417 757.0731901396359
12.06030150753769 750.0297562074525
12.185929648241206 742.9485319774935
12.311557788944723 735.8305122272205
12.43718592964824 728.6766957202356
12.56281407035176 721.4880850384609
12.688442211055277 714.2656863921547
12.814070351758794 707.0105094818109
12.93969849246231 699.7235672785773
13.06532663316583 692.4058759083338
13.190954773869347 685.0584544255057
13.316582914572864 677.6823246678846
13.442211055276381 670.2785111049911
13.5678391959799 662.8480405982232
13.693467336683417 655.3919422940844
13.819095477386934 647.9112474222067
13.944723618090451 640.4069891010265
14.07035175879397 632.8802022101443
14.195979899497488 625.3319231746086
14.321608040201005 617.7631898009904
14.447236180904522 610.1750411064753
14.57286432160804 602.5685171555373
14.698492462311558 594.9446588519589
14.824120603015075 587.3045077906662
14.949748743718592 579.6491060939161
15.075376884422111 571.9794961893853
15.201005025125628 564.2967206754806
15.326633165829145 556.6018221437965
15.452261306532664 548.8958429852485
15.577889447236181 541.1798252261646
15.703517587939698 533.4548103645391
15.829145728643216 525.7218391758985
15.954773869346734 517.9819515566369
16.08040201005025 510.2361863441349
16.20603015075377 502.4855811378337
16.331658291457288 494.73117213762583
16.457286432160803 486.9739939757419
16.582914572864322 479.2150795293137
16.70854271356784 471.4554597590344
16.834170854271356 463.6961635368153
16.959798994974875 455.9382174846791
17.08542713567839 448.18264579117215
17.21105527638191 440.43047004711025
17.33668341708543 432.6827090920283
17.462311557788944 424.94037882101827
17.587939698492463 417.2044920469184
17.71356783919598 409.476058308053
17.839195979899497 401.75608371757244
17.964824120603016 394.0455708091982
18.09045226130653 386.3455183478203
18.21608040201005 378.6569211852266
18.34170854271357 370.98077009891836
18.467336683417084 363.31805162099823
18.592964824120603 355.6697478909697
18.718592964824122 348.0368364842104
18.844221105527637 340.4202902683624
18.969849246231156 332.8210772319001
19.09547738693467 325.2401603438845
19.22110552763819 317.67849737906215
19.34673366834171 310.1370407892632
19.472361809045225 302.6167375358805
19.597989949748744 295.1185289354977
19.723618090452263 287.6433505258159
19.849246231155778 280.1921319035682
19.974874371859297 272.76579657543755
20.100502512562816 265.36526182892646
20.22613065326633 257.9914385674368
20.35175879396985 250.64523118772706
20.477386934673365 243.327537413909
20.603015075376884 236.03924818017387
20.728643216080403 228.78124747271056
20.85427135678392 221.55441220527786
20.979899497487438 214.35961207721797
21.105527638190956 207.19770944121308
21.231155778894472 200.06955916413622
21.35678391959799 192.9760085042115
21.482412060301506 185.91789697496768
21.608040201005025 178.89605621767228
21.733668341708544 171.91130987476487
21.85929648241206 164.9644734673689
21.984924623115578 158.0563542666158
22.110552763819097 151.18775117327783
22.236180904522612 144.35945460262653
22.36180904522613 137.57224635901264
22.487437185929647 130.82689951967728
22.613065326633166 124.12417832554947
22.738693467336685 117.46483806184034
22.8643216080402 110.8496249506729
22.98994974874372 104.27927603656777
23.115577889447238 97.75451908427934
23.241206030150753 91.27607246872704
23.366834170854272 84.84464507287055
23.492462311557787 78.46093618375878
23.618090452261306 72.12563539444379
23.743718592964825 65.83942250172494
23.86934673366834 59.60296741487874
23.99497487437186 53.416930056151855
24.12060301507538 47.281960271339464
24.246231155778894 41.19869773684064
24.371859296482413 35.16777187264668
24.497487437185928 29.189801755370006
24.623115577889447 23.265396032998854
24.748743718592966 17.395152842577843
24.87437185929648 11.579659730149316
25 5.819493571112578
