0.01699450464617486 0.01699450464617486
0 332510007.3860752
0.12562814070351758 332499309.8737974
0.25125628140703515 332467108.1884137
0.3768844221105528 332413430.9528833
0.5025125628140703 332338266.7817607
0.628140703517588 332241599.72139424
0.7537688442211056 332123409.328858
0.8793969849246231 331983670.74151945
1.0050251256281406 331822354.73544115
1.1306532663316582 331639427.8259702
1.256281407035176 331434852.3456932
1.3819095477386936 331208586.56429845
1.5075376884422111 330960584.7953859
1.6331658291457287 330690797.52709955
1.7587939698492463 330399171.55881655
1.8844221105527639 330085650.15001315
2.0100502512562812 329750173.164776
2.135678391959799 329392677.24294895
2.2613065326633164 329013095.9684519
2.386934673366834 328611360.0316519
2.512562814070352 328187397.42793036
2.6381909547738696 327741133.62394416
2.763819095477387 327272491.75841874
2.8894472361809047 326781392.83386487
3.0150753768844223 326267755.90527236
3.14070351758794 325731498.27980316
3.2663316582914574 325172535.7207152
3.391959798994975 324590782.6380538
3.5175879396984926 323986152.29462284
3.64321608040201 323358557.00643474
3.7688442211055277 322707908.35254353
3.8944723618090453 322034117.35952556
4.0201005025125625 321337094.7206483
4.1457286432160805 320616750.9956714
4.271356783919598 319872996.8118922
4.396984924623116 319105743.0719279
4.522613065326633 318314901.16364133
4.648241206030151 317500383.17589235
4.773869346733668 316662102.0921709
4.899497487437186 315799972.0414106
5.025125628140704 314913908.48368716
5.150753768844221 314003828.46488404
5.276381909547739 313069650.835232
5.402010050251256 312111296.49420935
5.527638190954774 311128688.6321076
5.653266331658291 310121752.9859898
5.778894472361809 309090418.10405904
5.9045226130653266 308034615.61099243
6.030150753768845 306954280.4767517
6.155778894472362 305849351.3215184
6.28140703517588 304719770.6935503
6.407035175879397 303565485.3790899
6.532663316582915 302386446.6986768
6.658291457286432 301182610.8447373
6.78391959798995 299953939.178206
6.909547738693467 298700398.5692033
7.035175879396985 297421961.7251371
7.160804020100502 296118607.5310737
7.28643216080402 294790321.37953955
7.4120603015075375 293437095.5104594
7.5376884422110555 292058929.34646803
7.663316582914573 290655829.8559847
7.788944723618091 289227811.85346437
7.914572864321608 287774898.3670246
8.040201005025125 286297120.9363216
8.165829145728644 284794519.9752722
8.291457286432161 283267145.05931497
8.417085427135678 281715055.26112664
8.542713567839195 280138319.44183844
8.668341708542714 278537016.55221236
8.793969849246231 276911235.9365625
8.919597989949748 275261077.57969314
9.045226130653266 273586652.39883506
9.170854271356784 271888082.4933158
9.296482412060302 270165501.3907966
9.422110552763819 268419054.26189172
9.547738693467336 266648898.1664408
9.673366834170855 264855202.22957674
9.798994974874372 263038147.85138604
9.924623115577889 261197928.86212116
10.050251256281408 259334751.69635066
10.175879396984925 257448835.53296533
10.301507537688442 255540412.40808368
10.42713567839196 253609727.33493763
10.552763819095478 251657038.39603508
10.678391959798995 249682616.8030238
10.804020100502512 247686746.9707919
10.92964824120603 245669726.53240678
11.055276381909549 243631866.37620386
11.180904522613066 241573490.6310665
11.306532663316583 239494936.64983332
11.4321608040201 237396554.97026795
11.557788944723619 235278709.25077578
11.683417085427136 233141776.19611314
11.809045226130653 230986145.45387086
11.93467336683417 228812219.49789953
12.06030150753769 226620413.484786
12.185929648241206 224411155.1001725
12.311557788944723 222184884.37583593
12.43718592964824 219942053.49241376
12.56281407035176 217683126.5610634
12.688442211055277 215408579.38394836
12.814070351758794 213118899.19847715
12.93969849246231 210814584.39582244
13.06532663316583 208496144.2296463
13.190954773869347 206164098.49246743
13.316582914572864 203818977.18390763
13.442211055276381 201461320.15326926
13.5678391959799 199091676.7256905
13.693467336683417 196710605.30196992
13.819095477386934 194318672.95140368
13.944723618090451 191916454.96917367
14.07035175879397 189504534.4310663
14.195979899497488 187083501.71002162
14.321608040201005 184653953.99245477
14.447236180904522 182216494.76085472
14.57286432160804 179771733.26095733
14.698492462311558 177320283.9551032
14.824120603015075 174862765.9491068
14.949748743718592 172399802.40994766
15.075376884422111 169932019.95345873
15.201005025125628 167460048.02947348
15.326633165829145 164984518.2795872
15.452261306532664 162506063.8832093
15.577889447236181 160025318.88992596
15.703517587939698 157542917.5355319
15.829145728643216 155059493.5496059
15.954773869346734 152575679.4451407
16.08040201005025 150092105.8055212
16.20603015075377 147609400.5539205
16.331658291457288 145128188.22397217
16.457286432160803 142649089.21815687
16.582914572864322 140172719.06436163
16.70854271356784 137699687.67053756
16.834170854271356 135230598.57863256
16.959798994974875 132766048.22097328
17.08542713567839 130306625.18010594
17.21105527638191 127852909.45835282
17.33668341708543 125405471.7549194
17.462311557788944 122964872.75891884
17.587939698492463 120531662.45465484
17.71356783919598 118106379.4501077
17.839195979899497 115689550.32858084
17.964824120603016 113281689.02299058
18.09045226130653 110883296.22118331
18.21608040201005 108494858.80511966
18.34170854271357 106116849.32383944
18.467336683417084 103749725.50246426
18.592964824120603 101393929.79440004
18.718592964824122 99049888.97490692
18.844221105527637 96718013.77367163
18.969849246231156 94398698.56214032
19.09547738693467 92092321.07265334
19.22110552763819 89799242.17274173
19.34673366834171 87519805.6848439
19.472361809045225 85254338.24286832
19.597989949748744 83003149.2012789
19.723618090452263 80766530.5821957
19.849246231155778 78544757.06551878
19.974874371859297 76338086.01907215
20.100502512562816 74146757.56746478
20.22613065326633 71970994.69552879
20.35175879396985 69811003.39038496
20.477386934673365 67666972.81418686
20.603015075376884 65539075.51066984
20.728643216080403 63427467.642227516
20.85427135678392 61332289.25658765
20.979899497487438 59253664.58316177
21.105527638190956 57191702.35706505
21.231155778894472 55146496.171296686
21.35678391959799 53118124.85593273
21.482412060301506 51106652.88594093
21.608040201005025 49112130.81330647
21.733668341708544 47134595.72978493
21.85929648241206 45174071.75513901
21.984924623115578 43230570.551675715
22.110552763819097 41304091.86882238
22.236180904522612 39394624.11261226
22.36180904522613 37502144.94339447
22.487437185929647 35626621.90095889
22.613065326633166 33768013.05517382
22.738693467336685 31926267.682190713
22.8643216080402 30101326.967828088
22.98994974874372 28293124.733097304
23.115577889447238 26501588.18336359
23.241206030150753 24726638.679003824
23.366834170854272 22968192.525369484
23.492462311557787 21226161.782426294
23.618090452261306 19500455.08800792
23.743718592964825 17790978.496900138
23.86934673366834 16097636.33021354
23.99497487437186 14420332.034988247
24.12060301507538 12758969.04847594
24.246231155778894 11113451.66786509
24.371859296482413 9483685.919807324
24.497487437185928 7869580.428133312
24.623115577889447 6271047.277232607
24.748743718592966 4688002.8669346785
24.87437185929648 3120368.7570811715
25 1568072.4981842707
