0.013300983796570525 0.013300983796570525
0 489265162.15287477
0.12562814070351758 489250075.7470649
0.25125628140703515 489204659.1022022
0.3768844221105528 489128939.7318151
0.5025125628140703 489022880.54458165
0.628140703517588 488886429.6127998
0.7537688442211056 488719520.30355626
0.8793969849246231 488522071.37117386
1.0050251256281406 488293987.0911305
1.1306532663316582 488035157.4038257
1.256281407035176 487745458.07725334
1.3819095477386936 487424750.89890015
1.5075376884422111 487072883.87700224
1.6331658291457287 486689691.4734815
1.7587939698492463 486274994.85335076
1.8844221105527639 485828602.14352965
2.0100502512562812 485350308.72567236
2.135678391959799 484839897.5422921
2.2613065326633164 484297139.4123671
2.386934673366834 483721793.37305343
2.512562814070352 483113607.0419247
2.6381909547738696 482472316.98431015
2.763819095477387 481797649.1069252
2.8894472361809047 481089319.06579417
3.0150753768844223 480347032.68214715
3.14070351758794 479570486.38730323
3.2663316582914574 478759367.67492646
3.391959798994975 477913355.5648566
3.5175879396984926 477032121.09916556
3.64321608040201 476115327.84004176
3.7688442211055277 475162632.3860507
3.8944723618090453 474173684.91288435
4.0201005025125625 473148129.73052585
4.1457286432160805 472085605.8519878
4.271356783919598 470985747.59677124
4.396984924623116 469848185.19327796
4.522613065326633 468672545.428743
4.648241206030151 467458452.3059065
4.773869346733668 466205527.7240324
4.899497487437186 464913392.1943761
5.025125628140704 463581665.57648486
5.150753768844221 462209967.84294415
5.276381909547739 460797919.8685262
5.402010050251256 459345144.25670934
5.527638190954774 457851266.189867
5.653266331658291 456315914.3071425
5.778894472361809 454738721.61595684
5.9045226130653266 453119326.42851907
6.030150753768845 451457373.3307904
6.155778894472362 449752514.1773109
6.28140703517588 448004409.10851246
6.407035175879397 446212727.5939519
6.532663316582915 444377149.50344676
6.658291457286432 442497366.1863227
6.78391959798995 440573081.57984227
6.909547738693467 438604013.32069963
7.035175879396985 436589893.8888606
7.160804020100502 434530471.72921026
7.28643216080402 432425512.40872645
7.4120603015075375 430274799.76040864
7.5376884422110555 428078137.029637
7.663316582914573 425835348.02156824
7.788944723618091 423546278.23861825
7.914572864321608 421210796.0092341
8.040201005025125 418828793.6094684
8.165829145728644 416400188.36506796
8.291457286432161 413924923.7461004
8.417085427135678 411402970.4353712
8.542713567839195 408834327.3786427
8.668341708542714 406219022.8230387
8.793969849246231 403557115.3163081
8.919597989949748 400848694.6954708
9.045226130653266 398093883.03575915
9.170854271356784 395292835.58224916
9.296482412060302 392445741.6392213
9.422110552763819 389552825.43903184
9.547738693467336 386614346.9596316
9.673366834170855 383630602.7171082
9.798994974874372 380601926.52072585
9.924623115577889 377528690.1750911
10.050251256281408 374411304.13914394
10.175879396984925 371250218.149663
10.301507537688442 368045921.78770626
10.42713567839196 364798944.9818827
10.552763819095478 361509858.4816554
10.678391959798995 358179274.24796766
10.804020100502512 354807845.7969841
10.92964824120603 351396268.4704526
11.055276381909549 347945279.6476843
11.180904522613066 344455658.88428557
11.306532663316583 340928227.9670311
11.4321608040201 337363850.9110273
11.557788944723619 333763433.86348283
11.683417085427136 330127924.9291547
11.809045226130653 326458313.91444474
11.93467336683417 322755631.9833828
12.06030150753769 319020951.2230452
12.185929648241206 315255384.1206735
12.311557788944723 311460082.9488543
12.43718592964824 307636239.05581975
12.56281407035176 303785082.06253743
12.688442211055277 299907878.9649212
12.814070351758794 296005933.1416971
12.93969849246231 292080583.2658622
13.06532663316583 288133202.1256186
13.190954773869347 284165195.3483936
13.316582914572864 280178000.0353512
13.442211055276381 276173083.3092362
13.5678391959799 272151940.7672994
13.693467336683417 268116094.86074728
13.819095477386934 264067093.17900965
13.944723618090451 260006506.6690808
14.07035175879397 255935927.76635897
14.195979899497488 251856968.46468806
14.321608040201005 247771258.31124178
14.447236180904522 243680442.3412909
14.57286432160804 239586178.95293012
14.698492462311558 235490137.72626483
14.824120603015075 231393997.19353914
14.949748743718592 227299442.55972102
15.075376884422111 223208163.3876661
15.201005025125628 219121851.2407966
15.326633165829145 215042197.29791266
15.452261306532664 210970889.93894228
15.577889447236181 206909612.3072132
15.703517587939698 202860039.85373795
15.829145728643216 198823837.865924
15.954773869346734 194802658.98560718
16.08040201005025 190798140.7193338
16.20603015075377 186811902.9453339
16.331658291457288 182845545.4194507
16.457286432160803 178900645.2842459
16.582914572864322 174978754.58632582
16.70854271356784 171081397.8013652
16.834170854271356 167210069.3771028
16.959798994974875 163366231.2934327
17.08542713567839 159551310.65004036
17.21105527638191 155766697.2822773
17.33668341708543 152013741.41740876
17.462311557788944 148293751.37413728
17.587939698492463 144607991.31743535
17.71356783919598 140957679.07555708
17.839195979899497 137343984.02778807
17.964824120603016 133768025.07594754
18.09045226130653 130230868.70587851
18.21608040201005 126733527.1518522
18.34170854271357 123276956.67198955
18.467336683417084 119862055.94450946
18.592964824120603 116489664.59337357
18.718592964824122 113160561.85153154
18.844221105527637 109875465.36761019
18.969849246231156 106635030.16347553
19.09547738693467 103439847.74563459
19.22110552763819 100290445.37438619
19.34673366834171 97187285.49415018
19.472361809045225 94130765.32269728
19.597989949748744 91121216.60379429
19.723618090452263 88158905.51731507
19.849246231155778 85244032.74777332
19.974874371859297 82376733.70826446
20.100502512562816 79557078.91337626
20.22613065326633 76785074.50090586
20.35175879396985 74060662.89546727
20.477386934673365 71383723.60887857
20.603015075376884 68754074.17437744
20.728643216080403 66171471.207737096
20.85427135678392 63635611.59135848
20.979899497487438 61146133.77588666
21.105527638190956 58702619.19478236
21.231155778894472 56304593.78693585
21.35678391959799 53951529.62296068
21.482412060301506 51642846.630683556
21.608040201005025 49377914.4152976
21.733668341708544 47156054.17019667
21.85929648241206 44976540.67478755
21.984924623115578 42838604.37410627
22.110552763819097 40741433.53739165
22.236180904522612 38684176.4905541
22.36180904522613 36665943.91926989
22.487437185929647 34685811.23768219
22.613065326633166 32742821.018906355
22.738693467336685 30835985.48325622
22.8643216080402 28964289.0382823
22.98994974874372 27126690.86829481
23.115577889447238 25322127.56589931
23.241206030150753 23549515.80335416
23.366834170854272 21807755.036512233
23.492462311557787 20095730.238102306
23.618090452261306 18412314.65386843
23.743718592964825 16756372.577182632
23.86934673366834 15126762.137096869
23.99497487437186 13522338.093554227
24.12060301507538 11941954.635826256
24.246231155778894 10384468.17807271
24.371859296482413 8848740.147250662
24.497487437185928 7333639.758166487
24.623115577889447 5838046.770495442
24.748743718592966 4360854.222895839
24.87437185929648 2900971.139026505
25 1457325.200913185
