0.004102465938014042 0.004102465938014042
0 22602423233.54802
0.12562814070351758 22602423233.548004
0.25125628140703515 22602423233.548004
0.3768844221105528 22602423233.548
0.5025125628140703 22602423233.548004
0.628140703517588 22602423233.548
0.7537688442211056 22602423233.548
0.8793969849246231 22602423233.547997
1.0050251256281406 22602423233.548
1.1306532663316582 22602423233.547993
1.256281407035176 22602423233.547993
1.3819095477386936 22602423233.547993
1.5075376884422111 22602423233.54799
1.6331658291457287 22602423233.547993
1.7587939698492463 22602423233.548
1.8844221105527639 22602423233.548016
2.0100502512562812 22602423233.548016
2.135678391959799 22602423233.548027
2.2613065326633164 22602423233.54802
2.386934673366834 22602423233.548023
2.512562814070352 22602423233.548023
2.6381909547738696 22602423233.548023
2.763819095477387 22602423233.548027
2.8894472361809047 22602423233.548016
3.0150753768844223 22602423233.547962
3.14070351758794 22602423233.547806
3.2663316582914574 22602423233.54743
3.391959798994975 22602423233.54649
3.5175879396984926 22602423233.544178
3.64321608040201 22602423233.538563
3.7688442211055277 22602423233.52507
3.8944723618090453 22602423233.493095
4.0201005025125625 22602423233.418297
4.1457286432160805 22602423233.24545
4.271356783919598 22602423232.851257
4.396984924623116 22602423231.964
4.522613065326633 22602423229.99358
4.648241206030151 22602423225.67688
4.773869346733668 22602423216.349728
4.899497487437186 22602423196.476383
5.025125628140704 22602423154.727905
5.150753768844221 22602423068.273884
5.276381909547739 22602422891.819195
5.402010050251256 22602422536.910675
5.527638190954774 22602421833.564686
5.653266331658291 22602420460.383938
5.778894472361809 22602417819.606853
5.9045226130653266 22602412817.844612
6.030150753768845 22602403488.60677
6.155778894472362 22602386355.012966
6.28140703517588 22602355375.097755
6.407035175879397 22602300231.53626
6.532663316582915 22602203615.569824
6.658291457286432 22602037004.935787
6.78391959798995 22601754243.410347
6.909547738693467 22601281995.630753
7.035175879396985 22600505883.80813
7.160804020100502 22599250833.5435
7.28643216080402 22597253900.955074
7.4120603015075375 22594127678.137638
7.5376884422110555 22589312352.907772
7.663316582914573 22582014721.26671
7.788944723618091 22571133012.684425
7.914572864321608 22555167376.79565
8.040201005025125 22532117356.374477
8.165829145728644 22499369649.721767
8.291457286432161 22453581895.643238
8.417085427135678 22390570970.93405
8.542713567839195 22305217173.809834
8.668341708542714 22191398413.412193
8.793969849246231 22041970826.362118
8.919597989949748 21848813759.623028
9.045226130653266 21602957437.88395
9.170854271356784 21294810486.60794
9.296482412060302 20914501366.85469
9.422110552763819 20452342188.757072
9.547738693467336 19899414723.813885
9.673366834170855 19248266176.853115
9.798994974874372 18493686309.742348
9.924623115577889 17633517833.767933
10.050251256281408 16669430538.73276
10.175879396984925 15607569424.023518
10.301507537688442 14458972297.933489
10.42713567839196 13239650683.446474
10.552763819095478 11970243520.399887
10.678391959798995 10675192965.660183
10.804020100502512 9381452359.076563
10.92964824120603 8116813549.1950865
11.055276381909549 6908017540.4449215
11.180904522613066 5778870939.272572
11.306532663316583 4748612377.275414
11.4321608040201 3830746482.2849393
11.557788944723619 3032490539.1532598
11.683417085427136 2354876105.428965
11.809045226130653 1793439510.8377883
11.93467336683417 1339347459.2591944
12.06030150753769 980755475.0336192
12.185929648241206 704193632.4757886
12.311557788944723 495809054.4403217
12.43718592964824 342352806.5258342
12.56281407035176 231862582.8511063
12.688442211055277 154047686.57094705
12.814070351758794 100421027.0254034
12.93969849246231 64242228.56939011
13.06532663316583 40339158.640485376
13.190954773869347 24867274.19823372
13.316582914572864 15052530.173284175
13.442211055276381 8948601.100261606
13.5678391959799 5225749.725169793
13.693467336683417 2998281.3263134765
13.819095477386934 1690471.8869464097
13.944723618090451 936776.1890526935
14.07035175879397 510311.9142154454
14.195979899497488 273329.47630715836
14.321608040201005 143968.16159378525
14.447236180904522 74585.35528907037
14.57286432160804 38012.406461486615
14.698492462311558 19061.596937084098
14.824120603015075 9406.600426909788
14.949748743718592 4569.02010411333
15.075376884422111 2184.7816852455576
15.201005025125628 1028.645083145249
15.326633165829145 476.95112414095263
15.452261306532664 217.82700541626699
15.577889447236181 98.00726555023031
15.703517587939698 43.45034527331902
15.829145728643216 18.98439860875315
15.954773869346734 8.176169966726345
16.08040201005025 3.471632906028265
16.20603015075377 1.4535514785069565
16.331658291457288 0.6002362628967213
16.457286432160803 0.2445075092314729
16.582914572864322 0.09827063958249649
16.70854271356784 0.03897632283623462
16.834170854271356 0.01525835567101122
16.959798994974875 0.005896971522254172
17.08542713567839 0.0022503480099202913
17.21105527638191 0.0008481152476932774
17.33668341708543 0.0003157402423857701
17.462311557788944 0.00011613425973972339
17.587939698492463 0.000042211584106671254
17.71356783919598 0.000015164543421509683
17.839195979899497 0.000005385659170613087
17.964824120603016 0.0000018912351801565333
18.09045226130653 0.0000006568019897122102
18.21608040201005 0.00000022562668837894268
18.34170854271357 0.00000007668281957720939
18.467336683417084 0.00000002578940879669923
18.592964824120603 0.00000000858428382781562
18.718592964824122 0.000000002828585207488263
18.844221105527637 0.0000000009228254271680559
18.969849246231156 0.000000000298151414940218
19.09547738693467 0.00000000009541188981878352
19.22110552763819 0.000000000030248020227223444
19.34673366834171 0.000000000009501671169344017
19.472361809045225 0.00000000000295794808218416
19.597989949748744 0.0000000000009127391100318137
19.723618090452263 0.00000000000027921932841093435
19.849246231155778 0.00000000000008469605763347711
19.974874371859297 0.000000000000025478568489608144
20.100502512562816 0.000000000000007602477767428491
20.22613065326633 0.0000000000000022504882755789158
20.35175879396985 0.0000000000000006610158846530203
20.477386934673365 0.00000000000000019267775408611925
20.603015075376884 0.00000000000000005574496844313974
20.728643216080403 0.000000000000000016010428063851814
20.85427135678392 0.000000000000000004565527812138428
20.979899497487438 0.0000000000000000012928146773532749
21.105527638190956 0.00000000000000000036358342373374813
21.231155778894472 0.00000000000000000010156837650674333
21.35678391959799 0.00000000000000000002818788682462535
21.482412060301506 0.000000000000000000007772806536596919
21.608040201005025 0.000000000000000000002129928896609599
21.733668341708544 0.0000000000000000000005800743456657234
21.85929648241206 0.00000000000000000000015703329345235207
21.984924623115578 0.00000000000000000000004226164488189621
22.110552763819097 0.000000000000000000000011308461250273648
22.236180904522612 0.0000000000000000000000030089697288355784
22.36180904522613 0.0000000000000000000000007962379750388493
22.487437185929647 0.00000000000000000000000020957098578046555
22.613065326633166 0.0000000000000000000000000548698708825231
22.738693467336685 0.00000000000000000000000001429227710968483
22.8643216080402 0.000000000000000000000000003704100139034451
22.98994974874372 0.0000000000000000000000000009552692918978651
23.115577889447238 0.00000000000000000000000000024517583005900196
23.241206030150753 0.0000000000000000000000000000626302442303433
23.366834170854272 0.00000000000000000000000000001592538728944971
23.492462311557787 0.000000000000000000000000000004031244636124388
23.618090452261306 0.0000000000000000000000000000010159547338059848
23.743718592964825 0.00000000000000000000000000000025493967198206157
23.86934673366834 0.00000000000000000000000000000006370436355592461
23.99497487437186 0.000000000000000000000000000000015852928888656195
24.12060301507538 0.0000000000000000000000000000000039291386393378556
24.246231155778894 0.0000000000000000000000000000000009699977453601569
24.371859296482413 0.00000000000000000000000000000000023854303044299903
24.497487437185928 0.00000000000000000000000000000000005844150708417409
24.623115577889447 0.000000000000000000000000000000000014264831706131225
24.748743718592966 0.000000000000000000000000000000000003468786240833785
24.87437185929648 0.0000000000000000000000000000000000008384278433449288
25 0.0000000000000000000000000000000000001932531935354548
