0.1000010000100001 0.1000010000100001
0 37799943.9310978
0.12562814070351758 37798986.427152865
0.25125628140703515 37796113.89421999
0.3768844221105528 37791326.286450915
0.5025125628140703 37784623.522934094
0.628140703517588 37776005.48506723
0.7537688442211056 37765472.02215454
0.8793969849246231 37753022.920935854
1.0050251256281406 37738657.935516536
1.1306532663316582 37722376.76596532
1.256281407035176 37704179.01719372
1.3819095477386936 37684064.264189385
1.5075376884422111 37662031.99542749
1.6331658291457287 37638081.61574377
1.7587939698492463 37612212.46055512
1.8844221105527639 37584423.74991697
2.0100502512562812 37554714.654737614
2.135678391959799 37523084.23583657
2.2613065326633164 37489531.47826083
2.386934673366834 37454055.25694558
2.512562814070352 37416654.39969347
2.6381909547738696 37377327.620883584
2.763819095477387 37336073.59366952
2.8894472361809047 37292890.8954122
3.0150753768844223 37247778.05421474
3.14070351758794 37200733.547251366
3.2663316582914574 37151755.78882493
3.391959798994975 37100843.1616507
3.5175879396984926 37047994.00589199
3.64321608040201 36993206.634548254
3.7688442211055277 36936479.35471038
3.8944723618090453 36877810.41215843
4.0201005025125625 36817198.074200295
4.1457286432160805 36754640.57244973
4.271356783919598 36690136.13220508
4.396984924623116 36623682.97566735
4.522613065326633 36555279.29630926
4.648241206030151 36484923.30559915
4.773869346733668 36412613.17198364
4.899497487437186 36338347.063986704
5.025125628140704 36262123.14396243
5.150753768844221 36183939.54077644
5.276381909547739 36103794.38331403
5.402010050251256 36021685.768252924
5.527638190954774 35937611.79182249
5.653266331658291 35851570.50825073
5.778894472361809 35763559.96256596
5.9045226130653266 35673578.18543736
6.030150753768845 35581623.19099984
6.155778894472362 35487692.9805897
6.28140703517588 35391785.53328566
6.407035175879397 35293898.8425407
6.532663316582915 35194030.8766644
6.658291457286432 35092179.614443034
6.78391959798995 34988343.055865206
6.909547738693467 34882519.18212542
7.035175879396985 34774706.01074625
7.160804020100502 34664901.57298761
7.28643216080402 34553103.92368589
7.4120603015075375 34439311.15391639
7.5376884422110555 34323521.37725557
7.663316582914573 34205732.74097347
7.788944723618091 34085943.44346084
7.914572864321608 33964151.70656496
8.040201005025125 33840355.809913665
8.165829145728644 33714554.05953237
8.291457286432161 33586744.81605607
8.417085427135678 33456926.482392315
8.542713567839195 33325097.502307344
8.668341708542714 33191256.37810695
8.793969849246231 33055401.6435819
8.919597989949748 32917531.896123443
9.045226130653266 32777645.7686686
9.170854271356784 32635741.976773515
9.296482412060302 32491819.266434602
9.422110552763819 32345876.479930468
9.547738693467336 32197912.514797915
9.673366834170855 32047926.368352845
9.798994974874372 31895917.10429518
9.924623115577889 31741883.931153927
10.050251256281408 31585826.139291026
10.175879396984925 31427743.17280215
10.301507537688442 31267634.615075853
10.42713567839196 31105500.201831404
10.552763819095478 30941339.84735905
10.678391959798995 30775153.63981901
10.804020100502512 30606941.858196598
10.92964824120603 30436704.994236276
11.055276381909549 30264443.743265577
11.180904522613066 30090158.98645348
11.306532663316583 29913851.850936476
11.4321608040201 29735523.64030294
11.557788944723619 29555175.86967708
11.683417085427136 29372810.248010214
11.809045226130653 29188428.65202033
11.93467336683417 29002033.140102558
12.06030150753769 28813625.89479107
12.185929648241206 28623209.268090855
12.311557788944723 28430785.692955285
12.43718592964824 28236357.743350476
12.56281407035176 28039928.06103552
12.688442211055277 27841499.369573265
12.814070351758794 27641074.5007305
12.93969849246231 27438656.327627454
13.06532663316583 27234247.826434772
13.190954773869347 27027852.08340927
13.316582914572864 26819472.2749721
13.442211055276381 26609111.71395739
13.5678391959799 26396773.888813622
13.693467336683417 26182462.478388596
13.819095477386934 25966181.39210223
13.944723618090451 25747934.79849394
14.07035175879397 25527727.185578845
14.195979899497488 25305563.380216055
14.321608040201005 25081448.594350018
14.447236180904522 24855388.45480083
14.57286432160804 24627389.020589113
14.698492462311558 24397456.818593644
14.824120603015075 24165598.858176086
14.949748743718592 23931822.62283286
15.075376884422111 23696136.069056522
15.201005025125628 23458547.641603757
15.326633165829145 23219066.217051033
15.452261306532664 22977701.129717655
15.577889447236181 22734462.074998878
15.703517587939698 22489359.146515314
15.829145728643216 22242402.728145722
15.954773869346734 21993603.524671678
16.08040201005025 21742972.46752737
16.20603015075377 21490520.715371486
16.331658291457288 21236259.622876544
16.457286432160803 20980200.692550298
16.582914572864322 20722355.58509049
16.70854271356784 20462736.086695407
16.834170854271356 20201354.15478427
16.959798994974875 19938221.873979915
17.08542713567839 19673351.510988466
17.21105527638191 19406755.541504472
17.33668341708543 19138446.656711433
17.462311557788944 18868437.84780996
17.587939698492463 18596742.42029009
17.71356783919598 18323374.043138433
17.839195979899497 18048346.8064537
17.964824120603016 17771675.279849555
18.09045226130653 17493374.523643184
18.21608040201005 17213460.14616199
18.34170854271357 16931948.34981842
18.467336683417084 16648855.920927798
18.592964824120603 16364200.270371288
18.718592964824122 16077999.429264942
18.844221105527637 15790272.053910373
18.969849246231156 15501037.409610488
19.09547738693467 15210315.34783286
19.22110552763819 14918126.286069855
19.34673366834171 14624491.183590163
19.472361809045225 14329431.49046251
19.597989949748744 14032969.12972071
19.723618090452263 13735126.440941453
19.849246231155778 13435926.171239795
19.974874371859297 13135391.422192449
20.100502512562816 12833545.623840837
20.22613065326633 12530412.53470669
20.35175879396985 12226016.20986233
20.477386934673365 11920380.989528442
20.603015075376884 11613531.520244107
20.728643216080403 11305492.737841384
20.85427135678392 10996289.892748019
20.979899497487438 10685948.564203886
21.105527638190956 10374494.690452667
21.231155778894472 10061954.577334566
21.35678391959799 9748354.945553489
21.482412060301506 9433722.935892096
21.608040201005025 9118086.152784523
21.733668341708544 8801472.677759904
21.85929648241206 8483911.097510463
21.984924623115578 8165430.510816721
22.110552763819097 7846060.54414147
22.236180904522612 7525831.358081241
22.36180904522613 7204773.649070848
22.487437185929647 6882918.640927357
22.613065326633166 6560298.083266039
22.738693467336685 6236944.23221394
22.8643216080402 5912889.839514047
22.98994974874372 5588168.136355451
23.115577889447238 5262812.806813405
23.241206030150753 4936857.980052306
23.366834170854272 4610338.196643418
23.492462311557787 4283288.4090831755
23.618090452261306 3955743.9573094933
23.743718592964825 3627740.5505881496
23.86934673366834 3299314.27691139
23.99497487437186 2970501.5809282134
24.12060301507538 2641339.2771877046
24.246231155778894 2311864.5502384417
24.371859296482413 1982114.9572169296
24.497487437185928 1652128.4508675283
24.623115577889447 1321943.3871027252
24.748743718592966 991598.5479973459
24.87437185929648 661133.1606146533
25 330586.9188346409
