0.013969109239681853 0.013969109239681853
0 452387996.46690506
0.12562814070351758 452345410.3429857
0.25125628140703515 452302596.52915317
0.3768844221105528 452231315.6884636
0.5025125628140703 452131504.03173244
0.628140703517588 452003114.6688278
0.7537688442211056 451846094.18356943
0.8793969849246231 451660379.33970916
1.0050251256281406 451445896.3532024
1.1306532663316582 451202560.7075421
1.256281407035176 450930277.1888697
1.3819095477386936 450628939.98053336
1.5075376884422111 450298432.7914044
1.6331658291457287 449938629.02984774
1.7587939698492463 449549391.975652
1.8844221105527639 449130574.9780518
2.0100502512562812 448682021.6634071
2.135678391959799 448203566.15815616
2.2613065326633164 447695033.30333906
2.386934673366834 447156238.89300877
2.512562814070352 446586989.9268314
2.6381909547738696 445987084.8496139
2.763819095477387 445356313.8181424
2.8894472361809047 444694458.9566883
3.0150753768844223 444001294.65094405
3.14070351758794 443276587.8029655
3.2663316582914574 442520098.1497694
3.391959798994975 441731578.55359006
3.5175879396984926 440910775.3230046
3.64321608040201 440057428.5351311
3.7688442211055277 439171272.3889339
3.8944723618090453 438252035.5764897
4.0201005025125625 437299441.65711915
4.1457286432160805 436313209.46914726
4.271356783919598 435293053.5657455
4.396984924623116 434238684.68155617
4.522613065326633 433149810.2239787
4.648241206030151 432026134.79494154
4.773869346733668 430867360.7599557
4.899497487437186 429673188.8462439
5.025125628140704 428443318.78191894
5.150753768844221 427177449.97220963
5.276381909547739 425875282.22132814
5.402010050251256 424536516.48613834
5.527638190954774 423160855.67290044
5.653266331658291 421748005.4839792
5.778894472361809 420297675.2809039
5.9045226130653266 418809579.0003795
6.030150753768845 417283436.0783938
6.155778894472362 415718972.4298757
6.28140703517588 414115921.41386783
6.407035175879397 412474024.8695493
6.532663316582915 410793034.1018234
6.658291457286432 409072710.9260381
6.78391959798995 407312828.6882418
6.909547738693467 405513173.2945905
7.035175879396985 403673544.22247165
7.160804020100502 401793755.52277726
7.28643216080402 399873636.81514364
7.4120603015075375 397913034.24580985
7.5376884422110555 395911811.4400676
7.663316582914573 393869850.400443
7.788944723618091 391787052.4034879
7.914572864321608 389663338.85008687
8.040201005025125 387498652.09506685
8.165829145728644 385292956.2391133
8.291457286432161 383046237.8880124
8.417085427135678 380758506.9022144
8.542713567839195 378429797.1038271
8.668341708542714 376060166.95438
8.793969849246231 373649700.22009575
8.919597989949748 371198506.6015286
9.045226130653266 368706722.3812674
9.170854271356784 366174510.9971778
9.296482412060302 363602063.61994463
9.422110552763819 360989599.74760973
9.547738693467336 358337367.7180321
9.673366834170855 355645645.26235884
9.798994974874372 352914739.988389
9.924623115577889 350144989.8920195
10.050251256281408 347336763.8033535
10.175879396984925 344490461.84182125
10.301507537688442 341606515.82888824
10.42713567839196 338685389.6717489
10.552763819095478 335727579.71109504
10.678391959798995 332733615.0503798
10.804020100502512 329704057.828535
10.92964824120603 326639503.4514284
11.055276381909549 323540580.7806172
11.180904522613066 320407952.27364475
11.306532663316583 317242314.0555953
11.4321608040201 314044395.947712
11.557788944723619 310814961.428306
11.683417085427136 307554807.51913977
11.809045226130653 304264764.6147683
11.93467336683417 300945696.2381942
12.06030150753769 297598498.71085685
12.185929648241206 294224100.75959283
12.311557788944723 290823463.0368374
12.43718592964824 287397577.5601788
12.56281407035176 283947467.07024413
12.688442211055277 280474184.3053041
12.814070351758794 276978811.1910508
12.93969849246231 273462457.9455479
13.06532663316583 269926262.10036856
13.190954773869347 266371387.4388578
13.316582914572864 262799022.85261923
13.442211055276381 259210381.1142141
13.5678391959799 255606697.57754645
13.693467336683417 251989228.80014044
13.819095477386934 248359251.0902296
13.944723618090451 244718058.99278358
14.07035175879397 241066963.71113408
14.195979899497488 237407291.46266046
14.321608040201005 233740381.79407528
14.447236180904522 230067585.8465332
14.57286432160804 226390264.5774758
14.698492462311558 222709786.9596483
14.824120603015075 219027528.15570554
14.949748743718592 215344867.67203456
15.075376884422111 211663187.518435
15.201005025125628 207983870.35734805
15.326633165829145 204308297.67180455
15.452261306532664 200637847.94790697
15.577889447236181 196973894.87727517
15.703517587939698 193317805.59045535
15.829145728643216 189670938.92061582
15.954773869346734 186034643.6980065
16.08040201005025 182410257.07826144
16.20603015075377 178799102.9002375
16.331658291457288 175202490.07070842
16.457286432160803 171621710.97068825
16.582914572864322 168058039.87633657
16.70854271356784 164512731.38842124
16.834170854271356 160987018.86221272
16.959798994974875 157482112.83115217
17.08542713567839 153999199.41492555
17.21105527638191 150539438.71185318
17.33668341708543 147103963.16720384
17.462311557788944 143693875.91615257
17.587939698492463 140310249.1053709
17.71356783919598 136954122.1944638
17.839195979899497 133626500.23940633
17.964824120603016 130328352.17537262
18.09045226130653 127060609.09841916
18.21608040201005 123824162.56731966
18.34170854271357 120619862.93701388
18.467336683417084 117448517.73637764
18.592964824120603 114310890.11015733
18.718592964824122 111207697.33862117
18.844221105527637 108139609.45202172
18.969849246231156 105107247.95398474
19.09547738693467 102111184.66770385
19.22110552763819 99151940.71654923
19.34673366834171 96229985.64981396
19.472361809045225 93345736.72097965
19.597989949748744 90499558.32472526
19.723618090452263 87691761.59598911
19.849246231155778 84922604.1727361
19.974874371859297 82192290.12261096
20.100502512562816 79500970.02932854
20.22613065326633 76848741.23779954
20.35175879396985 74235648.24949582
20.477386934673365 71661683.26499988
20.603015075376884 69126786.8638311
20.728643216080403 66630848.81657086
20.85427135678392 64173709.01916746
20.979899497487438 61755158.54290847
21.105527638190956 59374940.79240615
21.231155778894472 57032752.762593955
21.35678391959799 54728246.389663264
21.482412060301506 52461029.98787474
21.608040201005025 50230669.766685784
21.733668341708544 48036691.42279251
21.85929648241206 45878581.80202297
21.984924623115578 43755790.62662431
22.110552763819097 41667732.28384635
22.236180904522612 39613787.67249804
22.36180904522613 37593306.10404889
22.487437185929647 35605607.25519118
22.613065326633166 33649983.16922329
22.738693467336685 31725700.303306427
22.8643216080402 29832001.618985392
22.98994974874372 27968108.713151038
23.115577889447238 26133223.986631796
23.241206030150753 24326532.847354304
23.366834170854272 22547205.944998227
23.492462311557787 20794401.433704354
23.618090452261306 19067267.25933525
23.743718592964825 17364943.467479985
23.86934673366834 15686564.52821543
23.99497487437186 14031261.673453331
24.12060301507538 12398165.242469609
24.246231155778894 10786407.03105891
24.371859296482413 9195122.639632618
24.497487437185928 7623453.815388644
24.623115577889447 6070550.783638627
24.748743718592966 4535574.563244622
24.87437185929648 3017699.2610953837
25 1516114.3404931966
