0.007386936642987218 0.007386936642987218
0 1417592834.660213
0.12562814070351758 1417577047.9389944
0.25125628140703515 1417529475.174402
0.3768844221105528 1417449969.0291462
0.5025125628140703 1417338202.1394265
0.628140703517588 1417193715.4017801
0.7537688442211056 1417015917.284223
0.8793969849246231 1416804082.9327242
1.0050251256281406 1416557353.0506573
1.1306532663316582 1416274732.614219
1.256281407035176 1415955089.4088428
1.3819095477386936 1415597152.400362
1.5075376884422111 1415199509.9447982
1.6331658291457287 1414760607.8684182
1.7587939698492463 1414278747.4216056
1.8844221105527639 1413752083.1143098
2.0100502512562812 1413178620.464735
2.135678391959799 1412556213.6751826
2.2613065326633164 1411882563.2474375
2.386934673366834 1411155213.5620055
2.512562814070352 1410371550.465982
2.6381909547738696 1409528798.8471713
2.763819095477387 1408624020.2695
2.8894472361809047 1407654110.6543598
3.0150753768844223 1406615798.0848114
3.14070351758794 1405505640.695918
3.2663316582914574 1404320024.7584257
3.391959798994975 1403055162.9156716
3.5175879396984926 1401707092.6714988
3.64321608040201 1400271675.1112583
3.7688442211055277 1398744593.9259198
3.8944723618090453 1397121354.7731774
4.0201005025125625 1395397284.9904177
4.1457286432160805 1393567533.7293189
4.271356783919598 1391627072.5369186
4.396984924623116 1389570696.434261
4.522613065326633 1387393025.5112243
4.648241206030151 1385088507.1316893
4.773869346733668 1382651418.722039
4.899497487437186 1380075871.2632887
5.025125628140704 1377355813.4783893
5.150753768844221 1374485036.7696545
5.276381909547739 1371457180.982626
5.402010050251256 1368265741.008032
5.527638190954774 1364904074.264047
5.653266331658291 1361365409.1453812
5.778894472361809 1357642854.423753
5.9045226130653266 1353729409.7043338
6.030150753768845 1349617976.909935
6.155778894472362 1345301372.905228
6.28140703517588 1340772343.222026
6.407035175879397 1336023576.9975204
6.532663316582915 1331047723.0706837
6.658291457286432 1325837407.3445578
6.78391959798995 1320385251.3741999
6.909547738693467 1314683892.2278993
7.035175879396985 1308726003.6286182
7.160804020100502 1302504318.3751945
7.28643216080402 1296011652.0515118
7.4120603015075375 1289240927.9989312
7.5376884422110555 1282185203.5451522
7.663316582914573 1274837697.4223192
7.788944723618091 1267191818.4905615
7.914572864321608 1259241195.6172698
8.040201005025125 1250979708.318884
8.165829145728644 1242401518.5595639
8.291457286432161 1233501104.5371468
8.417085427135678 1224273293.804581
8.542713567839195 1214713295.6437292
8.668341708542714 1204816740.7366216
8.793969849246231 1194579715.4686563
8.919597989949748 1183998788.2209766
9.045226130653266 1173071065.262414
9.170854271356784 1161794211.7983942
9.296482412060302 1150166477.5082054
9.422110552763819 1138186776.5305867
9.547738693467336 1125854657.682677
9.673366834170855 1113170395.810706
9.798994974874372 1100134995.7342627
9.924623115577889 1086750224.454024
10.050251256281408 1073018652.9131752
10.175879396984925 1058943676.7642813
10.301507537688442 1044529540.5832078
10.42713567839196 1029781363.8182286
10.552763819095478 1014705171.2822561
10.678391959798995 999307882.3197215
10.804020100502512 983597364.2361243
10.92964824120603 967582415.6208907
11.055276381909549 951272764.3221107
11.180904522613066 934679122.4777752
11.306532663316583 917813108.7053163
11.4321608040201 900687304.6302489
11.557788944723619 883315219.9021945
11.683417085427136 865711262.6640468
11.809045226130653 847890743.3548162
11.93467336683417 829869833.0093018
12.06030150753769 811665530.646674
12.185929648241206 793295631.7966708
12.311557788944723 774778682.213289
12.43718592964824 756133928.6721945
12.56281407035176 737381266.6804444
12.688442211055277 718541181.5789475
12.814070351758794 699634684.5139028
12.93969849246231 680683244.3181374
13.06532663316583 661708715.1334386
13.190954773869347 642733259.9762019
13.316582914572864 623779270.8025135
13.442211055276381 604869285.5966659
13.5678391959799 586025902.9622166
13.693467336683417 567271694.7646806
13.819095477386934 548629117.3987571
13.944723618090451 530120422.32386374
14.07035175879397 511767566.4989118
14.195979899497488 493592123.3745097
14.321608040201005 475615195.11662734
14.447236180904522 457857326.7172974
14.57286432160804 440338422.6664821
14.698492462311558 423077666.8215909
14.824120603015075 406093446.10670173
14.949748743718592 389403278.63367283
15.075376884422111 373023746.80075383
15.201005025125628 356970435.88673466
15.326633165829145 341257878.59934783
15.452261306532664 325899505.98807454
15.577889447236181 310907605.06678617
15.703517587939698 296293283.4290642
15.829145728643216 282066441.0709844
15.954773869346734 268235749.56590945
16.08040201005025 254808638.66575333
16.20603015075377 241791290.33306783
16.331658291457288 229188640.13501036
16.457286432160803 217004385.86378178
16.582914572864322 205241003.181352
16.70854271356784 193899768.02186912
16.834170854271356 182980785.42698213
16.959798994974875 172483024.43653363
17.08542713567839 162404358.6028668
17.21105527638191 152741611.66285703
17.33668341708543 143490607.85695302
17.462311557788944 134646226.36058336
17.587939698492463 126202459.2700168
17.71356783919598 118152472.56783417
17.839195979899497 110488669.487784
17.964824120603016 103202755.69732696
18.09045226130653 96285805.72142972
18.21608040201005 89728330.0458574
18.34170854271357 83520342.35466099
18.467336683417084 77651426.38292475
18.592964824120603 72110801.89357938
18.718592964824122 66887389.32132254
18.844221105527637 61969872.66332509
18.969849246231156 57346760.23623826
19.09547738693467 53006442.96137354
19.22110552763819 48937249.88310256
19.34673366834171 45127500.66897599
19.472361809045225 41565554.88563992
19.597989949748744 38239857.88631786
19.723618090452263 35138983.190594986
19.849246231155778 32251671.2749092
19.974874371859297 29566864.733946405
20.100502512562816 27073739.807366207
20.22613065326633 24761734.301671036
20.35175879396985 22620571.96540913
20.477386934673365 20640283.40629171
20.603015075376884 18811223.66033236
20.728643216080403 17124086.546522
20.85427135678392 15569915.956427228
20.979899497487438 14140114.244237008
21.105527638190956 12826447.893135548
21.231155778894472 11621050.642878728
21.35678391959799 10516424.26941424
21.482412060301506 9505437.209841825
21.608040201005025 8581321.227421371
21.733668341708544 7737666.309372336
21.85929648241206 6968413.987172553
21.984924623115578 6267849.263773856
22.110552763819097 5630591.325693582
22.236180904522612 5051583.210099351
22.36180904522613 4526080.588202231
22.487437185929647 4049639.816668649
22.613065326633166 3618105.398479499
22.738693467336685 3227596.984106141
22.8643216080402 2874496.0328144715
22.98994974874372 2555432.2431438877
23.115577889447238 2267269.8504130347
23.241206030150753 2007093.8785991103
23.366834170854272 1772196.4231308736
23.492462311557787 1560063.0313482923
23.618090452261306 1368359.2375218184
23.743718592964825 1194917.3002525882
23.86934673366834 1037723.1814388095
23.99497487437186 894903.7982664668
24.12060301507538 764714.572113327
24.246231155778894 645527.2918236048
24.371859296482413 535818.3028463442
24.497487437185928 434157.02846527414
24.623115577889447 339194.82477264124
24.748743718592966 249654.16725657834
24.87437185929648 164318.16366544104
25 82020.38523570207
