0.020675132767122427 0.020675132767122427
0 246412103.54610315
0.12562814070351758 246388962.57875535
0.25125628140703515 246365703.2657585
0.3768844221105528 246326985.9690289
0.5025125628140703 246272786.79192275
0.628140703517588 246203095.29108405
0.7537688442211056 246117901.73673552
0.8793969849246231 246017195.2953967
1.0050251256281406 245900963.5893285
1.1306532663316582 245769192.5697862
1.256281407035176 245621866.4953984
1.3819095477386936 245458967.93262985
1.5075376884422111 245280477.78755593
1.6331658291457287 245086375.36505508
1.7587939698492463 244876638.40505192
1.8844221105527639 244651243.16283944
2.0100502512562812 244410164.48531348
2.135678391959799 244153375.88736445
2.2613065326633164 243880849.66039371
2.386934673366834 243592556.96154526
2.512562814070352 243288467.9472668
2.6381909547738696 242968551.8747722
2.763819095477387 242632777.26225024
2.8894472361809047 242281111.99828702
3.0150753768844223 241913523.514145
3.14070351758794 241529978.92518574
3.2663316582914574 241130445.1996629
3.391959798994975 240714889.31046954
3.5175879396984926 240283278.4197495
3.64321608040201 239835580.03263998
3.7688442211055277 239371762.17208293
3.8944723618090453 238891793.5584343
4.0201005025125625 238395643.750933
4.1457286432160805 237883283.33859104
4.271356783919598 237354684.07842866
4.396984924623116 236809819.05109283
4.522613065326633 236248662.80554768
4.648241206030151 235671191.4955941
4.773869346733668 235077383.0008246
4.899497487437186 234467217.04030752
5.025125628140704 233840675.2857822
5.150753768844221 233197741.44807208
5.276381909547739 232538401.36283046
5.402010050251256 231862643.06598723
5.527638190954774 231170456.85258454
5.653266331658291 230461835.3374566
5.778894472361809 229736773.48880565
5.9045226130653266 228995268.68098557
6.030150753768845 228237320.71878058
6.155778894472362 227462931.86464792
6.28140703517588 226672106.8622127
6.407035175879397 225864852.9625434
6.532663316582915 225041179.93240505
6.658291457286432 224201100.09781867
6.78391959798995 223344628.34272182
6.909547738693467 222471782.14927757
7.035175879396985 221582581.63001916
7.160804020100502 220677049.55161467
7.28643216080402 219755211.3918675
7.4120603015075375 218817095.39021763
7.5376884422110555 217862732.58265293
7.663316582914573 216892156.88441157
7.788944723618091 215905405.17183855
7.914572864321608 214902517.32522187
8.040201005025125 213883536.3522286
8.165829145728644 212848508.46711266
8.291457286432161 211797483.18071842
8.417085427135678 210730513.42291713
8.542713567839195 209647655.63733342
8.668341708542714 208548969.90193394
8.793969849246231 207434520.03847817
8.919597989949748 206304373.7402773
9.045226130653266 205158602.6710071
9.170854271356784 203997282.59943065
9.296482412060302 202820493.4911254
9.422110552763819 201628319.6461945
9.547738693467336 200420849.77627435
9.673366834170855 199198177.1396744
9.798994974874372 197960399.59855425
9.924623115577889 196707619.74416775
10.050251256281408 195439944.95978934
10.175879396984925 194157487.4989918
10.301507537688442 192860364.55234286
10.42713567839196 191548698.32090944
10.552763819095478 190222616.03954718
10.678391959798995 188882250.04883462
10.804020100502512 187527737.80623418
10.92964824120603 186159221.92848703
11.055276381909549 184776850.2059945
11.180904522613066 183380775.59991494
11.306532663316583 181971156.27135947
11.4321608040201 180548155.54698646
11.557788944723619 179111941.93237296
11.683417085427136 177662689.0797658
11.809045226130653 176200575.76955912
11.93467336683417 174725785.87580526
12.06030150753769 173238508.33705136
12.185929648241206 171738937.1078318
12.311557788944723 170227271.11842954
12.43718592964824 168703714.2208261
12.56281407035176 167168475.13484535
12.688442211055277 165621767.38693568
12.814070351758794 164063809.24778193
12.93969849246231 162494823.66228428
13.06532663316583 160915038.17750064
13.190954773869347 159324684.8647116
13.316582914572864 157724000.2378003
13.442211055276381 156113225.1652397
13.5678391959799 154492604.77646562
13.693467336683417 152862388.3645369
13.819095477386934 151222829.27730483
13.944723618090451 149574184.80781585
14.07035175879397 147916716.0681976
14.195979899497488 146250687.8637888
14.321608040201005 144576368.5478049
14.447236180904522 142894029.8759293
14.57286432160804 141203946.83938238
14.698492462311558 139506397.49392682
14.824120603015075 137801662.77628303
14.949748743718592 136090026.29820538
15.075376884422111 134371774.14594272
15.201005025125628 132647194.64690688
15.326633165829145 130916578.14401032
15.452261306532664 129180216.7446541
15.577889447236181 127438404.06650434
15.703517587939698 125691434.97776262
15.829145728643216 123939605.31866829
15.954773869346734 122183211.6384235
16.08040201005025 120422550.90784103
16.20603015075377 118657920.25198576
16.331658291457288 116889616.67341934
16.457286432160803 115117936.7855744
16.582914572864322 113343176.55817908
16.70854271356784 111565631.07185808
16.834170854271356 109785594.2865252
16.959798994974875 108003358.8308796
17.08542713567839 106219215.80985965
17.21105527638191 104433454.63496104
17.33668341708543 102646362.87854324
17.462311557788944 100858226.15249494
17.587939698492463 99069328.01399663
17.71356783919598 97279949.89938398
17.839195979899497 95490371.0766504
17.964824120603016 93700868.63460517
18.09045226130653 91911717.48440386
18.21608040201005 90123190.38867636
18.34170854271357 88335558.0112855
18.467336683417084 86549088.9784784
18.592964824120603 84764049.95750062
18.718592964824122 82980705.74399367
18.844221105527637 81199319.35598819
18.969849246231156 79420152.13001236
19.09547738693467 77643463.81740329
19.22110552763819 75869512.67820455
19.34673366834171 74098555.56473282
19.472361809045225 72330847.99847318
19.597989949748744 70566644.23417751
19.723618090452263 68806197.3097703
19.849246231155778 67049759.081898525
19.974874371859297 65297580.24588709
20.100502512562816 63549910.34016152
20.22613065326633 61806997.73400518
20.35175879396985 60069089.60312019
20.477386934673365 58336431.89044849
20.603015075376884 56609269.256915756
20.728643216080403 54887845.02305687
20.85427135678392 53172401.10409771
20.979899497487438 51463177.941816844
21.105527638190956 49760414.435079075
21.231155778894472 48064347.87253369
21.35678391959799 46375213.86968033
21.482412060301506 44693246.314008914
21.608040201005025 43018677.31805293
21.733668341708544 41351737.18627154
21.85929648241206 39692654.39441027
21.984924623115578 38041655.583406866
22.110552763819097 36398965.57088017
22.236180904522612 34764807.378005475
22.36180904522613 33139402.275118828
22.487437185929647 31522969.84219378
22.613065326633166 29915728.04885882
22.738693467336685 28317893.34786532
22.8643216080402 26729680.785752576
22.98994974874372 25151304.125341836
23.115577889447238 23582975.9821666
23.241206030150753 22024907.970593132
23.366834170854272 20477310.859447677
23.492462311557787 18940394.73451053
23.618090452261306 17414369.166686106
23.743718592964825 15899443.383545594
23.86934673366834 14395826.442684663
23.99497487437186 12903727.40526783
24.12060301507538 11423355.507910274
24.246231155778894 9954920.331632804
24.371859296482413 8498631.966423707
24.497487437185928 7054701.170132025
24.623115577889447 5623339.520622482
24.748743718592966 4204759.560171636
24.87437185929648 2799174.931244455
25 1406800.5028600695
