0.10419613993067511 0.10419613993067511
0 9683680.54229848
0.12562814070351758 9683298.879513027
0.25125628140703515 9682150.102066413
0.3768844221105528 9680235.617156716
0.5025125628140703 9677555.648786636
0.628140703517588 9674110.509512031
0.7537688442211056 9669900.601433793
0.8793969849246231 9664926.41705405
1.0050251256281406 9659188.540228091
1.1306532663316582 9652687.646255078
1.256281407035176 9645424.503403166
1.3819095477386936 9637399.97313321
1.5075376884422111 9628615.011625115
1.6331658291457287 9619070.670110459
1.7587939698492463 9608768.096272722
1.8844221105527639 9597708.53491984
2.0100502512562812 9585893.328876488
2.135678391959799 9573323.919995952
2.2613065326633164 9560001.849813823
2.386934673366834 9545928.760318555
2.512562814070352 9531106.394642832
2.6381909547738696 9515536.597502753
2.763819095477387 9499221.315735059
2.8894472361809047 9482162.598696094
3.0150753768844223 9464362.598298738
3.14070351758794 9445823.569218284
3.2663316582914574 9426547.868880551
3.391959798994975 9406537.957378974
3.5175879396984926 9385796.397040017
3.64321608040201 9364325.85233033
3.7688442211055277 9342129.088994699
3.8944723618090453 9319208.973936109
4.0201005025125625 9295568.474150723
4.1457286432160805 9271210.65615473
4.271356783919598 9246138.68503857
4.396984924623116 9220355.823657217
4.522613065326633 9193865.431526823
4.648241206030151 9166670.963958258
4.773869346733668 9138775.970863773
4.899497487437186 9110184.095772116
5.025125628140704 9080899.074531855
5.150753768844221 9050924.734426206
5.276381909547739 9020264.993011748
5.402010050251256 8988923.85679477
5.527638190954774 8956905.420547416
5.653266331658291 8924213.865959821
5.778894472361809 8890853.460719716
5.9045226130653266 8856828.557721311
6.030150753768845 8822143.593925837
6.155778894472362 8786803.089724198
6.28140703517588 8750811.648123026
6.407035175879397 8714173.954029378
6.532663316582915 8676894.77371234
6.658291457286432 8638978.954189742
6.78391959798995 8600431.422842545
6.909547738693467 8561257.186992673
7.035175879396985 8521461.333643503
7.160804020100502 8481049.029194383
7.28643216080402 8440025.519297143
7.4120603015075375 8398396.128768524
7.5376884422110555 8356166.261470865
7.663316582914573 8313341.400301711
7.788944723618091 8269927.107205845
7.914572864321608 8225929.0232462
8.040201005025125 8181352.868396182
8.165829145728644 8136204.441879821
8.291457286432161 8090489.621947173
8.417085427135678 8044214.365795117
8.542713567839195 7997384.709651699
8.668341708542714 7950006.768551365
8.793969849246231 7902086.736033951
8.919597989949748 7853630.884012352
9.045226130653266 7804645.562323694
9.170854271356784 7755137.198359512
9.296482412060302 7705112.296432319
9.422110552763819 7654577.437261673
9.547738693467336 7603539.277287925
9.673366834170855 7552004.547752492
9.798994974874372 7499980.0540638035
9.924623115577889 7447472.674624704
10.050251256281408 7394489.360072693
10.175879396984925 7341037.132085094
10.301507537688442 7287123.082240743
10.42713567839196 7232754.371127369
10.552763819095478 7177938.22685374
10.678391959798995 7122681.944053497
10.804020100502512 7066992.882554161
10.92964824120603 7010878.466233784
11.055276381909549 6954346.18163474
11.180904522613066 6897403.576748801
11.306532663316583 6840058.259792045
11.4321608040201 6782317.897783791
11.557788944723619 6724190.215317298
11.683417085427136 6665682.993200688
11.809045226130653 6606804.067060331
11.93467336683417 6547561.326044212
12.06030150753769 6487962.711317776
12.185929648241206 6428016.214708968
12.311557788944723 6367729.877205032
12.43718592964824 6307111.78748253
12.56281407035176 6246170.080404789
12.688442211055277 6184912.935453451
12.814070351758794 6123348.5752217285
12.93969849246231 6061485.263876806
13.06532663316583 5999331.305633859
13.190954773869347 5936895.043196129
13.316582914572864 5874184.856325692
13.442211055276381 5811209.160401025
13.5678391959799 5747976.40502234
13.693467336683417 5684495.072752865
13.819095477386934 5620773.6779126255
13.944723618090451 5556820.7653636355
14.07035175879397 5492644.909678919
14.195979899497488 5428254.714053407
14.321608040201005 5363658.809600835
14.447236180904522 5298865.854660068
14.57286432160804 5233884.534084259
14.698492462311558 5168723.558831621
14.824120603015075 5103391.665389144
14.949748743718592 5037897.615521466
15.075376884422111 4972250.195690468
15.201005025125628 4906458.216848826
15.326633165829145 4840530.513734695
15.452261306532664 4774475.944671569
15.577889447236181 4708303.391017028
15.703517587939698 4642021.756229753
15.829145728643216 4575639.965243036
15.954773869346734 4509166.963476384
16.08040201005025 4442611.715798378
16.20603015075377 4375983.204828686
16.331658291457288 4309290.429906991
16.457286432160803 4242542.404932031
16.582914572864322 4175748.1566567793
16.70854271356784 4108916.7223521625
16.834170854271356 4042057.1476135976
16.959798994974875 3975178.483771096
17.08542713567839 3908289.785170623
17.21105527638191 3841400.106458555
17.33668341708543 3774518.499665017
17.462311557788944 3707654.011141872
17.587939698492463 3640815.6786551354
17.71356783919598 3574012.528334769
17.839195979899497 3507253.571724214
17.964824120603016 3440547.8028577333
18.09045226130653 3373904.1954716262
18.21608040201005 3307331.7003353294
18.34170854271357 3240839.2427506726
18.467336683417084 3174435.720224109
18.592964824120603 3108130.0003266805
18.718592964824122 3041930.9188094577
18.844221105527637 2975847.2779118996
18.969849246231156 2909887.844892714
19.09547738693467 2844061.35079753
19.22110552763819 2778376.4894677442
19.34673366834171 2712841.9166957536
19.472361809045225 2647466.2496405286
19.597989949748744 2582258.0663290625
19.723618090452263 2517225.905374664
19.849246231155778 2452378.2657611044
19.974874371859297 2387723.606727103
20.100502512562816 2323270.347674316
20.22613065326633 2259026.868088751
20.35175879396985 2195001.5074691484
20.477386934673365 2131202.5651259064
20.603015075376884 2067638.3000338653
20.728643216080403 2004316.9304039918
20.85427135678392 1941246.6329924236
20.979899497487438 1878435.5426811262
21.105527638190956 1815891.7513795507
21.231155778894472 1753623.3068770398
21.35678391959799 1691638.2115882966
21.482412060301506 1629944.4208038
21.608040201005025 1568549.8409850188
21.733668341708544 1507462.3275128775
21.85929648241206 1446689.682514767
21.984924623115578 1386239.6523871766
22.110552763819097 1326119.924835954
22.236180904522612 1266338.1263269759
22.36180904522613 1206901.8188952291
22.487437185929647 1147818.4970800735
22.613065326633166 1089095.5848651542
22.738693467336685 1030740.4324364107
22.8643216080402 972760.3130792263
22.98994974874372 915162.4200968854
23.115577889447238 857953.863852547
23.241206030150753 801141.6688875912
23.366834170854272 744732.7713229974
23.492462311557787 688734.0163696166
23.618090452261306 633152.1560958788
23.743718592964825 577993.8474300894
23.86934673366834 523265.6504729963
23.99497487437186 468974.0271216215
24.12060301507538 415125.3397399417
24.246231155778894 361725.8504016271
24.371859296482413 308781.7201607505
24.497487437185928 256299.00879139628
24.623115577889447 204283.67447745593
24.748743718592966 152741.5739597431
24.87437185929648 101678.4627375583
25 51099.995366408584
