0.011482300720903114 0.011482300720903114
0 623282350.2569317
0.12562814070351758 623229483.9688576
0.25125628140703515 623176317.2117195
0.3768844221105528 623087775.8301715
0.5025125628140703 622963744.9229633
0.628140703517588 622804116.300861
0.7537688442211056 622608759.408822
0.8793969849246231 622377517.2429022
1.0050251256281406 622110205.5179694
1.1306532663316582 621806612.4143786
1.256281407035176 621466498.6987107
1.3819095477386936 621089597.8839723
1.5075376884422111 620675616.4235728
1.6331658291457287 620224234.0309671
1.7587939698492463 619735103.9534159
1.8844221105527639 619207853.3264368
2.0100502512562812 618642083.5472833
2.135678391959799 618037370.7039274
2.2613065326633164 617393265.9654998
2.386934673366834 616709296.0611364
2.512562814070352 615984963.8176818
2.6381909547738696 615219748.6469216
2.763819095477387 614413107.1499555
2.8894472361809047 613564473.6739247
3.0150753768844223 612673261.0342466
3.14070351758794 611738861.0778134
3.2663316582914574 610760645.5032259
3.391959798994975 609737966.5621213
3.5175879396984926 608670157.8820977
3.64321608040201 607556535.2762522
3.7688442211055277 606396397.6549588
3.8944723618090453 605189027.9873781
4.0201005025125625 603933694.2387953
4.1457286432160805 602629650.4186729
4.271356783919598 601276137.6691996
4.396984924623116 599872385.417892
4.522613065326633 598417612.5649564
4.648241206030151 596911028.7104943
4.773869346733668 595351835.4918585
4.899497487437186 593739227.9411701
5.025125628140704 592072395.9151367
5.150753768844221 590350525.5721345
5.276381909547739 588572800.9348077
5.402010050251256 586738405.4745048
5.527638190954774 584846523.7677233
5.653266331658291 582896343.2625116
5.778894472361809 580887056.012282
5.9045226130653266 578817860.5556551
6.030150753768845 576687963.7474087
6.155778894472362 574496582.7700915
6.28140703517588 572242947.0255337
6.407035175879397 569926300.3082311
6.532663316582915 567545902.7449927
6.658291457286432 565101033.0016361
6.78391959798995 562590990.4004624
6.909547738693467 560015097.1303116
7.035175879396985 557372700.4387203
7.160804020100502 554663174.8662863
7.28643216080402 551885924.5385163
7.4120603015075375 549040385.4096034
7.5376884422110555 546126027.5965316
7.663316582914573 543142357.6151958
7.788944723618091 540088920.7271684
7.914572864321608 536965303.2213436
8.040201005025125 533771134.7301284
8.165829145728644 530506090.51073915
8.291457286432161 527169893.7029182
8.417085427135678 523762317.6404067
8.542713567839195 520283188.0813652
8.668341708542714 516732385.4037405
8.793969849246231 513109846.82236516
8.919597989949748 509415568.5021682
9.045226130653266 505649607.7699453
9.170854271356784 501812085.1138775
9.296482412060302 497903186.18371046
9.422110552763819 493923163.8542822
9.547738693467336 489872340.0360785
9.673366834170855 485751107.58405966
9.798994974874372 481559931.96081597
9.924623115577889 477299353.0106563
10.050251256281408 472969986.4460729
10.175879396984925 468572525.37588054
10.301507537688442 464107741.66851443
10.42713567839196 459576487.18636996
10.552763819095478 454979694.888893
10.678391959798995 450318379.8743733
10.804020100502512 445593640.1826979
10.92964824120603 440806657.5055486
11.055276381909549 435958697.71775365
11.180904522613066 431051111.23800045
11.306532663316583 426085333.22988653
11.4321608040201 421062883.59619313
11.557788944723619 415985366.80319744
11.683417085427136 410854471.49661183
11.809045226130653 405671969.90750486
11.93467336683417 400439717.0747087
12.06030150753769 395159649.80725527
12.185929648241206 389833785.47867477
12.311557788944723 384464220.5601787
12.43718592964824 379053128.9414829
12.56281407035176 373602760.02350885
12.688442211055277 368115436.5733033
12.814070351758794 362593552.3576002
12.93969849246231 357039569.5375625
13.06532663316583 351456015.83704907
13.190954773869347 345845481.48435843
13.316582914572864 340210615.93196994
13.442211055276381 334554124.3537365
13.5678391959799 328878763.9347845
13.693467336683417 323187339.9550538
13.819095477386934 317482701.66770625
13.944723618090451 311767738.00082487
14.07035175879397 306045373.0820845
14.195979899497488 300318561.579723
14.321608040201005 294590283.9154325
14.447236180904522 288863541.3300288
14.57286432160804 283141350.8126093
14.698492462311558 277426739.94134855
14.824120603015075 271722741.6305734
14.949748743718592 266032388.785531
15.075376884422111 260358708.937336
15.201005025125628 254704718.8029798
15.326633165829145 249073418.85431293
15.452261306532664 243467787.88130373
15.577889447236181 237890777.56232977
15.703517587939698 232345307.08245066
15.829145728643216 226834257.8046342
15.954773869346734 221360468.00113216
16.08040201005025 215926727.67821687
16.20603015075377 210535773.49357778
16.331658291457288 205190283.79064608
16.457286432160803 199892873.75068045
16.582914572864322 194646090.68706423
16.70854271356784 189452409.4786146
16.834170854271356 184314228.16069236
16.959798994974875 179233863.67959058
17.08542713567839 174213547.8202172
17.21105527638191 169255423.31264013
17.33668341708543 164361540.12971792
17.462311557788944 159533851.98074567
17.587939698492463 154774213.01200393
17.71356783919598 150084374.7235989
17.839195979899497 145465983.10598966
17.964824120603016 140920576.01632524
18.09045226130653 136449580.78988114
18.21608040201005 132054312.10646921
18.34170854271357 127735970.1191223
18.467336683417084 123495638.84644742
18.592964824120603 119334284.84484035
18.718592964824122 115252756.16103485
18.844221105527637 111251781.57461926
18.969849246231156 107331970.1324957
19.09547738693467 103493810.98007084
19.22110552763819 99737673.48614398
19.34673366834171 96063807.66457218
19.472361809045225 92472344.8941191
19.597989949748744 88963298.91973649
19.723618090452263 85536567.1446021
19.849246231155778 82191932.19526893
19.974874371859297 78929063.75116219
20.100502512562816 75747520.63728382
20.22613065326633 72646753.15265584
20.35175879396985 69626105.63795494
20.477386934673365 66684819.25373666
20.603015075376884 63822034.966053784
20.728643216080403 61036796.71465987
20.85427135678392 58328054.75540125
20.979899497487438 55694669.15611123
21.105527638190956 53135413.430247195
21.231155778894472 50648978.29541517
21.35678391959799 48233975.53645123
21.482412060301506 45888941.960930884
21.608040201005025 43612343.43074274
21.733668341708544 41402578.95517278
21.85929648241206 39257984.831979595
21.984924623115578 37176838.82344876
22.110552763819097 35157364.35444022
22.236180904522612 33197734.721268054
22.36180904522613 31296077.301118076
22.487437185929647 29450477.750046536
22.613065326633166 27658984.183499143
22.738693467336685 25919611.32821178
22.8643216080402 24230344.639044523
22.98994974874372 22589144.375589874
23.115577889447238 20993949.629264005
23.241206030150753 19442682.300245564
23.366834170854272 17933251.015470203
23.492462311557787 16463554.988208866
23.618090452261306 15031487.813184422
23.743718592964825 13634941.196959186
23.86934673366834 12271808.621779617
23.99497487437186 10939988.941192714
24.12060301507538 9637389.907567365
24.246231155778894 8361931.632596313
24.371859296482413 7111549.979253998
24.497487437185928 5884199.888597355
24.623115577889447 4677858.641062153
24.748743718592966 3490529.0550285853
24.87437185929648 2320242.6240477366
25 1165062.5952872012
