0.10943004542416371 0.10943004542416371
0 8182277.577054525
0.12562814070351758 8181953.962749322
0.25125628140703515 8180979.90052974
0.3768844221105528 8179356.5569986515
0.5025125628140703 8177084.07664577
0.628140703517588 8174162.664557599
0.7537688442211056 8170592.585239841
0.8793969849246231 8166374.165672373
1.0050251256281406 8161507.799533625
1.1306532663316582 8155993.94477772
1.256281407035176 8149833.131770683
1.3819095477386936 8143025.961143338
1.5075376884422111 8135573.111882831
1.6331658291457287 8127475.339445616
1.7587939698492463 8118733.482917457
1.8844221105527639 8109348.465957845
2.0100502512562812 8099321.299416566
2.135678391959799 8088653.086354564
2.2613065326633164 8077345.022690805
2.386934673366834 8065398.4003515495
2.512562814070352 8052814.609740504
2.6381909547738696 8039595.141707831
2.763819095477387 8025741.588648576
2.8894472361809047 8011255.646138299
3.0150753768844223 7996139.114048941
3.14070351758794 7980393.896797705
3.2663316582914574 7964022.003857672
3.391959798994975 7947025.549739582
3.5175879396984926 7929406.753238118
3.64321608040201 7911167.937271359
3.7688442211055277 7892311.527199769
3.8944723618090453 7872840.050275883
4.0201005025125625 7852756.133527855
4.1457286432160805 7832062.502212512
4.271356783919598 7810761.977821478
4.396984924623116 7788857.47600352
4.522613065326633 7766352.004130303
4.648241206030151 7743248.659166897
4.773869346733668 7719550.624994299
4.899497487437186 7695261.170027383
5.025125628140704 7670383.6444471795
5.150753768844221 7644921.477813854
5.276381909547739 7618878.176476319
5.402010050251256 7592257.321126263
5.527638190954774 7565062.564303953
5.653266331658291 7537297.6282392265
5.778894472361809 7508966.302678053
5.9045226130653266 7480072.44252504
6.030150753768845 7450619.966512329
6.155778894472362 7420612.855382757
6.28140703517588 7390055.150036648
6.407035175879397 7358950.9509642385
6.532663316582915 7327304.41658296
6.658291457286432 7295119.76347071
6.78391959798995 7262401.264509313
6.909547738693467 7229153.24998242
7.035175879396985 7195380.106614206
7.160804020100502 7161086.2788799545
7.28643216080402 7126276.268317834
7.4120603015075375 7090954.634784083
7.5376884422110555 7055125.997400817
7.663316582914573 7018795.035665842
7.788944723618091 6981966.490224684
7.914572864321608 6944645.164071467
8.040201005025125 6906835.924578147
8.165829145728644 6868543.703795211
8.291457286432161 6829773.500342518
8.417085427135678 6790530.380449121
8.542713567839195 6750819.478888284
8.668341708542714 6710646.000128257
8.793969849246231 6670015.218834457
8.919597989949748 6628932.480554136
9.045226130653266 6587403.201975098
9.170854271356784 6545432.871121004
9.296482412060302 6503027.047047425
9.422110552763819 6460191.359581298
9.547738693467336 6416931.508791515
9.673366834170855 6373253.263921306
9.798994974874372 6329162.462684403
9.924623115577889 6284665.009866642
10.050251256281408 6239766.876266852
10.175879396984925 6194474.09718215
10.301507537688442 6148792.770897401
10.42713567839196 6102729.0575991385
10.552763819095478 6056289.177399067
10.678391959798995 6009479.409284262
10.804020100502512 5962306.089442178
10.92964824120603 5914775.610063234
11.055276381909549 5866894.4178957315
11.180904522613066 5818669.013009799
11.306532663316583 5770105.947622852
11.4321608040201 5721211.824806318
11.557788944723619 5671993.297218516
11.683417085427136 5622457.065920059
11.809045226130653 5572609.879096588
11.93467336683417 5522458.53028039
12.06030150753769 5472009.857218032
12.185929648241206 5421270.739756633
12.311557788944723 5370248.098331565
12.43718592964824 5318948.89149313
12.56281407035176 5267380.113981557
12.688442211055277 5215548.794283417
12.814070351758794 5163461.991803893
12.93969849246231 5111126.7944078045
13.06532663316583 5058550.315520676
13.190954773869347 5005739.691579564
13.316582914572864 4952702.07920084
13.442211055276381 4899444.652345225
13.5678391959799 4845974.600283573
13.693467336683417 4792299.125098669
13.819095477386934 4738425.439916025
13.944723618090451 4684360.7676235195
14.07035175879397 4630112.339406179
14.195979899497488 4575687.394608323
14.321608040201005 4521093.180368045
14.447236180904522 4466336.952099497
14.57286432160804 4411425.97443079
14.698492462311558 4356367.52250043
14.824120603015075 4301168.8837073315
14.949748743718592 4245837.360083763
15.075376884422111 4190380.270349284
15.201005025125628 4134804.9528625095
15.326633165829145 4079118.7676595086
15.452261306532664 4023329.0996354586
15.577889447236181 3967443.3611395117
15.703517587939698 3911468.993497828
15.829145728643216 3855413.469313206
15.954773869346734 3799284.2937407196
16.08040201005025 3743089.0055929003
16.20603015075377 3686835.1765438234
16.331658291457288 3630530.4119516853
16.457286432160803 3574182.3485273817
16.582914572864322 3517798.652914324
16.70854271356784 3461387.018537348
16.834170854271356 3404955.162459945
16.959798994974875 3348510.821052882
17.08542713567839 3292061.7452474777
17.21105527638191 3235615.695341091
17.33668341708543 3179180.435120713
17.462311557788944 3122763.7259421796
17.587939698492463 3066373.3204483176
17.71356783919598 3010016.9562757183
17.839195979899497 2953702.3495476637
17.964824120603016 2897437.1892764457
18.09045226130653 2841229.1309571234
18.21608040201005 2785085.7915950865
18.34170854271357 2729014.7447385876
18.467336683417084 2673023.5161856534
18.592964824120603 2617119.580164129
18.718592964824122 2561310.356913641
18.844221105527637 2505603.210375913
18.969849246231156 2450005.4469717024
19.09547738693467 2394524.3147916053
19.22110552763819 2339167.004787231
19.34673366834171 2283940.6507515493
19.472361809045225 2228852.331912562
19.597989949748744 2173909.075070546
19.723618090452263 2119117.8574344856
19.849246231155778 2064485.610168549
19.974874371859297 2010019.2220811404
20.100502512562816 1955725.5436225482
20.22613065326633 1901611.3909324012
20.35175879396985 1847683.5498966966
20.477386934673365 1793948.7799499696
20.603015075376884 1740413.8180331914
20.728643216080403 1687085.3817213795
20.85427135678392 1633970.1713738719
20.979899497487438 1581074.8733517122
21.105527638190956 1528406.1608520667
21.231155778894472 1475970.6945798243
21.35678391959799 1423775.1231219326
21.482412060301506 1371826.0814747456
21.608040201005025 1320130.1898362346
21.733668341708544 1268694.0503198728
21.85929648241206 1217524.244031182
21.984924623115578 1166627.3269783652
22.110552763819097 1116009.8241692472
22.236180904522612 1065678.2251999197
22.36180904522613 1015638.9774119486
22.487437185929647 965898.4795309692
22.613065326633166 916463.0750623187
22.738693467336685 867339.0452028034
22.8643216080402 818532.6018914031
22.98994974874372 770049.8811183257
23.115577889447238 721896.9364171068
23.241206030150753 674079.7324482426
23.366834170854272 626604.13985319
23.492462311557787 579475.9300762749
23.618090452261306 532700.771147923
23.743718592964825 486284.2241866666
23.86934673366834 440231.74104102585
23.99497487437186 394548.66304180684
24.12060301507538 349240.21934913314
24.246231155778894 304311.52795492485
24.371859296482413 259767.5961985574
24.497487437185928 215613.3233844823
24.623115577889447 171853.50258130647
24.748743718592966 128492.82455447872
24.87437185929648 85535.8816042853
25 42987.17162702211
