0.005241670654642098 0.005241670654642098
0 3675284574.568294
0.12562814070351758 3675283873.0186305
0.25125628140703515 3675281744.509547
0.3768844221105528 3675278128.6850877
0.5025125628140703 3675272921.2086463
0.628140703517588 3675265972.2819743
0.7537688442211056 3675257082.7964387
0.8793969849246231 3675245999.3223543
1.0050251256281406 3675232407.783741
1.1306532663316582 3675215925.771057
1.256281407035176 3675196093.3053956
1.3819095477386936 3675172362.0120173
1.5075376884422111 3675144082.404628
1.6331658291457287 3675110489.2787404
1.7587939698492463 3675070684.821696
1.8844221105527639 3675023619.4330983
2.0100502512562812 3674968069.8093557
2.135678391959799 3674902614.2833047
2.2613065326633164 3674825604.880585
2.386934673366834 3674735136.1746836
2.512562814070352 3674629010.2076287
2.6381909547738696 3674504697.73652
2.763819095477387 3674359294.913443
2.8894472361809047 3674189475.7155457
3.0150753768844223 3673991439.275686
3.14070351758794 3673760852.357198
3.2663316582914574 3673492786.26207
3.391959798994975 3673181648.3672767
3.5175879396984926 3672821107.6730256
3.64321608040201 3672404014.681359
3.7688442211055277 3671922314.956201
3.8944723618090453 3671366956.926071
4.0201005025125625 3670727793.325959
4.1457286432160805 3669993477.0003085
4.271356783919598 3669151350.675918
4.396984924623116 3668187331.5153546
4.522613065326633 3667085790.431271
4.648241206030151 3665829427.0187125
4.773869346733668 3664399140.4257483
4.899497487437186 3662773897.4341936
5.025125628140704 3660930597.9163723
5.150753768844221 3658843939.895815
5.276381909547739 3656486284.0277996
5.402010050251256 3653827520.5635195
5.527638190954774 3650834938.6763806
5.653266331658291 3647473101.689894
5.778894472361809 3643703728.2902513
5.9045226130653266 3639485583.9783845
6.030150753768845 3634774382.5300503
6.155778894472362 3629522702.881259
6.28140703517588 3623679920.973642
6.407035175879397 3617192162.1394415
6.532663316582915 3610002275.021016
6.658291457286432 3602049830.698174
6.78391959798995 3593271151.2501397
6.909547738693467 3583599368.1281586
7.035175879396985 3572964518.247865
7.160804020100502 3561293675.349111
7.28643216080402 3548511126.3142962
7.4120603015075375 3534538589.381613
7.5376884422110555 3519295483.2418003
7.663316582914573 3502699246.259029
7.788944723618091 3484665710.8126135
7.914572864321608 3465109528.549963
8.040201005025125 3443944663.165547
8.165829145728644 3421084957.30153
8.291457286432161 3396444703.8660064
8.417085427135678 3369939312.733342
8.542713567839195 3341486217.9384522
8.668341708542714 3311005357.7383394
8.793969849246231 3278420122.308198
8.919597989949748 3243659049.687311
9.045226130653266 3206654651.6853056
9.170854271356784 3167347545.764956
9.296482412060302 3125684881.8403273
9.422110552763819 3081621001.8352466
9.547738693467336 3035124944.4045367
9.673366834170855 2986166100.6708827
9.798994974874372 2934742215.906107
9.924623115577889 2880840413.664475
10.050251256281408 2824491454.3729973
10.175879396984925 2765705597.6950197
10.301507537688442 2704547236.359923
10.42713567839196 2641057299.6649604
10.552763819095478 2575331653.9412627
10.678391959798995 2507449396.6465282
10.804020100502512 2437534866.1825447
10.92964824120603 2365709480.9579434
11.055276381909549 2292125075.3649397
11.180904522613066 2216943601.373623
11.306532663316583 2140345301.2632668
11.4321608040201 2062526568.6606367
11.557788944723619 1983695862.9153464
11.683417085427136 1904076170.962967
11.809045226130653 1823900439.4202821
11.93467336683417 1743410780.9593627
12.06030150753769 1662856415.0660357
12.185929648241206 1582490888.968568
12.311557788944723 1502569832.2959628
12.43718592964824 1423348359.1269855
12.56281407035176 1345078344.3146658
12.688442211055277 1268005767.8958101
12.814070351758794 1192368082.9133675
12.93969849246231 1118391658.4300716
13.06532663316583 1046289369.1783745
13.190954773869347 976258378.7116545
13.316582914572864 908478158.9900177
13.442211055276381 843108787.6649197
13.5678391959799 780289557.3349162
13.693467336683417 720137922.5656307
13.819095477386934 662748801.6744272
13.944723618090451 608194241.0914108
14.07035175879397 556523440.6930208
14.195979899497488 507763129.2861612
14.321608040201005 461918270.7710391
14.447236180904522 418973073.73639226
14.57286432160804 378892270.60798883
14.698492462311558 341622627.1831903
14.824120603015075 307094639.57475483
14.949748743718592 275224373.32293475
15.075376884422111 245915398.7013063
15.201005025125628 219060776.97178757
15.326633165829145 194545054.39765638
15.452261306532664 172246224.02682862
15.577889447236181 152037619.39537472
15.703517587939698 133789709.14206147
15.829145728643216 117371766.82959977
15.954773869346734 102653395.80336191
16.08040201005025 89505894.46678747
16.20603015075377 77803452.72115096
16.331658291457288 67424175.34377836
16.457286432160803 58250932.63396455
16.582914572864322 50172042.64658743
16.70854271356784 43081792.700640246
16.834170854271356 36880810.566428654
16.959798994974875 31476297.80265029
17.08542713567839 26782139.158492517
17.21105527638191 22718902.820961446
17.33668341708543 19213746.632860053
17.462311557788944 16200245.300600499
17.587939698492463 13618153.126799826
17.71356783919598 11413116.015148096
17.839195979899497 9536345.477057062
17.964824120603016 7944266.18948093
18.09045226130653 6598147.373047247
18.21608040201005 5463726.933714864
18.34170854271357 4510835.985986822
18.467336683417084 3713030.0890829572
18.592964824120603 3047232.30924214
18.718592964824122 2493392.0934746265
18.844221105527637 2034162.9176372075
18.969849246231156 1654600.7635600155
19.09547738693467 1341884.6896168767
19.22110552763819 1085060.0859241176
19.34673366834171 874804.6449855259
19.472361809045225 703216.6243156499
19.597989949748744 563624.6206746089
19.723618090452263 450417.8062138087
19.849246231155778 358895.38462369295
19.974874371859297 285133.8997173708
20.100502512562816 225870.95944687637
20.22613065326633 178403.9153230117
20.35175879396985 140502.05151359588
20.477386934673365 110330.88130897822
20.603015075376884 86387.21388087713
20.728643216080403 67443.73499459372
20.85427135678392 52501.936185280865
20.979899497487438 40752.32339756693
21.105527638190956 31540.934574275307
21.231155778894472 24341.293288776116
21.35678391959799 18731.02004295638
21.482412060301506 14372.412684029432
21.608040201005025 10996.391416913842
21.733668341708544 8389.28140574018
21.85929648241206 6381.976612693592
21.984924623115578 4841.092228238576
22.110552763819097 3661.7699245000667
22.236180904522612 2761.8504889055394
22.36180904522613 2077.172552031226
22.487437185929647 1557.7945663646635
22.613065326633166 1164.970415771283
22.738693467336685 868.7375485596683
22.8643216080402 646.00083654659
22.98994974874372 479.0159574738444
23.115577889447238 354.19344071857665
23.241206030150753 261.1590348923239
23.366834170854272 192.01814215082322
23.492462311557787 140.78207036860002
23.618090452261306 102.9220947905056
23.743718592964825 75.02407169475617
23.86934673366834 54.52184916509756
23.99497487437186 39.49218254743654
24.12060301507538 28.49746296636856
24.246231155778894 20.465458132985866
24.371859296482413 14.59757323077362
24.497487437185928 10.298972997908814
24.623115577889447 7.125352705341737
24.748743718592966 4.742278592378622
24.87437185929648 2.893896751303012
25 1.3784812221011593
