0.004524961435713645 0.004524961435713645
0 7767494745.85525
0.12562814070351758 7767494745.631571
0.25125628140703515 7767494744.956858
0.3768844221105528 7767494743.731396
0.5025125628140703 7767494741.789528
0.628140703517588 7767494738.866363
0.7537688442211056 7767494734.561654
0.8793969849246231 7767494728.283291
1.0050251256281406 7767494719.165889
1.1306532663316582 7767494705.953017
1.256281407035176 7767494686.829014
1.3819095477386936 7767494659.179092
1.5075376884422111 7767494619.252442
1.6331658291457287 7767494561.685017
1.7587939698492463 7767494478.836004
1.8844221105527639 7767494359.859681
2.0100502512562812 7767494189.423456
2.135678391959799 7767493945.937771
2.2613065326633164 7767493599.133288
2.386934673366834 7767493106.752743
2.512562814070352 7767492410.072342
2.6381909547738696 7767491427.854456
2.763819095477387 7767490048.252407
2.8894472361809047 7767488118.010681
3.0150753768844223 7767485428.169007
3.14070351758794 7767481695.231709
3.2663316582914574 7767476536.53101
3.391959798994975 7767469438.185943
3.5175879396984926 7767459713.705869
3.64321608040201 7767446450.839615
3.7688442211055277 7767428443.79624
3.8944723618090453 7767404107.3658085
4.0201005025125625 7767371368.866899
4.1457286432160805 7767327533.104922
4.271356783919598 7767269114.798704
4.396984924623116 7767191632.101436
4.522613065326633 7767089354.030305
4.648241206030151 7766954993.782684
4.773869346733668 7766779339.144336
4.899497487437186 7766550810.489053
5.025125628140704 7766254936.329332
5.150753768844221 7765873735.998838
5.276381909547739 7765384999.030259
5.402010050251256 7764761450.985574
5.527638190954774 7763969796.318533
5.653266331658291 7762969629.973974
5.778894472361809 7761712211.348764
5.9045226130653266 7760139096.662026
6.030150753768845 7758180629.086476
6.155778894472362 7755754289.883085
6.28140703517588 7752762918.738466
6.407035175879397 7749092816.892807
6.532663316582915 7744611753.20023
6.658291457286432 7739166900.195168
6.78391959798995 7732582734.925586
6.909547738693467 7724658947.610045
7.035175879396985 7715168409.457842
7.160804020100502 7703855259.993364
7.28643216080402 7690433182.551405
7.4120603015075375 7674583945.385206
7.5376884422110555 7655956293.456447
7.663316582914573 7634165283.482814
7.788944723618091 7608792160.809314
7.914572864321608 7579384881.712379
8.040201005025125 7545459387.883276
8.165829145728644 7506501741.097713
8.291457286432161 7461971224.481015
8.417085427135678 7411304511.966548
8.542713567839195 7353921001.057701
8.668341708542714 7289229389.726901
8.793969849246231 7216635550.718491
8.919597989949748 7135551763.050606
9.045226130653266 7045407299.171064
9.170854271356784 6945660255.24686
9.296482412060302 6835810787.631201
9.422110552763819 6715415214.752159
9.547738693467336 6584101122.4606285
9.673366834170855 6441583324.807028
9.798994974874372 6287679184.366674
9.924623115577889 6122325402.68593
10.050251256281408 5945591590.626317
10.175879396984925 5757695688.331988
10.301507537688442 5559013656.997679
10.42713567839196 5350090523.874768
10.552763819095478 5131643790.186493
10.678391959798995 4904566839.986798
10.804020100502512 4669923875.0513735
10.92964824120603 4428942723.94909
11.055276381909549 4182999937.696111
11.180904522613066 3933601523.493096
11.306532663316583 3682357871.7659883
11.4321608040201 3430953655.484533
11.557788944723619 3181113922.673348
11.683417085427136 2934566929.9378085
11.809045226130653 2693005411.948383
11.93467336683417 2458047709.915775
12.06030150753769 2231200380.806348
12.185929648241206 2013823953.7161362
12.311557788944723 1807103342.140253
12.43718592964824 1612024211.8887606
12.56281407035176 1429356293.9185884
12.688442211055277 1259644245.3546188
12.814070351758794 1103206239.2587059
12.93969849246231 960140036.6452739
13.06532663316583 830335897.2876068
13.190954773869347 713495350.1547393
13.316582914572864 609154593.5207508
13.442211055276381 516711143.0869747
13.5678391959799 435452297.76507527
13.693467336683417 364584041.16634065
13.819095477386934 303259128.230307
13.944723618090451 250603300.94971508
14.07035175879397 205738812.00581363
14.195979899497488 167804687.29427436
14.321608040201005 135973406.87273544
14.447236180904522 109463911.6528435
14.57286432160804 87551037.78312583
14.698492462311558 69571634.70704295
14.824120603015075 54927733.58338001
14.949748743718592 43087201.31024604
15.075376884422111 33582345.9557626
15.201005025125628 26006938.06616277
15.326633165829145 20012086.165787295
15.452261306532664 15301361.009161469
15.577889447236181 11625508.549667131
15.703517587939698 8777032.02184033
15.829145728643216 6584863.747448542
15.954773869346734 4909290.833604238
16.08040201005025 3637248.2583855176
16.20603015075377 2678049.348752043
16.331658291457288 1959587.922550757
16.457286432160803 1425018.3205205128
16.582914572864322 1029898.6644254676
16.70854271356784 739768.1199028973
16.834170854271356 528119.7404287839
16.959798994974875 374725.6022132959
17.08542713567839 264269.4262673641
17.21105527638191 185242.8313066256
17.33668341708543 129063.9987005204
17.462311557788944 89381.22126803373
17.587939698492463 61528.04756696806
17.71356783919598 42101.14222940092
17.839195979899497 28636.289337997656
17.964824120603016 19361.989292547183
18.09045226130653 13013.732576742628
18.21608040201005 8695.224727879198
18.34170854271357 5775.57485569633
18.467336683417084 3813.762450452665
18.592964824120603 2503.598790575599
18.718592964824122 1633.9444661648736
18.844221105527637 1060.1815821637167
18.969849246231156 683.9159459849009
19.09547738693467 438.64582812341763
19.22110552763819 279.7200262400702
19.34673366834171 177.3540444796172
19.472361809045225 111.80894089374353
19.597989949748744 70.08741299170427
19.723618090452263 43.68597123562295
19.849246231155778 27.076535960218106
19.974874371859297 16.688000125240446
20.100502512562816 10.22790768603854
20.22613065326633 6.233789546467863
20.35175879396985 3.778436453707635
20.477386934673365 2.2776074899195984
20.603015075376884 1.365415572753563
20.728643216080403 0.8141094275226723
20.85427135678392 0.4827760900998054
20.979899497487438 0.2847522452928046
21.105527638190956 0.16705547741347482
21.231155778894472 0.09748560506058898
21.35678391959799 0.05658754456039542
21.482412060301506 0.03267506774355157
21.608040201005025 0.018769057289601782
21.733668341708544 0.010725414554943781
21.85929648241206 0.00609743310805381
21.984924623115578 0.0034487150333678386
22.110552763819097 0.0019407123547665838
22.236180904522612 0.0010866137945980932
22.36180904522613 0.0006053636281103862
22.487437185929647 0.0003355843276921357
22.613065326633166 0.00018511802318707142
22.738693467336685 0.00010161905341446188
22.8643216080402 0.00005551354683830661
22.98994974874372 0.000030181333875403407
23.115577889447238 0.000016330969993535263
23.241206030150753 0.000008795050427275585
23.366834170854272 0.0000047145083750022556
23.492462311557787 0.0000025155059069820245
23.618090452261306 0.0000013360553066180284
23.743718592964825 0.0000007064040034932348
23.86934673366834 0.0000003718184691861626
23.99497487437186 0.00000019483944132240435
24.12060301507538 0.00000010165007296949853
24.246231155778894 0.0000000527996548086517
24.371859296482413 0.00000002730352374552162
24.497487437185928 0.000000014050802785906761
24.623115577889447 0.00000000718382389693276
24.748743718592966 0.0000000036246435828692764
24.87437185929648 0.0000000017555603413657707
25 0.0000000007151086921994834
