0.008556954480019757 0.008556954480019757
0 1052283098.8389282
0.12562814070351758 1052225571.8668548
0.25125628140703515 1052167646.8302451
0.3768844221105528 1052071085.8030542
0.5025125628140703 1051935621.0062841
0.628140703517588 1051760934.6828015
0.7537688442211056 1051546627.3542823
0.8793969849246231 1051292213.2232387
1.0050251256281406 1050997118.9825509
1.1306532663316582 1050660683.3894215
1.256281407035176 1050282157.0573562
1.3819095477386936 1049860702.3546466
1.5075376884422111 1049395393.3348244
1.6331658291457287 1048885215.7037967
1.7587939698492463 1048329066.8125594
1.8844221105527639 1047725755.6839774
2.0100502512562812 1047074003.070542
2.135678391959799 1046372441.5574434
2.2613065326633164 1045619615.7126802
2.386934673366834 1044813982.2836155
2.512562814070352 1043953910.4694376
2.6381909547738696 1043037682.2530175
2.763819095477387 1042063492.8208973
2.8894472361809047 1041029451.0629153
3.0150753768844223 1039933580.1758951
3.14070351758794 1038773818.3783816
3.2663316582914574 1037548019.7295117
3.391959798994975 1036253955.0904686
3.5175879396984926 1034889313.2161614
3.64321608040201 1033451702.0019587
3.7688442211055277 1031938649.8826203
3.8944723618090453 1030347607.4133027
4.0201005025125625 1028675949.0255039
4.1457286432160805 1026920974.9841441
4.271356783919598 1025079913.5506021
4.396984924623116 1023149923.3577676
4.522613065326633 1021128096.0319104
4.648241206030151 1019011459.0361471
4.773869346733668 1016796978.7911803
4.899497487437186 1014481564.0481287
5.025125628140704 1012062069.5478588
5.150753768844221 1009535299.9685415
5.276381909547739 1006898014.1816162
5.402010050251256 1004146929.8162485
5.527638190954774 1001278728.1521556
5.653266331658291 998290059.355888
5.778894472361809 995177548.0510638
5.9045226130653266 991937799.2584081
6.030150753768845 988567404.6932161
6.155778894472362 985062949.4477216
6.28140703517588 981421019.0384645
6.407035175879397 977638206.8655353
6.532663316582915 973711122.0350747
6.658291457286432 969636397.6121354
6.78391959798995 965410699.2372773
6.909547738693467 961030734.1716496
7.035175879396985 956493260.713737
7.160804020100502 951795098.0255575
7.28643216080402 946933136.331572
7.4120603015075375 941904347.4996822
7.5376884422110555 936705795.9737079
7.663316582914573 931334650.0663023
7.788944723618091 925788193.5794126
7.914572864321608 920063837.7246516
8.040201005025125 914159133.2902663
8.165829145728644 908071783.1221741
8.291457286432161 901799654.8693109
8.417085427135678 895340793.6926458
8.542713567839195 888693435.1854411
8.668341708542714 881856018.9214935
8.793969849246231 874827201.160981
8.919597989949748 867605867.485806
9.045226130653266 860191147.5466146
9.170854271356784 852582426.2727947
9.296482412060302 844779356.4179193
9.422110552763819 836781874.2079533
9.547738693467336 828590206.5968819
9.673366834170855 820204887.2997706
9.798994974874372 811626766.415959
9.924623115577889 802857020.6189559
10.050251256281408 793897164.7067575
10.175879396984925 784749060.4997733
10.301507537688442 775414925.1789482
10.42713567839196 765897339.7905915
10.552763819095478 756199256.5846647
10.678391959798995 746324003.0022368
10.804020100502512 736275289.7843488
10.92964824120603 726057212.0847353
11.055276381909549 715674251.8638282
11.180904522613066 705131283.1021241
11.306532663316583 694433565.5491977
11.4321608040201 683586748.2513751
11.557788944723619 672596865.2227904
11.683417085427136 661470329.1456722
11.809045226130653 650213927.8511904
11.93467336683417 638834815.7118694
12.06030150753769 627340503.9635772
12.185929648241206 615738850.6116794
12.311557788944723 604038047.8181897
12.43718592964824 592246607.6116278
12.56281407035176 580373346.3322787
12.688442211055277 568427367.4022555
12.814070351758794 556418042.4453483
12.93969849246231 544354990.943395
13.06532663316583 532248058.4763568
13.190954773869347 520107293.56498116
13.316582914572864 507942923.206187
13.442211055276381 495765327.1991658
13.5678391959799 483585011.3666783
13.693467336683417 471412579.7790443
13.819095477386934 459258706.096047
13.944723618090451 447134104.1559435
14.07035175879397 435049497.94716793
14.195979899497488 423015591.10264456
14.321608040201005 411043036.06314343
14.447236180904522 399142403.0617451
14.57286432160804 387324149.0820165
14.698492462311558 375598586.94892067
14.824120603015075 363975854.7105226
14.949748743718592 352465885.47048986
15.075376884422111 341078377.83072674
15.201005025125628 329822767.10196763
15.326633165829145 318708197.43876183
15.452261306532664 307743495.04975957
15.577889447236181 296937142.6325516
15.703517587939698 286297255.17509055
15.829145728643216 275831557.25932676
15.954773869346734 265547361.99654734
16.08040201005025 255451551.71388856
16.20603015075377 245550560.50148752
16.331658291457288 235850358.72092113
16.457286432160803 226356439.56063628
16.582914572864322 217073807.71262857
16.70854271356784 208006970.22935697
16.834170854271356 199159929.6054026
16.959798994974875 190536179.1110239
17.08542713567839 182138700.38958022
17.21105527638191 173969963.31214458
17.33668341708543 166031928.06690833
17.462311557788944 158326049.44268864
17.587939698492463 150853283.25003737
17.71356783919598 143614094.80688044
17.839195979899497 136608469.40067378
17.964824120603016 129835924.62501831
18.09045226130653 123295524.47563072
18.21608040201005 116985895.07958946
18.34170854271357 110905241.92146769
18.467336683417084 105051368.42222473
18.592964824120603 99421695.71993592
18.718592964824122 94013283.49689497
18.844221105527637 88822851.69415596
18.969849246231156 83846802.95375048
19.09547738693467 79081245.62836897
19.22110552763819 74522017.20031948
19.34673366834171 70164707.95479305
19.472361809045225 66004684.75634424
19.597989949748744 62037114.78367764
19.723618090452263 58256989.083956234
19.849246231155778 54659145.81557704
19.974874371859297 51238293.056610756
20.100502512562816 47989031.06493576
20.22613065326633 44905873.885553464
20.35175879396985 41983270.21037291
20.477386934673365 39215623.40566828
20.603015075376884 36597310.63270102
20.728643216080403 34122700.99713762
20.85427135678392 31786172.672913574
20.979899497487438 29582128.95625844
21.105527638190956 27505013.215290282
21.231155778894472 25549322.709811866
21.35678391959799 23709621.26511579
21.482412060301506 21980550.7919967
21.608040201005025 20356841.65334278
21.733668341708544 18833321.885071523
21.85929648241206 17404925.286272828
21.984924623115578 16066698.399739586
22.110552763819097 14813806.409884855
22.236180904522612 13641537.990223683
22.36180904522613 12545309.137262164
22.487437185929647 11520666.031629585
22.613065326633166 10563286.970695846
22.738693467336685 9668983.419901276
22.8643216080402 8833700.232312717
22.98994974874372 8053515.087814669
23.115577889447238 7324637.204756258
23.241206030150753 6643405.377775209
23.366834170854272 6006285.396142229
23.492462311557787 5409866.897124485
23.618090452261306 4850859.708721242
23.743718592964825 4326089.735768102
23.86934673366834 3832494.4426763277
23.99497487437186 3367117.9852867033
24.12060301507538 2927106.0431523807
24.246231155778894 2509700.4025545013
24.371859296482413 2112233.339091836
24.497487437185928 1732121.8474767269
24.623115577889447 1366861.7646817756
24.748743718592966 1014021.8311653751
24.87437185929648 671237.733516567
25 336206.17041312816
