0.037227827882957455 0.037227827882957455
0 100247757.5319308
0.12562814070351758 100244737.78193289
0.25125628140703515 100235648.36680093
0.3768844221105528 100220499.81122313
0.5025125628140703 100199292.86064
0.628140703517588 100172028.52990603
0.7537688442211056 100138708.05494408
0.8793969849246231 100099332.85307956
1.0050251256281406 100053904.49175537
1.1306532663316582 100002424.63327263
1.256281407035176 99944894.97015311
1.3819095477386936 99881317.23264009
1.5075376884422111 99811693.05090627
1.6331658291457287 99736023.97070016
1.7587939698492463 99654311.38192262
1.8844221105527639 99566556.4945997
2.0100502512562812 99472760.32471678
2.135678391959799 99372923.64591348
2.2613065326633164 99267047.02579655
2.386934673366834 99155130.73101646
2.512562814070352 99037174.88569668
2.6381909547738696 98913179.30294399
2.763819095477387 98783143.67917457
2.8894472361809047 98647067.50937168
3.0150753768844223 98504950.1856254
3.14070351758794 98356791.01410347
3.2663316582914574 98202589.21807115
3.391959798994975 98042344.04851513
3.5175879396984926 97876054.76318747
3.64321608040201 97703720.69313121
3.7688442211055277 97525341.31168966
3.8944723618090453 97340916.10008398
4.0201005025125625 97150444.80486068
4.1457286432160805 96953927.25460756
4.271356783919598 96751363.5338522
4.396984924623116 96542753.80791524
4.522613065326633 96328098.46844551
4.648241206030151 96107398.03606482
4.773869346733668 95880653.23413715
4.899497487437186 95647864.93622902
5.025125628140704 95409034.10857232
5.150753768844221 95164161.89318958
5.276381909547739 94913249.5083567
5.402010050251256 94656298.37485525
5.527638190954774 94393309.97434567
5.653266331658291 94124285.90252116
5.778894472361809 93849227.9665777
5.9045226130653266 93568138.0650039
6.030150753768845 93281018.37545563
6.155778894472362 92987871.20482609
6.28140703517588 92688699.1496759
6.407035175879397 92383505.1137597
6.532663316582915 92072292.32181513
6.658291457286432 91755064.40245563
6.78391959798995 91431825.35958864
6.909547738693467 91102579.68430905
7.035175879396985 90767332.39826441
7.160804020100502 90426089.06063934
7.28643216080402 90078855.7607209
7.4120603015075375 89725639.16801614
7.5376884422110555 89366446.57753627
7.663316582914573 89001285.8837711
7.788944723618091 88630165.65869637
7.914572864321608 88253095.03328243
8.040201005025125 87870083.8031487
8.165829145728644 87481142.29250532
8.291457286432161 87086281.52479956
8.417085427135678 86685512.99559604
8.542713567839195 86278848.86148179
8.668341708542714 85866301.78961818
8.793969849246231 85447885.01797192
8.919597989949748 85023612.33394097
9.045226130653266 84593498.12663406
9.170854271356784 84157557.32270354
9.296482412060302 83715805.46019432
9.422110552763819 83268258.68833847
9.547738693467336 82814933.83288243
9.673366834170855 82355848.37672818
9.798994974874372 81891020.62318404
9.924623115577889 81420469.58055797
10.050251256281408 80944215.16074762
10.175879396984925 80462278.15318531
10.301507537688442 79974680.30446956
10.42713567839196 79481444.33266506
10.552763819095478 78982594.03992589
10.678391959798995 78478154.27669004
10.804020100502512 77968151.01858412
10.92964824120603 77452611.40431333
11.055276381909549 76931563.69902766
11.180904522613066 76405037.3734419
11.306532663316583 75873063.06141277
11.4321608040201 75335672.56439814
11.557788944723619 74792898.87811165
11.683417085427136 74244776.14015293
11.809045226130653 73691339.68211871
11.93467336683417 73132625.95317619
12.06030150753769 72568672.55276953
12.185929648241206 71999518.22273856
12.311557788944723 71425202.84919074
12.43718592964824 70845767.4868498
12.56281407035176 70261254.37542252
12.688442211055277 69671706.96930557
12.814070351758794 69077169.94692902
12.93969849246231 68477689.3094293
13.06532663316583 67873312.35960929
13.190954773869347 67264087.81079432
13.316582914572864 66650065.808452144
13.442211055276381 66031297.982308805
13.5678391959799 65407837.5109869
13.693467336683417 64779739.134822294
13.819095477386934 64147059.21473482
13.944723618090451 63509855.713927634
14.07035175879397 62868188.24863832
14.195979899497488 62222118.04679361
14.321608040201005 61571707.96085722
14.447236180904522 60917022.41121025
14.57286432160804 60258127.364844926
14.698492462311558 59595090.2786968
14.824120603015075 58927980.05078656
14.949748743718592 58256866.962726146
15.075376884422111 57581822.63703587
15.201005025125628 56902919.9708318
15.326633165829145 56220233.13479619
15.452261306532664 55533837.516709775
15.577889447236181 54843809.739346005
15.703517587939698 54150227.651754856
15.829145728643216 53453170.37205803
15.954773869346734 52752718.33108213
16.08040201005025 52048953.34689887
16.20603015075377 51341958.7137547
16.331658291457288 50631819.283828415
16.457286432160803 49918621.5861756
16.582914572864322 49202453.93830453
16.70854271356784 48483406.549373955
16.834170854271356 47761571.639910206
16.959798994974875 47037043.54484798
17.08542713567839 46309918.786420666
17.21105527638191 45580296.14244138
17.33668341708543 44848276.692218505
17.462311557788944 44113963.82639542
17.587939698492463 43377463.247084685
17.71356783919598 42638882.93485099
17.839195979899497 41898333.07454598
17.964824120603016 41155925.98713038
18.09045226130653 40411776.021108486
18.21608040201005 39665999.42634951
18.34170854271357 38918714.232704125
18.467336683417084 38170040.10671221
18.592964824120603 37420098.216241755
18.718592964824122 36669011.10425479
18.844221105527637 35916902.54914455
18.969849246231156 35163897.467102304
19.09547738693467 34410121.81311507
19.22110552763819 33655702.507587954
19.34673366834171 32900767.387976844
19.472361809045225 32145445.170986574
19.597989949748744 31389865.44564498
19.723618090452263 30634158.664291583
19.849246231155778 29878456.183284294
19.974874371859297 29122890.280747596
20.100502512562816 28367594.211040005
20.22613065326633 27612702.245356333
20.35175879396985 26858349.70031701
20.477386934673365 26104673.00203008
20.603015075376884 25351809.680306975
20.728643216080403 24599898.426242545
20.85427135678392 23849079.053580526
20.979899497487438 23099492.512169976
21.105527638190956 22351280.84422342
21.231155778894472 21604587.133091316
21.35678391959799 20859555.452547826
21.482412060301506 20116330.773338046
21.608040201005025 19375058.880873732
21.733668341708544 18635886.280651074
21.85929648241206 17898960.085820276
21.984924623115578 17164427.922286343
22.110552763819097 16432437.817719288
22.236180904522612 15703138.107173726
22.36180904522613 14976677.341504082
22.487437185929647 14253204.20544675
22.613065326633166 13532867.444935828
22.738693467336685 12815815.806082236
22.8643216080402 12102197.989528362
22.98994974874372 11392162.606884114
23.115577889447238 10685858.15125595
23.241206030150753 9983432.97604115
23.366834170854272 9285035.26869044
23.492462311557787 8590813.034019845
23.618090452261306 7900914.07138431
23.743718592964825 7215485.942225725
23.86934673366834 6534675.940694693
23.99497487437186 5858631.044309679
24.12060301507538 5187497.85385303
24.246231155778894 4521422.523588999
24.371859296482413 3860550.678112482
24.497487437185928 3205027.321540879
24.623115577889447 2554996.7371518766
24.748743718592966 1910602.3847566259
24.87437185929648 1271986.787189947
25 639291.420926152
