0.030600456163937542 0.030600456163937542
0 136179790.89662087
0.12562814070351758 136175714.06403637
0.25125628140703515 136163442.7799017
0.3768844221105528 136142990.92120236
0.5025125628140703 136114359.0015127
0.628140703517588 136077547.72443888
0.7537688442211056 136032558.00772077
0.8793969849246231 135979390.98932928
1.0050251256281406 135918048.03277275
1.1306532663316582 135848530.7439529
1.256281407035176 135770840.9797685
1.3819095477386936 135684980.84134063
1.5075376884422111 135590952.70452002
1.6331658291457287 135488759.19784153
1.7587939698492463 135378403.2105424
1.8844221105527639 135259887.8934959
2.0100502512562812 135133216.6447334
2.135678391959799 134998393.09774813
2.2613065326633164 134855421.09427035
2.386934673366834 134704304.68671712
2.512562814070352 134545048.06643185
2.6381909547738696 134377655.5885405
2.763819095477387 134202131.67841484
2.8894472361809047 134018480.83203265
3.0150753768844223 133826707.560575
3.14070351758794 133626816.34446417
3.2663316582914574 133418811.59392868
3.391959798994975 133202697.58779643
3.5175879396984926 132978478.46121493
3.64321608040201 132746158.14141966
3.7688442211055277 132505740.29725453
3.8944723618090453 132257228.35954955
4.0201005025125625 132000625.40231255
4.1457286432160805 131735934.21222536
4.271356783919598 131463157.216688
4.396984924623116 131182296.50118122
4.522613065326633 130893353.7538727
4.648241206030151 130596330.3416273
4.773869346733668 130291227.2902528
4.899497487437186 129978045.28892513
5.025125628140704 129656784.73484428
5.150753768844221 129327445.751218
5.276381909547739 128990028.26459113
5.402010050251256 128644531.9898541
5.527638190954774 128290956.54008582
5.653266331658291 127929301.44639832
5.778894472361809 127559566.19135484
5.9045226130653266 127181750.35353091
6.030150753768845 126795853.58132768
6.155778894472362 126401875.7060225
6.28140703517588 125999816.76963699
6.407035175879397 125589677.12387812
6.532663316582915 125171457.49423474
6.658291457286432 124745158.99277787
6.78391959798995 124310783.22012533
6.909547738693467 123868332.31275018
7.035175879396985 123417808.9932696
7.160804020100502 122959216.62742765
7.28643216080402 122492559.26881632
7.4120603015075375 122017841.68562143
7.5376884422110555 121535069.42140202
7.663316582914573 121044248.85562047
7.788944723618091 120545387.18306613
7.914572864321608 120038492.48983373
8.040201005025125 119523573.74896553
8.165829145728644 119000640.88718113
8.291457286432161 118469704.73273279
8.417085427135678 117930777.1316807
8.542713567839195 117383870.86728315
8.668341708542714 116828999.7326032
8.793969849246231 116266178.52372862
8.919597989949748 115695423.04306033
9.045226130653266 115116750.10035239
9.170854271356784 114530177.55701542
9.296482412060302 113935724.28337978
9.422110552763819 113333410.17784424
9.547738693467336 112723256.19379595
9.673366834170855 112105284.35164458
9.798994974874372 111479517.68417914
9.924623115577889 110845980.33788183
10.050251256281408 110204697.5238934
10.175879396984925 109555695.55359131
10.301507537688442 108899001.86076087
10.42713567839196 108234645.03120552
10.552763819095478 107562654.79929693
10.678391959798995 106883062.11928302
10.804020100502512 106195899.17267495
10.92964824120603 105501199.39598805
11.055276381909549 104798997.55198328
11.180904522613066 104089329.73890918
11.306532663316583 103372233.4477208
11.4321608040201 102647747.60595495
11.557788944723619 101915912.61114037
11.683417085427136 101176770.39240165
11.809045226130653 100430364.43082878
11.93467336683417 99676739.82319921
12.06030150753769 98915943.29988225
12.185929648241206 98148023.2653725
12.311557788944723 97373029.84033252
12.43718592964824 96591014.87857607
12.56281407035176 95802031.98746337
12.688442211055277 95006136.55434254
12.814070351758794 94203385.76442233
12.93969849246231 93393838.58938745
13.06532663316583 92577555.82234602
13.190954773869347 91754600.06279323
13.316582914572864 90925035.72248381
13.442211055276381 90088929.02729669
13.5678391959799 89246348.0141156
13.693467336683417 88397362.53518173
13.819095477386934 87542044.25279191
13.944723618090451 86680466.65113212
14.07035175879397 85812705.03970231
14.195979899497488 84938836.56910694
14.321608040201005 84058940.24814555
14.447236180904522 83173096.96717595
14.57286432160804 82281389.53259084
14.698492462311558 81383902.69836612
14.824120603015075 80480723.21392468
14.949748743718592 79571939.86846663
15.075376884422111 78657643.54577708
15.201005025125628 77737927.29536778
15.326633165829145 76812886.36708365
15.452261306532664 75882618.3079821
15.577889447236181 74947223.00698425
15.703517587939698 74006802.76556917
15.829145728643216 73061462.35969344
15.954773869346734 72111309.10941891
16.08040201005025 71156452.9295529
16.20603015075377 70197006.38067788
16.331658291457288 69233084.72657211
16.457286432160803 68264805.96374527
16.582914572864322 67292290.85614036
16.70854271356784 66315662.969484426
16.834170854271356 65335048.67888993
16.959798994974875 64350577.17778511
17.08542713567839 63362380.488542266
17.21105527638191 62370593.44535298
17.33668341708543 61375353.67226233
17.462311557788944 60376801.56848299
17.587939698492463 59375080.26997401
17.71356783919598 58370335.60055957
17.839195979899497 57362716.02648118
17.964824120603016 56352372.593373455
18.09045226130653 55339458.86063506
18.21608040201005 54324130.82554642
18.34170854271357 53306546.83788934
18.467336683417084 52286867.51669484
18.592964824120603 51265255.65414024
18.718592964824122 50241876.116645716
18.844221105527637 49216895.74438082
18.969849246231156 48190483.24845397
19.09547738693467 47162809.107265875
19.22110552763819 46134045.46545968
19.34673366834171 45104366.03151937
19.472361809045225 44073945.990611255
19.597989949748744 43042961.909723006
19.723618090452263 42011591.66509557
19.849246231155778 40980014.36064563
19.974874371859297 39948410.28679978
20.100502512562816 38916960.862799786
20.22613065326633 37885848.602662526
20.35175879396985 36855257.10239741
20.477386934673365 35825371.01927642
20.603015075376884 34796376.095712155
20.728643216080403 33768459.15408867
20.85427135678392 32741808.14608628
20.979899497487438 31716612.173184726
21.105527638190956 30693061.53681406
21.231155778894472 29671347.791015003
21.35678391959799 28651663.78651606
21.482412060301506 27634203.729652174
21.608040201005025 26619163.22914433
21.733668341708544 25606739.340978064
21.85929648241206 24597130.611334234
21.984924623115578 23590537.101480726
22.110552763819097 22587160.409009162
22.236180904522612 21587203.673923746
22.36180904522613 20590871.5698073
22.487437185929647 19598370.282044087
22.613065326633166 18609907.46801632
22.738693467336685 17625692.205351923
22.8643216080402 16645934.917483415
22.98994974874372 15670847.294044897
23.115577889447238 14700642.186356978
23.241206030150753 13735533.492343735
23.366834170854272 12775736.0364953
23.492462311557787 11821465.426191067
23.618090452261306 10872937.903398942
23.743718592964825 9930370.193381004
23.86934673366834 8993979.336740857
23.99497487437186 8063982.521837107
24.12060301507538 7140596.912620572
24.246231155778894 6224039.469691022
24.371859296482413 5314526.771401294
24.497487437185928 4412274.835551431
24.623115577889447 3517498.9388598106
24.748743718592966 2630413.433855131
24.87437185929648 1751231.571724977
25 880165.3207658873
