0.14684064200601368 0.14684064200601368
0 2484692.632153023
0.12562814070351758 2484394.58619155
0.25125628140703515 2484095.037271643
0.3768844221105528 2483596.434507398
0.5025125628140703 2482898.5180518473
0.628140703517588 2482001.211929953
0.7537688442211056 2480904.479095104
0.8793969849246231 2479608.2781062024
1.0050251256281406 2478112.5911385887
1.1306532663316582 2476417.394222264
1.256281407035176 2474522.683571373
1.3819095477386936 2472428.462679621
1.5075376884422111 2470134.755994506
1.6331658291457287 2467641.6139600133
1.7587939698492463 2464949.108174089
1.8844221105527639 2462057.345756422
2.0100502512562812 2458966.4650526475
2.135678391959799 2455676.644351431
2.2613065326633164 2452188.1020504055
2.386934673366834 2448501.102549319
2.512562814070352 2444615.9582363158
2.6381909547738696 2440533.02836783
2.763819095477387 2436252.72604617
2.8894472361809047 2431775.515524896
3.0150753768844223 2427101.9150422667
3.14070351758794 2422232.4968528966
3.2663316582914574 2417167.8873793953
3.391959798994975 2411908.7664521853
3.5175879396984926 2406455.8674682127
3.64321608040201 2400809.975282996
3.7688442211055277 2394971.9258467103
3.8944723618090453 2388942.60400799
4.0201005025125625 2382722.942668325
4.1457286432160805 2376313.920536134
4.271356783919598 2369716.5596340736
4.396984924623116 2362931.9229231584
4.522613065326633 2355961.113290286
4.648241206030151 2348805.2707678024
4.773869346733668 2341465.5691017467
4.899497487437186 2333943.214809056
5.025125628140704 2326239.444021661
5.150753768844221 2318355.520592843
5.276381909547739 2310292.7332931487
5.402010050251256 2302052.3937719245
5.527638190954774 2293635.834799332
5.653266331658291 2285044.406299973
5.778894472361809 2276279.4758309945
5.9045226130653266 2267342.4244854446
6.030150753768845 2258234.645776864
6.155778894472362 2248957.5446916493
6.28140703517588 2239512.5342586664
6.407035175879397 2229901.0364873824
6.532663316582915 2220124.4797491566
6.658291457286432 2210184.298523113
6.78391959798995 2200081.932127425
6.909547738693467 2189818.826541733
7.035175879396985 2179396.4331484972
7.160804020100502 2168816.2075900496
7.28643216080402 2158079.6122099673
7.4120603015075375 2147188.1188222924
7.5376884422110555 2136143.2062997613
7.663316582914573 2124946.363590141
7.788944723618091 2113599.0926428004
7.914572864321608 2102102.9080516547
8.040201005025125 2090459.3409113267
8.165829145728644 2078669.9396172664
8.291457286432161 2066736.2713052225
8.417085427135678 2054659.925130671
8.542713567839195 2042442.5125960654
8.668341708542714 2030085.669115776
8.793969849246231 2017591.0555102671
8.919597989949748 2004960.3582476447
9.045226130653266 1992195.2899529096
9.170854271356784 1979297.5897028374
9.296482412060302 1966269.0228000258
9.422110552763819 1953111.3796826662
9.547738693467336 1939826.4756694748
9.673366834170855 1926416.1491816612
9.798994974874372 1912882.260676285
9.924623115577889 1899226.6919259029
10.050251256281408 1885451.343636184
10.175879396984925 1871558.1348411231
10.301507537688442 1857549.0011556703
10.42713567839196 1843425.8940560129
10.552763819095478 1829190.7807218619
10.678391959798995 1814845.642824434
10.804020100502512 1800392.4770521868
10.92964824120603 1785833.295518728
11.055276381909549 1771170.1263107609
11.180904522613066 1756405.0147942628
11.306532663316583 1741540.024700043
11.4321608040201 1726577.2394708463
11.557788944723619 1711518.7643439323
11.683417085427136 1696366.7272036623
11.809045226130653 1681123.280917564
11.93467336683417 1665790.6028335132
12.06030150753769 1650370.897385184
12.185929648241206 1634866.394685868
12.311557788944723 1619279.3508306602
12.43718592964824 1603612.046705925
12.56281407035176 1587866.7858900023
12.688442211055277 1572045.8926784075
12.814070351758794 1556151.7078417928
12.93969849246231 1540186.5851695256
13.06532663316583 1524152.8873896382
13.190954773869347 1508052.9797507245
13.316582914572864 1491889.226836214
13.442211055276381 1475663.9847258613
13.5678391959799 1459379.5980325341
13.693467336683417 1443038.3931951653
13.819095477386934 1426642.6734388403
13.944723618090451 1410194.716395211
14.07035175879397 1393696.769607496
14.195979899497488 1377151.04799407
14.321608040201005 1360559.7343983408
14.447236180904522 1343924.9773570946
14.57286432160804 1327248.8935465019
14.698492462311558 1310533.5699450793
14.824120603015075 1293781.0671684835
14.949748743718592 1276993.423789876
15.075376884422111 1260172.6629588748
15.201005025125628 1243320.796785187
15.326633165829145 1226439.8349771856
15.452261306532664 1209531.7905765402
15.577889447236181 1192598.689185409
15.703517587939698 1175642.5735299273
15.829145728643216 1158665.5127213323
15.954773869346734 1141669.6071659646
16.08040201005025 1124656.9943009536
16.20603015075377 1107629.8521961833
16.331658291457288 1090590.4058415068
16.457286432160803 1073540.9254404672
16.582914572864322 1056483.7288096803
16.70854271356784 1039421.1809046384
16.834170854271356 1022355.6915460962
16.959798994974875 1005289.7112646822
17.08542713567839 988225.72764616
17.21105527638191 971166.2590253742
17.33668341708543 954113.8475731893
17.462311557788944 937071.0521616047
17.587939698492463 920040.4394998511
17.71356783919598 903024.576225452
17.839195979899497 886026.0200973105
17.964824120603016 869047.3099065297
18.09045226130653 852090.9596595526
18.21608040201005 835159.4487440512
18.34170854271357 818255.2147106328
18.467336683417084 801380.6477843343
18.592964824120603 784538.0841309708
18.718592964824122 767729.8038300821
18.844221105527637 750958.0256510403
18.969849246231156 734224.9049970802
19.09547738693467 717532.5351104258
19.22110552763819 700882.9474717672
19.34673366834171 684278.1125799951
19.472361809045225 667719.9441954959
19.597989949748744 651210.3039791596
19.723618090452263 634751.0058060366
19.849246231155778 618343.8225907527
19.974874371859297 601990.4934978768
20.100502512562816 585692.7310087883
20.22613065326633 569452.2290416489
20.35175879396985 553270.6709350765
20.477386934673365 537149.7368688225
20.603015075376884 521091.11281736236
20.728643216080403 505096.497199118
20.85427135678392 489167.60784982576
20.979899497487438 473306.1864610701
21.105527638190956 457514.005933636
21.231155778894472 441792.8743051384
21.35678391959799 426144.63434110576
21.482412060301506 410571.16836232156
21.608040201005025 395074.3975446106
21.733668341708544 379656.278427507
21.85929648241206 364318.80356194614
21.984924623115578 349063.9949844744
22.110552763819097 333893.9014295205
22.236180904522612 318810.5894097322
22.36180904522613 303816.1383030819
22.487437185929647 288912.63089662633
22.613065326633166 274102.1456531615
22.738693467336685 259386.7470851008
22.8643216080402 244768.4774301508
22.98994974874372 230249.3466059875
23.115577889447238 215831.32408258066
23.241206030150753 201516.3301300623
23.366834170854272 187306.22970564832
23.492462311557787 173202.82313292095
23.618090452261306 159207.84374707134
23.743718592964825 145322.9507197915
23.86934673366834 131549.72839048656
23.99497487437186 117889.6822678682
24.12060301507538 104344.2403743235
24.246231155778894 90914.75395811586
24.371859296482413 77602.50048898222
24.497487437185928 64408.68603509426
24.623115577889447 51334.45200267798
24.748743718592966 38380.8799379752
24.87437185929648 25548.99935076632
25 12839.795769048897
