0.0196862664046074 0.0196862664046074
0 265375266.30133438
0.12562814070351758 265366861.8371743
0.25125628140703515 265341563.54216337
0.3768844221105528 265299397.03224292
0.5025125628140703 265240358.42483765
0.628140703517588 265164442.23569182
0.7537688442211056 265071641.37246293
0.8793969849246231 264961947.0964864
1.0050251256281406 264835349.02458602
1.1306532663316582 264691835.057688
1.256281407035176 264531391.3861288
1.3819095477386936 264354002.42486933
1.5075376884422111 264159650.80528623
1.6331658291457287 263948317.3390764
1.7587939698492463 263719980.99541855
1.8844221105527639 263474618.8780157
2.0100502512562812 263212206.24082795
2.135678391959799 262932716.4691593
2.2613065326633164 262636121.09606257
2.386934673366834 262322389.86192393
2.512562814070352 261991490.71435198
2.6381909547738696 261643389.9140895
2.763819095477387 261278052.0832636
2.8894472361809047 260895440.30126616
3.0150753768844223 260495516.2336645
3.14070351758794 260078240.25663427
3.2663316582914574 259643571.59228718
3.391959798994975 259191468.49818265
3.5175879396984926 258721888.43595216
3.64321608040201 258234788.27017993
3.7688442211055277 257730124.458418
3.8944723618090453 257207853.319903
4.0201005025125625 256667931.22458592
4.1457286432160805 256110314.8417239
4.271356783919598 255534961.39329103
4.396984924623116 254941828.89559463
4.522613065326633 254330876.3993892
4.648241206030151 253702064.2195138
4.773869346733668 253055354.22331494
4.899497487437186 252390709.97436914
5.025125628140704 251708097.04406184
5.150753768844221 251007483.1486374
5.276381909547739 250288838.3788759
5.402010050251256 249552135.36502644
5.527638190954774 248797349.45138633
5.653266331658291 248024458.83729044
5.778894472361809 247233444.70083967
5.9045226130653266 246424291.32417798
6.030150753768845 245596986.2131908
6.155778894472362 244751520.1376824
6.28140703517588 243887887.2414696
6.407035175879397 243006085.085319
6.532663316582915 242106114.7278255
6.658291457286432 241187980.72224015
6.78391959798995 240251691.21414435
6.909547738693467 239297257.94973156
7.035175879396985 238324696.321305
7.160804020100502 237334025.39614108
7.28643216080402 236325267.97740835
7.4120603015075375 235298450.65133926
7.5376884422110555 234253603.8509925
7.663316582914573 233190761.86816052
7.788944723618091 232109963.00359747
7.914572864321608 231011249.5776945
8.040201005025125 229894668.0885549
8.165829145728644 228760269.23252708
8.291457286432161 227608108.07954678
8.417085427135678 226438244.14042574
8.542713567839195 225250741.51791522
8.668341708542714 224045669.0243911
8.793969849246231 222823100.27836823
8.919597989949748 221583113.90361977
9.045226130653266 220325793.6109338
9.170854271356784 219051228.34463435
9.296482412060302 217759512.40978855
9.422110552763819 216450745.63765958
9.547738693467336 215125033.44802764
9.673366834170855 213782487.03007188
9.798994974874372 212423223.4107457
9.924623115577889 211047365.60423362
10.050251256281408 209655042.67487022
10.175879396984925 208246389.83229318
10.301507537688442 206821548.54474258
10.42713567839196 205380666.58525604
10.552763819095478 203923898.0916802
10.678391959798995 202451403.65566143
10.804020100502512 200963350.31729332
10.92964824120603 199459911.657968
11.055276381909549 197941267.77205276
11.180904522613066 196407605.31939015
11.306532663316583 194859117.52024516
11.4321608040201 193296004.1468337
11.557788944723619 191718471.52505612
11.683417085427136 190126732.49203324
11.809045226130653 188521006.37736323
11.93467336683417 186901518.947758
12.06030150753769 185268502.37727433
12.185929648241206 183622195.15376383
12.311557788944723 181962842.0284448
12.43718592964824 180290693.92243263
12.56281407035176 178606007.8438933
12.688442211055277 176909046.7655897
12.814070351758794 175200079.53513703
12.93969849246231 173479380.73252165
13.06532663316583 171747230.5544818
13.190954773869347 170003914.65992618
13.316582914572864 168249724.02752703
13.442211055276381 166484954.7938471
13.5678391959799 164709908.0849001
13.693467336683417 162924889.8411755
13.819095477386934 161130210.6302156
13.944723618090451 159326185.45681757
14.07035175879397 157513133.5556454
14.195979899497488 155691378.1876721
14.321608040201005 153861246.41261595
14.447236180904522 152023068.86321357
14.57286432160804 150177179.50750586
14.698492462311558 148323915.39429906
14.824120603015075 146463616.3966246
14.949748743718592 144596624.93238273
15.075376884422111 142723285.6898539
15.201005025125628 140843945.32111108
15.326633165829145 138958952.13905543
15.452261306532664 137068655.79821023
15.577889447236181 135173406.96332538
15.703517587939698 133273556.97382924
15.829145728643216 131369457.49318574
15.954773869346734 129461460.16697097
16.08040201005025 127549916.2629861
16.20603015075377 125635176.33408229
16.331658291457288 123717589.86461847
16.457286432160803 121797504.94311911
16.582914572864322 119875267.94448563
16.70854271356784 117951223.22858667
16.834170854271356 116025712.86306587
16.959798994974875 114099076.3728794
17.08542713567839 112171650.51623166
17.21105527638191 110243769.0982841
17.33668341708543 108315762.8116201
17.462311557788944 106387959.11496499
17.587939698492463 104460682.14382164
17.71356783919598 102534252.65547957
17.839195979899497 100608988.00260372
17.964824120603016 98685202.13497546
18.09045226130653 96763205.62457305
18.21608040201005 94843305.70799121
18.34170854271357 92925806.34245479
18.467336683417084 91011008.27097923
18.592964824120603 89099209.0875684
18.718592964824122 87190703.29904486
18.844221105527637 85285782.38234149
18.969849246231156 83384734.81961638
19.09547738693467 81487846.12850794
19.22110552763819 79595398.86379561
19.34673366834171 77707672.59587419
19.472361809045225 75824943.87503234
19.597989949748744 73947486.16316392
19.723618090452263 72075569.74870099
19.849246231155778 70209461.63975804
19.974874371859297 68349425.43989483
20.100502512562816 66495721.20893571
20.22613065326633 64648605.31986614
20.35175879396985 62808330.302300915
20.477386934673365 60975144.69414693
20.603015075376884 59149292.89386346
20.728643216080403 57331015.024627395
20.85427135678392 55520546.812982656
20.979899497487438 53718119.4874366
21.105527638190956 51923959.69979342
21.231155778894472 50138289.47342963
21.35678391959799 48361326.180813484
21.482412060301506 46593282.552240424
21.608040201005025 44834366.717304334
21.733668341708544 43084782.27917742
21.85929648241206 41344728.42189092
21.984924623115578 39614400.04991975
22.110552763819097 37893987.958059296
22.236180904522612 36183679.030419715
22.36180904522613 34483656.46567413
22.487437185929647 32794100.025964
22.613065326633166 31115186.3066643
22.738693467336685 29447089.023661993
22.8643216080402 27789979.31484685
22.98994974874372 26144026.052807745
23.115577889447238 24509396.165305596
23.241206030150753 22886254.96053165
23.366834170854272 21274766.454082467
23.492462311557787 19675093.695326056
23.618090452261306 18087399.089997325
23.743718592964825 16511844.717543548
23.86934673366834 14948592.640683757
23.99497487437186 13397805.206153588
24.12060301507538 11859645.334287556
24.246231155778894 10334276.797524782
24.371859296482413 8821864.485955955
24.497487437185928 7322574.659689216
24.623115577889447 5836575.187866734
24.748743718592966 4364035.773476439
24.87437185929648 2905128.1644534036
25 1460026.3507972443
