0.06077391152043456 0.06077391152043456
0 41048028.914524086
0.12562814070351758 41046597.20137115
0.25125628140703515 41042287.78004221
0.3768844221105528 41035105.68064374
0.5025125628140703 41025051.33970407
0.628140703517588 41012125.35903954
0.7537688442211056 40996328.513411805
0.8793969849246231 40977661.75113914
1.0050251256281406 40956126.19366656
1.1306532663316582 40931723.13778839
1.256281407035176 40904454.05664196
1.3819095477386936 40874320.60086295
1.5075376884422111 40841324.59917809
1.6331658291457287 40805468.06213912
1.7587939698492463 40766753.181527
1.8844221105527639 40725182.33332389
2.0100502512562812 40680758.080599375
2.135678391959799 40633483.174579464
2.2613065326633164 40583360.55668208
2.386934673366834 40530393.36308252
2.512562814070352 40474584.92435229
2.6381909547738696 40415938.770620085
2.763819095477387 40354458.63250445
2.8894472361809047 40290148.444430344
3.0150753768844223 40223012.34693047
3.14070351758794 40153054.689959474
3.2663316582914574 40080280.03430224
3.391959798994975 40004693.15423083
3.5175879396984926 39926299.04087902
3.64321608040201 39845102.90297503
3.7688442211055277 39761110.169688374
3.8944723618090453 39674326.49279067
4.0201005025125625 39584757.74770721
4.1457286432160805 39492410.03653433
4.271356783919598 39397289.68824258
4.396984924623116 39299403.26156832
4.522613065326633 39198757.54598303
4.648241206030151 39095359.5633282
4.773869346733668 38989216.56946934
4.899497487437186 38880336.055597425
5.025125628140704 38768725.750158295
5.150753768844221 38654393.620918676
5.276381909547739 38537347.875854276
5.402010050251256 38417596.96626824
5.527638190954774 38295149.58790169
5.653266331658291 38170014.68345317
5.778894472361809 38042201.44606172
5.9045226130653266 37911719.31951589
6.030150753768845 37778578.00427297
6.155778894472362 37642787.456892386
6.28140703517588 37504357.89593036
6.407035175879397 37363299.8038983
6.532663316582915 37219623.930323556
6.658291457286432 37073341.29573
6.78391959798995 36924463.195745304
6.909547738693467 36773001.20362137
7.035175879396985 36618967.174733706
7.160804020100502 36462373.24950648
7.28643216080402 36303231.85905702
7.4120603015075375 36141555.72657224
7.5376884422110555 35977357.873499244
7.663316582914573 35810651.62150895
7.788944723618091 35641450.597606026
7.914572864321608 35469768.73739856
8.040201005025125 35295620.289612584
8.165829145728644 35119019.81862468
8.291457286432161 34939982.209418416
8.417085427135678 34758522.67102341
8.542713567839195 34574656.74017075
8.668341708542714 34388400.28428082
8.793969849246231 34199769.50657278
8.919597989949748 34008780.94827872
9.045226130653266 33815451.49295654
9.170854271356784 33619798.36925643
9.296482412060302 33421839.154838767
9.422110552763819 33221591.77937409
9.547738693467336 33019074.527260724
9.673366834170855 32814306.041213147
9.798994974874372 32607305.325134166
9.924623115577889 32398091.74607741
10.050251256281408 32186685.03785107
10.175879396984925 31973105.302714273
10.301507537688442 31757373.014338575
10.42713567839196 31539509.019012142
10.552763819095478 31319534.539205
10.678391959798995 31097471.173671454
10.804020100502512 30873340.901053064
10.92964824120603 30647166.080389556
11.055276381909549 30418969.453268964
11.180904522613066 30188774.145737156
11.306532663316583 29956603.66893892
11.4321608040201 29722481.921359662
11.557788944723619 29486433.190341137
11.683417085427136 29248482.152742878
11.809045226130653 29008653.8765379
11.93467336683417 28766973.82293035
12.06030150753769 28523467.846220903
12.185929648241206 28278162.196285173
12.311557788944723 28031083.517869793
12.43718592964824 27782258.853696488
12.56281407035176 27531715.64252932
12.688442211055277 27279481.721635517
12.814070351758794 27025585.32672917
12.93969849246231 26770055.09103944
13.06532663316583 26512920.0452883
13.190954773869347 26254209.618276432
13.316582914572864 25993953.63391281
13.442211055276381 25732182.31208687
13.5678391959799 25468926.265710425
13.693467336683417 25204216.499540452
13.819095477386934 24938084.407882128
13.944723618090451 24670561.77262829
14.07035175879397 24401680.76054322
14.195979899497488 24131473.920426425
14.321608040201005 23859974.180714156
14.447236180904522 23587214.84697467
14.57286432160804 23313229.598157927
14.698492462311558 23038052.485102963
14.824120603015075 22761717.927111346
14.949748743718592 22484260.709177244
15.075376884422111 22205715.980391543
15.201005025125628 21926119.250904806
15.326633165829145 21645506.390082546
15.452261306532664 21363913.62448573
15.577889447236181 21081377.53533753
15.703517587939698 20797935.057114113
15.829145728643216 20513623.4747604
15.954773869346734 20228480.422048163
16.08040201005025 19942543.878715202
16.20603015075377 19655852.167940572
16.331658291457288 19368443.9529845
16.457286432160803 19080358.23333128
16.582914572864322 18791634.34107991
16.70854271356784 18502311.935449105
16.834170854271356 18212430.997602455
16.959798994974875 17922031.8244049
17.08542713567839 17631155.020780724
17.21105527638191 17339841.49242442
17.33668341708543 17048132.4370999
17.462311557788944 16756069.3350337
17.587939698492463 16463693.938738223
17.71356783919598 16171048.262976501
17.839195979899497 15878174.57246621
17.964824120603016 15585115.371073795
18.09045226130653 15291913.389240747
18.21608040201005 14998611.572115773
18.34170854271357 14705253.066733144
18.467336683417084 14411881.209743496
18.592964824120603 14118539.51498463
18.718592964824122 13825271.662094325
18.844221105527637 13532121.48302597
18.969849246231156 13239132.952693932
19.09547738693467 12946350.176032268
19.22110552763819 12653817.377906524
19.34673366834171 12361578.893701235
19.472361809045225 12069679.157706946
19.597989949748744 11778162.695329456
19.723618090452263 11487074.112862034
19.849246231155778 11196458.088568429
19.974874371859297 10906359.36443932
20.100502512562816 10616822.73708891
20.22613065326633 10327893.04856376
20.35175879396985 10039615.178112542
20.477386934673365 9752034.032412758
20.603015075376884 9465194.536157323
20.728643216080403 9179141.621880572
20.85427135678392 8893920.219430417
20.979899497487438 8609575.244694639
21.105527638190956 8326151.587785006
21.231155778894472 8043694.100457824
21.35678391959799 7762247.582889614
21.482412060301506 7481856.769761118
21.608040201005025 7202566.315699372
21.733668341708544 6924420.780092774
21.85929648241206 6647464.61138175
21.984924623115578 6371742.130864675
22.110552763819097 6097297.516052952
22.236180904522612 5824174.78386201
22.36180904522613 5552417.7733970545
22.487437185929647 5282070.128758494
22.613065326633166 5013175.28179535
22.738693467336685 4745776.434838566
22.8643216080402 4479916.54344272
22.98994974874372 4215638.299782869
23.115577889447238 3952984.1155500817
23.241206030150753 3691996.105964782
23.366834170854272 3432716.073432186
23.492462311557787 3175185.4919352587
23.618090452261306 2919445.491570024
23.743718592964825 2665536.8436999465
23.86934673366834 2413499.9456611318
23.99497487437186 2163374.807354107
24.12060301507538 1915201.0363913947
24.246231155778894 1669017.8246300532
24.371859296482413 1424863.9346518044
24.497487437185928 1182777.6865086444
24.623115577889447 942796.9444903958
24.748743718592966 704959.1045394205
24.87437185929648 469301.0813172265
25 235859.29568474466
