0.029136873699003977 0.029136873699003977
0 146733955.40344572
0.12562814070351758 146729612.1848028
0.25125628140703515 146716538.5427053
0.3768844221105528 146694747.34187672
0.5025125628140703 146664236.001081
0.628140703517588 146625000.94944972
0.7537688442211056 146577037.68074915
0.8793969849246231 146520340.83918777
1.0050251256281406 146454904.31506234
1.1306532663316582 146380721.32207367
1.256281407035176 146297784.5048165
1.3819095477386936 146206086.09131756
1.5075376884422111 146105617.95053744
1.6331658291457287 145996371.7831254
1.7587939698492463 145878339.22729385
1.8844221105527639 145751511.97339258
2.0100502512562812 145615881.90380332
2.135678391959799 145471441.21225858
2.2613065326633164 145318182.5374197
2.386934673366834 145156099.01441082
2.512562814070352 144985184.46429342
2.6381909547738696 144805433.35924923
2.763819095477387 144616841.01093566
2.8894472361809047 144419403.5459226
3.0150753768844223 144213117.9730763
3.14070351758794 143997982.2133424
3.2663316582914574 143773995.1002083
3.391959798994975 143541156.40052167
3.5175879396984926 143299466.7395845
3.64321608040201 143048927.60615295
3.7688442211055277 142789541.3215971
3.8944723618090453 142521310.89516768
4.0201005025125625 142244240.09173864
4.1457286432160805 141958333.21122116
4.271356783919598 141663595.08791456
4.396984924623116 141360030.96483517
4.522613065326633 141047646.47640133
4.648241206030151 140726447.45890266
4.773869346733668 140396439.91015953
4.899497487437186 140057629.9292609
5.025125628140704 139710023.61826566
5.150753768844221 139353627.03548917
5.276381909547739 138988446.09325394
5.402010050251256 138614486.58882725
5.527638190954774 138231754.09924713
5.653266331658291 137840254.0053354
5.778894472361809 137439991.51309258
5.9045226130653266 137030971.56173098
6.030150753768845 136613198.94792572
6.155778894472362 136186678.30052722
6.28140703517588 135751414.16402206
6.407035175879397 135307411.01063612
6.532663316582915 134854673.3014405
6.658291457286432 134393205.60989892
6.78391959798995 133923012.64858113
6.909547738693467 133444099.35817748
7.035175879396985 132956470.9931035
7.160804020100502 132460133.19765987
7.28643216080402 131955092.09187804
7.4120603015075375 131441354.37077726
7.5376884422110555 130918927.3588323
7.663316582914573 130387819.05753852
7.788944723618091 129848038.27287838
7.914572864321608 129299594.62840013
8.040201005025125 128742498.65514317
8.165829145728644 128176761.79521137
8.291457286432161 127602396.52473548
8.417085427135678 127019416.28402121
8.542713567839195 126427835.61435553
8.668341708542714 125827670.11935063
8.793969849246231 125218936.5058484
8.919597989949748 124601652.60867292
9.045226130653266 123975837.41273935
9.170854271356784 123341511.02315003
9.296482412060302 122698694.73142225
9.422110552763819 122047411.01096587
9.547738693467336 121387683.50251694
9.673366834170855 120719537.0185763
9.798994974874372 120042997.62820202
9.924623115577889 119358092.5632974
10.050251256281408 118664850.30412193
10.175879396984925 117963300.57208744
10.301507537688442 117253474.34249409
10.42713567839196 116535403.85469452
10.552763819095478 115809122.66894445
10.678391959798995 115074665.63748817
10.804020100502512 114332068.96053432
10.92964824120603 113581370.22387944
11.055276381909549 112822608.38568957
11.180904522613066 112055823.84749022
11.306532663316583 111281058.46806534
11.4321608040201 110498355.59687243
11.557788944723619 109707760.1241405
11.683417085427136 108909318.49321406
11.809045226130653 108103078.77002269
11.93467336683417 107289090.65009159
12.06030150753769 106467405.5287072
12.185929648241206 105638076.53493792
12.311557788944723 104801158.55592471
12.43718592964824 103956708.29441921
12.56281407035176 103104784.31553167
12.688442211055277 102245447.07388876
12.814070351758794 101378758.94558777
12.93969849246231 100504784.30698143
13.06532663316583 99623589.51686738
13.190954773869347 98735242.9845059
13.316582914572864 97839815.1932332
13.442211055276381 96937378.72345863
13.5678391959799 96028008.28392653
13.693467336683417 95111780.71962321
13.819095477386934 94188775.05606018
13.944723618090451 93259072.48823495
14.07035175879397 92322756.42147353
14.195979899497488 91379912.4536631
14.321608040201005 90430628.41731629
14.447236180904522 89474994.36822821
14.57286432160804 88513102.61515251
14.698492462311558 87545047.71905677
14.824120603015075 86570926.51885478
14.949748743718592 85590838.14648321
15.075376884422111 84604884.0536616
15.201005025125628 83613168.03761332
15.326633165829145 82615796.2767935
15.452261306532664 81612877.36424157
15.577889447236181 80604522.35258771
15.703517587939698 79590844.7997754
15.829145728643216 78571960.81922244
15.954773869346734 77547989.12539792
16.08040201005025 76519051.08759214
16.20603015075377 75485270.78021646
16.331658291457288 74446775.01938906
16.457286432160803 73403693.40908337
16.582914572864322 72356158.37060742
16.70854271356784 71304305.15404789
16.834170854271356 70248271.85347593
16.959798994974875 69188199.40040824
17.08542713567839 68124231.53041823
17.21105527638191 67056514.752388865
17.33668341708543 65985198.2990306
17.462311557788944 64910434.041914694
17.587939698492463 63832376.406898305
17.71356783919598 62751182.28000438
17.839195979899497 61667010.885259956
17.964824120603016 60580023.66528962
18.09045226130653 59490384.147362344
18.21608040201005 58398257.80997727
18.34170854271357 57303811.959241174
18.467336683417084 56207215.58820803
18.592964824120603 55108639.25563671
18.718592964824122 54008254.99066261
18.844221105527637 52906236.18183242
18.969849246231156 51802757.51152297
19.09547738693467 50697994.89507834
19.22110552763819 49592125.44707025
19.34673366834171 48485327.46780183
19.472361809045225 47377780.45725955
19.597989949748744 46269665.14621276
19.723618090452263 45161163.552204266
19.849246231155778 44052459.05547745
19.974874371859297 42943736.48750123
20.100502512562816 41835182.23676585
20.22613065326633 40726984.36446526
20.35175879396985 39619332.721587956
20.477386934673365 38512419.07741131
20.603015075376884 37406437.229385555
20.728643216080403 36301583.1288745
20.85427135678392 35198054.97010029
20.979899497487438 34096053.28884593
21.105527638190956 32995781.029339198
21.231155778894472 31897443.59057107
21.35678391959799 30801248.861477524
21.482412060301506 29707407.217979945
21.608040201005025 28616131.50495829
21.733668341708544 27527636.99215211
21.85929648241206 26442141.29462523
21.984924623115578 25359864.286307435
22.110552763819097 24281027.978803292
22.236180904522612 23205856.38262967
22.36180904522613 22134575.34930118
22.487437185929647 21067412.4037727
22.613065326633166 20004596.555437412
22.738693467336685 18946358.1076119
22.8643216080402 17892928.45254704
22.98994974874372 16844539.871102624
23.115577889447238 15801425.324331032
23.241206030150753 14763818.250739928
23.366834170854272 13731952.36826343
23.492462311557787 12706061.48002526
23.618090452261306 11686379.290300889
23.743718592964825 10673139.229446156
23.86934673366834 9666574.289235266
23.99497487437186 8666916.86958209
24.12060301507538 7674398.636379033
24.246231155778894 6689250.391100315
24.371859296482413 5711701.951082636
24.497487437185928 4741982.039381972
24.623115577889447 3780318.183778278
24.748743718592966 2826936.624021276
24.87437185929648 1882062.224002835
25 945918.3894410277
