0.45331501674632835 0.45331501674632835
0 161.6202261850644
0.12562814070351758 161.60038139007924
0.25125628140703515 161.5804394787183
0.3768844221105528 161.5472503245212
0.5025125628140703 161.50080245930423
0.628140703517588 161.44109926704982
0.7537688442211056 161.36814847542828
0.8793969849246231 161.28196055545175
1.0050251256281406 161.18254783747375
1.1306532663316582 161.06992491964613
1.256281407035176 160.94410838528708
1.3819095477386936 160.8051167565677
1.5075376884422111 160.65297051082226
1.6331658291457287 160.48769203703375
1.7587939698492463 160.3093058325403
1.8844221105527639 160.1178382146324
2.0100502512562812 159.91331731597032
2.135678391959799 159.69577330988284
2.2613065326633164 159.46523842206875
2.386934673366834 159.22174653328673
2.512562814070352 158.9653335961313
2.6381909547738696 158.69603744027617
2.763819095477387 158.41389776972673
2.8894472361809047 158.1189561104484
3.0150753768844223 157.81125586101706
3.14070351758794 157.4908424451173
3.2663316582914574 157.15776297216863
3.391959798994975 156.81206657729018
3.5175879396984926 156.45380396813164
3.64321608040201 156.08302808850112
3.7688442211055277 155.69979322181675
3.8944723618090453 155.3041559772106
4.0201005025125625 154.89617429588145
4.1457286432160805 154.47590826505942
4.271356783919598 154.04341951018657
4.396984924623116 153.59877156492965
4.522613065326633 153.14202983875396
4.648241206030151 152.67326121559884
4.773869346733668 152.19253450372514
4.899497487437186 151.69992012728292
5.025125628140704 151.19549048075385
5.150753768844221 150.67931921784
5.276381909547739 150.15148213131505
5.402010050251256 149.61205650100365
5.527638190954774 149.06112118477853
5.653266331658291 148.49875667287685
5.778894472361809 147.92504541165835
5.9045226130653266 147.3400712297389
6.030150753768845 146.74391944119444
6.155778894472362 146.1366771046005
6.28140703517588 145.51843295220613
6.407035175879397 144.88927706450596
6.532663316582915 144.2493013043572
6.658291457286432 143.59859880115374
6.78391959798995 142.937264429121
6.909547738693467 142.26539442365697
7.035175879396985 141.5830865760541
7.160804020100502 140.89044009734556
7.28643216080402 140.18755568221536
7.4120603015075375 139.4745353781586
7.5376884422110555 138.75148274569116
7.663316582914573 138.01850270512668
7.788944723618091 137.27570150467744
7.914572864321608 136.52318683162653
8.040201005025125 135.7610676709079
8.165829145728644 134.98945428082556
8.291457286432161 134.20845831083486
8.417085427135678 133.41819262748095
8.542713567839195 132.61877137920476
8.668341708542714 131.8103099778041
8.793969849246231 130.99292507154965
8.919597989949748 130.16673438664307
9.045226130653266 129.33185698001265
9.170854271356784 128.48841297804944
9.296482412060302 127.63652367993936
9.422110552763819 126.77631150260531
9.547738693467336 125.90789993265791
9.673366834170855 125.03141353112962
9.798994974874372 124.14697794657619
9.924623115577889 123.25471988553045
10.050251256281408 122.35476692361927
10.175879396984925 121.44724780159198
10.301507537688442 120.53229209176648
10.42713567839196 119.6100303272431
10.552763819095478 118.68059396179137
10.678391959798995 117.74411546880452
10.804020100502512 116.80072804929243
10.92964824120603 115.85056574268046
11.055276381909549 114.89376353534594
11.180904522613066 113.93045712123941
11.306532663316583 112.96078299905562
11.4321608040201 111.98487846580437
11.557788944723619 111.00288155135512
11.683417085427136 110.01493091224792
11.809045226130653 109.02116598347779
11.93467336683417 108.02172679853598
12.06030150753769 107.01675409986865
12.185929648241206 106.0063892390496
12.311557788944723 104.99077410723324
12.43718592964824 103.97005118591673
12.56281407035176 102.94436354083736
12.688442211055277 101.91385469130968
12.814070351758794 100.87866877512387
12.93969849246231 99.83895021375226
13.06532663316583 98.79484409054749
13.190954773869347 97.74649574479031
13.316582914572864 96.69405093850108
13.442211055276381 95.63765597366891
13.5678391959799 94.57745724737246
13.693467336683417 93.51360164023583
13.819095477386934 92.44623635761643
13.944723618090451 91.37550871419853
14.07035175879397 90.30156647060254
14.195979899497488 89.2245575054657
14.321608040201005 88.14462987429158
14.447236180904522 87.0619318362011
14.57286432160804 85.97661185801682
14.698492462311558 84.8888184042836
14.824120603015075 83.79870008823599
14.949748743718592 82.7064057156223
15.075376884422111 81.61208394711798
15.201005025125628 80.51588353562636
15.326633165829145 79.41795330131356
15.452261306532664 78.31844195489364
15.577889447236181 77.2174981554098
15.703517587939698 76.11527053976678
15.829145728643216 75.0119075865687
15.954773869346734 73.90755767829424
16.08040201005025 72.80236904216785
16.20603015075377 71.69648969107362
16.331658291457288 70.5900674519716
16.457286432160803 69.48324997887825
16.582914572864322 68.37618462708853
16.70854271356784 67.26901847032572
16.834170854271356 66.16189828645197
16.959798994974875 65.05497058070786
17.08542713567839 63.94838146350496
17.21105527638191 62.84227666368694
17.33668341708543 61.736801586739645
17.462311557788944 60.63210112973786
17.587939698492463 59.52831984172581
17.71356783919598 58.425601731004434
17.839195979899497 57.324090327336314
17.964824120603016 56.223928734066845
18.09045226130653 55.12525942304999
18.21608040201005 54.02822433163959
18.34170854271357 52.932964853934365
18.467336683417084 51.83962173049226
18.592964824120603 50.74833513048887
18.718592964824122 49.659244513668035
18.844221105527637 48.57248873551045
18.969849246231156 47.48820589613128
19.09547738693467 46.40653343846304
19.22110552763819 45.327607982661206
19.34673366834171 44.25156547275356
19.472361809045225 43.178541046255944
19.597989949748744 42.10866899752397
19.723618090452263 41.04208285147289
19.849246231155778 39.978915263915745
19.974874371859297 38.91929797434932
20.100502512562816 37.863361913611286
20.22613065326633 36.81123702931543
20.35175879396985 35.76305242287733
20.477386934673365 34.71893615162842
20.603015075376884 33.679015377247
20.728643216080403 32.64341621291138
20.85427135678392 31.612263789994984
20.979899497487438 30.585682205329984
21.105527638190956 29.5637945190546
21.231155778894472 28.54672268738924
21.35678391959799 27.534587615858612
21.482412060301506 26.527509086617105
21.608040201005025 25.525605760649892
21.733668341708544 24.528995148299092
21.85929648241206 23.53779362247279
21.984924623115578 22.552116361005076
22.110552763819097 21.572077339262044
22.236180904522612 20.59778935102135
22.36180904522613 19.62936394316184
22.487437185929647 18.6669114025287
22.613065326633166 17.71054078357122
22.738693467336685 16.76035984487452
22.8643216080402 15.816475067626202
22.98994974874372 14.878991603379216
23.115577889447238 13.948013296719253
23.241206030150753 13.023642647698718
23.366834170854272 12.105980805119954
23.492462311557787 11.19512754465895
23.618090452261306 10.291181268403593
23.743718592964825 9.394238966052795
23.86934673366834 8.504396235248437
23.99497487437186 7.621747237597453
24.12060301507538 6.746384704027986
24.246231155778894 5.878399909733538
24.371859296482413 5.017882669634057
24.497487437185928 4.164921324898764
24.623115577889447 3.319602727263101
24.748743718592966 2.4820122293412847
24.87437185929648 1.6522336749598403
25 0.8303493817019824
