0.3062813216361762 0.3062813216361762
0 16363.923017526344
0.12562814070351758 16361.913858432941
0.25125628140703515 16359.894875091313
0.3768844221105528 16356.534695511491
0.5025125628140703 16351.83214962134
0.628140703517588 16345.787595323343
0.7537688442211056 16338.40181295357
0.8793969849246231 16329.675845935479
1.0050251256281406 16319.610957272074
1.1306532663316582 16308.208619607558
1.256281407035176 16295.47050825893
1.3819095477386936 16281.398497969223
1.5075376884422111 16265.99466205961
1.6331658291457287 16249.261270842353
1.7587939698492463 16231.200792295856
1.8844221105527639 16211.815889466812
2.0100502512562812 16191.109419975415
2.135678391959799 16169.084436881954
2.2613065326633164 16145.74418819853
2.386934673366834 16121.092113659255
2.512562814070352 16095.131846911452
2.6381909547738696 16067.867213618889
2.763819095477387 16039.302230854164
2.8894472361809047 16009.441105802909
3.0150753768844223 15978.288235777536
3.14070351758794 15945.848208195468
3.2663316582914574 15912.125797793411
3.391959798994975 15877.125967873792
3.5175879396984926 15840.853866746562
3.64321608040201 15803.314830936159
3.7688442211055277 15764.51437879346
3.8944723618090453 15724.45821565497
4.0201005025125625 15683.152226695292
4.1457286432160805 15640.602481288715
4.271356783919598 15596.815227819046
4.396984924623116 15551.796895257648
4.522613065326633 15505.554091954411
4.648241206030151 15458.093601653794
4.773869346733668 15409.422385682814
4.899497487437186 15359.547579527596
5.025125628140704 15308.476494278537
5.150753768844221 15256.216610439797
5.276381909547739 15202.775582694632
5.402010050251256 15148.161234379022
5.527638190954774 15092.381556720142
5.653266331658291 15035.444708057048
5.778894472361809 14977.359014384527
5.9045226130653266 14918.132964453594
6.030150753768845 14857.77520892789
6.155778894472362 14796.294560883607
6.28140703517588 14733.699993579914
6.407035175879397 14670.000637172901
6.532663316582915 14605.2057798541
6.658291457286432 14539.324863163849
6.78391959798995 14472.367483431952
6.909547738693467 14404.343387721137
7.035175879396985 14335.262473511164
7.160804020100502 14265.134786325274
7.28643216080402 14193.970518316606
7.4120603015075375 14121.780005827693
7.5376884422110555 14048.573728957208
7.663316582914573 13974.362308386459
7.788944723618091 13899.156503865248
7.914572864321608 13822.967213001863
8.040201005025125 13745.805468692735
8.165829145728644 13667.682436843037
8.291457286432161 13588.609415777915
8.417085427135678 13508.597832905361
8.542713567839195 13427.659243406866
8.668341708542714 13345.805328235267
8.793969849246231 13263.047892092121
8.919597989949748 13179.398860387118
9.045226130653266 13094.87027890515
9.170854271356784 13009.474310407433
9.296482412060302 12923.223232934019
9.422110552763819 12836.129437763675
9.547738693467336 12748.205427031871
9.673366834170855 12659.463811686912
9.798994974874372 12569.917309433236
9.924623115577889 12479.578742693588
10.050251256281408 12388.46103516269
10.175879396984925 12296.577211769256
10.301507537688442 12203.940394227353
10.42713567839196 12110.563799900305
10.552763819095478 12016.460739349342
10.678391959798995 11921.64461480999
10.804020100502512 11826.128916291991
10.92964824120603 11729.927220001162
11.055276381909549 11633.053186734542
11.180904522613066 11535.520558507713
11.306532663316583 11437.34315653259
11.4321608040201 11338.53487944562
11.557788944723619 11239.109700169927
11.683417085427136 11139.081663395344
11.809045226130653 11038.464884044279
11.93467336683417 10937.273544018237
12.06030150753769 10835.521890581189
12.185929648241206 10733.224233417952
12.311557788944723 10630.394941940704
12.43718592964824 10527.04844334735
12.56281407035176 10423.199220287057
12.688442211055277 10318.861807509908
12.814070351758794 10214.050790949186
12.93969849246231 10108.780803021047
13.06532663316583 10003.066522765732
13.190954773869347 9896.922670864953
13.316582914572864 9790.364008439383
13.442211055276381 9683.405335557178
13.5678391959799 9576.061485650334
13.693467336683417 9468.347326123923
13.819095477386934 9360.277754544062
13.944723618090451 9251.86769519452
14.07035175879397 9143.132098728163
14.195979899497488 9034.085937740427
14.321608040201005 8924.7442047504
14.447236180904522 8815.121909851316
14.57286432160804 8705.23407871636
14.698492462311558 8595.095748546155
14.824120603015075 8484.721966772055
14.949748743718592 8374.127789036236
15.075376884422111 8263.328274501891
15.201005025125628 8152.338485167545
15.326633165829145 8041.1734832028615
15.452261306532664 7929.848327538077
15.577889447236181 7818.378071819909
15.703517587939698 7706.777762366335
15.829145728643216 7595.062434722086
15.954773869346734 7483.247111923758
16.08040201005025 7371.346801689751
16.20603015075377 7259.376493642194
16.331658291457288 7147.3511573080505
16.457286432160803 7035.285739812694
16.582914572864322 6923.195162674219
16.70854271356784 6811.094319778689
16.834170854271356 6698.998074830066
16.959798994974875 6586.92125930364
17.08542713567839 6474.87866934629
17.21105527638191 6362.885063544059
17.33668341708543 6250.955161166085
17.462311557788944 6139.103638554753
17.587939698492463 6027.3451280551235
17.71356783919598 5915.69421439713
17.839195979899497 5804.165432977672
17.964824120603016 5692.773267953624
18.09045226130653 5581.532148676403
18.21608040201005 5470.456448191172
18.34170854271357 5359.560480919985
18.467336683417084 5248.858499853715
18.592964824120603 5138.364694825263
18.718592964824122 5028.0931896169195
18.844221105527637 4918.05804033427
18.969849246231156 4808.273232450967
19.09547738693467 4698.752679269384
19.22110552763819 4589.510218732888
19.34673366834171 4480.559612349886
19.472361809045225 4371.9145422760075
19.597989949748744 4263.588608970665
19.723618090452263 4155.595329749348
19.849246231155778 4047.9481360040436
19.974874371859297 3940.660370984997
20.100502512562816 3833.7452884553745
20.22613065326633 3727.216049661432
20.35175879396985 3621.085722208071
20.477386934673365 3515.3672769002023
20.603015075376884 3410.0735867704025
20.728643216080403 3305.217424197037
20.85427135678392 3200.8114595146712
20.979899497487438 3096.8682587784024
21.105527638190956 2993.4002819287707
21.231155778894472 2890.4198805958963
21.35678391959799 2787.939296597172
21.482412060301506 2685.9706597884915
21.608040201005025 2584.5259862530324
21.733668341708544 2483.617176485418
21.85929648241206 2383.256013712647
21.984924623115578 2283.454161883501
22.110552763819097 2184.2231639830875
22.236180904522612 2085.574440535082
22.36180904522613 1987.519287582366
22.487437185929647 1890.0688750331497
22.613065326633166 1793.2342452738249
22.738693467336685 1697.0263112571247
22.8643216080402 1601.4558550887496
22.98994974874372 1506.5335262238127
23.115577889447238 1412.2698401781765
23.241206030150753 1318.6751768122397
23.366834170854272 1225.7597789249046
23.492462311557787 1133.5337506995054
23.618090452261306 1042.0070563638537
23.743718592964825 951.1895185878225
23.86934673366834 861.0908173388098
23.99497487437186 771.7204882793079
24.12060301507538 683.0879215799504
24.246231155778894 595.2023604961653
24.371859296482413 508.0729001622524
24.497487437185928 421.7084863194054
24.623115577889447 336.1179140580256
24.748743718592966 251.30982663194467
24.87437185929648 167.29271431249128
25 84.07491319192776
