0.5 0.5
0 37.285322776678036
0.12562814070351758 37.28379627374576
0.25125628140703515 37.279205596251245
0.3768844221105528 37.2715545731885
0.5025125628140703 37.260842905577135
0.628140703517588 37.247075123915835
0.7537688442211056 37.230251319201756
0.8793969849246231 37.2103754302442
1.0050251256281406 37.187448809267394
1.1306532663316582 37.16147423889228
1.256281407035176 37.132457935386995
1.3819095477386936 37.10040215568702
1.5075376884422111 37.06531178753327
1.6331658291457287 37.02719201978922
1.7587939698492463 36.98604924016766
1.8844221105527639 36.94188900887843
2.0100502512562812 36.89471748888879
2.135678391959799 36.844541672669926
2.2613065326633164 36.79136772190372
2.386934673366834 36.73520506800055
2.512562814070352 36.67606244345817
2.6381909547738696 36.613945466813064
2.763819095477387 36.54886680898937
2.8894472361809047 36.48083382941875
3.0150753768844223 36.40985712569484
3.14070351758794 36.33594653087775
3.2663316582914574 36.25911279448315
3.391959798994975 36.17936801578193
3.5175879396984926 36.09672464250089
3.64321608040201 36.01119173423616
3.7688442211055277 35.922785178611036
3.8944723618090453 35.83151626258578
4.0201005025125625 35.737398509184146
4.1457286432160805 35.6404460083998
4.271356783919598 35.54067333893041
4.396984924623116 35.43809386039181
4.522613065326633 35.332724445638846
4.648241206030151 35.22457888666094
4.773869346733668 35.113674441630096
4.899497487437186 35.00002561067005
5.025125628140704 34.883651406364386
5.150753768844221 34.76456723955135
5.276381909547739 34.64279107554142
5.402010050251256 34.518339858040406
5.527638190954774 34.39123341391899
5.653266331658291 34.26149093157419
5.778894472361809 34.129129240176646
5.9045226130653266 33.99416954939613
6.030150753768845 33.85662891606806
6.155778894472362 33.71653045147601
6.28140703517588 33.57389488098329
6.407035175879397 33.42873979391675
6.532663316582915 33.281089840769106
6.658291457286432 33.1309645563208
6.78391959798995 32.978386766496605
6.909547738693467 32.82337842797241
7.035175879396985 32.665962120976616
7.160804020100502 32.50616033997926
7.28643216080402 32.34399667196467
7.4120603015075375 32.17949542238356
7.5376884422110555 32.012680092611696
7.663316582914573 31.84357338408513
7.788944723618091 31.672202156261996
7.914572864321608 31.498590137965575
8.040201005025125 31.322761368120016
8.165829145728644 31.144743186276415
8.291457286432161 30.964559723722672
8.417085427135678 30.782237609364472
8.542713567839195 30.597802921047055
8.668341708542714 30.41128304252004
8.793969849246231 30.22270334080971
8.919597989949748 30.03209174956461
9.045226130653266 29.839475010942426
9.170854271356784 29.644882652855422
9.296482412060302 29.44833989279321
9.422110552763819 29.249876193701756
9.547738693467336 29.049520953259357
9.673366834170855 28.847301060991036
9.798994974874372 28.64324657194278
9.924623115577889 28.437386000339583
10.050251256281408 28.22974974302356
10.175879396984925 28.02036663446387
10.301507537688442 27.80926683171286
10.42713567839196 27.596481072875694
10.552763819095478 27.382038611152858
10.678391959798995 27.165970916034436
10.804020100502512 26.948308051262547
10.92964824120603 26.729082221033174
11.055276381909549 26.508323606127348
11.180904522613066 26.286064644521975
11.306532663316583 26.0623356589854
11.4321608040201 25.83716891313498
11.557788944723619 25.610596865570347
11.683417085427136 25.382651094179295
11.809045226130653 25.15336419360366
11.93467336683417 24.922768277505966
12.06030150753769 24.690896423020337
12.185929648241206 24.457780586060924
12.311557788944723 24.22345347479627
12.43718592964824 23.987948822786585
12.56281407035176 23.751299305880163
12.688442211055277 23.513538089486577
12.814070351758794 23.274698424843624
12.93969849246231 23.034812866216868
13.06532663316583 22.793916492923117
13.190954773869347 22.552041674014216
13.316582914572864 22.309221402003768
13.442211055276381 22.065490777115244
13.5678391959799 21.82088316459614
13.693467336683417 21.57543188003142
13.819095477386934 21.329170697490053
13.944723618090451 21.082134079789856
14.07035175879397 20.83435636842263
14.195979899497488 20.585870169905977
14.321608040201005 20.33671096952993
14.447236180904522 20.086911789748065
14.57286432160804 19.836507267653605
14.698492462311558 19.585531772749746
14.824120603015075 19.334019707874106
14.949748743718592 19.082005349367435
15.075376884422111 18.829522107256274
15.201005025125628 18.576605434663524
15.326633165829145 18.323288580999467
15.452261306532664 18.069606389083244
15.577889447236181 17.81559287110797
15.703517587939698 17.56128282868117
15.829145728643216 17.30671111411218
15.954773869346734 17.05191049496117
16.08040201005025 16.79691571803818
16.20603015075377 16.541761859506888
16.331658291457288 16.286482037738242
16.457286432160803 16.03111134363568
16.582914572864322 15.77568310030121
16.70854271356784 15.520231542645547
16.834170854271356 15.264791212953057
16.959798994974875 15.00939495734276
17.08542713567839 14.754077219435903
17.21105527638191 14.498871553234522
17.33668341708543 14.243811591692195
17.462311557788944 13.9889305437919
17.587939698492463 13.734262708617717
17.71356783919598 13.479839914838355
17.839195979899497 13.225696185999018
17.964824120603016 12.971864815238186
18.09045226130653 12.718377695457221
18.21608040201005 12.465268402031684
18.34170854271357 12.212569070532233
18.467336683417084 11.960312412752723
18.592964824120603 11.708530321076575
18.718592964824122 11.457255582386294
18.844221105527637 11.206519474310465
18.969849246231156 10.956354259617502
19.09547738693467 10.706791712336571
19.22110552763819 10.457862892738753
19.34673366834171 10.209598970266166
19.472361809045225 9.962031830382802
19.597989949748744 9.71519217033808
19.723618090452263 9.469110193055187
19.849246231155778 9.223816922122253
19.974874371859297 8.979342797500008
20.100502512562816 8.735717849548085
20.22613065326633 8.492972013778193
20.35175879396985 8.251135132633777
20.477386934673365 8.010236948468721
20.603015075376884 7.770306667075492
20.728643216080403 7.5313731513973305
20.85427135678392 7.293465723482255
20.979899497487438 7.056612559533045
21.105527638190956 6.820842700786743
21.231155778894472 6.586183817278382
21.35678391959799 6.352663913460218
21.482412060301506 6.1203109355403855
21.608040201005025 5.889152086300712
21.733668341708544 5.659214419452353
21.85929648241206 5.43052510472007
21.984924623115578 5.20311042968955
22.110552763819097 4.976996793630846
22.236180904522612 4.75221045592741
22.36180904522613 4.528777057525633
22.487437185929647 4.306721943932769
22.613065326633166 4.086070328658043
22.738693467336685 3.8668471933636033
22.8643216080402 3.649077123056837
22.98994974874372 3.432784178682393
23.115577889447238 3.2179925348845564
23.241206030150753 3.0047257724397682
23.366834170854272 2.7930071731587276
23.492462311557787 2.582859716831324
23.618090452261306 2.374306179714952
23.743718592964825 2.1673688722750346
23.86934673366834 1.9620698623990833
23.99497487437186 1.758430850319893
24.12060301507538 1.556473214412263
24.246231155778894 1.3562179110288273
24.371859296482413 1.157685722469763
24.497487437185928 0.9608969907962467
24.623115577889447 0.765871694969062
24.748743718592966 0.5726294965471003
24.87437185929648 0.3811897333756046
25 0.19157135080315787
