0.026416364777599285 0.026416364777599285
0 170146803.29130664
0.12562814070351758 170131504.0695757
0.25125628140703515 170116127.4457685
0.3768844221105528 170090532.7571941
0.5025125628140703 170054705.89582947
0.628140703517588 170008642.3397018
0.7537688442211056 169952338.72909337
0.8793969849246231 169885791.67486542
1.0050251256281406 169808997.47610843
1.1306532663316582 169721952.0463097
1.256281407035176 169624650.90222907
1.3819095477386936 169517089.1790795
1.5075376884422111 169399261.6572064
1.6331658291457287 169271162.7957617
1.7587939698492463 169132786.77061465
1.8844221105527639 168984127.51525918
2.0100502512562812 168825178.76360017
2.135678391959799 168655934.09439075
2.2613065326633164 168476386.9756031
2.386934673366834 168286530.8113054
2.512562814070352 168086358.9857007
2.6381909547738696 167875864.90833157
2.763819095477387 167655042.0586484
2.8894472361809047 167423884.02901265
3.0150753768844223 167182384.565742
3.14070351758794 166930537.60943258
3.2663316582914574 166668337.33263174
3.391959798994975 166395778.17709982
3.5175879396984926 166112854.88508442
3.64321608040201 165819562.53253126
3.7688442211055277 165515896.5594428
3.8944723618090453 165201852.79332834
4.0201005025125625 164877427.47761226
4.1457286432160805 164542617.29185128
4.271356783919598 164197419.3722491
4.396984924623116 163841831.33481255
4.522613065326633 163475851.28635737
4.648241206030151 163099477.84439355
4.773869346733668 162712710.1498078
4.899497487437186 162315547.88252348
5.025125628140704 161907991.27583253
5.150753768844221 161490041.1226034
5.276381909547739 161061698.80024678
5.402010050251256 160622966.27023724
5.527638190954774 160173846.1008194
5.653266331658291 159714341.47939476
5.778894472361809 159244456.22333714
5.9045226130653266 158764194.80210203
6.030150753768845 158273562.35048434
6.155778894472362 157772564.68184718
6.28140703517588 157261208.32144248
6.407035175879397 156739500.5086096
6.532663316582915 156207449.2371306
6.658291457286432 155665063.26252002
6.78391959798995 155112352.13991496
6.909547738693467 154549326.2369578
7.035175879396985 153975996.77197438
7.160804020100502 153392375.83439827
7.28643216080402 152798476.41785195
7.4120603015075375 152194312.44617417
7.5376884422110555 151579898.80970675
7.663316582914573 150955251.38774523
7.788944723618091 150320387.0899245
7.914572864321608 149675323.88223892
8.040201005025125 149020080.8203242
8.165829145728644 148354678.08534443
8.291457286432161 147679137.0161586
8.417085427135678 146993480.14130086
8.542713567839195 146297731.21401957
8.668341708542714 145591915.24786106
8.793969849246231 144876058.54811442
8.919597989949748 144150188.7439797
9.045226130653266 143414334.82910588
9.170854271356784 142668527.18777993
9.296482412060302 141912797.6316143
9.422110552763819 141147179.43475297
9.547738693467336 140371707.3651282
9.673366834170855 139586417.7161783
9.798994974874372 138791348.3425918
9.924623115577889 137986538.68927297
10.050251256281408 137172029.82659027
10.175879396984925 136347864.47701448
10.301507537688442 135514087.05161935
10.42713567839196 134670743.67698643
10.552763819095478 133817882.22545296
10.678391959798995 132955552.34671831
10.804020100502512 132083805.49288861
10.92964824120603 131202694.95113893
11.055276381909549 130312275.86895034
11.180904522613066 129412605.2832563
11.306532663316583 128503742.14481215
11.4321608040201 127585747.34544303
11.557788944723619 126658683.74662529
11.683417085427136 125722616.20123689
11.809045226130653 124777611.57927291
11.93467336683417 123823738.79368919
12.06030150753769 122861068.82227413
12.185929648241206 121889674.73409624
12.311557788944723 120909631.7079164
12.43718592964824 119921017.058654
12.56281407035176 118923910.25615054
12.688442211055277 117918392.9477912
12.814070351758794 116904548.97755122
12.93969849246231 115882464.40513124
13.06532663316583 114852227.525087
13.190954773869347 113813928.8833085
13.316582914572864 112767661.29278956
13.442211055276381 111713519.84861119
13.5678391959799 110651601.94121106
13.693467336683417 109582007.26797238
13.819095477386934 108504837.84371065
13.944723618090451 107420198.00916544
14.07035175879397 106328194.43821363
14.195979899497488 105228936.14341432
14.321608040201005 104122534.47995774
14.447236180904522 103009103.14763221
14.57286432160804 101888758.19184145
14.698492462311558 100761618.00426786
14.824120603015075 99627803.3188121
14.949748743718592 98487437.21105522
15.075376884422111 97340645.09256499
15.201005025125628 96187554.70950606
15.326633165829145 95028296.1323422
15.452261306532664 93863001.75447048
15.577889447236181 92691806.28524138
15.703517587939698 91514846.74154593
15.829145728643216 90332262.44510761
15.954773869346734 89144195.0137081
16.08040201005025 87950788.35530494
16.20603015075377 86752188.66452174
16.331658291457288 85548544.41472727
16.457286432160803 84340006.35514694
16.582914572864322 83126727.50439593
16.70854271356784 81908863.14780636
16.834170854271356 80686570.83370301
16.959798994974875 79460010.36896984
17.08542713567839 78229343.81763265
17.21105527638191 76994735.49806118
17.33668341708543 75756351.98250946
17.462311557788944 74514362.09365247
17.587939698492463 73268936.90644449
17.71356783919598 72020249.7477188
17.839195979899497 70768476.19595823
17.964824120603016 69513794.08441082
18.09045226130653 68256383.50223872
18.21608040201005 66996426.797840185
18.34170854271357 65734108.58233207
18.467336683417084 64469615.73374322
18.592964824120603 63203137.40168528
18.718592964824122 61934865.012291834
18.844221105527637 60664992.27329268
18.969849246231156 59393715.17880062
19.09547738693467 58121232.01363259
19.22110552763819 56847743.357887715
19.34673366834171 55573452.087986656
19.472361809045225 54298563.37884865
19.597989949748744 53023284.70093815
19.723618090452263 51747825.81875041
19.849246231155778 50472398.780400865
19.974874371859297 49197217.91014498
20.100502512562816 47922499.79213687
20.22613065326633 46648463.25026762
20.35175879396985 45375329.325240575
20.477386934673365 44103321.24419339
20.603015075376884 42832664.386058785
20.728643216080403 41563586.239700615
20.85427135678392 40296316.357978724
20.979899497487438 39031086.303507596
21.105527638190956 37768129.59127378
21.231155778894472 36507681.62261346
21.35678391959799 35249979.61585165
21.482412060301506 33995262.530044325
21.608040201005025 32743770.98468862
21.733668341708544 31495747.174507413
21.85929648241206 30251434.780015916
21.984924623115578 29011078.87480399
22.110552763819097 27774925.82932479
22.236180904522612 26543223.212417345
22.36180904522613 25316219.690367464
22.487437185929647 24094164.924805623
22.613065326633166 22877309.46943154
22.738693467336685 21665904.665348735
22.8643216080402 20460202.537270732
22.98994974874372 19260455.68839257
23.115577889447238 18066917.197221387
23.241206030150753 16879840.51276567
23.366834170854272 15699479.352234202
23.492462311557787 14526087.599040506
23.618090452261306 13359919.19978967
23.743718592964825 12201228.065286292
23.86934673366834 11050267.967950372
23.99497487437186 9907292.443746101
24.12060301507538 8772554.691101603
24.246231155778894 7646307.471287523
24.371859296482413 6528803.008600059
24.497487437185928 5420292.888848406
24.623115577889447 4321027.957746215
24.748743718592966 3231258.2177112834
24.87437185929648 2151232.7229891717
25 1081199.4724900103
