0.37261497882746314 0.37261497882746314
0 2040.0632612875593
0.12562814070351758 2039.9797652829686
0.25125628140703515 2039.7284500705682
0.3768844221105528 2039.3096317204536
0.5025125628140703 2038.7233725626966
0.628140703517588 2037.969758878081
0.7537688442211056 2037.0489021897413
0.8793969849246231 2035.960938183885
1.0050251256281406 2034.7060277520586
1.1306532663316582 2033.284356050562
1.256281407035176 2031.6961326405192
1.3819095477386936 2029.9415921325342
1.5075376884422111 2028.0209934237357
1.6331658291457287 2025.9346197868454
1.7587939698492463 2023.6827789872027
1.8844221105527639 2021.2658031958238
2.0100502512562812 2018.6840488991506
2.135678391959799 2015.9378968093474
2.2613065326633164 2013.027751945182
2.386934673366834 2009.9540431711275
2.512562814070352 2006.717223452337
2.6381909547738696 2003.3177701034087
2.763819095477387 1999.7561836022567
2.8894472361809047 1996.0329889077702
3.0150753768844223 1992.1487342732673
3.14070351758794 1988.1039916639284
3.2663316582914574 1983.8993566402805
3.391959798994975 1979.5354478834165
3.5175879396984926 1975.0129074336792
3.64321608040201 1970.3324009268238
3.7688442211055277 1965.4946164071473
3.8944723618090453 1960.5002652814092
4.0201005025125625 1955.350081661383
4.1457286432160805 1950.0448222483278
4.271356783919598 1944.585266392367
4.396984924623116 1938.972215973337
4.522613065326633 1933.2064947464792
4.648241206030151 1927.2889491131461
4.773869346733668 1921.220446925609
4.899497487437186 1915.001878432956
5.025125628140704 1908.6341549022318
5.150753768844221 1902.118209735002
5.276381909547739 1895.4549972577329
5.402010050251256 1888.645493293092
5.527638190954774 1881.6906943009014
5.653266331658291 1874.5916177568665
5.778894472361809 1867.3493019944317
5.9045226130653266 1859.9648055008324
6.030150753768845 1852.4392074607365
6.155778894472362 1844.773606683876
6.28140703517588 1836.9691219533033
6.407035175879397 1829.026892371212
6.532663316582915 1820.9480757321294
6.658291457286432 1812.7338497502465
6.78391959798995 1804.3854108671571
6.909547738693467 1795.9039747564102
7.035175879396985 1787.2907754816408
7.160804020100502 1778.5470658169515
7.28643216080402 1769.674116662277
7.4120603015075375 1760.6732169105037
7.5376884422110555 1751.5456733113501
7.663316582914573 1742.2928104229131
7.788944723618091 1732.9159697522387
7.914572864321608 1723.4165101503518
8.040201005025125 1713.7958074890576
8.165829145728644 1704.0552539778075
8.291457286432161 1694.1962584581272
8.417085427135678 1684.2202458064685
8.542713567839195 1674.1286569522827
8.668341708542714 1663.922948182335
8.793969849246231 1653.604591596526
8.919597989949748 1643.175074221057
9.045226130653266 1632.6358980083255
9.170854271356784 1621.9885793825788
9.296482412060302 1611.234649584386
9.422110552763819 1600.3756534867227
9.547738693467336 1589.4131500172198
9.673366834170855 1578.348711765822
9.798994974874372 1567.1839244068462
9.924623115577889 1555.9203868419186
10.050251256281408 1544.5597105192767
10.175879396984925 1533.1035195610427
10.301507537688442 1521.5534501864167
10.42713567839196 1509.9111504698035
10.552763819095478 1498.1782802083628
10.678391959798995 1486.3565105172231
10.804020100502512 1474.4475235106563
10.92964824120603 1462.4530120954807
11.055276381909549 1450.37467966751
11.180904522613066 1438.214239723655
11.306532663316583 1425.9734158526637
11.4321608040201 1413.6539410043629
11.557788944723619 1401.25755748793
11.683417085427136 1388.7860167070191
11.809045226130653 1376.2410785437394
11.93467336683417 1363.6245114600504
12.06030150753769 1350.9380919779805
12.185929648241206 1338.1836043454678
12.311557788944723 1325.3628403731045
12.43718592964824 1312.4775989128068
12.56281407035176 1299.5296857940968
12.688442211055277 1286.5209133785172
12.814070351758794 1273.4531002059364
12.93969849246231 1260.3280710012534
13.06532663316583 1247.1476556674286
13.190954773869347 1233.913689904712
13.316582914572864 1220.628014188276
13.442211055276381 1207.2924736426808
13.5678391959799 1193.9089178160361
13.693467336683417 1180.479200440357
13.819095477386934 1167.0051789191093
13.944723618090451 1153.4887139842388
14.07035175879397 1139.9316696130427
14.195979899497488 1126.3359126738033
14.321608040201005 1112.7033122942282
14.447236180904522 1099.0357400361415
14.57286432160804 1085.335069167443
14.698492462311558 1071.6031744754348
14.824120603015075 1057.841932075719
14.949748743718592 1044.0532189548599
15.075376884422111 1030.2389127862346
15.201005025125628 1016.4008913846776
15.326633165829145 1002.5410327083716
15.452261306532664 988.6612142320155
15.577889447236181 974.7633128714507
15.703517587939698 960.8492044549548
15.829145728643216 946.9207635659607
15.954773869346734 932.979863389543
16.08040201005025 919.0283750316522
16.20603015075377 905.068167286877
16.331658291457288 891.1011066432692
16.457286432160803 877.1290565759798
16.582914572864322 863.1538775632724
16.70854271356784 849.1774265294001
16.834170854271356 835.2015566078763
16.959798994974875 821.2281170469513
17.08542713567839 807.2589525377076
17.21105527638191 793.2959031785979
17.33668341708543 779.3408040806918
17.462311557788944 765.3954850782704
17.587939698492463 751.4617703868553
17.71356783919598 737.5414784925724
17.839195979899497 723.6364215563127
17.964824120603016 709.7484052552447
18.09045226130653 695.879228679493
18.21608040201005 682.0306836771265
18.34170854271357 668.2045548812965
18.467336683417084 654.402619184279
18.592964824120603 640.6266456569405
18.718592964824122 626.8783950615338
18.844221105527637 613.1596197566051
18.969849246231156 599.4720632808956
19.09547738693467 585.8174600628865
19.22110552763819 572.1975353497429
19.34673366834171 558.6140046738959
19.472361809045225 545.0685736315643
19.597989949748744 531.5629377428811
19.723618090452263 518.0987821679518
19.849246231155778 504.6777812485322
19.974874371859297 491.30159839524265
20.100502512562816 477.971885849393
20.22613065326633 464.6902843496305
20.35175879396985 451.4584228720199
20.477386934673365 438.27791839723153
20.603015075376884 425.1503757079552
20.728643216080403 412.0773870564272
20.85427135678392 399.0605319349689
20.979899497487438 386.1013768814306
21.105527638190956 373.2014751352983
21.231155778894472 360.36236653499634
21.35678391959799 347.5855771808064
21.482412060301506 334.872619199564
21.608040201005025 322.22499057040903
21.733668341708544 309.6441748933597
21.85929648241206 297.13164106180045
21.984924623115578 284.6888431913489
22.110552763819097 272.3172202869193
22.236180904522612 260.0181960375968
22.36180904522613 247.79317868148934
22.487437185929647 235.64356072141192
22.613065326633166 223.57071872573658
22.738693467336685 211.5760131407893
22.8643216080402 199.66078808559152
22.98994974874372 187.82637117920433
23.115577889447238 176.07407327665308
23.241206030150753 164.4051883482238
23.366834170854272 152.8209932678427
23.492462311557787 141.32274762804667
23.618090452261306 129.91169353849517
23.743718592964825 118.5890554864395
23.86934673366834 107.35604013626394
23.99497487437186 96.21383616704853
24.12060301507538 85.16361410529272
24.246231155778894 74.20652617492705
24.371859296482413 63.343706100268335
24.497487437185928 52.576268992030975
24.623115577889447 41.90531117434206
24.748743718592966 31.331910034865455
24.87437185929648 20.857123884623725
25 10.481991817575738
