0.005781487995107935 0.005781487995107935
0 2630553662.492251
0.12562814070351758 2630549867.7216096
0.25125628140703515 2630538399.3006334
0.3768844221105528 2630519100.584371
0.5025125628140703 2630491692.4251547
0.628140703517588 2630455779.6835766
0.7537688442211056 2630410846.838978
0.8793969849246231 2630356252.3714414
1.0050251256281406 2630291221.847855
1.1306532663316582 2630214839.63923
1.256281407035176 2630126039.38333
1.3819095477386936 2630023592.9972534
1.5075376884422111 2629906098.326017
1.6331658291457287 2629771965.3835993
1.7587939698492463 2629619401.0797024
1.8844221105527639 2629446392.4921603
2.0100502512562812 2629250688.645422
2.135678391959799 2629029780.6591396
2.2613065326633164 2628780880.4686203
2.386934673366834 2628500897.836162
2.512562814070352 2628186415.8691664
2.6381909547738696 2627833664.9691954
2.763819095477387 2627438495.108268
2.8894472361809047 2626996346.704888
3.0150753768844223 2626502219.928011
3.14070351758794 2625950642.490417
3.2663316582914574 2625335636.2244725
3.391959798994975 2624650682.1771207
3.5175879396984926 2623888684.665799
3.64321608040201 2623041934.2045193
3.7688442211055277 2622102069.510914
3.8944723618090453 2621060038.8643565
4.0201005025125625 2619906060.846156
4.1457286432160805 2618629584.8033266
4.271356783919598 2617219251.3224673
4.396984924623116 2615662852.873669
4.522613065326633 2613947295.0354223
4.648241206030151 2612058558.5932345
4.773869346733668 2609981663.0902452
4.899497487437186 2607700631.6597877
5.025125628140704 2605198458.4846573
5.150753768844221 2602457078.5648003
5.276381909547739 2599457340.426662
5.402010050251256 2596178982.9809113
5.527638190954774 2592600616.103375
5.653266331658291 2588699705.9578633
5.778894472361809 2584452566.4672422
5.9045226130653266 2579834355.637591
6.030150753768845 2574819079.557151
6.155778894472362 2569379603.739992
6.28140703517588 2563487671.400435
6.407035175879397 2557113932.4196205
6.532663316582915 2550227980.147604
6.658291457286432 2542798399.1027985
6.78391959798995 2534792824.0373
6.909547738693467 2526178009.7798147
7.035175879396985 2516919914.1425357
7.160804020100502 2506983793.302709
7.28643216080402 2496334311.0152655
7.4120603015075375 2484935662.370021
7.5376884422110555 2472751712.9750366
7.663316582914573 2459746149.520743
7.788944723618091 2445882644.2609663
7.914572864321608 2431125055.4613767
8.040201005025125 2415437631.2145076
8.165829145728644 2398785153.636456
8.291457286432161 2381133247.9048066
8.417085427135678 2362448791.577534
8.542713567839195 2342699625.4043336
8.668341708542714 2321855266.9834003
8.793969849246231 2299888086.0492477
8.919597989949748 2276770559.482914
9.045226130653266 2252479562.8349657
9.170854271356784 2226995440.524075
9.296482412060302 2200296765.1129856
9.422110552763819 2172374204.944566
9.547738693467336 2143212687.553616
9.673366834170855 2112808465.1523964
9.798994974874372 2081158864.4269607
9.924623115577889 2048266289.3957365
10.050251256281408 2014138823.7552693
10.175879396984925 1978789624.6174462
10.301507537688442 1942237348.4569397
10.42713567839196 1904505444.747463
10.552763819095478 1865626405.3955283
10.678391959798995 1825634038.1051033
10.804020100502512 1784572483.3437588
10.92964824120603 1742491870.848857
11.055276381909549 1699443081.328602
11.180904522613066 1655493339.6651912
11.306532663316583 1610705174.4105256
11.4321608040201 1565154200.964079
11.557788944723619 1518919914.3721747
11.683417085427136 1472085175.4564192
11.809045226130653 1424740580.8284955
11.93467336683417 1376979878.84464
12.06030150753769 1328900836.2704127
12.185929648241206 1280605211.4866464
12.311557788944723 1232197370.4824982
12.43718592964824 1183783834.3067458
12.56281407035176 1135472680.7955797
12.688442211055277 1087372689.9405708
12.814070351758794 1039592557.8471878
12.93969849246231 992240119.3805931
13.06532663316583 945421536.2615988
13.190954773869347 899240485.5447204
13.316582914572864 853797368.0397228
13.442211055276381 809188542.982595
13.5678391959799 765505598.5225999
13.693467336683417 722834669.5878091
13.819095477386934 681255813.5928319
13.944723618090451 640842453.0775075
14.07035175879397 601660893.231305
14.195979899497488 563769920.9975576
14.321608040201005 527220490.9823206
14.447236180904522 492055501.78002226
14.57286432160804 458309664.64409095
14.698492462311558 426009464.7178246
14.824120603015075 395173213.34548676
14.949748743718592 365811188.3559077
15.075376884422111 337925857.684929
15.201005025125628 311512180.32389057
15.326633165829145 286557977.38106817
15.452261306532664 263044365.04428408
15.577889447236181 240946240.4602683
15.703517587939698 220232811.00549072
15.829145728643216 200868157.1202906
15.954773869346734 182811818.80784467
16.08040201005025 166019396.04990837
16.20603015075377 150443153.74557686
16.331658291457288 136032622.31389034
16.457286432160803 122735185.7905421
16.582914572864322 110496650.062803
16.70854271356784 99261784.79544824
16.834170854271356 88974833.57244505
16.959798994974875 79579987.7847617
17.08542713567839 71021820.80568214
17.21105527638191 63245679.98569737
17.33668341708543 56198034.947254814
17.462311557788944 49826781.54613932
17.587939698492463 44081501.67630777
17.71356783919598 38913679.81711005
17.839195979899497 34276877.848622054
17.964824120603016 30126870.188187264
18.09045226130653 26421741.72859743
18.21608040201005 23121951.387427814
18.34170854271357 20190364.31246142
18.467336683417084 17592255.936055675
18.592964824120603 15295291.139636265
18.718592964824122 13269481.786852771
18.844221105527637 11487125.819951558
18.969849246231156 9922730.998046394
19.09547738693467 8552926.198002322
19.22110552763819 7356363.007741135
19.34673366834171 6313610.126743666
19.472361809045225 5407042.857376435
19.597989949748744 4620729.7306475295
19.723618090452263 3940318.0674307356
19.849246231155778 3352920.036556237
19.974874371859297 2847000.53890487
20.100502512562816 2412268.025485027
20.22613065326633 2039569.1501267299
20.35175879396985 1720787.96601005
20.477386934673365 1448750.2010322618
20.603015075376884 1217132.9907877755
20.728643216080403 1020380.3098587819
20.85427135678392 853624.2219667226
20.979899497487438 712611.9667422583
21.105527638190956 593638.8145085691
21.231155778894472 493486.5495143656
21.35678391959799 409367.38520573976
21.482412060301506 338873.07110970427
21.608040201005025 279928.91831699206
21.733668341708544 230752.4480435941
21.85929648241206 189816.35396626274
21.984924623115578 155815.46268888068
22.110552763819097 127637.37658842646
22.236180904522612 104336.48829491291
22.36180904522613 85111.06515574775
22.487437185929647 69283.11430694841
22.613065326633166 56280.75360661354
22.738693467336685 45622.82997559768
22.8643216080402 36905.54402394934
22.98994974874372 29790.857710854103
23.115577889447238 23996.479756082783
23.241206030150753 19287.241254158605
23.366834170854272 15467.691155606788
23.492462311557787 12375.7577643226
23.618090452261306 9877.338000094624
23.743718592964825 7861.690776919298
23.86934673366834 6237.524387188961
23.99497487437186 4929.680215954189
24.12060301507538 3876.326433825145
24.246231155778894 3026.5855387031215
24.371859296482413 2338.5287644910463
24.497487437185928 1777.4784869923733
24.623115577889447 1314.5668797859423
24.748743718592966 925.5052571745545
24.87437185929648 589.5238403426822
25 288.4461493469282
