0.2069383199712027 0.2069383199712027
0 373269.4499525048
0.12562814070351758 373254.23061604577
0.25125628140703515 373208.42065208603
0.3768844221105528 373132.075895654
0.5025125628140703 373025.2074453571
0.628140703517588 372887.8280812102
0.7537688442211056 372719.955553703
0.8793969849246231 372521.61159070604
1.0050251256281406 372292.82003126905
1.1306532663316582 372033.61125513405
1.256281407035176 371744.01727117307
1.3819095477386936 371424.07628163684
1.5075376884422111 371073.8281303631
1.6331658291457287 370693.31883201987
1.7587939698492463 370282.5969703002
1.8844221105527639 369841.7156813759
2.0100502512562812 369370.7330550057
2.135678391959799 368869.7103124148
2.2613065326633164 368338.713668363
2.386934673366834 367777.8138452141
2.512562814070352 367187.0859032044
2.6381909547738696 366566.60937950003
2.763819095477387 365916.46875021385
2.8894472361809047 365236.7532124733
3.0150753768844223 364527.5567183471
3.14070351758794 363788.9783167486
3.2663316582914574 363021.1219900344
3.391959798994975 362224.0966410296
3.5175879396984926 361398.0165266102
3.64321608040201 360543.0006612834
3.7688442211055277 359659.17356412584
3.8944723618090453 358746.6644208686
4.0201005025125625 357805.6076921046
4.1457286432160805 356836.1428048476
4.271356783919598 355838.41412463936
4.396984924623116 354812.57079520024
4.522613065326633 353758.7668112203
4.648241206030151 352677.16061436123
4.773869346733668 351567.9151887651
4.899497487437186 350431.1977490702
5.025125628140704 349267.17985358986
5.150753768844221 348076.03703354177
5.276381909547739 346857.94871168036
5.402010050251256 345613.09812913
5.527638190954774 344341.67215340753
5.653266331658291 343043.8611574298
5.778894472361809 341719.85890172294
5.9045226130653266 340369.8626713856
6.030150753768845 338994.0728715263
6.155778894472362 337592.69301553484
6.28140703517588 336165.93008984433
6.407035175879397 334713.9939538739
6.532663316582915 333237.0979000348
6.658291457286432 331735.4578281505
6.78391959798995 330209.29344193364
6.909547738693467 328658.82708298916
7.035175879396985 327084.28459708364
7.160804020100502 325485.89441574505
7.28643216080402 323863.8885852698
7.4120603015075375 322218.50222188566
7.5376884422110555 320549.97346350516
7.663316582914573 318858.54333428
7.788944723618091 317144.45602634066
7.914572864321608 315407.9588504939
8.040201005025125 313649.301565902
8.165829145728644 311868.7370596531
8.291457286432161 310066.5207591099
8.417085427135678 308242.9106732609
8.542713567839195 306398.16735581594
8.668341708542714 304532.5536300409
8.793969849246231 302646.334762508
8.919597989949748 300739.7782158761
9.045226130653266 298813.15368718834
9.170854271356784 296866.7329641193
9.296482412060302 294900.7900928892
9.422110552763819 292915.60127145075
9.547738693467336 290911.44482145394
9.673366834170855 288888.60153121833
9.798994974874372 286847.3544465647
9.924623115577889 284787.98923969804
10.050251256281408 282710.7941124072
10.175879396984925 280616.0600771761
10.301507537688442 278504.0811636357
10.42713567839196 276375.15416213305
10.552763819095478 274229.5792491446
10.678391959798995 272067.6596619456
10.804020100502512 269889.702028771
10.92964824120603 267696.01620785566
11.055276381909549 265486.9154007779
11.180904522613066 263262.7160544239
11.306532663316583 261023.73767546227
11.4321608040201 258770.30275267683
11.557788944723619 256502.7365830956
11.683417085427136 254221.36694391686
11.809045226130653 251926.5237599552
11.93467336683417 249618.5391286017
12.06030150753769 247297.7465802297
12.185929648241206 244964.48113425175
12.311557788944723 242619.07860374657
12.43718592964824 240261.87567856544
12.56281407035176 237893.2093095314
12.688442211055277 235513.41648083148
12.814070351758794 233122.83422385313
12.93969849246231 230721.79921165
13.06532663316583 228310.64776054106
13.190954773869347 225889.71554550683
13.316582914572864 223459.33763971468
13.442211055276381 221019.8487392517
13.5678391959799 218571.58282840415
13.693467336683417 216114.87356312774
13.819095477386934 213650.05430084522
13.944723618090451 211177.45805356602
14.07035175879397 208697.41802324652
14.195979899497488 206210.26734869287
14.321608040201005 203716.33952881853
14.447236180904522 201215.9685083653
14.57286432160804 198709.48878210507
14.698492462311558 196197.23558447085
14.824120603015075 193679.54501224225
14.949748743718592 191156.75386699286
15.075376884422111 188629.20003434693
15.201005025125628 186097.22214852244
15.326633165829145 183561.16016280133
15.452261306532664 181021.35480417608
15.577889447236181 178478.14740338107
15.703517587939698 175931.88046500165
15.829145728643216 173382.8971474482
15.954773869346734 170831.5412625328
16.08040201005025 168278.15688739682
16.20603015075377 165723.08913442207
16.331658291457288 163166.68279742828
16.457286432160803 160609.28320387058
16.582914572864322 158051.2355572826
16.70854271356784 155492.88515259666
16.834170854271356 152934.57694630732
16.959798994974875 150376.6555767114
17.08542713567839 147819.46518507277
17.21105527638191 145263.3491922552
17.33668341708543 142708.65028974437
17.462311557788944 140155.71012836692
17.587939698492463 137604.8692097097
17.71356783919598 135056.46667271818
17.839195979899497 132510.84034906296
17.964824120603016 129968.3260925319
18.09045226130653 127429.25820504314
18.21608040201005 124893.96885763534
18.34170854271357 122362.78802834982
18.467336683417084 119836.04337800533
18.592964824120603 117314.0603466852
18.718592964824122 114797.16163967064
18.844221105527637 112285.66737330386
18.969849246231156 109779.89498079951
19.09547738693467 107280.15951355173
19.22110552763819 104786.7728156964
19.34673366834171 102300.04461162284
19.472361809045225 99820.2817764335
19.597989949748744 97347.78868563611
19.723618090452263 94882.86743141655
19.849246231155778 92425.81780455646
19.974874371859297 89976.93749444892
20.100502512562816 87536.522200863
20.22613065326633 85104.86580205473
20.35175879396985 82682.26049840065
20.477386934673365 80268.99703748811
20.603015075376884 77865.3645320696
20.728643216080403 75471.65066146327
20.85427135678392 73088.14230286903
20.979899497487438 70715.12458620282
21.105527638190956 68352.88150353303
21.231155778894472 66001.69593211474
21.35678391959799 63661.84915208462
21.482412060301506 61333.621274128425
21.608040201005025 59017.29058922766
21.733668341708544 56713.13403893021
21.85929648241206 54421.426563794696
21.984924623115578 52142.440786741776
22.110552763819097 49876.44770328796
22.236180904522612 47623.71540968508
22.36180904522613 45384.509586320506
22.487437185929647 43159.093152982874
22.613065326633166 40947.725909556015
22.738693467336685 38750.66447446962
22.8643216080402 36568.16212085183
22.98994974874372 34400.4684971211
23.115577889447238 32247.829455065104
23.241206030150753 30110.48719744912
23.366834170854272 27988.67974050129
23.492462311557787 25882.641041047642
23.618090452261306 23792.600926655174
23.743718592964825 21718.785145567075
23.86934673366834 19661.415186655006
23.99497487437186 17620.707931080535
24.12060301507538 15596.876571958304
24.246231155778894 13590.129912646411
24.371859296482413 11600.67298886566
24.497487437185928 9628.706502281375
24.623115577889447 7674.427758723127
24.748743718592966 5738.0302375509145
24.87437185929648 3819.7037884852557
25 1919.6350350239798
