0.006697218616039631 0.006697218616039631
0 1771313244.589644
0.12562814070351758 1771279059.7290506
0.25125628140703515 1771244518.8872712
0.3768844221105528 1771186778.694293
0.5025125628140703 1771105438.6620126
0.628140703517588 1770999970.1805615
0.7537688442211056 1770869695.8395941
0.8793969849246231 1770713784.3440108
1.0050251256281406 1770531246.9452753
1.1306532663316582 1770320933.8320086
1.256281407035176 1770081530.1483767
1.3819095477386936 1769811551.6019094
1.5075376884422111 1769509339.632844
1.6331658291457287 1769173056.1435113
1.7587939698492463 1768800677.8158095
1.8844221105527639 1768389990.049496
2.0100502512562812 1767938580.5055094
2.135678391959799 1767443832.3377733
2.2613065326633164 1766902917.0972142
2.386934673366834 1766312787.3695827
2.512562814070352 1765670169.1693046
2.6381909547738696 1764971554.1509788
2.763819095477387 1764213191.6566331
2.8894472361809047 1763391080.658873
3.0150753768844223 1762500961.664968
3.14070351758794 1761538308.5957425
3.2663316582914574 1760498320.7639625
3.391959798994975 1759375914.928029
3.5175879396984926 1758165717.5696144
3.64321608040201 1756862057.4198499
3.7688442211055277 1755458958.3066173
3.8944723618090453 1753950132.4218295
4.0201005025125625 1752328974.0833485
4.1457286432160805 1750588554.0621197
4.271356783919598 1748721614.5792992
4.396984924623116 1746720565.0754097
4.522613065326633 1744577478.8171601
4.648241206030151 1742284090.4728885
4.773869346733668 1739831794.733449
4.899497487437186 1737211646.1418366
5.025125628140704 1734414360.1274414
5.150753768844221 1731430315.497871
5.276381909547739 1728249558.4157476
5.402010050251256 1724861807.9507213
5.527638190954774 1721256463.4441347
5.653266331658291 1717422613.6841168
5.778894472361809 1713349048.0334315
5.9045226130653266 1709024269.7550967
6.030150753768845 1704436511.4131086
6.155778894472362 1699573752.6815767
6.28140703517588 1694423740.6673424
6.407035175879397 1688974012.5861135
6.532663316582915 1683211921.2793736
6.658291457286432 1677124663.4593873
6.78391959798995 1670699310.678533
6.909547738693467 1663922843.3827653
7.035175879396985 1656782187.9289217
7.160804020100502 1649264256.5723152
7.28643216080402 1641355990.512391
7.4120603015075375 1633044406.2882593
7.5376884422110555 1624316645.7457802
7.663316582914573 1615160028.5491064
7.788944723618091 1605562105.641836
7.914572864321608 1595510718.4572313
8.040201005025125 1584994069.4049263
8.165829145728644 1574000779.9217656
8.291457286432161 1562519932.38342
8.417085427135678 1550541185.0069244
8.542713567839195 1538054872.796123
8.668341708542714 1525051917.7724876
8.793969849246231 1511524053.3537605
8.919597989949748 1497464083.1658158
9.045226130653266 1482865346.5537372
9.170854271356784 1467722426.1351392
9.296482412060302 1452031296.6448896
9.422110552763819 1435788277.7076995
9.547738693467336 1418991879.9849868
9.673366834170855 1401641375.952596
9.798994974874372 1383737460.284008
9.924623115577889 1365282598.0418847
10.050251256281408 1346280538.158298
10.175879396984925 1326736672.2822044
10.301507537688442 1306658160.5359654
10.42713567839196 1286053850.9665356
10.552763819095478 1264934111.460793
10.678391959798995 1243311671.9259331
10.804020100502512 1221200421.2894342
10.92964824120603 1198616455.9407177
11.055276381909549 1175578091.1551735
11.180904522613066 1152104466.6825345
11.306532663316583 1128217756.8502665
11.4321608040201 1103941328.14662
11.557788944723619 1079300203.1660383
11.683417085427136 1054321697.5970726
11.809045226130653 1029034439.8946614
11.93467336683417 1003468668.046342
12.06030150753769 977656325.5366415
12.185929648241206 951630696.5025557
12.311557788944723 925426346.3460064
12.43718592964824 899079071.5726902
12.56281407035176 872625720.9252306
12.688442211055277 846104031.1336827
12.814070351758794 819552481.5184345
12.93969849246231 793010128.0248829
13.06532663316583 766516421.9159533
13.190954773869347 740111024.2534891
13.316582914572864 713833616.7061776
13.442211055276381 687723707.9659597
13.5678391959799 661820437.344153
13.693467336683417 636162377.7517691
13.819095477386934 610787339.9601994
13.944723618090451 585732179.9209303
14.07035175879397 561032610.9241847
14.195979899497488 536723022.4055169
14.321608040201005 512836307.1753521
14.447236180904522 489403698.7675044
14.57286432160804 466454620.5101546
14.698492462311558 444016547.7949575
14.824120603015075 422114884.87861586
14.949748743718592 400772857.38285255
15.075376884422111 380011421.47329223
15.201005025125628 359849190.4945237
15.326633165829145 340302379.62502253
15.452261306532664 321384768.8896104
15.577889447236181 303107684.64274174
15.703517587939698 285479999.4016659
15.829145728643216 268508149.69277483
15.954773869346734 252196171.35071382
16.08040201005025 236545751.5129357
16.20603015075377 221556296.36320046
16.331658291457288 207225013.50794616
16.457286432160803 193547007.72565836
16.582914572864322 180515388.70492354
16.70854271356784 168121389.28925532
16.834170854271356 156354492.67507207
16.959798994974875 145202566.96364015
17.08542713567839 134652005.44662672
17.21105527638191 124687871.01173389
17.33668341708543 115294043.08179453
17.462311557788944 106453365.55206534
17.587939698492463 98147794.2608137
17.71356783919598 90358542.61545947
17.839195979899497 83066224.09960324
17.964824120603016 76250990.50055389
18.09045226130653 69892664.82106914
18.21608040201005 63970867.969406806
18.34170854271357 58465138.45630789
18.467336683417084 53355044.46297789
18.592964824120603 48620287.77899728
18.718592964824122 44240799.23995357
18.844221105527637 40196825.421792544
18.969849246231156 36469006.466766
19.09547738693467 33038445.0286612
19.22110552763819 29886766.425960243
19.34673366834171 26996170.18355737
19.472361809045225 24349473.225421716
19.597989949748744 21930145.05034815
19.723618090452263 19722335.282521367
19.849246231155778 17710894.037319012
19.974874371859297 15881385.580149485
20.100502512562816 14220095.784692993
20.22613065326633 12714033.914953513
20.35175879396985 11350929.265496071
20.477386934673365 10119223.195907043
20.603015075376884 9008057.09024321
20.728643216080403 8007256.76075818
20.85427135678392 7107313.798034115
20.979899497487438 6299364.3483581925
21.105527638190956 5575165.773877694
21.231155778894472 4927071.62303126
21.35678391959799 4348005.308496525
21.482412060301506 3831432.8582336823
21.608040201005025 3371335.072637343
21.733668341708544 2962179.387937384
21.85929648241206 2598891.713565077
21.984924623115578 2276828.47903549
22.110552763819097 1991749.0951243108
22.236180904522612 1739789.0044106469
22.36180904522613 1517433.4681061418
22.487437185929647 1321492.20987141
22.613065326633166 1149075.012553021
22.738693467336685 997568.3414232205
22.8643216080402 864613.0466401377
22.98994974874372 748083.1791787987
23.115577889447238 646065.9376114211
23.241206030150753 556842.7483723238
23.366834170854272 478871.4691364206
23.492462311557787 410769.69359312643
23.618090452261306 351299.1262871577
23.743718592964825 299350.98799786554
23.86934673366834 253932.40538313164
23.99497487437186 214153.73306204737
24.12060301507538 179216.75198375955
24.246231155778894 148403.684560141
24.371859296482413 121066.9646216413
24.497487437185928 96619.69862803546
24.623115577889447 74526.7536439961
24.748743718592966 54296.407283329754
24.87437185929648 35472.49504793566
25 17626.991170534224
