0.016181678233812877 0.016181678233812877
0 358874664.70767826
0.12562814070351758 358863164.2299727
0.25125628140703515 358828545.03717935
0.3768844221105528 358770836.3725286
0.5025125628140703 358690023.45521086
0.628140703517588 358586085.5860374
0.7537688442211056 358458996.20363665
0.8793969849246231 358308722.91523474
1.0050251256281406 358135227.5872654
1.1306532663316582 357938466.365789
1.256281407035176 357718389.79717934
1.3819095477386936 357474942.87939924
1.5075376884422111 357208065.18823844
1.6331658291457287 356917690.9796113
1.7587939698492463 356603749.3136551
1.8844221105527639 356266164.1832166
2.0100502512562812 355904854.6912007
2.135678391959799 355519735.18791217
2.2613065326633164 355110715.4492112
2.386934673366834 354677700.9047713
2.512562814070352 354220592.78940016
2.6381909547738696 353739288.4177633
2.763819095477387 353233681.38127846
2.8894472361809047 352703661.7944377
3.0150753768844223 352149116.5728804
3.14070351758794 351569929.69545174
3.2663316582914574 350965982.46842664
3.391959798994975 350337153.84740186
3.5175879396984926 349683320.7214583
3.64321608040201 349004358.2252564
3.7688442211055277 348300140.02938616
3.8944723618090453 347570538.72416234
4.0201005025125625 346815426.0927913
4.1457286432160805 346034673.45627475
4.271356783919598 345228152.02118176
4.396984924623116 344395733.21085143
4.522613065326633 343537288.9959055
4.648241206030151 342652692.2148607
4.773869346733668 341741816.97687954
4.899497487437186 340804538.88622725
5.025125628140704 339840735.494189
5.150753768844221 338850286.5394433
5.276381909547739 337833074.3225278
5.402010050251256 336788984.0142892
5.527638190954774 335717903.9944248
5.653266331658291 334619726.16657823
5.778894472361809 333494346.2718017
5.9045226130653266 332341664.2232183
6.030150753768845 331161584.45236874
6.155778894472362 329954016.1786533
6.28140703517588 328718873.78062606
6.407035175879397 327456077.10318315
6.532663316582915 326165551.8244262
6.658291457286432 324847229.73777735
6.78391959798995 323501049.16229886
6.909547738693467 322126955.25868183
7.035175879396985 320724900.39588153
7.160804020100502 319294844.5036119
7.28643216080402 317836755.46398515
7.4120603015075375 316350609.4883508
7.5376884422110555 314836391.5117244
7.663316582914573 313294095.5282902
7.788944723618091 311723725.0732968
7.914572864321608 310125293.54728675
8.040201005025125 308498824.69328105
8.165829145728644 306844352.91763204
8.291457286432161 305161923.76846427
8.417085427135678 303451594.2883079
8.542713567839195 301713433.4464481
8.668341708542714 299947522.5246586
8.793969849246231 298153955.46920586
8.919597989949748 296332839.3411749
9.045226130653266 294484294.6297779
9.170854271356784 292608455.6228435
9.296482412060302 290705470.7447206
9.422110552763819 288775502.9239452
9.547738693467336 286818729.8360256
9.673366834170855 284835344.26402605
9.798994974874372 282825554.32253844
9.924623115577889 280789583.7598647
10.050251256281408 278727672.15072143
10.175879396984925 276640075.11129034
10.301507537688442 274527064.5237911
10.42713567839196 272388928.6708648
10.552763819095478 270225972.3709532
10.678391959798995 268038517.13726217
10.804020100502512 265826901.20779464
10.92964824120603 263591479.68348062
11.055276381909549 261332624.50101906
11.180904522613066 259050724.49406597
11.306532663316583 256746185.36766014
11.4321608040201 254419429.65321726
11.557788944723619 252070896.66483656
11.683417085427136 249701042.38015673
11.809045226130653 247310339.3413993
11.93467336683417 244899276.48957905
12.06030150753769 242468359.02706867
12.185929648241206 240018108.16635257
12.311557788944723 237549060.93622082
12.43718592964824 235061769.90633357
12.56281407035176 232556802.9214733
12.688442211055277 230034742.7475522
12.814070351758794 227496186.77859825
12.93969849246231 224941746.62105837
13.06532663316583 222372047.73916528
13.190954773869347 219787728.99168652
13.316582914572864 217189442.203805
13.442211055276381 214577851.6794834
13.5678391959799 211953633.69758332
13.693467336683417 209317475.97136402
13.819095477386934 206670077.09795249
13.944723618090451 204012145.9622386
14.07035175879397 201344401.12870649
14.195979899497488 198667570.19550124
14.321608040201005 195982389.12846375
14.447236180904522 193289601.56292582
14.57286432160804 190589958.08102468
14.698492462311558 187884215.45836413
14.824120603015075 185173135.8857639
14.949748743718592 182457486.15738165
15.075376884422111 179738036.84098893
15.201005025125628 177015561.40797293
15.326633165829145 174290835.34640744
15.452261306532664 171564635.2456581
15.577889447236181 168837737.8545155
15.703517587939698 166110919.1213888
15.829145728643216 163384953.2058555
15.954773869346734 160660611.48653638
16.08040201005025 157938661.53627965
16.20603015075377 155219866.1116388
16.331658291457288 152504982.10828385
16.457286432160803 149794759.53476205
16.582914572864322 147089940.48398957
16.70854271356784 144391258.10969743
16.834170854271356 141699435.6179612
16.959798994974875 139015185.27905762
17.08542713567839 136339207.4544621
17.21105527638191 133672189.66879942
17.33668341708543 131014805.69636773
17.462311557788944 128367714.69811161
17.587939698492463 125731560.38775903
17.71356783919598 123106970.25205475
17.839195979899497 120494554.81423172
17.964824120603016 117894906.94133255
18.09045226130653 115308601.20424157
18.21608040201005 112736193.28805797
18.34170854271357 110178219.45028877
18.467336683417084 107635196.02746838
18.592964824120603 105107618.99115038
18.718592964824122 102595963.54872046
18.844221105527637 100100683.7887056
18.969849246231156 97622212.36775531
19.09547738693467 95160960.23852172
19.22110552763819 92717316.41552494
19.34673366834171 90291647.7745784
19.472361809045225 87884298.89157683
19.597989949748744 85495591.90965217
19.723618090452263 83125826.44162418
19.849246231155778 80775279.50336745
19.974874371859297 78444205.478624
20.100502512562816 76132836.11367905
20.22613065326633 73841380.5534988
20.35175879396985 71570025.39814723
20.477386934673365 69318934.80822416
20.603015075376884 67088250.63940837
20.728643216080403 64878092.619576626
20.85427135678392 62688558.565318055
20.979899497487438 60519724.64471551
21.105527638190956 58371645.68273449
21.231155778894472 56244355.51548874
21.35678391959799 54137867.39232633
21.482412060301506 52052174.430864155
21.608040201005025 49987250.118032455
21.733668341708544 47943048.86955093
21.85929648241206 45919506.63819076
21.984924623115578 43916541.573006295
22.110552763819097 41934054.73428302
22.236180904522612 39971930.855428055
22.36180904522613 38030039.15568945
22.487437185929647 36108234.20111222
22.613065326633166 34206356.80939215
22.738693467336685 32324234.99702607
22.8643216080402 30461684.969819486
22.98994974874372 28618512.147426985
23.115577889447238 26794512.22311067
23.241206030150753 24989472.253917474
23.366834170854272 23203171.777109586
23.492462311557787 21435383.952700403
23.618090452261306 19685876.721846275
23.743718592964825 17954413.98467763
23.86934673366834 16240756.788423238
23.99497487437186 14544664.526627813
24.12060301507538 12865896.140232142
24.246231155778894 11204211.323520906
24.371859296482413 9559371.726057874
24.497487437185928 7931142.149477342
24.623115577889447 6319291.736620137
24.748743718592966 4723595.147246342
24.87437185929648 3143833.7194725303
25 1579796.6124548253
