0.17009875002179714 0.17009875002179714
0 1191627.3099589031
0.12562814070351758 1191482.3007246742
0.25125628140703515 1191336.5759113575
0.3768844221105528 1191094.040226114
0.5025125628140703 1190754.5950149226
0.628140703517588 1190318.250479642
0.7537688442211056 1189785.0394402072
0.8793969849246231 1189155.0143390372
1.0050251256281406 1188428.23326539
1.1306532663316582 1187604.7707288426
1.256281407035176 1186684.7090923216
1.3819095477386936 1185668.144789198
1.5075376884422111 1184555.1851650767
1.6331658291457287 1183345.9485476753
1.7587939698492463 1182040.567932916
1.8844221105527639 1180639.1877702244
2.0100502512562812 1179141.9674004302
2.135678391959799 1177549.079781954
2.2613065326633164 1175860.713108154
2.386934673366834 1174077.0704188051
2.512562814070352 1172198.370295806
2.6381909547738696 1170224.8483130806
2.763819095477387 1168156.7560674993
2.8894472361809047 1165994.3627027834
3.0150753768844223 1163737.9546568003
3.14070351758794 1161387.836128113
3.2663316582914574 1158944.329262783
3.391959798994975 1156407.7746933985
3.5175879396984926 1153778.5308790044
3.64321608040201 1151056.975022407
3.7688442211055277 1148243.5023355612
3.8944723618090453 1145338.5263139682
4.0201005025125625 1142342.4780238185
4.1457286432160805 1139255.8059603008
4.271356783919598 1136078.9759170688
4.396984924623116 1132812.4706691776
4.522613065326633 1129456.7887374812
4.648241206030151 1126012.4440580904
4.773869346733668 1122479.9661201155
4.899497487437186 1118859.8983593532
5.025125628140704 1115152.7979446228
5.150753768844221 1111359.2351295485
5.276381909547739 1107479.7924828576
5.402010050251256 1103515.0642013513
5.527638190954774 1099465.6555762945
5.653266331658291 1095332.182685036
5.778894472361809 1091115.2712709669
5.9045226130653266 1086815.5567957493
6.030150753768845 1082433.6838468541
6.155778894472362 1077970.3055154136
6.28140703517588 1073426.0837685456
6.407035175879397 1068801.6884341512
6.532663316582915 1064097.797555943
6.658291457286432 1059315.097101768
6.78391959798995 1054454.281108803
6.909547738693467 1049516.0509964142
7.035175879396985 1044501.116052351
7.160804020100502 1039410.1938504558
7.28643216080402 1034244.009806459
7.4120603015075375 1029003.296708092
7.5376884422110555 1023688.7958032315
7.663316582914573 1018301.2565022884
7.788944723618091 1012841.4360978032
7.914572864321608 1007310.1003087893
8.040201005025125 1001708.0228607808
8.165829145728644 996035.9859316009
8.291457286432161 990294.7800925329
8.417085427135678 984485.2041008668
8.542713567839195 978608.0653135255
8.668341708542714 972664.1795974006
8.793969849246231 966654.3713297118
8.919597989949748 960579.4736728687
9.045226130653266 954440.3287029748
9.170854271356784 948237.7874160159
9.296482412060302 941972.7099234046
9.422110552763819 935645.9660347608
9.547738693467336 929258.4348531348
9.673366834170855 922811.0056791826
9.798994974874372 916304.578143498
9.924623115577889 909740.0619754968
10.050251256281408 903118.3779221469
10.175879396984925 896440.4574832922
10.301507537688442 889707.243486532
10.42713567839196 882919.6900459881
10.552763819095478 876078.7622667721
10.678391959798995 869185.436760061
10.804020100502512 862240.7011295286
10.92964824120603 855245.5536678818
11.055276381909549 848201.0031689845
11.180904522613066 841108.0681744557
11.306532663316583 833967.7764882557
11.4321608040201 826781.1644399287
11.557788944723619 819549.2758708266
11.683417085427136 812273.1613903918
11.809045226130653 804953.8770979308
11.93467336683417 797592.4839775583
12.06030150753769 790190.0463189076
12.185929648241206 782747.6310796543
12.311557788944723 775266.3066838075
12.43718592964824 767747.1420572529
12.56281407035176 760191.2059213097
12.688442211055277 752599.5658248585
12.814070351758794 744973.2878757676
12.93969849246231 737313.4360619702
13.06532663316583 729621.0718720605
13.190954773869347 721897.2545104801
13.316582914572864 714143.0403709913
13.442211055276381 706359.4838690535
13.5678391959799 698547.6370394499
13.693467336683417 690708.5503792055
13.819095477386934 682843.2735279679
13.944723618090451 674952.8554624288
14.07035175879397 667038.3454643259
14.195979899497488 659100.7937209125
14.321608040201005 651141.2518238005
14.447236180904522 643160.7738822963
14.57286432160804 635160.4167852746
14.698492462311558 627141.240905494
14.824120603015075 619104.3106516352
14.949748743718592 611050.6949711806
15.075376884422111 602981.4669868225
15.201005025125628 594897.7054198408
15.326633165829145 586800.493540214
15.452261306532664 578690.9199962359
15.577889447236181 570570.0776730767
15.703517587939698 562439.0648328579
15.829145728643216 554298.9835411515
15.954773869346734 546150.9399499287
16.08040201005025 537996.0436476864
16.20603015075377 529835.4075001657
16.331658291457288 521670.1456480003
16.457286432160803 513501.37458491203
16.582914572864322 505330.2116464458
16.70854271356784 497157.77417743066
16.834170854271356 488985.1788496465
16.959798994974875 480813.54124741675
17.08542713567839 472643.9745972601
17.21105527638191 464477.58922380663
17.33668341708543 456315.49183009897
17.462311557788944 448158.78457895224
17.587939698492463 440008.5645971026
17.71356783919598 431865.92303548066
17.839195979899497 423731.94446366397
17.964824120603016 415607.7067542852
18.09045226130653 407494.279623942
18.21608040201005 399392.7248531055
18.34170854271357 391304.0958692108
18.467336683417084 383229.4371141496
18.592964824120603 375169.7843051759
18.718592964824122 367126.16353020555
18.844221105527637 359099.59194993466
18.969849246231156 351091.0779883907
19.09547738693467 343101.62088056316
19.22110552763819 335132.2111072148
19.34673366834171 327183.8311591193
19.472361809045225 319257.45562131505
19.597989949748744 311354.0516654482
19.723618090452263 303474.57980796957
19.849246231155778 295619.9943307428
19.974874371859297 287791.2438986987
20.100502512562816 279989.2720819925
20.22613065326633 272215.0179332179
20.35175879396985 264469.4164973661
20.477386934673365 256753.39950883406
20.603015075376884 249067.895181165
20.728643216080403 241413.8288358428
20.85427135678392 233792.1229468617
20.979899497487438 226203.6978510157
21.105527638190956 218649.47066097855
21.231155778894472 211130.35511053604
21.35678391959799 203647.26259643346
21.482412060301506 196201.10033264928
21.608040201005025 188792.7712048036
21.733668341708544 181423.17411899593
21.85929648241206 174093.20198047004
21.984924623115578 166803.74207246667
22.110552763819097 159555.6743143726
22.236180904522612 152349.87159079732
22.36180904522613 145187.19798466994
22.487437185929647 138068.5086053809
22.613065326633166 130994.6484282108
22.738693467336685 123966.45183631229
22.8643216080402 116984.74158239798
22.98994974874372 110050.32851777576
23.115577889447238 103164.01076562275
23.241206030150753 96326.57340664128
23.366834170854272 89538.78749316913
23.492462311557787 82801.41076166235
23.618090452261306 76115.18613340706
23.743718592964825 69480.84267037922
23.86934673366834 62899.09458238603
23.99497487437186 56370.64217800698
24.12060301507538 49896.171368835465
24.246231155778894 43476.35405683624
24.371859296482413 37111.848243879176
24.497487437185928 30803.298955274946
24.623115577889447 24551.33798888741
24.748743718592966 18356.5848735072
24.87437185929648 12219.647028293279
25 6141.120114467663
