0.012059071384970012 0.012059071384970012
0 574328024.8534161
0.12562814070351758 574277587.0046773
0.25125628140703515 574226867.5637392
0.3768844221105528 574142408.6223973
0.5025125628140703 574024110.7173759
0.628140703517588 573871884.8289275
0.7537688442211056 573685624.64257
0.8793969849246231 573465202.651352
1.0050251256281406 573210469.2898153
1.1306532663316582 572921252.7337728
1.256281407035176 572597358.9478153
1.3819095477386936 572238571.8192403
1.5075376884422111 571844653.3432239
1.6331658291457287 571415343.8616416
1.7587939698492463 570950362.3214403
1.8844221105527639 570449406.571878
2.0100502512562812 569912153.6895078
2.135678391959799 569338260.3374995
2.2613065326633164 568727363.1437156
2.386934673366834 568079079.1192402
2.512562814070352 567393006.1130815
2.6381909547738696 566668723.2855598
2.763819095477387 565905791.6296234
2.8894472361809047 565103754.512345
3.0150753768844223 564262138.274462
3.14070351758794 563380452.8322303
3.2663316582914574 562458192.3545898
3.391959798994975 561494835.9506345
3.5175879396984926 560489848.4103315
3.64321608040201 559442680.9745508
3.7688442211055277 558352772.1552589
3.8944723618090453 557219548.5971357
4.0201005025125625 556042425.9672269
4.1457286432160805 554820809.8965114
4.271356783919598 553554096.9603508
4.396984924623116 552241675.7021451
4.522613065326633 550882927.6940675
4.648241206030151 549477228.6348852
4.773869346733668 548023949.4971585
4.899497487437186 546522457.7060119
5.025125628140704 544972118.358414
5.150753768844221 543372295.4767437
5.276381909547739 541722353.3030299
5.402010050251256 540021657.6199979
5.527638190954774 538269577.1071956
5.653266331658291 536465484.738769
5.778894472361809 534608759.19325274
5.9045226130653266 532698786.3098872
6.030150753768845 530734960.5509852
6.155778894472362 528716686.5154293
6.28140703517588 526643380.442113
6.407035175879397 524514471.7823133
6.532663316582915 522329404.73876554
6.658291457286432 520087639.8687024
6.78391959798995 517788655.68073547
6.909547738693467 515431950.2603173
7.035175879396985 513017042.902589
7.160804020100502 510543475.76313484
7.28643216080402 508010815.5285697
7.4120603015075375 505418655.0878365
7.5376884422110555 502766615.2280101
7.663316582914573 500054346.32160455
7.788944723618091 497281530.0394616
7.914572864321608 494447881.0585798
8.040201005025125 491553148.780151
8.165829145728644 488597119.04495335
8.291457286432161 485579615.8460946
8.417085427135678 482500503.0475971
8.542713567839195 479359686.086907
8.668341708542714 476157113.66528547
8.793969849246231 472892779.43032795
8.919597989949748 469566723.6295887
9.045226130653266 466179034.7577121
9.170854271356784 462729851.15391594
9.296482412060302 459219362.571785
9.422110552763819 455647811.72376215
9.547738693467336 452015495.75733364
9.673366834170855 448322767.70043916
9.798994974874372 444570037.8275332
9.924623115577889 440757774.98800313
10.050251256281408 436886507.8366206
10.175879396984925 432956826.00731647
10.301507537688442 428969381.19566256
10.42713567839196 424924888.14922863
10.552763819095478 420824125.5594195
10.678391959798995 416667936.8646298
10.804020100502512 412457230.9261351
10.92964824120603 408192982.60143924
11.055276381909549 403876233.1934404
11.180904522613066 399508090.7715819
11.306532663316583 395089730.36939317
11.4321608040201 390622394.03726786
11.557788944723619 386107390.76253635
11.683417085427136 381546096.24255806
11.809045226130653 376939952.5052919
11.93467336683417 372290467.3903569
12.06030150753769 367599213.8549654
12.185929648241206 362867829.1449377
12.311557788944723 358098013.78865945
12.43718592964824 353291530.4347246
12.56281407035176 348450202.52672213
12.688442211055277 343575912.80544287
12.814070351758794 338670601.6540344
12.93969849246231 333736265.2677667
13.06532663316583 328774953.6576797
13.190954773869347 323788768.4856639
13.316582914572864 318779860.7309943
13.442211055276381 313750428.1963985
13.5678391959799 308702712.83795017
13.693467336683417 303638997.9394304
13.819095477386934 298561605.1282865
13.944723618090451 293472891.22828287
14.07035175879397 288375244.96414316
14.195979899497488 283271083.522613
14.321608040201005 278162848.9676657
14.447236180904522 273053004.52719593
14.57286432160804 267944030.75451243
14.698492462311558 262838421.574551
14.824120603015075 257738680.22791082
14.949748743718592 252647315.118723
15.075376884422111 247566835.5893713
15.201005025125628 242499747.6211938
15.326633165829145 237448549.4893908
15.452261306532664 232415727.38143045
15.577889447236181 227403750.9895747
15.703517587939698 222415069.10306987
15.829145728643216 217452105.21339935
15.954773869346734 212517253.14208162
16.08040201005025 207612872.7181162
16.20603015075377 202741285.5113269
16.331658291457288 197904770.64562637
16.457286432160803 193105560.69590577
16.582914572864322 188345837.696867
16.70854271356784 183627729.2609063
16.834170854271356 178953304.8270439
16.959798994974875 174324572.04651657
17.08542713567839 169743473.32101
17.21105527638191 165211882.4884732
17.33668341708543 160731601.6762132
17.462311557788944 156304358.32289374
17.587939698492463 151931802.37025782
17.71356783919598 147615503.6330024
17.839195979899497 143356949.35178885
17.964824120603016 139157541.9252115
18.09045226130653 135018596.8313776
18.21608040201005 130941340.73483905
18.34170854271357 126926909.7845379
18.467336683417084 122976348.10335347
18.592964824120603 119090606.47152506
18.718592964824122 115270541.20515594
18.844221105527637 111516913.23255855
18.969849246231156 107830387.36968602
19.09547738693467 104211531.79742774
19.22110552763819 100660817.73974812
19.34673366834171 97178619.34575778
19.472361809045225 93765213.78026718
19.597989949748744 90420781.51346736
19.723618090452263 87145406.82131207
19.849246231155778 83939078.4882923
19.974874371859297 80801690.71050222
20.100502512562816 77733044.20640957
20.22613065326633 74732847.51670659
20.35175879396985 71800718.5062461
20.477386934673365 68936186.04784718
20.603015075376884 66138691.89514061
20.728643216080403 63407592.727081
20.85427135678392 60742162.36585163
20.979899497487438 58141594.154657446
21.105527638190956 55605003.486625515
21.231155778894472 53131430.4808629
21.35678391959799 50719842.78894401
21.482412060301506 48369138.52704829
21.608040201005025 46078149.321708724
21.733668341708544 43845643.458421275
21.85929648241206 41670329.12311002
21.984924623115578 39550857.72611279
22.110552763819097 37485827.29867337
22.236180904522612 35473785.95115878
22.36180904522613 33513235.38391896
22.487437185929647 31602634.441086177
22.613065326633166 29740402.698460434
22.738693467336685 27924924.076769903
22.8643216080402 26154550.47206549
22.98994974874372 24427605.396333378
23.115577889447238 22742387.61995212
23.241206030150753 21097174.811081275
23.366834170854272 19490227.16410771
23.492462311557787 17919791.013308726
23.618090452261306 16384102.425277991
23.743718592964825 14881390.766370634
23.86934673366834 13409882.240957903
23.99497487437186 11967803.396423435
24.12060301507538 10553384.591880217
24.246231155778894 9164863.428201564
24.371859296482413 7800488.135732789
24.497487437185928 6458520.918669369
24.623115577889447 5137241.253254117
24.748743718592966 3834949.138650117
24.87437185929648 2549968.298689435
25 1280649.33338412
