0.008147685792549965 0.008147685792549965
0 1157735607.9304237
0.12562814070351758 1157717128.6258173
0.25125628140703515 1157661462.941108
0.3768844221105528 1157568516.0511181
0.5025125628140703 1157438032.097527
0.628140703517588 1157269652.628253
0.7537688442211056 1157062916.4504216
0.8793969849246231 1156817259.4225378
1.0050251256281406 1156532014.214744
1.1306532663316582 1156206409.962358
1.256281407035176 1155839571.990916
1.3819095477386936 1155430521.414342
1.5075376884422111 1154978174.7642817
1.6331658291457287 1154481343.6113155
1.7587939698492463 1153938734.1437593
1.8844221105527639 1153348946.7856286
2.0100502512562812 1152710475.7951374
2.135678391959799 1152021708.916658
2.2613065326633164 1151280927.0438476
2.386934673366834 1150486303.932083
2.512562814070352 1149635905.9614305
2.6381909547738696 1148727691.9829085
2.763819095477387 1147759513.2199945
2.8894472361809047 1146729113.3012762
3.0150753768844223 1145634128.371318
3.14070351758794 1144472087.3189576
3.2663316582914574 1143240412.1923745
3.391959798994975 1141936418.7153208
3.5175879396984926 1140557317.0009136
3.64321608040201 1139100212.4355826
3.7688442211055277 1137562106.7988238
3.8944723618090453 1135939899.5611873
4.0201005025125625 1134230389.4573648
4.1457286432160805 1132430276.2885895
4.271356783919598 1130536163.009076
4.396984924623116 1128544558.0987513
4.522613065326633 1126451878.2663808
4.648241206030151 1124254451.454367
4.773869346733668 1121948520.1885602
4.899497487437186 1119530245.3142552
5.025125628140704 1116995710.096779
5.150753768844221 1114340924.7327297
5.276381909547739 1111561831.2571437
5.402010050251256 1108654308.915985
5.527638190954774 1105614179.945981
5.653266331658291 1102437215.8753061
5.778894472361809 1099119144.2563818
5.9045226130653266 1095655655.9179456
6.030150753768845 1092042412.7362335
6.155778894472362 1088275055.8856847
6.28140703517588 1084349214.6950428
6.407035175879397 1080260515.9579475
6.532663316582915 1076004593.8794506
6.658291457286432 1071577100.5268562
6.78391959798995 1066973716.8771311
6.909547738693467 1062190164.3877364
7.035175879396985 1057222217.1991396
7.160804020100502 1052065714.8361291
7.28643216080402 1046716575.5169457
7.4120603015075375 1041170809.983346
7.5376884422110555 1035424535.9040754
7.663316582914573 1029473992.7524058
7.788944723618091 1023315557.2020111
7.914572864321608 1016945759.0111431
8.040201005025125 1010361297.43948
8.165829145728644 1003559057.8600832
8.291457286432161 996536128.7020109
8.417085427135678 989289819.2932442
8.542713567839195 981817677.6605258
8.668341708542714 974117507.1000404
8.793969849246231 966187385.6403935
8.919597989949748 958025685.345743
9.045226130653266 949631085.5279627
9.170854271356784 941002596.0745965
9.296482412060302 932139575.5446534
9.422110552763819 923041739.7545675
9.547738693467336 913709193.2562457
9.673366834170855 904142433.8210453
9.798994974874372 894342373.19147
9.924623115577889 884310354.6222316
10.050251256281408 874048163.2096303
10.175879396984925 863558041.296389
10.301507537688442 852842702.1261175
10.42713567839196 841905339.3860486
10.552763819095478 830749636.1843761
10.678391959798995 819379779.2729926
10.804020100502512 807800456.7050543
10.92964824120603 796016871.128178
11.055276381909549 784034743.2876059
11.180904522613066 771860302.5084618
11.306532663316583 759500304.1922446
11.4321608040201 746962012.8396211
11.557788944723619 734253201.2157608
11.683417085427136 721382149.3578469
11.809045226130653 708357628.0910423
11.93467336683417 695188890.3593054
12.06030150753769 681885659.2529818
12.185929648241206 668458109.7563229
12.311557788944723 654916850.5780221
12.43718592964824 641272904.0582111
12.56281407035176 627537682.7192378
12.688442211055277 613722963.6705557
12.814070351758794 599840861.1075655
12.93969849246231 585903796.6043513
13.06532663316583 571924467.2759235
13.190954773869347 557915812.0524317
13.316582914572864 543890976.1924433
13.442211055276381 529863274.1499462
13.5678391959799 515846150.9596959
13.693467336683417 501853142.31733423
13.819095477386934 487897833.5443819
13.944723618090451 473993817.63482034
14.07035175879397 460154652.6061242
14.195979899497488 446393818.36332524
14.321608040201005 432724673.3074862
14.447236180904522 419160410.9335165
14.57286432160804 405714016.65374875
14.698492462311558 392398225.0963082
14.824120603015075 379225478.1270123
14.949748743718592 366207883.8492637
15.075376884422111 353357176.828473
15.201005025125628 340684679.79115427
15.326633165829145 328201267.04060626
15.452261306532664 315917329.82705003
15.577889447236181 303842743.89794326
15.703517587939698 291986839.444169
15.829145728643216 280358373.64268064
15.954773869346734 268965505.9778209
16.08040201005025 257815776.50370556
16.20603015075377 246916087.1890974
16.331658291457288 236272686.45666143
16.457286432160803 225891157.00673085
16.582914572864322 215776406.98378003
16.70854271356784 205932664.5175622
16.834170854271356 196363475.63672376
16.959798994974875 187071705.52986857
17.08542713567839 178059543.09172454
17.21105527638191 169328508.6745519
17.33668341708543 160879464.9263793
17.462311557788944 152712630.58606288
17.587939698492463 144827597.07136557
17.71356783919598 137223347.68441486
17.839195979899497 129898279.23858614
17.964824120603016 122850225.8941849
18.09045226130653 116076484.98376529
18.21608040201005 109573844.59357546
18.34170854271357 103338612.66434003
18.467336683417084 97366647.37081698
18.592964824120603 91653388.53707081
18.718592964824122 86193889.8475893
18.844221105527637 80982851.61663869
18.969849246231156 76014653.88510181
19.09547738693467 71283389.62114297
19.22110552763819 66782897.80996867
19.34673366834171 62506796.23050157
19.472361809045225 58448513.72702941
19.597989949748744 54601321.79836216
19.723618090452263 50958365.34084145
19.849246231155778 47512692.396352254
19.974874371859297 44257282.77189553
20.100502512562816 41185075.41285633
20.22613065326633 38288994.42792964
20.35175879396985 35561973.6790606
20.477386934673365 32996979.86612313
20.603015075376884 30587034.04972823
20.728643216080403 28325231.572172
20.85427135678392 26204760.348515
20.979899497487438 24218917.51533774
21.105527638190956 22361124.435240664
21.231155778894472 20624940.068719625
21.35678391959799 19004072.734656293
21.482412060301506 17492390.29073898
21.608040201005025 16083928.775101088
21.733668341708544 14772899.556173831
21.85929648241206 13553695.046799257
21.984924623115578 12420893.043414531
22.110552763819097 11369259.75559772
22.236180904522612 10393751.596518941
22.36180904522613 9489515.806257794
22.487437185929647 8651889.983670643
22.613065326633166 7876400.602409523
22.738693467336685 7158760.58847144
22.8643216080402 6494866.035838517
22.98994974874372 5880792.136477963
23.115577889447238 5312788.399646105
23.241206030150753 4787273.233744463
23.366834170854272 4300827.961993886
23.492462311557787 3850190.3407464623
23.618090452261306 3432247.6465934347
23.743718592964825 3044029.3956277445
23.86934673366834 2682699.755216286
23.99497487437186 2345549.7056280146
24.12060301507538 2029989.0056342804
24.246231155778894 1733538.013505801
24.371859296482413 1453819.4114050006
24.497487437185928 1188549.8786799675
24.623115577889447 935531.7566629271
24.748743718592966 692644.7451094526
24.87437185929648 457837.66804220027
25 229120.3445943889
