0.3547932592340748 0.3547932592340748
0 3568.2589659948253
0.12562814070351758 3567.8208385677317
0.25125628140703515 3567.380568877297
0.3768844221105528 3566.6478311371275
0.5025125628140703 3565.6223701098515
0.628140703517588 3564.304263933211
0.7537688442211056 3562.693682733231
0.8793969849246231 3560.7908538742063
1.0050251256281406 3558.5960528523997
1.1306532663316582 3556.1096007216297
1.256281407035176 3553.3318627275185
1.3819095477386936 3550.2632476580234
1.5075376884422111 3546.9042075805332
1.6331658291457287 3543.2552375598934
1.7587939698492463 3539.3168756439827
1.8844221105527639 3535.0897025147387
2.0100502512562812 3530.5743413678483
2.135678391959799 3525.771457939554
2.2613065326633164 3520.6817603890163
2.386934673366834 3515.305998886205
2.512562814070352 3509.6449657755065
2.6381909547738696 3503.699495300727
2.763819095477387 3497.4704634641007
2.8894472361809047 3490.9587878084376
3.0150753768844223 3484.165427336155
3.14070351758794 3477.091382421215
3.2663316582914574 3469.7376944208263
3.391959798994975 3462.1054457159676
3.5175879396984926 3454.195759232752
3.64321608040201 3446.0097986867013
3.7688442211055277 3437.5487677924402
3.8944723618090453 3428.8139107109046
4.0201005025125625 3419.8065111697983
4.1457286432160805 3410.5278928182443
4.271356783919598 3400.9794185504816
4.396984924623116 3391.1624905541744
4.522613065326633 3381.0785500551838
4.648241206030151 3370.729076760208
4.773869346733668 3360.1155889604065
4.899497487437186 3349.2396430279055
5.025125628140704 3338.102833432252
5.150753768844221 3326.706791932668
5.276381909547739 3315.053187945008
5.402010050251256 3303.143727798801
5.527638190954774 3290.980154503473
5.653266331658291 3278.564247509759
5.778894472361809 3265.8978226094296
5.9045226130653266 3252.982731247496
6.030150753768845 3239.820860267174
6.155778894472362 3226.414131795872
6.28140703517588 3212.764502835096
6.407035175879397 3198.873964734362
6.532663316582915 3184.7445431360175
6.658291457286432 3170.3782972935514
6.78391959798995 3155.777320042844
6.909547738693467 3140.943737182269
7.035175879396985 3125.8797072501593
7.160804020100502 3110.5874210794263
7.28643216080402 3095.0691014520266
7.4120603015075375 3079.327002640986
7.5376884422110555 3063.3634101643183
7.663316582914573 3047.180640243208
7.788944723618091 3030.7810394349817
7.914572864321608 3014.1669842961046
8.040201005025125 2997.3408808970125
8.165829145728644 2980.305164365525
8.291457286432161 2963.0622986088083
8.417085427135678 2945.6147757386207
8.542713567839195 2927.9651157112016
8.668341708542714 2910.1158658906666
8.793969849246231 2892.0696006077746
8.919597989949748 2873.8289206072495
9.045226130653266 2855.396452783365
9.170854271356784 2836.7748495844107
9.296482412060302 2817.966788597398
9.422110552763819 2798.974972093997
9.547738693467336 2779.802126537609
9.673366834170855 2760.4510021247547
9.798994974874372 2740.924372323103
9.924623115577889 2721.2250334094842
10.050251256281408 2701.355803854498
10.175879396984925 2681.319524071988
10.301507537688442 2661.1190556920424
10.42713567839196 2640.7572811887258
10.552763819095478 2620.237103364642
10.678391959798995 2599.5614449334357
10.804020100502512 2578.73324784485
10.92964824120603 2557.7554728582277
11.055276381909549 2536.6310991115356
11.180904522613066 2515.363123498722
11.306532663316583 2493.954560190903
11.4321608040201 2472.4084401829396
11.557788944723619 2450.727810691885
11.683417085427136 2428.9157346206925
11.809045226130653 2406.975290126459
11.93467336683417 2384.9095700031153
12.06030150753769 2362.7216812384213
12.185929648241206 2340.414744427886
12.311557788944723 2317.9918932144296
12.43718592964824 2295.4562738076584
12.56281407035176 2272.811044460155
12.688442211055277 2250.059374834424
12.814070351758794 2227.204445629074
12.93969849246231 2204.2494478001427
13.06532663316583 2181.197582299129
13.190954773869347 2158.052059263
13.316582914572864 2134.816097607635
13.442211055276381 2111.4929245899493
13.5678391959799 2088.08577493209
13.693467336683417 2064.5978906073915
13.819095477386934 2041.0325201534072
13.944723618090451 2017.392918023751
14.07035175879397 1993.6823442711757
14.195979899497488 1969.90406379376
14.321608040201005 1946.0613458386306
14.447236180904522 1922.1574634704152
14.57286432160804 1898.1956930777735
14.698492462311558 1874.1793136587517
14.824120603015075 1850.1116064021696
14.949748743718592 1825.9958541915773
15.075376884422111 1801.8353408218388
15.201005025125628 1777.6333506467536
15.326633165829145 1753.393168014147
15.452261306532664 1729.1180766205557
15.577889447236181 1704.8113590134178
15.703517587939698 1680.4762960935539
15.829145728643216 1656.1161664671515
15.954773869346734 1631.734245982434
16.08040201005025 1607.3338071509327
16.20603015075377 1582.9181185727919
16.331658291457288 1558.4904444466683
16.457286432160803 1534.0540440470072
16.582914572864322 1509.6121711051915
16.70854271356784 1485.1680733186345
16.834170854271356 1460.7249918042128
16.959798994974875 1436.2861606065674
17.08542713567839 1411.8548060941928
17.21105527638191 1387.434146449814
17.33668341708543 1363.0273912127016
17.462311557788944 1338.6377406234724
17.587939698492463 1314.2683852420353
17.71356783919598 1289.9225052940753
17.839195979899497 1265.6032702222365
17.964824120603016 1241.3138382181987
18.09045226130653 1217.057355578986
18.21608040201005 1192.8369562853927
18.34170854271357 1168.655761494707
18.467336683417084 1144.5168789825823
18.592964824120603 1120.4234027019104
18.718592964824122 1096.3784122189754
18.844221105527637 1072.3849722864734
18.969849246231156 1048.4461322764323
19.09547738693467 1024.5649257660916
19.22110552763819 1000.7443699495834
19.34673366834171 976.9874652772044
19.472361809045225 953.2971948997215
19.597989949748744 929.6765241758691
19.723618090452263 906.1284002779552
19.849246231155778 882.6557516567096
19.974874371859297 859.2614875682082
20.100502512562816 835.9484976968773
20.22613065326633 812.7196515994096
20.35175879396985 789.5777983558108
20.477386934673365 766.5257660034175
20.603015075376884 743.5663612088408
20.728643216080403 720.7023687360753
20.85427135678392 697.9365510779685
20.979899497487438 675.2716479985504
21.105527638190956 652.7103761208962
21.231155778894472 630.255428478263
21.35678391959799 607.9094741426934
21.482412060301506 585.675157785976
21.608040201005025 563.5550992795773
21.733668341708544 541.5518932965622
21.85929648241206 519.6681089307821
21.984924623115578 497.90628928274964
22.110552763819097 476.26895108333684
22.236180904522612 454.7585843402764
22.36180904522613 433.37765193108095
22.487437185929647 412.1285892382369
22.613065326633166 391.0138038157505
22.738693467336685 370.03567500217997
22.8643216080402 349.1965535900104
22.98994974874372 328.4987614562837
23.115577889447238 307.94459125114423
23.241206030150753 287.5363060438234
23.366834170854272 267.27613900471283
23.492462311557787 247.16629307485994
23.618090452261306 227.20894066123324
23.743718592964825 207.40622330755798
23.86934673366834 187.76025141651397
23.99497487437186 168.2731039271004
24.12060301507538 148.94682803886735
24.246231155778894 129.78343891473082
24.371859296482413 110.78491940983226
24.497487437185928 91.95321979684411
24.623115577889447 73.29025749615869
24.748743718592966 54.79791681695026
24.87437185929648 36.4780487057682
25 18.33247049332486
